/tmp/slurmd/job22880389/slurm_script: line 19: deactivate: No such file or directory
Iteration 0
Elapsed time for kappa 75.8955 sec
Elapsed time for experts 19.7632 sec
Elapsed time for households 15.4346 sec
Iteration 1
Elapsed time for kappa 38.1360 sec
Elapsed time for experts 15.8085 sec
Elapsed time for households 13.0160 sec
Iteration 2
Elapsed time for kappa 37.6277 sec
Elapsed time for experts 13.8405 sec
Elapsed time for households 12.3726 sec
Iteration 3
Elapsed time for kappa 37.7662 sec
Elapsed time for experts 13.6943 sec
Elapsed time for households 12.7125 sec
Iteration 4
Elapsed time for kappa 37.2805 sec
Elapsed time for experts 13.3249 sec
Elapsed time for households 12.5211 sec
Iteration 5
Elapsed time for kappa 37.6932 sec
Elapsed time for experts 13.6281 sec
Elapsed time for households 12.4879 sec
Iteration 6
Elapsed time for kappa 37.4774 sec
Elapsed time for experts 13.7139 sec
Elapsed time for households 12.4735 sec
Iteration 7
Elapsed time for kappa 45.0625 sec
Elapsed time for experts 14.0462 sec
Elapsed time for households 12.6032 sec
Iteration 8
Elapsed time for kappa 37.7394 sec
Elapsed time for experts 13.7689 sec
Elapsed time for households 12.6745 sec
Iteration 9
Elapsed time for kappa 37.6980 sec
Elapsed time for experts 13.7918 sec
Elapsed time for households 12.5801 sec
Iteration 10
Elapsed time for kappa 37.7481 sec
Elapsed time for experts 13.4889 sec
Elapsed time for households 12.3835 sec
Iteration 11
Elapsed time for kappa 37.8710 sec
Elapsed time for experts 13.6541 sec
Elapsed time for households 12.4328 sec
Iteration 12
Elapsed time for kappa 37.4779 sec
Elapsed time for experts 19.7657 sec
Elapsed time for households 13.0216 sec
Iteration 13
Elapsed time for kappa 38.8342 sec
Elapsed time for experts 13.9585 sec
Elapsed time for households 12.5057 sec
Iteration 14
Elapsed time for kappa 38.2853 sec
Elapsed time for experts 13.7640 sec
Elapsed time for households 12.1130 sec
Iteration 15
Elapsed time for kappa 38.1635 sec
Elapsed time for experts 13.8101 sec
Elapsed time for households 12.4491 sec
Iteration 16
Elapsed time for kappa 36.6880 sec
Elapsed time for experts 13.4959 sec
Elapsed time for households 12.4809 sec
Iteration 17
Elapsed time for kappa 38.1126 sec
Elapsed time for experts 13.6318 sec
Elapsed time for households 12.4901 sec
Iteration 18
Elapsed time for kappa 45.3943 sec
Elapsed time for experts 14.5394 sec
Elapsed time for households 12.8232 sec
Iteration 19
Elapsed time for kappa 38.2042 sec
Elapsed time for experts 13.7763 sec
Elapsed time for households 12.6457 sec
Iteration 20
Elapsed time for kappa 38.4090 sec
Elapsed time for experts 13.8323 sec
Elapsed time for households 12.4546 sec
Iteration 21
Elapsed time for kappa 38.2123 sec
Elapsed time for experts 13.8199 sec
Elapsed time for households 12.2435 sec
Iteration 22
Elapsed time for kappa 36.6235 sec
Elapsed time for experts 13.7590 sec
Elapsed time for households 12.3958 sec
Iteration 23
Elapsed time for kappa 37.8902 sec
Elapsed time for experts 13.7146 sec
Elapsed time for households 18.7403 sec
Iteration 24
Elapsed time for kappa 39.8191 sec
Elapsed time for experts 14.0925 sec
Elapsed time for households 12.6883 sec
Iteration 25
Elapsed time for kappa 38.3785 sec
Elapsed time for experts 13.9236 sec
Elapsed time for households 12.5862 sec
Iteration 26
Elapsed time for kappa 38.3799 sec
Elapsed time for experts 13.7324 sec
Elapsed time for households 12.5659 sec
Iteration 27
Elapsed time for kappa 38.6515 sec
Elapsed time for experts 13.4457 sec
Elapsed time for households 12.4193 sec
Iteration 28
Elapsed time for kappa 38.4068 sec
Elapsed time for experts 13.4197 sec
Elapsed time for households 12.4338 sec
Iteration 29
Elapsed time for kappa 37.5444 sec
Elapsed time for experts 20.9752 sec
Elapsed time for households 13.4383 sec
Iteration 30
Elapsed time for kappa 39.1737 sec
Elapsed time for experts 14.0332 sec
Elapsed time for households 12.8558 sec
Iteration 31
Elapsed time for kappa 38.5682 sec
Elapsed time for experts 13.8929 sec
Elapsed time for households 12.7212 sec
Iteration 32
Elapsed time for kappa 38.2710 sec
Elapsed time for experts 13.6931 sec
Elapsed time for households 12.6108 sec
Iteration 33
Elapsed time for kappa 38.0379 sec
Elapsed time for experts 13.4555 sec
Elapsed time for households 12.5270 sec
Iteration 34
Elapsed time for kappa 37.5730 sec
Elapsed time for experts 13.6821 sec
Elapsed time for households 12.2308 sec
Iteration 35
Elapsed time for kappa 46.2437 sec
Elapsed time for experts 14.5808 sec
Elapsed time for households 13.1282 sec
Iteration 36
Elapsed time for kappa 38.7395 sec
Elapsed time for experts 14.0046 sec
Elapsed time for households 12.7892 sec
Iteration 37
Elapsed time for kappa 38.9651 sec
Elapsed time for experts 13.8944 sec
Elapsed time for households 12.5254 sec
Iteration 38
Elapsed time for kappa 38.1617 sec
Elapsed time for experts 13.2840 sec
Elapsed time for households 12.5911 sec
Iteration 39
Elapsed time for kappa 37.8392 sec
Elapsed time for experts 13.5266 sec
Elapsed time for households 12.1861 sec
Iteration 40
Elapsed time for kappa 38.1743 sec
Elapsed time for experts 13.7617 sec
Elapsed time for households 12.4258 sec
Iteration 41
Elapsed time for kappa 46.6943 sec
Elapsed time for experts 14.6971 sec
Elapsed time for households 12.9336 sec
Iteration 42
Elapsed time for kappa 38.6649 sec
Elapsed time for experts 14.0493 sec
Elapsed time for households 12.7813 sec
Iteration 43
Elapsed time for kappa 38.3787 sec
Elapsed time for experts 14.0094 sec
Elapsed time for households 12.6047 sec
Iteration 44
Elapsed time for kappa 38.3181 sec
Elapsed time for experts 13.8920 sec
Elapsed time for households 12.5434 sec
Iteration 45
Elapsed time for kappa 38.4229 sec
Elapsed time for experts 13.9639 sec
Elapsed time for households 12.6475 sec
Iteration 46
Elapsed time for kappa 37.8792 sec
Elapsed time for experts 13.6957 sec
Elapsed time for households 18.8679 sec
Iteration 47
Elapsed time for kappa 39.7102 sec
Elapsed time for experts 13.8855 sec
Elapsed time for households 12.8382 sec
Iteration 48
Elapsed time for kappa 38.5245 sec
Elapsed time for experts 13.9316 sec
Elapsed time for households 12.6848 sec
Iteration 49
Elapsed time for kappa 38.6247 sec
Elapsed time for experts 13.8658 sec
Elapsed time for households 12.4926 sec
Iteration 50
Elapsed time for kappa 37.8764 sec
Elapsed time for experts 13.5954 sec
Elapsed time for households 12.5185 sec
Iteration 51
Elapsed time for kappa 38.2734 sec
Elapsed time for experts 13.6576 sec
Elapsed time for households 12.1302 sec
Iteration 52
Elapsed time for kappa 37.6598 sec
Elapsed time for experts 21.1721 sec
Elapsed time for households 13.4176 sec
Iteration 53
Elapsed time for kappa 39.5907 sec
Elapsed time for experts 14.1599 sec
Elapsed time for households 12.9455 sec
Iteration 54
Elapsed time for kappa 38.9799 sec
Elapsed time for experts 13.9693 sec
Elapsed time for households 12.2696 sec
Iteration 55
Elapsed time for kappa 38.6044 sec
Elapsed time for experts 14.0628 sec
Elapsed time for households 12.6808 sec
Iteration 56
Elapsed time for kappa 38.6864 sec
Elapsed time for experts 13.7006 sec
Elapsed time for households 12.5665 sec
Iteration 57
Elapsed time for kappa 38.0218 sec
Elapsed time for experts 13.3139 sec
Elapsed time for households 12.4447 sec
Iteration 58
Elapsed time for kappa 46.7991 sec
Elapsed time for experts 14.6597 sec
Elapsed time for households 12.9627 sec
Iteration 59
Elapsed time for kappa 39.2636 sec
Elapsed time for experts 14.1480 sec
Elapsed time for households 12.8148 sec
Iteration 60
Elapsed time for kappa 38.5894 sec
Elapsed time for experts 13.9417 sec
Elapsed time for households 12.6870 sec
Iteration 61
Elapsed time for kappa 38.5260 sec
Elapsed time for experts 13.8737 sec
Elapsed time for households 12.5411 sec
Iteration 62
Elapsed time for kappa 38.5713 sec
Elapsed time for experts 13.7925 sec
Elapsed time for households 12.2815 sec
Iteration 63
Elapsed time for kappa 38.2208 sec
Elapsed time for experts 13.3077 sec
Elapsed time for households 19.0172 sec
Iteration 64
Elapsed time for kappa 39.3595 sec
Elapsed time for experts 14.0461 sec
Elapsed time for households 12.9933 sec
Iteration 65
Elapsed time for kappa 39.0246 sec
Elapsed time for experts 14.0606 sec
Elapsed time for households 12.7942 sec
Iteration 66
Elapsed time for kappa 38.4031 sec
Elapsed time for experts 13.9706 sec
Elapsed time for households 12.7905 sec
Iteration 67
Elapsed time for kappa 38.3593 sec
Elapsed time for experts 13.7927 sec
Elapsed time for households 12.5416 sec
Iteration 68
Elapsed time for kappa 37.5463 sec
Elapsed time for experts 13.7392 sec
Elapsed time for households 12.2477 sec
Iteration 69
Elapsed time for kappa 37.7932 sec
Elapsed time for experts 21.3646 sec
Elapsed time for households 13.4323 sec
Iteration 70
Elapsed time for kappa 39.3227 sec
Elapsed time for experts 14.2057 sec
Elapsed time for households 13.1761 sec
Iteration 71
Elapsed time for kappa 39.2337 sec
Elapsed time for experts 14.2081 sec
Elapsed time for households 12.7138 sec
Iteration 72
Elapsed time for kappa 39.0445 sec
Elapsed time for experts 13.9177 sec
Elapsed time for households 12.7663 sec
Iteration 73
Elapsed time for kappa 38.5267 sec
Elapsed time for experts 13.2449 sec
Elapsed time for households 12.6680 sec
Iteration 74
Elapsed time for kappa 38.0850 sec
Elapsed time for experts 13.7796 sec
Elapsed time for households 12.5586 sec
Iteration 75
Elapsed time for kappa 45.0735 sec
Elapsed time for experts 14.4811 sec
Elapsed time for households 13.2332 sec
Iteration 76
Elapsed time for kappa 39.3026 sec
Elapsed time for experts 14.0226 sec
Elapsed time for households 12.9346 sec
Iteration 77
Elapsed time for kappa 38.9524 sec
Elapsed time for experts 13.9293 sec
Elapsed time for households 12.9295 sec
Iteration 78
Elapsed time for kappa 38.1502 sec
Elapsed time for experts 13.9248 sec
Elapsed time for households 12.5653 sec
Iteration 79
Elapsed time for kappa 38.1568 sec
Elapsed time for experts 13.8937 sec
Elapsed time for households 12.5901 sec
Iteration 80
Elapsed time for kappa 38.0849 sec
Elapsed time for experts 13.3469 sec
Elapsed time for households 19.3065 sec
Iteration 81
Elapsed time for kappa 39.7346 sec
Elapsed time for experts 14.4182 sec
Elapsed time for households 12.6893 sec
Iteration 82
Elapsed time for kappa 39.5506 sec
Elapsed time for experts 14.1837 sec
Elapsed time for households 12.4217 sec
Iteration 83
Elapsed time for kappa 38.7667 sec
Elapsed time for experts 13.8588 sec
Elapsed time for households 12.7612 sec
Iteration 84
Elapsed time for kappa 37.8473 sec
Elapsed time for experts 14.0346 sec
Elapsed time for households 12.6407 sec
Iteration 85
Elapsed time for kappa 38.3193 sec
Elapsed time for experts 13.6951 sec
Elapsed time for households 12.0323 sec
Iteration 86
Elapsed time for kappa 37.5782 sec
Elapsed time for experts 21.5542 sec
Elapsed time for households 13.5270 sec
Iteration 87
Elapsed time for kappa 39.5821 sec
Elapsed time for experts 14.3819 sec
Elapsed time for households 12.9074 sec
Iteration 88
Elapsed time for kappa 39.5850 sec
Elapsed time for experts 13.9703 sec
Elapsed time for households 12.9025 sec
Iteration 89
Elapsed time for kappa 39.1542 sec
Elapsed time for experts 13.8962 sec
Elapsed time for households 12.8052 sec
Iteration 90
Elapsed time for kappa 38.7477 sec
Elapsed time for experts 13.6250 sec
Elapsed time for households 12.4747 sec
Iteration 91
Elapsed time for kappa 38.2421 sec
Elapsed time for experts 13.8789 sec
Elapsed time for households 12.5598 sec
Iteration 92
Elapsed time for kappa 47.1002 sec
Elapsed time for experts 15.1589 sec
Elapsed time for households 13.3002 sec
Iteration 93
Elapsed time for kappa 38.3088 sec
Elapsed time for experts 14.1108 sec
Elapsed time for households 13.0443 sec
Iteration 94
Elapsed time for kappa 39.5538 sec
Elapsed time for experts 14.0660 sec
Elapsed time for households 12.6441 sec
Iteration 95
Elapsed time for kappa 38.9411 sec
Elapsed time for experts 13.8147 sec
Elapsed time for households 12.8842 sec
Iteration 96
Elapsed time for kappa 38.6090 sec
Elapsed time for experts 13.6977 sec
Elapsed time for households 12.6189 sec
Iteration 97
Elapsed time for kappa 37.7237 sec
Elapsed time for experts 13.7819 sec
Elapsed time for households 12.5580 sec
Iteration 98
Elapsed time for kappa 46.8505 sec
Elapsed time for experts 14.7025 sec
Elapsed time for households 12.6816 sec
Iteration 99
Elapsed time for kappa 39.7396 sec
Elapsed time for experts 13.6615 sec
Elapsed time for households 13.0034 sec
Iteration 100
Elapsed time for kappa 39.0833 sec
Elapsed time for experts 14.0424 sec
Elapsed time for households 12.8357 sec
Iteration 101
Elapsed time for kappa 38.1517 sec
Elapsed time for experts 13.9603 sec
Elapsed time for households 12.3898 sec
Iteration 102
Elapsed time for kappa 38.3557 sec
Elapsed time for experts 13.8248 sec
Elapsed time for households 12.7985 sec
Iteration 103
Elapsed time for kappa 37.6397 sec
Elapsed time for experts 20.7472 sec
Elapsed time for households 13.6424 sec
Iteration 104
Elapsed time for kappa 39.6533 sec
Elapsed time for experts 14.3374 sec
Elapsed time for households 12.8970 sec
Iteration 105
Elapsed time for kappa 37.9455 sec
Elapsed time for experts 14.2310 sec
Elapsed time for households 12.8508 sec
Iteration 106
Elapsed time for kappa 39.1510 sec
Elapsed time for experts 14.1807 sec
Elapsed time for households 12.7705 sec
Iteration 107
Elapsed time for kappa 38.7199 sec
Elapsed time for experts 13.8368 sec
Elapsed time for households 12.5932 sec
Iteration 108
Elapsed time for kappa 37.8857 sec
Elapsed time for experts 13.7704 sec
Elapsed time for households 12.4103 sec
Iteration 109
Elapsed time for kappa 47.4519 sec
Elapsed time for experts 15.0831 sec
Elapsed time for households 13.3755 sec
Iteration 110
Elapsed time for kappa 39.5740 sec
Elapsed time for experts 13.9704 sec
Elapsed time for households 12.9283 sec
Iteration 111
Elapsed time for kappa 39.2607 sec
Elapsed time for experts 13.9385 sec
Elapsed time for households 12.8624 sec
Iteration 112
Elapsed time for kappa 37.7540 sec
Elapsed time for experts 13.9518 sec
Elapsed time for households 12.7446 sec
Iteration 113
Elapsed time for kappa 38.3545 sec
Elapsed time for experts 13.8155 sec
Elapsed time for households 12.4816 sec
Iteration 114
Elapsed time for kappa 38.2591 sec
Elapsed time for experts 13.8381 sec
Elapsed time for households 12.5473 sec
Iteration 115
Elapsed time for kappa 47.4441 sec
Elapsed time for experts 15.1644 sec
Elapsed time for households 13.3644 sec
Iteration 116
Elapsed time for kappa 39.4308 sec
Elapsed time for experts 14.2466 sec
Elapsed time for households 12.9496 sec
Iteration 117
Elapsed time for kappa 37.4588 sec
Elapsed time for experts 14.1288 sec
Elapsed time for households 12.7171 sec
Iteration 118
Elapsed time for kappa 39.0094 sec
Elapsed time for experts 14.0376 sec
Elapsed time for households 12.6578 sec
Iteration 119
Elapsed time for kappa 38.6126 sec
Elapsed time for experts 13.9028 sec
Elapsed time for households 12.1349 sec
Iteration 120
Elapsed time for kappa 38.2227 sec
Elapsed time for experts 13.8847 sec
Elapsed time for households 19.4477 sec
Iteration 121
Elapsed time for kappa 40.5801 sec
Elapsed time for experts 14.4699 sec
Elapsed time for households 12.9458 sec
Iteration 122
Elapsed time for kappa 39.5482 sec
Elapsed time for experts 14.2521 sec
Elapsed time for households 12.9034 sec
Iteration 123
Elapsed time for kappa 39.0991 sec
Elapsed time for experts 13.8493 sec
Elapsed time for households 12.8132 sec
Iteration 124
Elapsed time for kappa 36.6270 sec
Elapsed time for experts 13.8869 sec
Elapsed time for households 12.6901 sec
Iteration 125
Elapsed time for kappa 36.9171 sec
Elapsed time for experts 13.8221 sec
Elapsed time for households 12.6661 sec
Iteration 126
Elapsed time for kappa 36.3795 sec
Elapsed time for experts 20.4819 sec
Elapsed time for households 13.6330 sec
Iteration 127
Elapsed time for kappa 40.2026 sec
Elapsed time for experts 14.3385 sec
Elapsed time for households 13.2063 sec
Iteration 128
Elapsed time for kappa 39.3551 sec
Elapsed time for experts 14.2851 sec
Elapsed time for households 13.2297 sec
Iteration 129
Elapsed time for kappa 39.4576 sec
Elapsed time for experts 14.1325 sec
Elapsed time for households 12.9420 sec
Iteration 130
Elapsed time for kappa 39.2355 sec
Elapsed time for experts 13.8601 sec
Elapsed time for households 12.5890 sec
Iteration 131
Elapsed time for kappa 38.2321 sec
Elapsed time for experts 13.9604 sec
Elapsed time for households 12.5545 sec
Iteration 132
Elapsed time for kappa 47.9117 sec
Elapsed time for experts 15.3747 sec
Elapsed time for households 13.4400 sec
Iteration 133
Elapsed time for kappa 39.7408 sec
Elapsed time for experts 14.4062 sec
Elapsed time for households 13.0569 sec
Iteration 134
Elapsed time for kappa 39.0645 sec
Elapsed time for experts 14.2120 sec
Elapsed time for households 12.9466 sec
Iteration 135
Elapsed time for kappa 37.5651 sec
Elapsed time for experts 13.9830 sec
Elapsed time for households 12.7540 sec
Iteration 136
Elapsed time for kappa 38.1569 sec
Elapsed time for experts 13.4879 sec
Elapsed time for households 12.5723 sec
Iteration 137
Elapsed time for kappa 38.2431 sec
Elapsed time for experts 13.8549 sec
Elapsed time for households 12.5383 sec
Iteration 138
Elapsed time for kappa 46.8510 sec
Elapsed time for experts 14.5265 sec
Elapsed time for households 13.2061 sec
Iteration 139
Elapsed time for kappa 39.3893 sec
Elapsed time for experts 14.4015 sec
Elapsed time for households 12.6783 sec
Iteration 140
Elapsed time for kappa 39.4288 sec
Elapsed time for experts 14.1107 sec
Elapsed time for households 12.9182 sec
Iteration 141
Elapsed time for kappa 38.9303 sec
Elapsed time for experts 14.1165 sec
Elapsed time for households 12.3355 sec
Iteration 142
Elapsed time for kappa 38.4678 sec
Elapsed time for experts 13.8683 sec
Elapsed time for households 12.6366 sec
Iteration 143
Elapsed time for kappa 38.1347 sec
Elapsed time for experts 20.5703 sec
Elapsed time for households 13.5586 sec
Iteration 144
Elapsed time for kappa 40.1843 sec
Elapsed time for experts 13.7112 sec
Elapsed time for households 13.2506 sec
Iteration 145
Elapsed time for kappa 39.1089 sec
Elapsed time for experts 14.2813 sec
Elapsed time for households 12.9342 sec
Iteration 146
Elapsed time for kappa 39.1396 sec
Elapsed time for experts 13.9659 sec
Elapsed time for households 12.5542 sec
Iteration 147
Elapsed time for kappa 39.1302 sec
Elapsed time for experts 13.8703 sec
Elapsed time for households 12.6064 sec
Iteration 148
Elapsed time for kappa 36.6281 sec
Elapsed time for experts 13.7260 sec
Elapsed time for households 12.4947 sec
Iteration 149
Elapsed time for kappa 48.0464 sec
Elapsed time for experts 15.2541 sec
Elapsed time for households 13.1097 sec
Iteration 150
Elapsed time for kappa 40.1545 sec
Elapsed time for experts 13.7740 sec
Elapsed time for households 13.0727 sec
Iteration 151
Elapsed time for kappa 39.5765 sec
Elapsed time for experts 14.3778 sec
Elapsed time for households 13.1846 sec
Iteration 152
Elapsed time for kappa 38.9665 sec
Elapsed time for experts 13.5357 sec
Elapsed time for households 12.5633 sec
Iteration 153
Elapsed time for kappa 38.5795 sec
Elapsed time for experts 13.8400 sec
Elapsed time for households 12.6126 sec
Iteration 154
Elapsed time for kappa 38.1651 sec
Elapsed time for experts 13.6451 sec
Elapsed time for households 12.5295 sec
Iteration 155
Elapsed time for kappa 47.6088 sec
Elapsed time for experts 14.7980 sec
Elapsed time for households 13.3400 sec
Iteration 156
Elapsed time for kappa 39.7264 sec
Elapsed time for experts 14.2850 sec
Elapsed time for households 13.0801 sec
Iteration 157
Elapsed time for kappa 39.5723 sec
Elapsed time for experts 13.9521 sec
Elapsed time for households 12.7302 sec
Iteration 158
Elapsed time for kappa 38.6851 sec
Elapsed time for experts 14.2140 sec
Elapsed time for households 12.6399 sec
Iteration 159
Elapsed time for kappa 38.4992 sec
Elapsed time for experts 13.8239 sec
Elapsed time for households 12.6484 sec
Iteration 160
Elapsed time for kappa 38.3265 sec
Elapsed time for experts 13.3218 sec
Elapsed time for households 18.7089 sec
Iteration 161
Elapsed time for kappa 40.3059 sec
Elapsed time for experts 14.0793 sec
Elapsed time for households 13.2531 sec
Iteration 162
Elapsed time for kappa 39.6084 sec
Elapsed time for experts 14.2909 sec
Elapsed time for households 12.8474 sec
Iteration 163
Elapsed time for kappa 38.9972 sec
Elapsed time for experts 14.2318 sec
Elapsed time for households 12.9754 sec
Iteration 164
Elapsed time for kappa 38.5014 sec
Elapsed time for experts 14.0110 sec
Elapsed time for households 12.7334 sec
Iteration 165
Elapsed time for kappa 38.2281 sec
Elapsed time for experts 13.2962 sec
Elapsed time for households 12.4267 sec
Iteration 166
Elapsed time for kappa 37.5602 sec
Elapsed time for experts 21.8075 sec
Elapsed time for households 13.7451 sec
Iteration 167
Elapsed time for kappa 40.6094 sec
Elapsed time for experts 14.5994 sec
Elapsed time for households 12.8349 sec
Iteration 168
Elapsed time for kappa 39.3862 sec
Elapsed time for experts 14.2472 sec
Elapsed time for households 12.8892 sec
Iteration 169
Elapsed time for kappa 39.6920 sec
Elapsed time for experts 14.1811 sec
Elapsed time for households 12.9728 sec
Iteration 170
Elapsed time for kappa 38.9587 sec
Elapsed time for experts 14.0048 sec
Elapsed time for households 12.7238 sec
Iteration 171
Elapsed time for kappa 38.7241 sec
Elapsed time for experts 14.0190 sec
Elapsed time for households 12.3261 sec
Iteration 172
Elapsed time for kappa 37.3337 sec
Elapsed time for experts 22.0135 sec
Elapsed time for households 13.8841 sec
Iteration 173
Elapsed time for kappa 39.1175 sec
Elapsed time for experts 14.5693 sec
Elapsed time for households 12.7559 sec
Iteration 174
Elapsed time for kappa 39.8529 sec
Elapsed time for experts 14.3867 sec
Elapsed time for households 13.0845 sec
Iteration 175
Elapsed time for kappa 38.8683 sec
Elapsed time for experts 14.2367 sec
Elapsed time for households 12.2983 sec
Iteration 176
Elapsed time for kappa 38.9013 sec
Elapsed time for experts 13.5137 sec
Elapsed time for households 12.8448 sec
Iteration 177
Elapsed time for kappa 38.4090 sec
Elapsed time for experts 13.8276 sec
Elapsed time for households 12.6028 sec
Iteration 178
Elapsed time for kappa 48.4522 sec
Elapsed time for experts 15.3042 sec
Elapsed time for households 13.5895 sec
Iteration 179
Elapsed time for kappa 40.2286 sec
Elapsed time for experts 14.3184 sec
Elapsed time for households 13.2855 sec
Iteration 180
Elapsed time for kappa 39.4021 sec
Elapsed time for experts 14.2542 sec
Elapsed time for households 12.9340 sec
Iteration 181
Elapsed time for kappa 38.8646 sec
Elapsed time for experts 14.1529 sec
Elapsed time for households 12.7326 sec
Iteration 182
Elapsed time for kappa 38.6627 sec
Elapsed time for experts 14.1108 sec
Elapsed time for households 12.6237 sec
Iteration 183
Elapsed time for kappa 38.5259 sec
Elapsed time for experts 13.3463 sec
Elapsed time for households 12.7266 sec
Iteration 184
Elapsed time for kappa 47.9525 sec
Elapsed time for experts 15.0738 sec
Elapsed time for households 13.6059 sec
Iteration 185
Elapsed time for kappa 40.0003 sec
Elapsed time for experts 14.1789 sec
Elapsed time for households 13.2318 sec
Iteration 186
Elapsed time for kappa 38.8135 sec
Elapsed time for experts 14.2668 sec
Elapsed time for households 13.0091 sec
Iteration 187
Elapsed time for kappa 38.8329 sec
Elapsed time for experts 14.1297 sec
Elapsed time for households 12.9057 sec
Iteration 188
Elapsed time for kappa 38.5491 sec
Elapsed time for experts 13.9619 sec
Elapsed time for households 12.5340 sec
Iteration 189
Elapsed time for kappa 38.2140 sec
Elapsed time for experts 13.3786 sec
Elapsed time for households 19.5215 sec
Iteration 190
Elapsed time for kappa 40.9634 sec
Elapsed time for experts 14.5760 sec
Elapsed time for households 13.3238 sec
Iteration 191
Elapsed time for kappa 39.5670 sec
Elapsed time for experts 14.2711 sec
Elapsed time for households 13.1596 sec
Iteration 192
Elapsed time for kappa 39.4650 sec
Elapsed time for experts 14.1222 sec
Elapsed time for households 12.9472 sec
Iteration 193
Elapsed time for kappa 38.6388 sec
Elapsed time for experts 14.1495 sec
Elapsed time for households 12.7031 sec
Iteration 194
Elapsed time for kappa 38.3238 sec
Elapsed time for experts 13.8217 sec
Elapsed time for households 12.2762 sec
Iteration 195
Elapsed time for kappa 38.0669 sec
Elapsed time for experts 13.7247 sec
Elapsed time for households 20.6419 sec
Iteration 196
Elapsed time for kappa 40.8780 sec
Elapsed time for experts 14.1603 sec
Elapsed time for households 13.1347 sec
Iteration 197
Elapsed time for kappa 39.2292 sec
Elapsed time for experts 14.4523 sec
Elapsed time for households 13.2920 sec
Iteration 198
Elapsed time for kappa 39.6283 sec
Elapsed time for experts 14.1421 sec
Elapsed time for households 12.9514 sec
Iteration 199
Elapsed time for kappa 39.3731 sec
Elapsed time for experts 13.8908 sec
Elapsed time for households 12.8580 sec
Elapsed time for training 13400.9150 sec
90000 90000 90000 90000
