/tmp/slurmd/job22880351/slurm_script: line 19: deactivate: No such file or directory
Iteration 0
Elapsed time for kappa 75.4744 sec
Elapsed time for experts 18.6690 sec
Elapsed time for households 14.6116 sec
Iteration 1
Elapsed time for kappa 35.4831 sec
Elapsed time for experts 12.8935 sec
Elapsed time for households 13.7799 sec
Iteration 2
Elapsed time for kappa 37.4342 sec
Elapsed time for experts 12.9150 sec
Elapsed time for households 11.6775 sec
Iteration 3
Elapsed time for kappa 35.5494 sec
Elapsed time for experts 12.8838 sec
Elapsed time for households 11.5705 sec
Iteration 4
Elapsed time for kappa 35.8169 sec
Elapsed time for experts 12.7007 sec
Elapsed time for households 11.6277 sec
Iteration 5
Elapsed time for kappa 35.5099 sec
Elapsed time for experts 12.6850 sec
Elapsed time for households 11.6759 sec
Iteration 6
Elapsed time for kappa 35.1839 sec
Elapsed time for experts 12.8063 sec
Elapsed time for households 11.6485 sec
Iteration 7
Elapsed time for kappa 35.2735 sec
Elapsed time for experts 18.9860 sec
Elapsed time for households 12.3682 sec
Iteration 8
Elapsed time for kappa 35.4413 sec
Elapsed time for experts 12.9984 sec
Elapsed time for households 11.9132 sec
Iteration 9
Elapsed time for kappa 35.5952 sec
Elapsed time for experts 12.6953 sec
Elapsed time for households 11.7818 sec
Iteration 10
Elapsed time for kappa 35.4877 sec
Elapsed time for experts 12.7554 sec
Elapsed time for households 11.6616 sec
Iteration 11
Elapsed time for kappa 35.4952 sec
Elapsed time for experts 12.6979 sec
Elapsed time for households 11.4998 sec
Iteration 12
Elapsed time for kappa 35.2812 sec
Elapsed time for experts 12.7571 sec
Elapsed time for households 11.5084 sec
Iteration 13
Elapsed time for kappa 44.5194 sec
Elapsed time for experts 13.5991 sec
Elapsed time for households 12.1930 sec
Iteration 14
Elapsed time for kappa 35.7220 sec
Elapsed time for experts 13.0621 sec
Elapsed time for households 12.1486 sec
Iteration 15
Elapsed time for kappa 35.5406 sec
Elapsed time for experts 13.5034 sec
Elapsed time for households 11.7962 sec
Iteration 16
Elapsed time for kappa 35.5309 sec
Elapsed time for experts 12.8227 sec
Elapsed time for households 11.6296 sec
Iteration 17
Elapsed time for kappa 35.2993 sec
Elapsed time for experts 12.7272 sec
Elapsed time for households 11.7488 sec
Iteration 18
Elapsed time for kappa 35.5083 sec
Elapsed time for experts 12.7106 sec
Elapsed time for households 17.1439 sec
Iteration 19
Elapsed time for kappa 37.0198 sec
Elapsed time for experts 13.0548 sec
Elapsed time for households 12.0351 sec
Iteration 20
Elapsed time for kappa 37.6201 sec
Elapsed time for experts 13.0288 sec
Elapsed time for households 11.7116 sec
Iteration 21
Elapsed time for kappa 36.1280 sec
Elapsed time for experts 13.0461 sec
Elapsed time for households 11.8036 sec
Iteration 22
Elapsed time for kappa 35.8831 sec
Elapsed time for experts 13.2324 sec
Elapsed time for households 11.7773 sec
Iteration 23
Elapsed time for kappa 37.3771 sec
Elapsed time for experts 12.7701 sec
Elapsed time for households 11.5950 sec
Iteration 24
Elapsed time for kappa 35.1356 sec
Elapsed time for experts 19.3452 sec
Elapsed time for households 12.4445 sec
Iteration 25
Elapsed time for kappa 37.0364 sec
Elapsed time for experts 13.2032 sec
Elapsed time for households 11.8713 sec
Iteration 26
Elapsed time for kappa 38.0331 sec
Elapsed time for experts 12.9178 sec
Elapsed time for households 11.8415 sec
Iteration 27
Elapsed time for kappa 36.0549 sec
Elapsed time for experts 12.7720 sec
Elapsed time for households 11.5986 sec
Iteration 28
Elapsed time for kappa 36.1538 sec
Elapsed time for experts 12.7422 sec
Elapsed time for households 11.8113 sec
Iteration 29
Elapsed time for kappa 35.8026 sec
Elapsed time for experts 12.8539 sec
Elapsed time for households 11.7882 sec
Iteration 30
Elapsed time for kappa 43.4157 sec
Elapsed time for experts 13.7954 sec
Elapsed time for households 12.1778 sec
Iteration 31
Elapsed time for kappa 36.8667 sec
Elapsed time for experts 12.8735 sec
Elapsed time for households 11.8107 sec
Iteration 32
Elapsed time for kappa 36.1151 sec
Elapsed time for experts 13.0039 sec
Elapsed time for households 11.8348 sec
Iteration 33
Elapsed time for kappa 36.0924 sec
Elapsed time for experts 13.0388 sec
Elapsed time for households 11.8427 sec
Iteration 34
Elapsed time for kappa 35.8756 sec
Elapsed time for experts 12.7438 sec
Elapsed time for households 11.6000 sec
Iteration 35
Elapsed time for kappa 35.7510 sec
Elapsed time for experts 12.6330 sec
Elapsed time for households 11.9031 sec
Iteration 36
Elapsed time for kappa 42.6400 sec
Elapsed time for experts 13.1006 sec
Elapsed time for households 12.0557 sec
Iteration 37
Elapsed time for kappa 36.4301 sec
Elapsed time for experts 13.0055 sec
Elapsed time for households 11.9502 sec
Iteration 38
Elapsed time for kappa 36.1347 sec
Elapsed time for experts 12.8079 sec
Elapsed time for households 11.9284 sec
Iteration 39
Elapsed time for kappa 35.8064 sec
Elapsed time for experts 12.9071 sec
Elapsed time for households 11.6265 sec
Iteration 40
Elapsed time for kappa 35.5017 sec
Elapsed time for experts 13.1642 sec
Elapsed time for households 11.5915 sec
Iteration 41
Elapsed time for kappa 35.4880 sec
Elapsed time for experts 18.7669 sec
Elapsed time for households 12.5437 sec
Iteration 42
Elapsed time for kappa 36.9887 sec
Elapsed time for experts 13.1606 sec
Elapsed time for households 12.1281 sec
Iteration 43
Elapsed time for kappa 36.2940 sec
Elapsed time for experts 13.0994 sec
Elapsed time for households 11.8511 sec
Iteration 44
Elapsed time for kappa 37.1988 sec
Elapsed time for experts 13.3201 sec
Elapsed time for households 11.9203 sec
Iteration 45
Elapsed time for kappa 37.3625 sec
Elapsed time for experts 12.9154 sec
Elapsed time for households 11.8914 sec
Iteration 46
Elapsed time for kappa 35.2035 sec
Elapsed time for experts 12.7353 sec
Elapsed time for households 11.7968 sec
Iteration 47
Elapsed time for kappa 44.0035 sec
Elapsed time for experts 13.9296 sec
Elapsed time for households 12.0637 sec
Iteration 48
Elapsed time for kappa 36.7160 sec
Elapsed time for experts 13.7194 sec
Elapsed time for households 12.0039 sec
Iteration 49
Elapsed time for kappa 37.9728 sec
Elapsed time for experts 13.4351 sec
Elapsed time for households 12.2963 sec
Iteration 50
Elapsed time for kappa 36.1269 sec
Elapsed time for experts 13.1364 sec
Elapsed time for households 11.8628 sec
Iteration 51
Elapsed time for kappa 35.8358 sec
Elapsed time for experts 12.8237 sec
Elapsed time for households 11.7204 sec
Iteration 52
Elapsed time for kappa 35.7429 sec
Elapsed time for experts 12.7363 sec
Elapsed time for households 17.7924 sec
Iteration 53
Elapsed time for kappa 37.3199 sec
Elapsed time for experts 13.3752 sec
Elapsed time for households 12.0093 sec
Iteration 54
Elapsed time for kappa 36.5277 sec
Elapsed time for experts 13.0673 sec
Elapsed time for households 11.8642 sec
Iteration 55
Elapsed time for kappa 36.1486 sec
Elapsed time for experts 13.0773 sec
Elapsed time for households 11.7500 sec
Iteration 56
Elapsed time for kappa 35.9904 sec
Elapsed time for experts 12.9829 sec
Elapsed time for households 11.8557 sec
Iteration 57
Elapsed time for kappa 35.4691 sec
Elapsed time for experts 12.9064 sec
Elapsed time for households 11.6679 sec
Iteration 58
Elapsed time for kappa 35.6764 sec
Elapsed time for experts 19.9291 sec
Elapsed time for households 12.5131 sec
Iteration 59
Elapsed time for kappa 36.8505 sec
Elapsed time for experts 13.8891 sec
Elapsed time for households 12.0273 sec
Iteration 60
Elapsed time for kappa 36.5406 sec
Elapsed time for experts 13.0993 sec
Elapsed time for households 11.9469 sec
Iteration 61
Elapsed time for kappa 36.0958 sec
Elapsed time for experts 13.0514 sec
Elapsed time for households 11.9731 sec
Iteration 62
Elapsed time for kappa 36.2091 sec
Elapsed time for experts 12.9288 sec
Elapsed time for households 12.0132 sec
Iteration 63
Elapsed time for kappa 35.7330 sec
Elapsed time for experts 12.9499 sec
Elapsed time for households 11.6136 sec
Iteration 64
Elapsed time for kappa 43.5534 sec
Elapsed time for experts 14.1815 sec
Elapsed time for households 12.2432 sec
Iteration 65
Elapsed time for kappa 36.7144 sec
Elapsed time for experts 13.3685 sec
Elapsed time for households 12.0432 sec
Iteration 66
Elapsed time for kappa 36.1961 sec
Elapsed time for experts 13.4682 sec
Elapsed time for households 11.7097 sec
Iteration 67
Elapsed time for kappa 35.7052 sec
Elapsed time for experts 12.9442 sec
Elapsed time for households 12.0587 sec
Iteration 68
Elapsed time for kappa 35.8559 sec
Elapsed time for experts 13.5464 sec
Elapsed time for households 11.7581 sec
Iteration 69
Elapsed time for kappa 35.7326 sec
Elapsed time for experts 13.0810 sec
Elapsed time for households 11.8415 sec
Iteration 70
Elapsed time for kappa 45.0662 sec
Elapsed time for experts 13.6927 sec
Elapsed time for households 12.1829 sec
Iteration 71
Elapsed time for kappa 36.7349 sec
Elapsed time for experts 13.3330 sec
Elapsed time for households 11.9964 sec
Iteration 72
Elapsed time for kappa 36.8290 sec
Elapsed time for experts 13.3232 sec
Elapsed time for households 11.9850 sec
Iteration 73
Elapsed time for kappa 36.0283 sec
Elapsed time for experts 13.1231 sec
Elapsed time for households 11.8052 sec
Iteration 74
Elapsed time for kappa 35.5657 sec
Elapsed time for experts 12.8579 sec
Elapsed time for households 11.8203 sec
Iteration 75
Elapsed time for kappa 35.5101 sec
Elapsed time for experts 19.1379 sec
Elapsed time for households 12.7515 sec
Iteration 76
Elapsed time for kappa 37.2071 sec
Elapsed time for experts 13.6053 sec
Elapsed time for households 12.1921 sec
Iteration 77
Elapsed time for kappa 36.3848 sec
Elapsed time for experts 13.3857 sec
Elapsed time for households 12.0594 sec
Iteration 78
Elapsed time for kappa 36.2185 sec
Elapsed time for experts 13.1280 sec
Elapsed time for households 11.9901 sec
Iteration 79
Elapsed time for kappa 35.8082 sec
Elapsed time for experts 13.0479 sec
Elapsed time for households 11.7406 sec
Iteration 80
Elapsed time for kappa 35.7685 sec
Elapsed time for experts 12.9118 sec
Elapsed time for households 11.7472 sec
Iteration 81
Elapsed time for kappa 44.0678 sec
Elapsed time for experts 14.3628 sec
Elapsed time for households 12.7544 sec
Iteration 82
Elapsed time for kappa 37.0701 sec
Elapsed time for experts 13.3058 sec
Elapsed time for households 12.1585 sec
Iteration 83
Elapsed time for kappa 35.9196 sec
Elapsed time for experts 13.2358 sec
Elapsed time for households 11.9062 sec
Iteration 84
Elapsed time for kappa 36.2177 sec
Elapsed time for experts 13.1580 sec
Elapsed time for households 11.8015 sec
Iteration 85
Elapsed time for kappa 35.6154 sec
Elapsed time for experts 13.0180 sec
Elapsed time for households 11.7854 sec
Iteration 86
Elapsed time for kappa 35.7194 sec
Elapsed time for experts 12.8577 sec
Elapsed time for households 11.7489 sec
Iteration 87
Elapsed time for kappa 43.6493 sec
Elapsed time for experts 13.8681 sec
Elapsed time for households 12.2212 sec
Iteration 88
Elapsed time for kappa 38.1087 sec
Elapsed time for experts 13.5906 sec
Elapsed time for households 12.6507 sec
Iteration 89
Elapsed time for kappa 36.5039 sec
Elapsed time for experts 13.3106 sec
Elapsed time for households 11.9314 sec
Iteration 90
Elapsed time for kappa 36.0762 sec
Elapsed time for experts 12.9048 sec
Elapsed time for households 12.3413 sec
Iteration 91
Elapsed time for kappa 37.6534 sec
Elapsed time for experts 12.9349 sec
Elapsed time for households 11.8261 sec
Iteration 92
Elapsed time for kappa 35.5711 sec
Elapsed time for experts 19.5278 sec
Elapsed time for households 13.2348 sec
Iteration 93
Elapsed time for kappa 37.6640 sec
Elapsed time for experts 13.3636 sec
Elapsed time for households 12.1347 sec
Iteration 94
Elapsed time for kappa 38.3337 sec
Elapsed time for experts 13.2512 sec
Elapsed time for households 11.8712 sec
Iteration 95
Elapsed time for kappa 37.6764 sec
Elapsed time for experts 13.2409 sec
Elapsed time for households 11.8824 sec
Iteration 96
Elapsed time for kappa 37.2259 sec
Elapsed time for experts 12.9723 sec
Elapsed time for households 11.8273 sec
Iteration 97
Elapsed time for kappa 36.1734 sec
Elapsed time for experts 12.9464 sec
Elapsed time for households 11.8246 sec
Iteration 98
Elapsed time for kappa 44.7746 sec
Elapsed time for experts 14.4490 sec
Elapsed time for households 12.4976 sec
Iteration 99
Elapsed time for kappa 36.3122 sec
Elapsed time for experts 13.7577 sec
Elapsed time for households 12.1333 sec
Iteration 100
Elapsed time for kappa 36.6315 sec
Elapsed time for experts 13.2424 sec
Elapsed time for households 11.8947 sec
Iteration 101
Elapsed time for kappa 36.1271 sec
Elapsed time for experts 13.1628 sec
Elapsed time for households 11.7619 sec
Iteration 102
Elapsed time for kappa 36.0058 sec
Elapsed time for experts 12.9887 sec
Elapsed time for households 11.5806 sec
Iteration 103
Elapsed time for kappa 35.6910 sec
Elapsed time for experts 12.9243 sec
Elapsed time for households 11.5763 sec
Iteration 104
Elapsed time for kappa 44.4067 sec
Elapsed time for experts 14.5250 sec
Elapsed time for households 12.6570 sec
Iteration 105
Elapsed time for kappa 36.3143 sec
Elapsed time for experts 13.1129 sec
Elapsed time for households 12.1456 sec
Iteration 106
Elapsed time for kappa 37.2281 sec
Elapsed time for experts 13.8338 sec
Elapsed time for households 12.2944 sec
Iteration 107
Elapsed time for kappa 36.7292 sec
Elapsed time for experts 13.0561 sec
Elapsed time for households 11.7020 sec
Iteration 108
Elapsed time for kappa 37.0976 sec
Elapsed time for experts 13.0216 sec
Elapsed time for households 11.7132 sec
Iteration 109
Elapsed time for kappa 36.9959 sec
Elapsed time for experts 12.8016 sec
Elapsed time for households 11.4486 sec
Iteration 110
Elapsed time for kappa 42.7394 sec
Elapsed time for experts 13.9651 sec
Elapsed time for households 11.8703 sec
Iteration 111
Elapsed time for kappa 36.7918 sec
Elapsed time for experts 13.2872 sec
Elapsed time for households 12.1008 sec
Iteration 112
Elapsed time for kappa 36.1096 sec
Elapsed time for experts 13.0952 sec
Elapsed time for households 11.7490 sec
Iteration 113
Elapsed time for kappa 35.9442 sec
Elapsed time for experts 12.8666 sec
Elapsed time for households 11.7097 sec
Iteration 114
Elapsed time for kappa 34.9306 sec
Elapsed time for experts 13.1641 sec
Elapsed time for households 11.8134 sec
Iteration 115
Elapsed time for kappa 35.4454 sec
Elapsed time for experts 18.1955 sec
Elapsed time for households 12.1441 sec
Iteration 116
Elapsed time for kappa 36.5991 sec
Elapsed time for experts 13.2978 sec
Elapsed time for households 11.9554 sec
Iteration 117
Elapsed time for kappa 36.0372 sec
Elapsed time for experts 12.9344 sec
Elapsed time for households 11.9527 sec
Iteration 118
Elapsed time for kappa 36.1408 sec
Elapsed time for experts 12.8247 sec
Elapsed time for households 11.8572 sec
Iteration 119
Elapsed time for kappa 35.9414 sec
Elapsed time for experts 12.8346 sec
Elapsed time for households 11.6027 sec
Iteration 120
Elapsed time for kappa 34.6281 sec
Elapsed time for experts 12.9705 sec
Elapsed time for households 11.3761 sec
Iteration 121
Elapsed time for kappa 43.1007 sec
Elapsed time for experts 13.3866 sec
Elapsed time for households 12.0031 sec
Iteration 122
Elapsed time for kappa 35.5944 sec
Elapsed time for experts 13.1370 sec
Elapsed time for households 11.8110 sec
Iteration 123
Elapsed time for kappa 36.5862 sec
Elapsed time for experts 13.0105 sec
Elapsed time for households 11.5872 sec
Iteration 124
Elapsed time for kappa 34.7930 sec
Elapsed time for experts 12.7340 sec
Elapsed time for households 11.5595 sec
Iteration 125
Elapsed time for kappa 34.8990 sec
Elapsed time for experts 12.7423 sec
Elapsed time for households 11.4048 sec
Iteration 126
Elapsed time for kappa 34.6987 sec
Elapsed time for experts 12.6204 sec
Elapsed time for households 11.4567 sec
Iteration 127
Elapsed time for kappa 40.4701 sec
Elapsed time for experts 13.5329 sec
Elapsed time for households 11.7310 sec
Iteration 128
Elapsed time for kappa 35.4523 sec
Elapsed time for experts 13.0427 sec
Elapsed time for households 11.5826 sec
Iteration 129
Elapsed time for kappa 34.9733 sec
Elapsed time for experts 12.7368 sec
Elapsed time for households 11.6130 sec
Iteration 130
Elapsed time for kappa 34.6868 sec
Elapsed time for experts 12.9017 sec
Elapsed time for households 11.4103 sec
Iteration 131
Elapsed time for kappa 35.5708 sec
Elapsed time for experts 12.6680 sec
Elapsed time for households 11.8325 sec
Iteration 132
Elapsed time for kappa 33.5379 sec
Elapsed time for experts 17.7327 sec
Elapsed time for households 11.9639 sec
Iteration 133
Elapsed time for kappa 35.2088 sec
Elapsed time for experts 13.0546 sec
Elapsed time for households 11.7989 sec
Iteration 134
Elapsed time for kappa 34.9329 sec
Elapsed time for experts 12.9023 sec
Elapsed time for households 11.7398 sec
Iteration 135
Elapsed time for kappa 34.7983 sec
Elapsed time for experts 12.7890 sec
Elapsed time for households 11.4205 sec
Iteration 136
Elapsed time for kappa 33.9688 sec
Elapsed time for experts 12.7032 sec
Elapsed time for households 11.3863 sec
Iteration 137
Elapsed time for kappa 33.7164 sec
Elapsed time for experts 12.5140 sec
Elapsed time for households 11.3910 sec
Iteration 138
Elapsed time for kappa 40.2830 sec
Elapsed time for experts 13.2277 sec
Elapsed time for households 11.8866 sec
Iteration 139
Elapsed time for kappa 34.3330 sec
Elapsed time for experts 12.8500 sec
Elapsed time for households 11.4471 sec
Iteration 140
Elapsed time for kappa 35.6426 sec
Elapsed time for experts 12.5496 sec
Elapsed time for households 11.2575 sec
Iteration 141
Elapsed time for kappa 35.0044 sec
Elapsed time for experts 12.7539 sec
Elapsed time for households 11.3645 sec
Iteration 142
Elapsed time for kappa 34.5302 sec
Elapsed time for experts 12.4964 sec
Elapsed time for households 11.2656 sec
Iteration 143
Elapsed time for kappa 33.3826 sec
Elapsed time for experts 12.3815 sec
Elapsed time for households 11.1964 sec
Iteration 144
Elapsed time for kappa 41.0951 sec
Elapsed time for experts 13.2208 sec
Elapsed time for households 11.6776 sec
Iteration 145
Elapsed time for kappa 34.4907 sec
Elapsed time for experts 12.6625 sec
Elapsed time for households 11.4126 sec
Iteration 146
Elapsed time for kappa 34.3254 sec
Elapsed time for experts 12.5303 sec
Elapsed time for households 11.4820 sec
Iteration 147
Elapsed time for kappa 34.1460 sec
Elapsed time for experts 12.6509 sec
Elapsed time for households 11.3148 sec
Iteration 148
Elapsed time for kappa 33.2020 sec
Elapsed time for experts 12.2609 sec
Elapsed time for households 11.2505 sec
Iteration 149
Elapsed time for kappa 33.2190 sec
Elapsed time for experts 17.2208 sec
Elapsed time for households 12.1667 sec
Iteration 150
Elapsed time for kappa 33.6270 sec
Elapsed time for experts 13.0798 sec
Elapsed time for households 11.9202 sec
Iteration 151
Elapsed time for kappa 32.9717 sec
Elapsed time for experts 12.6349 sec
Elapsed time for households 11.3548 sec
Iteration 152
Elapsed time for kappa 33.3589 sec
Elapsed time for experts 12.4493 sec
Elapsed time for households 11.3521 sec
Iteration 153
Elapsed time for kappa 34.5019 sec
Elapsed time for experts 12.3145 sec
Elapsed time for households 11.0951 sec
Iteration 154
Elapsed time for kappa 32.6852 sec
Elapsed time for experts 12.7720 sec
Elapsed time for households 11.1038 sec
Iteration 155
Elapsed time for kappa 40.8776 sec
Elapsed time for experts 13.4649 sec
Elapsed time for households 11.6433 sec
Iteration 156
Elapsed time for kappa 34.4959 sec
Elapsed time for experts 12.7042 sec
Elapsed time for households 11.3623 sec
Iteration 157
Elapsed time for kappa 33.7389 sec
Elapsed time for experts 12.5651 sec
Elapsed time for households 11.4465 sec
Iteration 158
Elapsed time for kappa 32.7915 sec
Elapsed time for experts 12.4949 sec
Elapsed time for households 11.3611 sec
Iteration 159
Elapsed time for kappa 32.8335 sec
Elapsed time for experts 12.3321 sec
Elapsed time for households 11.0844 sec
Iteration 160
Elapsed time for kappa 32.3285 sec
Elapsed time for experts 12.3532 sec
Elapsed time for households 11.0635 sec
Iteration 161
Elapsed time for kappa 38.2697 sec
Elapsed time for experts 13.0245 sec
Elapsed time for households 11.4244 sec
Iteration 162
Elapsed time for kappa 32.7678 sec
Elapsed time for experts 12.4967 sec
Elapsed time for households 11.1991 sec
Iteration 163
Elapsed time for kappa 32.6560 sec
Elapsed time for experts 12.3249 sec
Elapsed time for households 11.2929 sec
Iteration 164
Elapsed time for kappa 32.2466 sec
Elapsed time for experts 12.3020 sec
Elapsed time for households 11.4943 sec
Iteration 165
Elapsed time for kappa 31.9105 sec
Elapsed time for experts 12.1193 sec
Elapsed time for households 11.0597 sec
Iteration 166
Elapsed time for kappa 31.5558 sec
Elapsed time for experts 12.1843 sec
Elapsed time for households 16.4252 sec
Iteration 167
Elapsed time for kappa 32.8164 sec
Elapsed time for experts 12.5292 sec
Elapsed time for households 11.9223 sec
Iteration 168
Elapsed time for kappa 32.3480 sec
Elapsed time for experts 12.8340 sec
Elapsed time for households 11.1054 sec
Iteration 169
Elapsed time for kappa 32.2507 sec
Elapsed time for experts 12.4323 sec
Elapsed time for households 11.1935 sec
Iteration 170
Elapsed time for kappa 33.1817 sec
Elapsed time for experts 11.9998 sec
Elapsed time for households 11.1296 sec
Iteration 171
Elapsed time for kappa 31.9846 sec
Elapsed time for experts 12.0308 sec
Elapsed time for households 10.9516 sec
Iteration 172
Elapsed time for kappa 31.2708 sec
Elapsed time for experts 12.0176 sec
Elapsed time for households 16.2171 sec
Iteration 173
Elapsed time for kappa 33.1889 sec
Elapsed time for experts 12.7336 sec
Elapsed time for households 11.4998 sec
Iteration 174
Elapsed time for kappa 32.2838 sec
Elapsed time for experts 12.7006 sec
Elapsed time for households 11.3978 sec
Iteration 175
Elapsed time for kappa 32.0685 sec
Elapsed time for experts 12.3931 sec
Elapsed time for households 11.2202 sec
Iteration 176
Elapsed time for kappa 32.1452 sec
Elapsed time for experts 12.2164 sec
Elapsed time for households 11.2608 sec
Iteration 177
Elapsed time for kappa 31.7187 sec
Elapsed time for experts 12.7262 sec
Elapsed time for households 11.0181 sec
Iteration 178
Elapsed time for kappa 31.7881 sec
Elapsed time for experts 12.1399 sec
Elapsed time for households 16.7975 sec
Iteration 179
Elapsed time for kappa 32.9843 sec
Elapsed time for experts 12.5577 sec
Elapsed time for households 11.4514 sec
Iteration 180
Elapsed time for kappa 32.2982 sec
Elapsed time for experts 12.4020 sec
Elapsed time for households 11.0574 sec
Iteration 181
Elapsed time for kappa 32.5109 sec
Elapsed time for experts 12.4335 sec
Elapsed time for households 11.2932 sec
Iteration 182
Elapsed time for kappa 31.8210 sec
Elapsed time for experts 12.2939 sec
Elapsed time for households 11.0295 sec
Iteration 183
Elapsed time for kappa 31.5983 sec
Elapsed time for experts 12.3593 sec
Elapsed time for households 10.8866 sec
Iteration 184
Elapsed time for kappa 31.4350 sec
Elapsed time for experts 17.2957 sec
Elapsed time for households 11.6865 sec
Iteration 185
Elapsed time for kappa 33.5272 sec
Elapsed time for experts 12.7643 sec
Elapsed time for households 11.3829 sec
Iteration 186
Elapsed time for kappa 32.1833 sec
Elapsed time for experts 12.3521 sec
Elapsed time for households 11.1845 sec
Iteration 187
Elapsed time for kappa 32.4039 sec
Elapsed time for experts 12.3323 sec
Elapsed time for households 11.1857 sec
Iteration 188
Elapsed time for kappa 31.8625 sec
Elapsed time for experts 12.2423 sec
Elapsed time for households 11.4025 sec
Iteration 189
Elapsed time for kappa 31.5478 sec
Elapsed time for experts 12.0817 sec
Elapsed time for households 10.9333 sec
Iteration 190
Elapsed time for kappa 31.5950 sec
Elapsed time for experts 17.1734 sec
Elapsed time for households 11.7740 sec
Iteration 191
Elapsed time for kappa 32.9261 sec
Elapsed time for experts 12.8578 sec
Elapsed time for households 11.3141 sec
Iteration 192
Elapsed time for kappa 32.1696 sec
Elapsed time for experts 12.1943 sec
Elapsed time for households 11.1442 sec
Iteration 193
Elapsed time for kappa 31.9380 sec
Elapsed time for experts 12.2396 sec
Elapsed time for households 11.1380 sec
Iteration 194
Elapsed time for kappa 31.7784 sec
Elapsed time for experts 12.0896 sec
Elapsed time for households 11.1899 sec
Iteration 195
Elapsed time for kappa 31.4539 sec
Elapsed time for experts 12.1054 sec
Elapsed time for households 10.8052 sec
Iteration 196
Elapsed time for kappa 38.3458 sec
Elapsed time for experts 13.0819 sec
Elapsed time for households 11.5533 sec
Iteration 197
Elapsed time for kappa 32.9811 sec
Elapsed time for experts 12.7243 sec
Elapsed time for households 11.2290 sec
Iteration 198
Elapsed time for kappa 32.0258 sec
Elapsed time for experts 12.2538 sec
Elapsed time for households 11.0332 sec
Iteration 199
Elapsed time for kappa 32.2475 sec
Elapsed time for experts 12.1955 sec
Elapsed time for households 11.2411 sec
Elapsed time for training 12216.1425 sec
90000 90000 90000 90000
