/tmp/slurmd/job22880364/slurm_script: line 19: deactivate: No such file or directory
Iteration 0
Elapsed time for kappa 77.1937 sec
Elapsed time for experts 23.0880 sec
Elapsed time for households 16.3700 sec
Iteration 1
Elapsed time for kappa 40.1507 sec
Elapsed time for experts 16.8270 sec
Elapsed time for households 12.6905 sec
Iteration 2
Elapsed time for kappa 43.4117 sec
Elapsed time for experts 16.5840 sec
Elapsed time for households 12.6933 sec
Iteration 3
Elapsed time for kappa 39.2301 sec
Elapsed time for experts 16.3755 sec
Elapsed time for households 12.5648 sec
Iteration 4
Elapsed time for kappa 40.1321 sec
Elapsed time for experts 16.3135 sec
Elapsed time for households 12.2908 sec
Iteration 5
Elapsed time for kappa 39.7816 sec
Elapsed time for experts 15.8901 sec
Elapsed time for households 14.0311 sec
Iteration 6
Elapsed time for kappa 39.1173 sec
Elapsed time for experts 16.0710 sec
Elapsed time for households 12.4606 sec
Iteration 7
Elapsed time for kappa 39.5047 sec
Elapsed time for experts 15.9448 sec
Elapsed time for households 18.2790 sec
Iteration 8
Elapsed time for kappa 40.3118 sec
Elapsed time for experts 16.0195 sec
Elapsed time for households 12.5937 sec
Iteration 9
Elapsed time for kappa 39.4288 sec
Elapsed time for experts 16.6135 sec
Elapsed time for households 12.5758 sec
Iteration 10
Elapsed time for kappa 39.9363 sec
Elapsed time for experts 16.2085 sec
Elapsed time for households 12.6558 sec
Iteration 11
Elapsed time for kappa 39.4805 sec
Elapsed time for experts 16.2543 sec
Elapsed time for households 13.9508 sec
Iteration 12
Elapsed time for kappa 39.3548 sec
Elapsed time for experts 15.8030 sec
Elapsed time for households 12.5414 sec
Iteration 13
Elapsed time for kappa 39.3106 sec
Elapsed time for experts 22.9027 sec
Elapsed time for households 12.9408 sec
Iteration 14
Elapsed time for kappa 40.7863 sec
Elapsed time for experts 16.2770 sec
Elapsed time for households 12.7595 sec
Iteration 15
Elapsed time for kappa 39.9098 sec
Elapsed time for experts 16.5341 sec
Elapsed time for households 12.4439 sec
Iteration 16
Elapsed time for kappa 39.5167 sec
Elapsed time for experts 16.4166 sec
Elapsed time for households 14.5983 sec
Iteration 17
Elapsed time for kappa 39.8307 sec
Elapsed time for experts 16.0926 sec
Elapsed time for households 12.4968 sec
Iteration 18
Elapsed time for kappa 39.2789 sec
Elapsed time for experts 16.1263 sec
Elapsed time for households 11.8815 sec
Iteration 19
Elapsed time for kappa 47.2893 sec
Elapsed time for experts 16.5294 sec
Elapsed time for households 12.7487 sec
Iteration 20
Elapsed time for kappa 39.7018 sec
Elapsed time for experts 16.2407 sec
Elapsed time for households 12.6065 sec
Iteration 21
Elapsed time for kappa 40.1375 sec
Elapsed time for experts 16.3104 sec
Elapsed time for households 12.1937 sec
Iteration 22
Elapsed time for kappa 38.5440 sec
Elapsed time for experts 16.0898 sec
Elapsed time for households 11.2874 sec
Iteration 23
Elapsed time for kappa 38.5861 sec
Elapsed time for experts 15.9855 sec
Elapsed time for households 12.8741 sec
Iteration 24
Elapsed time for kappa 39.2894 sec
Elapsed time for experts 22.7421 sec
Elapsed time for households 13.1439 sec
Iteration 25
Elapsed time for kappa 40.9046 sec
Elapsed time for experts 16.4743 sec
Elapsed time for households 13.1158 sec
Iteration 26
Elapsed time for kappa 39.7982 sec
Elapsed time for experts 16.6176 sec
Elapsed time for households 15.6935 sec
Iteration 27
Elapsed time for kappa 40.0065 sec
Elapsed time for experts 16.0761 sec
Elapsed time for households 15.0292 sec
Iteration 28
Elapsed time for kappa 39.4737 sec
Elapsed time for experts 16.2265 sec
Elapsed time for households 14.8618 sec
Iteration 29
Elapsed time for kappa 39.7368 sec
Elapsed time for experts 16.3401 sec
Elapsed time for households 12.5125 sec
Iteration 30
Elapsed time for kappa 47.9793 sec
Elapsed time for experts 16.9013 sec
Elapsed time for households 15.5178 sec
Iteration 31
Elapsed time for kappa 40.2986 sec
Elapsed time for experts 16.2896 sec
Elapsed time for households 18.7489 sec
Iteration 32
Elapsed time for kappa 40.4413 sec
Elapsed time for experts 16.2965 sec
Elapsed time for households 19.3061 sec
Iteration 33
Elapsed time for kappa 39.8750 sec
Elapsed time for experts 16.4087 sec
Elapsed time for households 12.9794 sec
Iteration 34
Elapsed time for kappa 39.9923 sec
Elapsed time for experts 16.2890 sec
Elapsed time for households 14.1585 sec
Iteration 35
Elapsed time for kappa 39.4791 sec
Elapsed time for experts 16.0728 sec
Elapsed time for households 13.5522 sec
Iteration 36
Elapsed time for kappa 46.7178 sec
Elapsed time for experts 16.6366 sec
Elapsed time for households 20.9264 sec
Iteration 37
Elapsed time for kappa 40.5748 sec
Elapsed time for experts 11.9411 sec
Elapsed time for households 14.0513 sec
Iteration 38
Elapsed time for kappa 40.1304 sec
Elapsed time for experts 16.9610 sec
Elapsed time for households 13.5866 sec
Iteration 39
Elapsed time for kappa 40.5468 sec
Elapsed time for experts 16.2851 sec
Elapsed time for households 13.1922 sec
Iteration 40
Elapsed time for kappa 39.4557 sec
Elapsed time for experts 16.2705 sec
Elapsed time for households 12.6071 sec
Iteration 41
Elapsed time for kappa 39.3778 sec
Elapsed time for experts 22.5674 sec
Elapsed time for households 19.8713 sec
Iteration 42
Elapsed time for kappa 41.0991 sec
Elapsed time for experts 17.0680 sec
Elapsed time for households 14.4327 sec
Iteration 43
Elapsed time for kappa 40.4591 sec
Elapsed time for experts 16.5396 sec
Elapsed time for households 17.2054 sec
Iteration 44
Elapsed time for kappa 40.1591 sec
Elapsed time for experts 16.5983 sec
Elapsed time for households 13.6043 sec
Iteration 45
Elapsed time for kappa 39.6298 sec
Elapsed time for experts 15.7046 sec
Elapsed time for households 15.3152 sec
Iteration 46
Elapsed time for kappa 39.3795 sec
Elapsed time for experts 16.7533 sec
Elapsed time for households 15.9767 sec
Iteration 47
Elapsed time for kappa 47.7368 sec
Elapsed time for experts 17.3396 sec
Elapsed time for households 13.8666 sec
Iteration 48
Elapsed time for kappa 40.6573 sec
Elapsed time for experts 16.9068 sec
Elapsed time for households 15.2577 sec
Iteration 49
Elapsed time for kappa 40.4863 sec
Elapsed time for experts 16.3840 sec
Elapsed time for households 23.8356 sec
Iteration 50
Elapsed time for kappa 40.3051 sec
Elapsed time for experts 16.2892 sec
Elapsed time for households 13.3670 sec
Iteration 51
Elapsed time for kappa 39.7866 sec
Elapsed time for experts 15.7018 sec
Elapsed time for households 16.1884 sec
Iteration 52
Elapsed time for kappa 39.7832 sec
Elapsed time for experts 16.0134 sec
Elapsed time for households 19.4356 sec
Iteration 53
Elapsed time for kappa 41.6302 sec
Elapsed time for experts 16.5550 sec
Elapsed time for households 14.5308 sec
Iteration 54
Elapsed time for kappa 41.0764 sec
Elapsed time for experts 16.8454 sec
Elapsed time for households 13.5520 sec
Iteration 55
Elapsed time for kappa 39.9857 sec
Elapsed time for experts 16.2898 sec
Elapsed time for households 10.5719 sec
Iteration 56
Elapsed time for kappa 39.9406 sec
Elapsed time for experts 16.2806 sec
Elapsed time for households 12.8305 sec
Iteration 57
Elapsed time for kappa 39.2885 sec
Elapsed time for experts 16.1063 sec
Elapsed time for households 14.2751 sec
Iteration 58
Elapsed time for kappa 38.9078 sec
Elapsed time for experts 23.9338 sec
Elapsed time for households 13.9102 sec
Iteration 59
Elapsed time for kappa 41.5625 sec
Elapsed time for experts 16.7040 sec
Elapsed time for households 13.1899 sec
Iteration 60
Elapsed time for kappa 40.7466 sec
Elapsed time for experts 16.3503 sec
Elapsed time for households 14.4852 sec
Iteration 61
Elapsed time for kappa 40.2198 sec
Elapsed time for experts 16.1423 sec
Elapsed time for households 15.0605 sec
Iteration 62
Elapsed time for kappa 39.7383 sec
Elapsed time for experts 16.3141 sec
Elapsed time for households 18.0944 sec
Iteration 63
Elapsed time for kappa 40.2018 sec
Elapsed time for experts 16.7607 sec
Elapsed time for households 12.6809 sec
Iteration 64
Elapsed time for kappa 47.7685 sec
Elapsed time for experts 17.4593 sec
Elapsed time for households 15.4223 sec
Iteration 65
Elapsed time for kappa 40.7149 sec
Elapsed time for experts 16.6804 sec
Elapsed time for households 13.7715 sec
Iteration 66
Elapsed time for kappa 40.8850 sec
Elapsed time for experts 15.8936 sec
Elapsed time for households 12.6775 sec
Iteration 67
Elapsed time for kappa 39.8522 sec
Elapsed time for experts 16.3252 sec
Elapsed time for households 19.2497 sec
Iteration 68
Elapsed time for kappa 39.9849 sec
Elapsed time for experts 15.9960 sec
Elapsed time for households 15.8474 sec
Iteration 69
Elapsed time for kappa 39.5070 sec
Elapsed time for experts 16.0562 sec
Elapsed time for households 20.7955 sec
Iteration 70
Elapsed time for kappa 40.8044 sec
Elapsed time for experts 16.7126 sec
Elapsed time for households 15.7452 sec
Iteration 71
Elapsed time for kappa 39.1154 sec
Elapsed time for experts 15.9921 sec
Elapsed time for households 14.9848 sec
Iteration 72
Elapsed time for kappa 40.1291 sec
Elapsed time for experts 16.4617 sec
Elapsed time for households 14.3426 sec
Iteration 73
Elapsed time for kappa 40.4582 sec
Elapsed time for experts 15.8854 sec
Elapsed time for households 13.5526 sec
Iteration 74
Elapsed time for kappa 39.7426 sec
Elapsed time for experts 16.2166 sec
Elapsed time for households 16.4501 sec
Iteration 75
Elapsed time for kappa 39.7140 sec
Elapsed time for experts 23.6365 sec
Elapsed time for households 14.2719 sec
Iteration 76
Elapsed time for kappa 39.4105 sec
Elapsed time for experts 16.9254 sec
Elapsed time for households 13.6370 sec
Iteration 77
Elapsed time for kappa 40.9000 sec
Elapsed time for experts 16.6630 sec
Elapsed time for households 13.0361 sec
Iteration 78
Elapsed time for kappa 40.4618 sec
Elapsed time for experts 15.9649 sec
Elapsed time for households 13.0350 sec
Iteration 79
Elapsed time for kappa 39.8094 sec
Elapsed time for experts 16.4264 sec
Elapsed time for households 13.5101 sec
Iteration 80
Elapsed time for kappa 39.4992 sec
Elapsed time for experts 16.1668 sec
Elapsed time for households 13.3149 sec
Iteration 81
Elapsed time for kappa 48.3769 sec
Elapsed time for experts 17.4182 sec
Elapsed time for households 13.7276 sec
Iteration 82
Elapsed time for kappa 41.3564 sec
Elapsed time for experts 16.5778 sec
Elapsed time for households 12.7717 sec
Iteration 83
Elapsed time for kappa 40.5886 sec
Elapsed time for experts 16.3646 sec
Elapsed time for households 14.2534 sec
Iteration 84
Elapsed time for kappa 39.9165 sec
Elapsed time for experts 16.4083 sec
Elapsed time for households 13.2789 sec
Iteration 85
Elapsed time for kappa 40.1058 sec
Elapsed time for experts 16.2743 sec
Elapsed time for households 13.0389 sec
Iteration 86
Elapsed time for kappa 39.7474 sec
Elapsed time for experts 16.4045 sec
Elapsed time for households 14.2324 sec
Iteration 87
Elapsed time for kappa 47.8780 sec
Elapsed time for experts 17.1563 sec
Elapsed time for households 14.5985 sec
Iteration 88
Elapsed time for kappa 41.3890 sec
Elapsed time for experts 16.5662 sec
Elapsed time for households 14.1832 sec
Iteration 89
Elapsed time for kappa 40.2588 sec
Elapsed time for experts 16.6231 sec
Elapsed time for households 15.3150 sec
Iteration 90
Elapsed time for kappa 40.1393 sec
Elapsed time for experts 16.2432 sec
Elapsed time for households 12.1849 sec
Iteration 91
Elapsed time for kappa 40.0934 sec
Elapsed time for experts 16.3798 sec
Elapsed time for households 13.1240 sec
Iteration 92
Elapsed time for kappa 39.9222 sec
Elapsed time for experts 22.9460 sec
Elapsed time for households 13.7544 sec
Iteration 93
Elapsed time for kappa 41.3464 sec
Elapsed time for experts 17.1505 sec
Elapsed time for households 13.6372 sec
Iteration 94
Elapsed time for kappa 41.0264 sec
Elapsed time for experts 16.3144 sec
Elapsed time for households 12.7221 sec
Iteration 95
Elapsed time for kappa 40.2671 sec
Elapsed time for experts 11.9397 sec
Elapsed time for households 12.9575 sec
Iteration 96
Elapsed time for kappa 39.8451 sec
Elapsed time for experts 16.3051 sec
Elapsed time for households 19.7743 sec
Iteration 97
Elapsed time for kappa 40.2603 sec
Elapsed time for experts 16.0842 sec
Elapsed time for households 14.6509 sec
Iteration 98
Elapsed time for kappa 48.4355 sec
Elapsed time for experts 17.8170 sec
Elapsed time for households 13.3838 sec
Iteration 99
Elapsed time for kappa 41.4451 sec
Elapsed time for experts 17.0004 sec
Elapsed time for households 12.5550 sec
Iteration 100
Elapsed time for kappa 40.5657 sec
Elapsed time for experts 16.7832 sec
Elapsed time for households 14.2343 sec
Iteration 101
Elapsed time for kappa 39.7474 sec
Elapsed time for experts 17.1433 sec
Elapsed time for households 13.9000 sec
Iteration 102
Elapsed time for kappa 40.1705 sec
Elapsed time for experts 16.4546 sec
Elapsed time for households 12.6554 sec
Iteration 103
Elapsed time for kappa 38.5006 sec
Elapsed time for experts 16.3394 sec
Elapsed time for households 15.1518 sec
Iteration 104
Elapsed time for kappa 48.5275 sec
Elapsed time for experts 17.8398 sec
Elapsed time for households 15.0094 sec
Iteration 105
Elapsed time for kappa 41.3381 sec
Elapsed time for experts 16.7456 sec
Elapsed time for households 13.6010 sec
Iteration 106
Elapsed time for kappa 39.3437 sec
Elapsed time for experts 16.6427 sec
Elapsed time for households 13.8355 sec
Iteration 107
Elapsed time for kappa 40.8209 sec
Elapsed time for experts 16.3236 sec
Elapsed time for households 14.5304 sec
Iteration 108
Elapsed time for kappa 39.7816 sec
Elapsed time for experts 16.3859 sec
Elapsed time for households 14.8963 sec
Iteration 109
Elapsed time for kappa 39.6758 sec
Elapsed time for experts 16.1190 sec
Elapsed time for households 21.8880 sec
Iteration 110
Elapsed time for kappa 41.4970 sec
Elapsed time for experts 16.8770 sec
Elapsed time for households 18.8350 sec
Iteration 111
Elapsed time for kappa 41.4791 sec
Elapsed time for experts 16.7154 sec
Elapsed time for households 12.9735 sec
Iteration 112
Elapsed time for kappa 40.4365 sec
Elapsed time for experts 16.8227 sec
Elapsed time for households 15.1371 sec
Iteration 113
Elapsed time for kappa 39.8166 sec
Elapsed time for experts 16.4879 sec
Elapsed time for households 16.6505 sec
Iteration 114
Elapsed time for kappa 39.7409 sec
Elapsed time for experts 16.2419 sec
Elapsed time for households 17.0605 sec
Iteration 115
Elapsed time for kappa 39.2715 sec
Elapsed time for experts 24.0637 sec
Elapsed time for households 13.6921 sec
Iteration 116
Elapsed time for kappa 41.6851 sec
Elapsed time for experts 17.4507 sec
Elapsed time for households 20.1438 sec
Iteration 117
Elapsed time for kappa 41.3199 sec
Elapsed time for experts 16.7919 sec
Elapsed time for households 16.1719 sec
Iteration 118
Elapsed time for kappa 40.6028 sec
Elapsed time for experts 16.8336 sec
Elapsed time for households 15.9598 sec
Iteration 119
Elapsed time for kappa 40.4585 sec
Elapsed time for experts 16.5959 sec
Elapsed time for households 13.4177 sec
Iteration 120
Elapsed time for kappa 39.6348 sec
Elapsed time for experts 16.8290 sec
Elapsed time for households 16.6357 sec
Iteration 121
Elapsed time for kappa 48.8651 sec
Elapsed time for experts 17.4848 sec
Elapsed time for households 15.8514 sec
Iteration 122
Elapsed time for kappa 40.8776 sec
Elapsed time for experts 16.8106 sec
Elapsed time for households 16.9932 sec
Iteration 123
Elapsed time for kappa 40.7789 sec
Elapsed time for experts 16.4537 sec
Elapsed time for households 16.8437 sec
Iteration 124
Elapsed time for kappa 40.3316 sec
Elapsed time for experts 16.3487 sec
Elapsed time for households 16.7231 sec
Iteration 125
Elapsed time for kappa 40.0447 sec
Elapsed time for experts 16.4554 sec
Elapsed time for households 15.3300 sec
Iteration 126
Elapsed time for kappa 40.0633 sec
Elapsed time for experts 16.7375 sec
Elapsed time for households 16.0502 sec
Iteration 127
Elapsed time for kappa 49.1793 sec
Elapsed time for experts 16.4985 sec
Elapsed time for households 43.5427 sec
Iteration 128
Elapsed time for kappa 41.7739 sec
Elapsed time for experts 16.5783 sec
Elapsed time for households 14.3355 sec
Iteration 129
Elapsed time for kappa 41.0081 sec
Elapsed time for experts 16.5392 sec
Elapsed time for households 13.8018 sec
Iteration 130
Elapsed time for kappa 40.5807 sec
Elapsed time for experts 16.3317 sec
Elapsed time for households 14.0812 sec
Iteration 131
Elapsed time for kappa 40.0814 sec
Elapsed time for experts 16.4038 sec
Elapsed time for households 13.9925 sec
Iteration 132
Elapsed time for kappa 39.6164 sec
Elapsed time for experts 23.4244 sec
Elapsed time for households 14.9939 sec
Iteration 133
Elapsed time for kappa 41.6249 sec
Elapsed time for experts 17.3420 sec
Elapsed time for households 15.4077 sec
Iteration 134
Elapsed time for kappa 41.5833 sec
Elapsed time for experts 16.6909 sec
Elapsed time for households 14.3075 sec
Iteration 135
Elapsed time for kappa 41.0015 sec
Elapsed time for experts 16.8940 sec
Elapsed time for households 19.6084 sec
Iteration 136
Elapsed time for kappa 40.2070 sec
Elapsed time for experts 16.6592 sec
Elapsed time for households 13.2893 sec
Iteration 137
Elapsed time for kappa 40.1403 sec
Elapsed time for experts 16.4027 sec
Elapsed time for households 14.6582 sec
Iteration 138
Elapsed time for kappa 49.5423 sec
Elapsed time for experts 18.0270 sec
Elapsed time for households 15.8662 sec
Iteration 139
Elapsed time for kappa 41.3541 sec
Elapsed time for experts 16.9455 sec
Elapsed time for households 14.2393 sec
Iteration 140
Elapsed time for kappa 39.3711 sec
Elapsed time for experts 16.6858 sec
Elapsed time for households 14.9932 sec
Iteration 141
Elapsed time for kappa 40.8980 sec
Elapsed time for experts 16.4298 sec
Elapsed time for households 14.0184 sec
Iteration 142
Elapsed time for kappa 39.8627 sec
Elapsed time for experts 16.6333 sec
Elapsed time for households 16.3469 sec
Iteration 143
Elapsed time for kappa 40.3102 sec
Elapsed time for experts 16.7679 sec
Elapsed time for households 14.0573 sec
Iteration 144
Elapsed time for kappa 49.3097 sec
Elapsed time for experts 17.4137 sec
Elapsed time for households 13.8324 sec
Iteration 145
Elapsed time for kappa 41.5711 sec
Elapsed time for experts 16.5982 sec
Elapsed time for households 19.6352 sec
Iteration 146
Elapsed time for kappa 41.1511 sec
Elapsed time for experts 17.1860 sec
Elapsed time for households 13.3356 sec
Iteration 147
Elapsed time for kappa 40.7801 sec
Elapsed time for experts 16.5853 sec
Elapsed time for households 15.0873 sec
Iteration 148
Elapsed time for kappa 40.5152 sec
Elapsed time for experts 16.2156 sec
Elapsed time for households 13.6071 sec
Iteration 149
Elapsed time for kappa 40.0277 sec
Elapsed time for experts 23.4777 sec
Elapsed time for households 16.0920 sec
Iteration 150
Elapsed time for kappa 42.1192 sec
Elapsed time for experts 17.0160 sec
Elapsed time for households 15.4909 sec
Iteration 151
Elapsed time for kappa 40.8751 sec
Elapsed time for experts 12.0549 sec
Elapsed time for households 15.1249 sec
Iteration 152
Elapsed time for kappa 40.2798 sec
Elapsed time for experts 16.6870 sec
Elapsed time for households 15.2056 sec
Iteration 153
Elapsed time for kappa 40.5611 sec
Elapsed time for experts 16.3876 sec
Elapsed time for households 14.8413 sec
Iteration 154
Elapsed time for kappa 39.7430 sec
Elapsed time for experts 16.2214 sec
Elapsed time for households 14.9022 sec
Iteration 155
Elapsed time for kappa 49.8367 sec
Elapsed time for experts 17.7216 sec
Elapsed time for households 15.6770 sec
Iteration 156
Elapsed time for kappa 41.9499 sec
Elapsed time for experts 16.6448 sec
Elapsed time for households 15.4335 sec
Iteration 157
Elapsed time for kappa 41.3745 sec
Elapsed time for experts 16.9837 sec
Elapsed time for households 15.2174 sec
Iteration 158
Elapsed time for kappa 40.2523 sec
Elapsed time for experts 16.0305 sec
Elapsed time for households 15.2320 sec
Iteration 159
Elapsed time for kappa 39.8544 sec
Elapsed time for experts 16.5879 sec
Elapsed time for households 14.8372 sec
Iteration 160
Elapsed time for kappa 39.7853 sec
Elapsed time for experts 16.3459 sec
Elapsed time for households 14.7186 sec
Iteration 161
Elapsed time for kappa 49.5953 sec
Elapsed time for experts 18.1551 sec
Elapsed time for households 15.4287 sec
Iteration 162
Elapsed time for kappa 41.5735 sec
Elapsed time for experts 17.1354 sec
Elapsed time for households 15.3418 sec
Iteration 163
Elapsed time for kappa 41.8243 sec
Elapsed time for experts 16.4405 sec
Elapsed time for households 15.2462 sec
Iteration 164
Elapsed time for kappa 40.9604 sec
Elapsed time for experts 16.5329 sec
Elapsed time for households 15.4881 sec
Iteration 165
Elapsed time for kappa 39.9016 sec
Elapsed time for experts 16.6390 sec
Elapsed time for households 15.8025 sec
Iteration 166
Elapsed time for kappa 39.5449 sec
Elapsed time for experts 16.2099 sec
Elapsed time for households 22.1074 sec
Iteration 167
Elapsed time for kappa 42.0261 sec
Elapsed time for experts 17.8563 sec
Elapsed time for households 15.9921 sec
Iteration 168
Elapsed time for kappa 41.4219 sec
Elapsed time for experts 16.7981 sec
Elapsed time for households 15.9860 sec
Iteration 169
Elapsed time for kappa 41.5049 sec
Elapsed time for experts 16.5380 sec
Elapsed time for households 10.4354 sec
Iteration 170
Elapsed time for kappa 40.5249 sec
Elapsed time for experts 16.8100 sec
Elapsed time for households 15.0235 sec
Iteration 171
Elapsed time for kappa 40.1376 sec
Elapsed time for experts 16.3600 sec
Elapsed time for households 14.8257 sec
Iteration 172
Elapsed time for kappa 39.6468 sec
Elapsed time for experts 16.6983 sec
Elapsed time for households 22.8453 sec
Iteration 173
Elapsed time for kappa 42.9293 sec
Elapsed time for experts 16.9223 sec
Elapsed time for households 13.5633 sec
Iteration 174
Elapsed time for kappa 41.1127 sec
Elapsed time for experts 16.7392 sec
Elapsed time for households 15.5203 sec
Iteration 175
Elapsed time for kappa 41.3498 sec
Elapsed time for experts 12.1590 sec
Elapsed time for households 15.3560 sec
Iteration 176
Elapsed time for kappa 40.9477 sec
Elapsed time for experts 16.9552 sec
Elapsed time for households 14.9868 sec
Iteration 177
Elapsed time for kappa 40.2735 sec
Elapsed time for experts 16.5113 sec
Elapsed time for households 14.8429 sec
Iteration 178
Elapsed time for kappa 39.8001 sec
Elapsed time for experts 23.9432 sec
Elapsed time for households 16.0811 sec
Iteration 179
Elapsed time for kappa 42.1191 sec
Elapsed time for experts 17.0630 sec
Elapsed time for households 15.7569 sec
Iteration 180
Elapsed time for kappa 41.5495 sec
Elapsed time for experts 16.5458 sec
Elapsed time for households 15.3071 sec
Iteration 181
Elapsed time for kappa 41.6039 sec
Elapsed time for experts 16.0699 sec
Elapsed time for households 15.2532 sec
Iteration 182
Elapsed time for kappa 40.7310 sec
Elapsed time for experts 16.3626 sec
Elapsed time for households 14.7633 sec
Iteration 183
Elapsed time for kappa 40.6597 sec
Elapsed time for experts 16.6313 sec
Elapsed time for households 14.8594 sec
Iteration 184
Elapsed time for kappa 39.4931 sec
Elapsed time for experts 24.1532 sec
Elapsed time for households 15.9542 sec
Iteration 185
Elapsed time for kappa 42.2355 sec
Elapsed time for experts 17.2861 sec
Elapsed time for households 15.5403 sec
Iteration 186
Elapsed time for kappa 41.8285 sec
Elapsed time for experts 16.6822 sec
Elapsed time for households 15.2641 sec
Iteration 187
Elapsed time for kappa 41.2621 sec
Elapsed time for experts 16.6514 sec
Elapsed time for households 15.1921 sec
Iteration 188
Elapsed time for kappa 40.3329 sec
Elapsed time for experts 16.3867 sec
Elapsed time for households 14.7997 sec
Iteration 189
Elapsed time for kappa 40.5646 sec
Elapsed time for experts 16.5299 sec
Elapsed time for households 14.6870 sec
Iteration 190
Elapsed time for kappa 39.8017 sec
Elapsed time for experts 23.9956 sec
Elapsed time for households 15.9961 sec
Iteration 191
Elapsed time for kappa 41.7734 sec
Elapsed time for experts 17.4423 sec
Elapsed time for households 15.6725 sec
Iteration 192
Elapsed time for kappa 41.1676 sec
Elapsed time for experts 16.6396 sec
Elapsed time for households 15.3797 sec
Iteration 193
Elapsed time for kappa 41.5802 sec
Elapsed time for experts 16.9314 sec
Elapsed time for households 15.4270 sec
Iteration 194
Elapsed time for kappa 40.8586 sec
Elapsed time for experts 16.5308 sec
Elapsed time for households 14.7992 sec
Iteration 195
Elapsed time for kappa 40.2328 sec
Elapsed time for experts 16.6095 sec
Elapsed time for households 14.6010 sec
Iteration 196
Elapsed time for kappa 49.9732 sec
Elapsed time for experts 17.9547 sec
Elapsed time for households 15.9377 sec
Iteration 197
Elapsed time for kappa 42.1322 sec
Elapsed time for experts 16.9356 sec
Elapsed time for households 15.4672 sec
Iteration 198
Elapsed time for kappa 40.9566 sec
Elapsed time for experts 11.9457 sec
Elapsed time for households 14.8125 sec
Iteration 199
Elapsed time for kappa 41.4725 sec
Elapsed time for experts 16.4211 sec
Elapsed time for households 15.0869 sec
Elapsed time for training 14651.4921 sec
