/tmp/slurmd/job22880348/slurm_script: line 19: deactivate: No such file or directory
Iteration 0
Elapsed time for kappa 76.5118 sec
Elapsed time for experts 20.7555 sec
Elapsed time for households 15.6159 sec
Iteration 1
Elapsed time for kappa 35.6991 sec
Elapsed time for experts 15.4883 sec
Elapsed time for households 12.2750 sec
Iteration 2
Elapsed time for kappa 36.0110 sec
Elapsed time for experts 13.0486 sec
Elapsed time for households 11.8905 sec
Iteration 3
Elapsed time for kappa 36.2034 sec
Elapsed time for experts 12.8355 sec
Elapsed time for households 11.7322 sec
Iteration 4
Elapsed time for kappa 35.8368 sec
Elapsed time for experts 12.9671 sec
Elapsed time for households 11.7942 sec
Iteration 5
Elapsed time for kappa 35.9184 sec
Elapsed time for experts 12.9998 sec
Elapsed time for households 11.8021 sec
Iteration 6
Elapsed time for kappa 35.5197 sec
Elapsed time for experts 12.8588 sec
Elapsed time for households 11.5845 sec
Iteration 7
Elapsed time for kappa 42.4846 sec
Elapsed time for experts 13.1996 sec
Elapsed time for households 11.7380 sec
Iteration 8
Elapsed time for kappa 35.9403 sec
Elapsed time for experts 13.0136 sec
Elapsed time for households 11.6480 sec
Iteration 9
Elapsed time for kappa 36.2727 sec
Elapsed time for experts 12.8501 sec
Elapsed time for households 11.8666 sec
Iteration 10
Elapsed time for kappa 35.6836 sec
Elapsed time for experts 13.5900 sec
Elapsed time for households 11.8698 sec
Iteration 11
Elapsed time for kappa 35.7161 sec
Elapsed time for experts 12.9003 sec
Elapsed time for households 11.6886 sec
Iteration 12
Elapsed time for kappa 35.8398 sec
Elapsed time for experts 18.8681 sec
Elapsed time for households 12.3898 sec
Iteration 13
Elapsed time for kappa 38.2873 sec
Elapsed time for experts 12.9717 sec
Elapsed time for households 11.9911 sec
Iteration 14
Elapsed time for kappa 36.5501 sec
Elapsed time for experts 12.9429 sec
Elapsed time for households 11.8756 sec
Iteration 15
Elapsed time for kappa 35.7879 sec
Elapsed time for experts 12.9772 sec
Elapsed time for households 11.6201 sec
Iteration 16
Elapsed time for kappa 35.4984 sec
Elapsed time for experts 12.8298 sec
Elapsed time for households 11.6345 sec
Iteration 17
Elapsed time for kappa 36.1809 sec
Elapsed time for experts 12.7077 sec
Elapsed time for households 11.6636 sec
Iteration 18
Elapsed time for kappa 43.0856 sec
Elapsed time for experts 13.8885 sec
Elapsed time for households 12.1476 sec
Iteration 19
Elapsed time for kappa 36.8184 sec
Elapsed time for experts 13.0046 sec
Elapsed time for households 11.9168 sec
Iteration 20
Elapsed time for kappa 36.3533 sec
Elapsed time for experts 13.0669 sec
Elapsed time for households 11.7034 sec
Iteration 21
Elapsed time for kappa 36.7482 sec
Elapsed time for experts 12.9745 sec
Elapsed time for households 11.6334 sec
Iteration 22
Elapsed time for kappa 36.6234 sec
Elapsed time for experts 13.0131 sec
Elapsed time for households 11.6989 sec
Iteration 23
Elapsed time for kappa 36.2127 sec
Elapsed time for experts 12.8741 sec
Elapsed time for households 17.7379 sec
Iteration 24
Elapsed time for kappa 38.1138 sec
Elapsed time for experts 13.1702 sec
Elapsed time for households 12.0942 sec
Iteration 25
Elapsed time for kappa 36.7988 sec
Elapsed time for experts 12.9958 sec
Elapsed time for households 11.9265 sec
Iteration 26
Elapsed time for kappa 36.5043 sec
Elapsed time for experts 13.0559 sec
Elapsed time for households 11.6702 sec
Iteration 27
Elapsed time for kappa 35.8636 sec
Elapsed time for experts 12.8784 sec
Elapsed time for households 11.7459 sec
Iteration 28
Elapsed time for kappa 35.8201 sec
Elapsed time for experts 12.9631 sec
Elapsed time for households 11.8231 sec
Iteration 29
Elapsed time for kappa 36.3811 sec
Elapsed time for experts 19.5303 sec
Elapsed time for households 12.3231 sec
Iteration 30
Elapsed time for kappa 36.9598 sec
Elapsed time for experts 13.2767 sec
Elapsed time for households 11.9756 sec
Iteration 31
Elapsed time for kappa 36.2479 sec
Elapsed time for experts 13.1309 sec
Elapsed time for households 12.0875 sec
Iteration 32
Elapsed time for kappa 37.7840 sec
Elapsed time for experts 13.2459 sec
Elapsed time for households 11.7911 sec
Iteration 33
Elapsed time for kappa 35.9950 sec
Elapsed time for experts 13.0600 sec
Elapsed time for households 11.8368 sec
Iteration 34
Elapsed time for kappa 36.0675 sec
Elapsed time for experts 13.1762 sec
Elapsed time for households 11.8463 sec
Iteration 35
Elapsed time for kappa 43.9466 sec
Elapsed time for experts 13.8117 sec
Elapsed time for households 12.1477 sec
Iteration 36
Elapsed time for kappa 36.8574 sec
Elapsed time for experts 13.1569 sec
Elapsed time for households 11.8853 sec
Iteration 37
Elapsed time for kappa 36.3572 sec
Elapsed time for experts 13.0720 sec
Elapsed time for households 11.9233 sec
Iteration 38
Elapsed time for kappa 36.2776 sec
Elapsed time for experts 12.9558 sec
Elapsed time for households 11.8107 sec
Iteration 39
Elapsed time for kappa 36.2193 sec
Elapsed time for experts 12.9696 sec
Elapsed time for households 11.7718 sec
Iteration 40
Elapsed time for kappa 36.0200 sec
Elapsed time for experts 13.0195 sec
Elapsed time for households 11.7886 sec
Iteration 41
Elapsed time for kappa 44.2791 sec
Elapsed time for experts 14.3218 sec
Elapsed time for households 12.3332 sec
Iteration 42
Elapsed time for kappa 38.0782 sec
Elapsed time for experts 13.3995 sec
Elapsed time for households 11.9749 sec
Iteration 43
Elapsed time for kappa 37.3827 sec
Elapsed time for experts 12.9209 sec
Elapsed time for households 11.9605 sec
Iteration 44
Elapsed time for kappa 36.1383 sec
Elapsed time for experts 13.0632 sec
Elapsed time for households 11.8923 sec
Iteration 45
Elapsed time for kappa 35.9904 sec
Elapsed time for experts 12.9177 sec
Elapsed time for households 11.6182 sec
Iteration 46
Elapsed time for kappa 35.8318 sec
Elapsed time for experts 12.8605 sec
Elapsed time for households 17.6423 sec
Iteration 47
Elapsed time for kappa 37.2689 sec
Elapsed time for experts 13.6490 sec
Elapsed time for households 12.0280 sec
Iteration 48
Elapsed time for kappa 38.0885 sec
Elapsed time for experts 13.2041 sec
Elapsed time for households 11.7893 sec
Iteration 49
Elapsed time for kappa 36.3356 sec
Elapsed time for experts 13.0491 sec
Elapsed time for households 11.7517 sec
Iteration 50
Elapsed time for kappa 36.0343 sec
Elapsed time for experts 13.2791 sec
Elapsed time for households 11.7745 sec
Iteration 51
Elapsed time for kappa 35.4379 sec
Elapsed time for experts 13.0439 sec
Elapsed time for households 11.5316 sec
Iteration 52
Elapsed time for kappa 35.8260 sec
Elapsed time for experts 19.9338 sec
Elapsed time for households 12.5944 sec
Iteration 53
Elapsed time for kappa 37.2636 sec
Elapsed time for experts 13.5353 sec
Elapsed time for households 12.1234 sec
Iteration 54
Elapsed time for kappa 36.4493 sec
Elapsed time for experts 13.3388 sec
Elapsed time for households 12.3912 sec
Iteration 55
Elapsed time for kappa 36.5910 sec
Elapsed time for experts 13.0648 sec
Elapsed time for households 11.8404 sec
Iteration 56
Elapsed time for kappa 36.2398 sec
Elapsed time for experts 13.0339 sec
Elapsed time for households 11.7332 sec
Iteration 57
Elapsed time for kappa 36.0700 sec
Elapsed time for experts 12.9682 sec
Elapsed time for households 12.3484 sec
Iteration 58
Elapsed time for kappa 43.7783 sec
Elapsed time for experts 14.0773 sec
Elapsed time for households 12.4372 sec
Iteration 59
Elapsed time for kappa 37.2532 sec
Elapsed time for experts 13.2830 sec
Elapsed time for households 12.0718 sec
Iteration 60
Elapsed time for kappa 36.7639 sec
Elapsed time for experts 13.2475 sec
Elapsed time for households 12.0034 sec
Iteration 61
Elapsed time for kappa 38.0733 sec
Elapsed time for experts 12.9433 sec
Elapsed time for households 11.9142 sec
Iteration 62
Elapsed time for kappa 36.3360 sec
Elapsed time for experts 12.9350 sec
Elapsed time for households 11.9538 sec
Iteration 63
Elapsed time for kappa 37.1596 sec
Elapsed time for experts 13.0512 sec
Elapsed time for households 17.8713 sec
Iteration 64
Elapsed time for kappa 37.4708 sec
Elapsed time for experts 13.4683 sec
Elapsed time for households 12.1147 sec
Iteration 65
Elapsed time for kappa 37.2230 sec
Elapsed time for experts 13.3282 sec
Elapsed time for households 12.0692 sec
Iteration 66
Elapsed time for kappa 36.0621 sec
Elapsed time for experts 13.2433 sec
Elapsed time for households 11.7435 sec
Iteration 67
Elapsed time for kappa 36.2901 sec
Elapsed time for experts 12.9986 sec
Elapsed time for households 11.7622 sec
Iteration 68
Elapsed time for kappa 36.0722 sec
Elapsed time for experts 12.9679 sec
Elapsed time for households 11.8214 sec
Iteration 69
Elapsed time for kappa 35.5304 sec
Elapsed time for experts 20.0142 sec
Elapsed time for households 12.7565 sec
Iteration 70
Elapsed time for kappa 37.2823 sec
Elapsed time for experts 13.9004 sec
Elapsed time for households 12.1879 sec
Iteration 71
Elapsed time for kappa 37.0345 sec
Elapsed time for experts 13.3717 sec
Elapsed time for households 12.1018 sec
Iteration 72
Elapsed time for kappa 36.6482 sec
Elapsed time for experts 13.5510 sec
Elapsed time for households 12.0455 sec
Iteration 73
Elapsed time for kappa 36.3715 sec
Elapsed time for experts 13.2432 sec
Elapsed time for households 11.7842 sec
Iteration 74
Elapsed time for kappa 36.4838 sec
Elapsed time for experts 13.1487 sec
Elapsed time for households 11.6741 sec
Iteration 75
Elapsed time for kappa 44.2010 sec
Elapsed time for experts 14.0777 sec
Elapsed time for households 12.5153 sec
Iteration 76
Elapsed time for kappa 36.8781 sec
Elapsed time for experts 13.3024 sec
Elapsed time for households 12.1240 sec
Iteration 77
Elapsed time for kappa 37.0597 sec
Elapsed time for experts 13.4059 sec
Elapsed time for households 12.1449 sec
Iteration 78
Elapsed time for kappa 36.7381 sec
Elapsed time for experts 13.2740 sec
Elapsed time for households 11.8798 sec
Iteration 79
Elapsed time for kappa 36.2112 sec
Elapsed time for experts 12.9947 sec
Elapsed time for households 11.8064 sec
Iteration 80
Elapsed time for kappa 37.2193 sec
Elapsed time for experts 12.9195 sec
Elapsed time for households 18.0936 sec
Iteration 81
Elapsed time for kappa 37.6609 sec
Elapsed time for experts 13.5935 sec
Elapsed time for households 12.1956 sec
Iteration 82
Elapsed time for kappa 36.7940 sec
Elapsed time for experts 13.9043 sec
Elapsed time for households 12.1193 sec
Iteration 83
Elapsed time for kappa 36.7123 sec
Elapsed time for experts 13.3227 sec
Elapsed time for households 12.4130 sec
Iteration 84
Elapsed time for kappa 36.4549 sec
Elapsed time for experts 13.2293 sec
Elapsed time for households 11.6514 sec
Iteration 85
Elapsed time for kappa 35.8067 sec
Elapsed time for experts 12.9703 sec
Elapsed time for households 11.6248 sec
Iteration 86
Elapsed time for kappa 35.7191 sec
Elapsed time for experts 20.0962 sec
Elapsed time for households 12.6760 sec
Iteration 87
Elapsed time for kappa 37.8104 sec
Elapsed time for experts 13.6171 sec
Elapsed time for households 12.2947 sec
Iteration 88
Elapsed time for kappa 37.0285 sec
Elapsed time for experts 13.9999 sec
Elapsed time for households 11.9972 sec
Iteration 89
Elapsed time for kappa 36.8774 sec
Elapsed time for experts 13.2709 sec
Elapsed time for households 12.1604 sec
Iteration 90
Elapsed time for kappa 37.7134 sec
Elapsed time for experts 13.0639 sec
Elapsed time for households 11.9848 sec
Iteration 91
Elapsed time for kappa 36.8867 sec
Elapsed time for experts 13.4225 sec
Elapsed time for households 11.7028 sec
Iteration 92
Elapsed time for kappa 46.0136 sec
Elapsed time for experts 14.2071 sec
Elapsed time for households 12.4791 sec
Iteration 93
Elapsed time for kappa 37.2557 sec
Elapsed time for experts 13.3721 sec
Elapsed time for households 12.1110 sec
Iteration 94
Elapsed time for kappa 37.3384 sec
Elapsed time for experts 13.3345 sec
Elapsed time for households 12.2126 sec
Iteration 95
Elapsed time for kappa 36.6227 sec
Elapsed time for experts 13.2532 sec
Elapsed time for households 11.9123 sec
Iteration 96
Elapsed time for kappa 36.9564 sec
Elapsed time for experts 13.1669 sec
Elapsed time for households 11.6294 sec
Iteration 97
Elapsed time for kappa 35.3684 sec
Elapsed time for experts 13.0038 sec
Elapsed time for households 12.0806 sec
Iteration 98
Elapsed time for kappa 44.7299 sec
Elapsed time for experts 14.1220 sec
Elapsed time for households 12.1535 sec
Iteration 99
Elapsed time for kappa 36.8532 sec
Elapsed time for experts 13.2895 sec
Elapsed time for households 12.1608 sec
Iteration 100
Elapsed time for kappa 36.8197 sec
Elapsed time for experts 13.2488 sec
Elapsed time for households 12.1227 sec
Iteration 101
Elapsed time for kappa 36.0132 sec
Elapsed time for experts 13.3451 sec
Elapsed time for households 11.7742 sec
Iteration 102
Elapsed time for kappa 35.8204 sec
Elapsed time for experts 13.1301 sec
Elapsed time for households 11.7683 sec
Iteration 103
Elapsed time for kappa 35.6349 sec
Elapsed time for experts 19.0666 sec
Elapsed time for households 12.6930 sec
Iteration 104
Elapsed time for kappa 36.7093 sec
Elapsed time for experts 13.4709 sec
Elapsed time for households 12.1867 sec
Iteration 105
Elapsed time for kappa 36.3871 sec
Elapsed time for experts 13.4144 sec
Elapsed time for households 11.9069 sec
Iteration 106
Elapsed time for kappa 36.6890 sec
Elapsed time for experts 13.2078 sec
Elapsed time for households 11.7120 sec
Iteration 107
Elapsed time for kappa 36.0990 sec
Elapsed time for experts 13.2084 sec
Elapsed time for households 11.7655 sec
Iteration 108
Elapsed time for kappa 35.2463 sec
Elapsed time for experts 12.9653 sec
Elapsed time for households 11.7753 sec
Iteration 109
Elapsed time for kappa 43.0255 sec
Elapsed time for experts 13.6374 sec
Elapsed time for households 12.0541 sec
Iteration 110
Elapsed time for kappa 36.8585 sec
Elapsed time for experts 13.4947 sec
Elapsed time for households 11.8868 sec
Iteration 111
Elapsed time for kappa 36.7221 sec
Elapsed time for experts 13.2299 sec
Elapsed time for households 12.1397 sec
Iteration 112
Elapsed time for kappa 36.6813 sec
Elapsed time for experts 12.8683 sec
Elapsed time for households 11.7075 sec
Iteration 113
Elapsed time for kappa 35.4273 sec
Elapsed time for experts 12.6533 sec
Elapsed time for households 11.8083 sec
Iteration 114
Elapsed time for kappa 35.7929 sec
Elapsed time for experts 12.7220 sec
Elapsed time for households 11.5640 sec
Iteration 115
Elapsed time for kappa 42.3885 sec
Elapsed time for experts 13.7018 sec
Elapsed time for households 12.0393 sec
Iteration 116
Elapsed time for kappa 36.5909 sec
Elapsed time for experts 13.0432 sec
Elapsed time for households 11.9467 sec
Iteration 117
Elapsed time for kappa 36.7805 sec
Elapsed time for experts 13.2582 sec
Elapsed time for households 11.7348 sec
Iteration 118
Elapsed time for kappa 34.8812 sec
Elapsed time for experts 12.9711 sec
Elapsed time for households 11.5884 sec
Iteration 119
Elapsed time for kappa 36.1174 sec
Elapsed time for experts 12.9536 sec
Elapsed time for households 11.5215 sec
Iteration 120
Elapsed time for kappa 34.4978 sec
Elapsed time for experts 12.6836 sec
Elapsed time for households 17.0279 sec
Iteration 121
Elapsed time for kappa 35.4776 sec
Elapsed time for experts 13.1807 sec
Elapsed time for households 11.7878 sec
Iteration 122
Elapsed time for kappa 35.5592 sec
Elapsed time for experts 12.8051 sec
Elapsed time for households 11.5987 sec
Iteration 123
Elapsed time for kappa 35.2126 sec
Elapsed time for experts 12.8221 sec
Elapsed time for households 11.4251 sec
Iteration 124
Elapsed time for kappa 35.5648 sec
Elapsed time for experts 12.6687 sec
Elapsed time for households 11.3370 sec
Iteration 125
Elapsed time for kappa 34.4318 sec
Elapsed time for experts 12.5450 sec
Elapsed time for households 11.3470 sec
Iteration 126
Elapsed time for kappa 36.2894 sec
Elapsed time for experts 19.2408 sec
Elapsed time for households 12.0452 sec
Iteration 127
Elapsed time for kappa 35.8811 sec
Elapsed time for experts 12.9845 sec
Elapsed time for households 11.7761 sec
Iteration 128
Elapsed time for kappa 36.9630 sec
Elapsed time for experts 12.7965 sec
Elapsed time for households 11.6505 sec
Iteration 129
Elapsed time for kappa 34.9316 sec
Elapsed time for experts 12.8020 sec
Elapsed time for households 11.3961 sec
Iteration 130
Elapsed time for kappa 34.4954 sec
Elapsed time for experts 12.5120 sec
Elapsed time for households 11.4319 sec
Iteration 131
Elapsed time for kappa 34.6339 sec
Elapsed time for experts 12.4659 sec
Elapsed time for households 11.3603 sec
Iteration 132
Elapsed time for kappa 42.3654 sec
Elapsed time for experts 13.4354 sec
Elapsed time for households 11.7367 sec
Iteration 133
Elapsed time for kappa 34.9580 sec
Elapsed time for experts 12.8103 sec
Elapsed time for households 11.5247 sec
Iteration 134
Elapsed time for kappa 34.9013 sec
Elapsed time for experts 13.1229 sec
Elapsed time for households 11.4029 sec
Iteration 135
Elapsed time for kappa 34.4576 sec
Elapsed time for experts 12.5671 sec
Elapsed time for households 11.4738 sec
Iteration 136
Elapsed time for kappa 34.8782 sec
Elapsed time for experts 12.5844 sec
Elapsed time for households 11.3822 sec
Iteration 137
Elapsed time for kappa 33.6582 sec
Elapsed time for experts 12.4500 sec
Elapsed time for households 11.2655 sec
Iteration 138
Elapsed time for kappa 41.7914 sec
Elapsed time for experts 13.0701 sec
Elapsed time for households 11.7778 sec
Iteration 139
Elapsed time for kappa 34.2852 sec
Elapsed time for experts 13.0307 sec
Elapsed time for households 11.4567 sec
Iteration 140
Elapsed time for kappa 34.2150 sec
Elapsed time for experts 13.0153 sec
Elapsed time for households 12.0393 sec
Iteration 141
Elapsed time for kappa 34.1422 sec
Elapsed time for experts 12.5537 sec
Elapsed time for households 11.6255 sec
Iteration 142
Elapsed time for kappa 33.4015 sec
Elapsed time for experts 12.5102 sec
Elapsed time for households 11.3999 sec
Iteration 143
Elapsed time for kappa 33.3205 sec
Elapsed time for experts 17.4422 sec
Elapsed time for households 11.7678 sec
Iteration 144
Elapsed time for kappa 34.0796 sec
Elapsed time for experts 12.7519 sec
Elapsed time for households 11.5013 sec
Iteration 145
Elapsed time for kappa 34.2793 sec
Elapsed time for experts 12.5707 sec
Elapsed time for households 11.4078 sec
Iteration 146
Elapsed time for kappa 33.6587 sec
Elapsed time for experts 12.4759 sec
Elapsed time for households 11.3955 sec
Iteration 147
Elapsed time for kappa 33.1471 sec
Elapsed time for experts 12.4300 sec
Elapsed time for households 11.1333 sec
Iteration 148
Elapsed time for kappa 32.8032 sec
Elapsed time for experts 12.5415 sec
Elapsed time for households 11.0447 sec
Iteration 149
Elapsed time for kappa 41.0699 sec
Elapsed time for experts 13.1521 sec
Elapsed time for households 11.7206 sec
Iteration 150
Elapsed time for kappa 34.7903 sec
Elapsed time for experts 12.6671 sec
Elapsed time for households 11.7359 sec
Iteration 151
Elapsed time for kappa 33.3720 sec
Elapsed time for experts 12.6545 sec
Elapsed time for households 11.3249 sec
Iteration 152
Elapsed time for kappa 32.7134 sec
Elapsed time for experts 12.5992 sec
Elapsed time for households 11.2908 sec
Iteration 153
Elapsed time for kappa 32.7575 sec
Elapsed time for experts 12.3165 sec
Elapsed time for households 11.0275 sec
Iteration 154
Elapsed time for kappa 32.7934 sec
Elapsed time for experts 12.0851 sec
Elapsed time for households 11.0684 sec
Iteration 155
Elapsed time for kappa 38.6323 sec
Elapsed time for experts 13.0191 sec
Elapsed time for households 11.7690 sec
Iteration 156
Elapsed time for kappa 33.3520 sec
Elapsed time for experts 12.5285 sec
Elapsed time for households 11.3308 sec
Iteration 157
Elapsed time for kappa 33.1068 sec
Elapsed time for experts 12.5923 sec
Elapsed time for households 11.2826 sec
Iteration 158
Elapsed time for kappa 32.8728 sec
Elapsed time for experts 12.7316 sec
Elapsed time for households 11.3249 sec
Iteration 159
Elapsed time for kappa 32.5337 sec
Elapsed time for experts 12.3135 sec
Elapsed time for households 11.2784 sec
Iteration 160
Elapsed time for kappa 33.0726 sec
Elapsed time for experts 12.1411 sec
Elapsed time for households 15.6386 sec
Iteration 161
Elapsed time for kappa 33.6245 sec
Elapsed time for experts 12.5972 sec
Elapsed time for households 11.4945 sec
Iteration 162
Elapsed time for kappa 33.8778 sec
Elapsed time for experts 12.9609 sec
Elapsed time for households 11.2786 sec
Iteration 163
Elapsed time for kappa 32.7298 sec
Elapsed time for experts 12.2810 sec
Elapsed time for households 11.2905 sec
Iteration 164
Elapsed time for kappa 32.2248 sec
Elapsed time for experts 12.3596 sec
Elapsed time for households 11.1322 sec
Iteration 165
Elapsed time for kappa 32.0725 sec
Elapsed time for experts 12.1257 sec
Elapsed time for households 11.1363 sec
Iteration 166
Elapsed time for kappa 32.6988 sec
Elapsed time for experts 17.5129 sec
Elapsed time for households 11.9019 sec
Iteration 167
Elapsed time for kappa 32.8844 sec
Elapsed time for experts 12.7913 sec
Elapsed time for households 11.4589 sec
Iteration 168
Elapsed time for kappa 32.6948 sec
Elapsed time for experts 12.3264 sec
Elapsed time for households 11.2698 sec
Iteration 169
Elapsed time for kappa 32.8001 sec
Elapsed time for experts 12.2529 sec
Elapsed time for households 11.1572 sec
Iteration 170
Elapsed time for kappa 32.1642 sec
Elapsed time for experts 12.3559 sec
Elapsed time for households 11.0639 sec
Iteration 171
Elapsed time for kappa 33.3482 sec
Elapsed time for experts 12.0419 sec
Elapsed time for households 11.0398 sec
Iteration 172
Elapsed time for kappa 31.7071 sec
Elapsed time for experts 17.3998 sec
Elapsed time for households 11.6593 sec
Iteration 173
Elapsed time for kappa 33.0070 sec
Elapsed time for experts 12.6906 sec
Elapsed time for households 11.3023 sec
Iteration 174
Elapsed time for kappa 32.3644 sec
Elapsed time for experts 12.5315 sec
Elapsed time for households 11.9099 sec
Iteration 175
Elapsed time for kappa 33.9875 sec
Elapsed time for experts 12.2483 sec
Elapsed time for households 11.2293 sec
Iteration 176
Elapsed time for kappa 32.2689 sec
Elapsed time for experts 12.2197 sec
Elapsed time for households 11.0136 sec
Iteration 177
Elapsed time for kappa 32.1617 sec
Elapsed time for experts 12.0890 sec
Elapsed time for households 11.4797 sec
Iteration 178
Elapsed time for kappa 38.4354 sec
Elapsed time for experts 12.7682 sec
Elapsed time for households 12.0305 sec
Iteration 179
Elapsed time for kappa 34.0757 sec
Elapsed time for experts 12.4730 sec
Elapsed time for households 11.2560 sec
Iteration 180
Elapsed time for kappa 32.7466 sec
Elapsed time for experts 12.2538 sec
Elapsed time for households 11.2211 sec
Iteration 181
Elapsed time for kappa 34.0621 sec
Elapsed time for experts 12.3210 sec
Elapsed time for households 11.1252 sec
Iteration 182
Elapsed time for kappa 33.7016 sec
Elapsed time for experts 12.2022 sec
Elapsed time for households 11.2327 sec
Iteration 183
Elapsed time for kappa 31.7693 sec
Elapsed time for experts 12.3920 sec
Elapsed time for households 11.0888 sec
Iteration 184
Elapsed time for kappa 37.9438 sec
Elapsed time for experts 12.6187 sec
Elapsed time for households 11.6266 sec
Iteration 185
Elapsed time for kappa 33.0759 sec
Elapsed time for experts 12.5716 sec
Elapsed time for households 11.3269 sec
Iteration 186
Elapsed time for kappa 32.3932 sec
Elapsed time for experts 12.4238 sec
Elapsed time for households 11.6067 sec
Iteration 187
Elapsed time for kappa 33.6708 sec
Elapsed time for experts 12.2895 sec
Elapsed time for households 11.1120 sec
Iteration 188
Elapsed time for kappa 32.2869 sec
Elapsed time for experts 12.2192 sec
Elapsed time for households 11.0701 sec
Iteration 189
Elapsed time for kappa 31.8537 sec
Elapsed time for experts 12.1475 sec
Elapsed time for households 15.9002 sec
Iteration 190
Elapsed time for kappa 33.5629 sec
Elapsed time for experts 12.6665 sec
Elapsed time for households 11.4080 sec
Iteration 191
Elapsed time for kappa 32.5989 sec
Elapsed time for experts 12.5085 sec
Elapsed time for households 11.3700 sec
Iteration 192
Elapsed time for kappa 32.4084 sec
Elapsed time for experts 12.1626 sec
Elapsed time for households 11.0294 sec
Iteration 193
Elapsed time for kappa 31.9659 sec
Elapsed time for experts 12.1246 sec
Elapsed time for households 11.0604 sec
Iteration 194
Elapsed time for kappa 31.9971 sec
Elapsed time for experts 12.0279 sec
Elapsed time for households 11.0172 sec
Iteration 195
Elapsed time for kappa 31.6966 sec
Elapsed time for experts 12.1717 sec
Elapsed time for households 16.3715 sec
Iteration 196
Elapsed time for kappa 33.5659 sec
Elapsed time for experts 12.7108 sec
Elapsed time for households 11.2993 sec
Iteration 197
Elapsed time for kappa 32.9039 sec
Elapsed time for experts 12.3462 sec
Elapsed time for households 11.2853 sec
Iteration 198
Elapsed time for kappa 32.7710 sec
Elapsed time for experts 12.8716 sec
Elapsed time for households 11.4308 sec
Iteration 199
Elapsed time for kappa 32.3733 sec
Elapsed time for experts 12.2641 sec
Elapsed time for households 11.1242 sec
Elapsed time for training 12272.9388 sec
90000 90000 90000 90000
