/tmp/slurmd/job22880402/slurm_script: line 19: deactivate: No such file or directory
Iteration 0
Elapsed time for kappa 74.7458 sec
Elapsed time for experts 19.1201 sec
Elapsed time for households 14.5037 sec
Iteration 1
Elapsed time for kappa 36.0667 sec
Elapsed time for experts 13.0844 sec
Elapsed time for households 11.7079 sec
Iteration 2
Elapsed time for kappa 39.3620 sec
Elapsed time for experts 13.7320 sec
Elapsed time for households 12.0787 sec
Iteration 3
Elapsed time for kappa 35.4200 sec
Elapsed time for experts 12.9370 sec
Elapsed time for households 11.9213 sec
Iteration 4
Elapsed time for kappa 36.7028 sec
Elapsed time for experts 12.7960 sec
Elapsed time for households 11.8782 sec
Iteration 5
Elapsed time for kappa 35.3888 sec
Elapsed time for experts 13.2142 sec
Elapsed time for households 11.5248 sec
Iteration 6
Elapsed time for kappa 35.7984 sec
Elapsed time for experts 12.8838 sec
Elapsed time for households 11.6274 sec
Iteration 7
Elapsed time for kappa 35.4708 sec
Elapsed time for experts 12.8409 sec
Elapsed time for households 17.4303 sec
Iteration 8
Elapsed time for kappa 35.9236 sec
Elapsed time for experts 12.9624 sec
Elapsed time for households 11.8247 sec
Iteration 9
Elapsed time for kappa 35.7886 sec
Elapsed time for experts 13.2041 sec
Elapsed time for households 11.6393 sec
Iteration 10
Elapsed time for kappa 36.0686 sec
Elapsed time for experts 13.0701 sec
Elapsed time for households 11.6890 sec
Iteration 11
Elapsed time for kappa 36.3504 sec
Elapsed time for experts 13.0436 sec
Elapsed time for households 11.8777 sec
Iteration 12
Elapsed time for kappa 36.9045 sec
Elapsed time for experts 12.9176 sec
Elapsed time for households 11.6565 sec
Iteration 13
Elapsed time for kappa 35.7011 sec
Elapsed time for experts 19.1986 sec
Elapsed time for households 12.3665 sec
Iteration 14
Elapsed time for kappa 36.1856 sec
Elapsed time for experts 13.0151 sec
Elapsed time for households 11.9209 sec
Iteration 15
Elapsed time for kappa 35.9539 sec
Elapsed time for experts 13.0168 sec
Elapsed time for households 11.9670 sec
Iteration 16
Elapsed time for kappa 36.0009 sec
Elapsed time for experts 12.8182 sec
Elapsed time for households 11.8768 sec
Iteration 17
Elapsed time for kappa 35.9438 sec
Elapsed time for experts 12.9021 sec
Elapsed time for households 11.7273 sec
Iteration 18
Elapsed time for kappa 35.7483 sec
Elapsed time for experts 12.8366 sec
Elapsed time for households 11.7334 sec
Iteration 19
Elapsed time for kappa 43.3631 sec
Elapsed time for experts 13.8031 sec
Elapsed time for households 12.0223 sec
Iteration 20
Elapsed time for kappa 36.4535 sec
Elapsed time for experts 13.1594 sec
Elapsed time for households 11.6788 sec
Iteration 21
Elapsed time for kappa 37.6894 sec
Elapsed time for experts 12.9786 sec
Elapsed time for households 11.6173 sec
Iteration 22
Elapsed time for kappa 36.0169 sec
Elapsed time for experts 12.8684 sec
Elapsed time for households 11.7824 sec
Iteration 23
Elapsed time for kappa 36.0236 sec
Elapsed time for experts 13.0275 sec
Elapsed time for households 11.8348 sec
Iteration 24
Elapsed time for kappa 35.4217 sec
Elapsed time for experts 18.8673 sec
Elapsed time for households 12.3901 sec
Iteration 25
Elapsed time for kappa 37.1811 sec
Elapsed time for experts 13.2104 sec
Elapsed time for households 12.3303 sec
Iteration 26
Elapsed time for kappa 36.6019 sec
Elapsed time for experts 13.1044 sec
Elapsed time for households 11.7894 sec
Iteration 27
Elapsed time for kappa 36.1940 sec
Elapsed time for experts 12.9593 sec
Elapsed time for households 12.2510 sec
Iteration 28
Elapsed time for kappa 36.0556 sec
Elapsed time for experts 12.8665 sec
Elapsed time for households 11.7935 sec
Iteration 29
Elapsed time for kappa 36.0468 sec
Elapsed time for experts 12.7349 sec
Elapsed time for households 11.6219 sec
Iteration 30
Elapsed time for kappa 44.0351 sec
Elapsed time for experts 13.8186 sec
Elapsed time for households 12.1634 sec
Iteration 31
Elapsed time for kappa 38.5388 sec
Elapsed time for experts 13.4167 sec
Elapsed time for households 11.9105 sec
Iteration 32
Elapsed time for kappa 36.4407 sec
Elapsed time for experts 12.9098 sec
Elapsed time for households 12.4776 sec
Iteration 33
Elapsed time for kappa 36.3551 sec
Elapsed time for experts 12.9110 sec
Elapsed time for households 11.7343 sec
Iteration 34
Elapsed time for kappa 35.9370 sec
Elapsed time for experts 13.0278 sec
Elapsed time for households 11.7381 sec
Iteration 35
Elapsed time for kappa 35.6946 sec
Elapsed time for experts 12.8247 sec
Elapsed time for households 11.7226 sec
Iteration 36
Elapsed time for kappa 43.6410 sec
Elapsed time for experts 14.3754 sec
Elapsed time for households 12.4086 sec
Iteration 37
Elapsed time for kappa 36.7989 sec
Elapsed time for experts 13.0686 sec
Elapsed time for households 11.8976 sec
Iteration 38
Elapsed time for kappa 36.3123 sec
Elapsed time for experts 12.8736 sec
Elapsed time for households 11.9022 sec
Iteration 39
Elapsed time for kappa 36.0608 sec
Elapsed time for experts 13.7663 sec
Elapsed time for households 11.9163 sec
Iteration 40
Elapsed time for kappa 35.6915 sec
Elapsed time for experts 12.9145 sec
Elapsed time for households 11.8337 sec
Iteration 41
Elapsed time for kappa 36.2344 sec
Elapsed time for experts 12.9125 sec
Elapsed time for households 17.7380 sec
Iteration 42
Elapsed time for kappa 37.1020 sec
Elapsed time for experts 13.3901 sec
Elapsed time for households 12.1608 sec
Iteration 43
Elapsed time for kappa 37.1584 sec
Elapsed time for experts 13.1382 sec
Elapsed time for households 11.8431 sec
Iteration 44
Elapsed time for kappa 36.4061 sec
Elapsed time for experts 12.8986 sec
Elapsed time for households 11.9742 sec
Iteration 45
Elapsed time for kappa 36.2660 sec
Elapsed time for experts 13.2099 sec
Elapsed time for households 11.7765 sec
Iteration 46
Elapsed time for kappa 36.0926 sec
Elapsed time for experts 12.7919 sec
Elapsed time for households 11.6744 sec
Iteration 47
Elapsed time for kappa 35.6832 sec
Elapsed time for experts 20.2270 sec
Elapsed time for households 12.5885 sec
Iteration 48
Elapsed time for kappa 37.0446 sec
Elapsed time for experts 13.4186 sec
Elapsed time for households 12.1427 sec
Iteration 49
Elapsed time for kappa 36.7803 sec
Elapsed time for experts 13.3110 sec
Elapsed time for households 11.9967 sec
Iteration 50
Elapsed time for kappa 36.3731 sec
Elapsed time for experts 12.9417 sec
Elapsed time for households 11.9994 sec
Iteration 51
Elapsed time for kappa 37.1166 sec
Elapsed time for experts 12.8943 sec
Elapsed time for households 11.9548 sec
Iteration 52
Elapsed time for kappa 36.0796 sec
Elapsed time for experts 12.8944 sec
Elapsed time for households 11.5081 sec
Iteration 53
Elapsed time for kappa 43.9839 sec
Elapsed time for experts 13.9138 sec
Elapsed time for households 12.3674 sec
Iteration 54
Elapsed time for kappa 36.9260 sec
Elapsed time for experts 13.2881 sec
Elapsed time for households 12.2044 sec
Iteration 55
Elapsed time for kappa 36.7119 sec
Elapsed time for experts 13.1169 sec
Elapsed time for households 12.0301 sec
Iteration 56
Elapsed time for kappa 36.5477 sec
Elapsed time for experts 13.1458 sec
Elapsed time for households 11.9268 sec
Iteration 57
Elapsed time for kappa 35.6209 sec
Elapsed time for experts 12.9271 sec
Elapsed time for households 11.8524 sec
Iteration 58
Elapsed time for kappa 37.3327 sec
Elapsed time for experts 12.9181 sec
Elapsed time for households 17.8139 sec
Iteration 59
Elapsed time for kappa 37.3780 sec
Elapsed time for experts 13.4171 sec
Elapsed time for households 12.0883 sec
Iteration 60
Elapsed time for kappa 37.9161 sec
Elapsed time for experts 13.1026 sec
Elapsed time for households 12.1578 sec
Iteration 61
Elapsed time for kappa 37.8288 sec
Elapsed time for experts 13.2237 sec
Elapsed time for households 11.9276 sec
Iteration 62
Elapsed time for kappa 36.3364 sec
Elapsed time for experts 12.9876 sec
Elapsed time for households 11.8272 sec
Iteration 63
Elapsed time for kappa 35.7084 sec
Elapsed time for experts 12.8665 sec
Elapsed time for households 11.6295 sec
Iteration 64
Elapsed time for kappa 35.3133 sec
Elapsed time for experts 20.1788 sec
Elapsed time for households 12.5474 sec
Iteration 65
Elapsed time for kappa 36.9788 sec
Elapsed time for experts 14.0855 sec
Elapsed time for households 12.1223 sec
Iteration 66
Elapsed time for kappa 36.8286 sec
Elapsed time for experts 13.0097 sec
Elapsed time for households 11.9990 sec
Iteration 67
Elapsed time for kappa 38.2945 sec
Elapsed time for experts 12.9965 sec
Elapsed time for households 11.8288 sec
Iteration 68
Elapsed time for kappa 36.0173 sec
Elapsed time for experts 13.0003 sec
Elapsed time for households 11.8368 sec
Iteration 69
Elapsed time for kappa 36.0773 sec
Elapsed time for experts 12.9867 sec
Elapsed time for households 11.9319 sec
Iteration 70
Elapsed time for kappa 43.7214 sec
Elapsed time for experts 13.9785 sec
Elapsed time for households 12.3895 sec
Iteration 71
Elapsed time for kappa 37.0057 sec
Elapsed time for experts 13.2770 sec
Elapsed time for households 12.1842 sec
Iteration 72
Elapsed time for kappa 36.6118 sec
Elapsed time for experts 13.3651 sec
Elapsed time for households 11.9833 sec
Iteration 73
Elapsed time for kappa 36.2154 sec
Elapsed time for experts 13.2286 sec
Elapsed time for households 11.7737 sec
Iteration 74
Elapsed time for kappa 35.6201 sec
Elapsed time for experts 13.0660 sec
Elapsed time for households 12.0406 sec
Iteration 75
Elapsed time for kappa 35.7417 sec
Elapsed time for experts 13.0168 sec
Elapsed time for households 18.0360 sec
Iteration 76
Elapsed time for kappa 37.2250 sec
Elapsed time for experts 13.5209 sec
Elapsed time for households 12.1391 sec
Iteration 77
Elapsed time for kappa 36.8042 sec
Elapsed time for experts 13.4704 sec
Elapsed time for households 12.2376 sec
Iteration 78
Elapsed time for kappa 36.2442 sec
Elapsed time for experts 13.1288 sec
Elapsed time for households 11.8800 sec
Iteration 79
Elapsed time for kappa 36.0892 sec
Elapsed time for experts 12.9772 sec
Elapsed time for households 11.8344 sec
Iteration 80
Elapsed time for kappa 36.8992 sec
Elapsed time for experts 13.0871 sec
Elapsed time for households 11.6730 sec
Iteration 81
Elapsed time for kappa 35.9048 sec
Elapsed time for experts 20.4987 sec
Elapsed time for households 12.7636 sec
Iteration 82
Elapsed time for kappa 37.0307 sec
Elapsed time for experts 13.7364 sec
Elapsed time for households 12.3762 sec
Iteration 83
Elapsed time for kappa 36.9876 sec
Elapsed time for experts 13.2570 sec
Elapsed time for households 12.3169 sec
Iteration 84
Elapsed time for kappa 36.3129 sec
Elapsed time for experts 13.2229 sec
Elapsed time for households 11.9453 sec
Iteration 85
Elapsed time for kappa 36.2913 sec
Elapsed time for experts 13.0175 sec
Elapsed time for households 11.8992 sec
Iteration 86
Elapsed time for kappa 37.1666 sec
Elapsed time for experts 13.2488 sec
Elapsed time for households 11.5773 sec
Iteration 87
Elapsed time for kappa 44.1816 sec
Elapsed time for experts 14.2333 sec
Elapsed time for households 12.5381 sec
Iteration 88
Elapsed time for kappa 37.1194 sec
Elapsed time for experts 13.3125 sec
Elapsed time for households 12.0442 sec
Iteration 89
Elapsed time for kappa 36.9461 sec
Elapsed time for experts 13.5690 sec
Elapsed time for households 11.9704 sec
Iteration 90
Elapsed time for kappa 36.1528 sec
Elapsed time for experts 13.2279 sec
Elapsed time for households 11.8769 sec
Iteration 91
Elapsed time for kappa 35.8901 sec
Elapsed time for experts 13.0051 sec
Elapsed time for households 11.8515 sec
Iteration 92
Elapsed time for kappa 37.2241 sec
Elapsed time for experts 12.8853 sec
Elapsed time for households 11.7048 sec
Iteration 93
Elapsed time for kappa 44.1515 sec
Elapsed time for experts 13.9309 sec
Elapsed time for households 12.8154 sec
Iteration 94
Elapsed time for kappa 37.4157 sec
Elapsed time for experts 13.5300 sec
Elapsed time for households 12.1098 sec
Iteration 95
Elapsed time for kappa 37.3266 sec
Elapsed time for experts 13.5268 sec
Elapsed time for households 12.1287 sec
Iteration 96
Elapsed time for kappa 36.2446 sec
Elapsed time for experts 13.0700 sec
Elapsed time for households 12.0935 sec
Iteration 97
Elapsed time for kappa 36.0508 sec
Elapsed time for experts 12.9592 sec
Elapsed time for households 11.9357 sec
Iteration 98
Elapsed time for kappa 36.2062 sec
Elapsed time for experts 19.2995 sec
Elapsed time for households 13.1979 sec
Iteration 99
Elapsed time for kappa 37.3325 sec
Elapsed time for experts 13.4756 sec
Elapsed time for households 12.1807 sec
Iteration 100
Elapsed time for kappa 37.1427 sec
Elapsed time for experts 13.5802 sec
Elapsed time for households 12.1893 sec
Iteration 101
Elapsed time for kappa 36.3911 sec
Elapsed time for experts 13.0971 sec
Elapsed time for households 12.2336 sec
Iteration 102
Elapsed time for kappa 36.1214 sec
Elapsed time for experts 13.3050 sec
Elapsed time for households 11.7370 sec
Iteration 103
Elapsed time for kappa 35.6204 sec
Elapsed time for experts 12.8687 sec
Elapsed time for households 12.1831 sec
Iteration 104
Elapsed time for kappa 44.9027 sec
Elapsed time for experts 14.3192 sec
Elapsed time for households 12.5792 sec
Iteration 105
Elapsed time for kappa 37.3911 sec
Elapsed time for experts 13.7103 sec
Elapsed time for households 12.3061 sec
Iteration 106
Elapsed time for kappa 36.6463 sec
Elapsed time for experts 13.3914 sec
Elapsed time for households 12.5415 sec
Iteration 107
Elapsed time for kappa 36.5904 sec
Elapsed time for experts 13.1093 sec
Elapsed time for households 12.3864 sec
Iteration 108
Elapsed time for kappa 36.2979 sec
Elapsed time for experts 13.3104 sec
Elapsed time for households 11.7516 sec
Iteration 109
Elapsed time for kappa 36.3731 sec
Elapsed time for experts 12.9785 sec
Elapsed time for households 11.6568 sec
Iteration 110
Elapsed time for kappa 44.8017 sec
Elapsed time for experts 14.4262 sec
Elapsed time for households 12.5617 sec
Iteration 111
Elapsed time for kappa 38.1903 sec
Elapsed time for experts 13.6307 sec
Elapsed time for households 12.2722 sec
Iteration 112
Elapsed time for kappa 38.1554 sec
Elapsed time for experts 13.1798 sec
Elapsed time for households 12.5894 sec
Iteration 113
Elapsed time for kappa 36.8096 sec
Elapsed time for experts 13.0783 sec
Elapsed time for households 11.8743 sec
Iteration 114
Elapsed time for kappa 36.6064 sec
Elapsed time for experts 13.0900 sec
Elapsed time for households 11.8894 sec
Iteration 115
Elapsed time for kappa 36.2145 sec
Elapsed time for experts 12.9479 sec
Elapsed time for households 18.0268 sec
Iteration 116
Elapsed time for kappa 37.7611 sec
Elapsed time for experts 13.7807 sec
Elapsed time for households 12.1632 sec
Iteration 117
Elapsed time for kappa 36.9871 sec
Elapsed time for experts 13.3023 sec
Elapsed time for households 12.2828 sec
Iteration 118
Elapsed time for kappa 36.3751 sec
Elapsed time for experts 13.1665 sec
Elapsed time for households 11.9304 sec
Iteration 119
Elapsed time for kappa 36.8473 sec
Elapsed time for experts 12.9404 sec
Elapsed time for households 12.2830 sec
Iteration 120
Elapsed time for kappa 35.7404 sec
Elapsed time for experts 13.2634 sec
Elapsed time for households 12.2133 sec
Iteration 121
Elapsed time for kappa 36.7402 sec
Elapsed time for experts 19.7932 sec
Elapsed time for households 12.9583 sec
Iteration 122
Elapsed time for kappa 37.4644 sec
Elapsed time for experts 13.3258 sec
Elapsed time for households 12.1163 sec
Iteration 123
Elapsed time for kappa 36.6847 sec
Elapsed time for experts 13.2850 sec
Elapsed time for households 12.2364 sec
Iteration 124
Elapsed time for kappa 36.7388 sec
Elapsed time for experts 13.3191 sec
Elapsed time for households 12.1277 sec
Iteration 125
Elapsed time for kappa 36.0072 sec
Elapsed time for experts 13.0967 sec
Elapsed time for households 11.6074 sec
Iteration 126
Elapsed time for kappa 35.6535 sec
Elapsed time for experts 13.1645 sec
Elapsed time for households 11.7490 sec
Iteration 127
Elapsed time for kappa 42.4997 sec
Elapsed time for experts 13.7668 sec
Elapsed time for households 12.2783 sec
Iteration 128
Elapsed time for kappa 37.3790 sec
Elapsed time for experts 13.2083 sec
Elapsed time for households 12.2614 sec
Iteration 129
Elapsed time for kappa 36.5521 sec
Elapsed time for experts 12.9653 sec
Elapsed time for households 12.3377 sec
Iteration 130
Elapsed time for kappa 37.3547 sec
Elapsed time for experts 13.1925 sec
Elapsed time for households 11.6350 sec
Iteration 131
Elapsed time for kappa 35.3745 sec
Elapsed time for experts 12.8740 sec
Elapsed time for households 11.6416 sec
Iteration 132
Elapsed time for kappa 35.0298 sec
Elapsed time for experts 13.0485 sec
Elapsed time for households 11.5329 sec
Iteration 133
Elapsed time for kappa 42.4755 sec
Elapsed time for experts 13.3451 sec
Elapsed time for households 11.9363 sec
Iteration 134
Elapsed time for kappa 35.6284 sec
Elapsed time for experts 13.0206 sec
Elapsed time for households 11.9466 sec
Iteration 135
Elapsed time for kappa 35.9633 sec
Elapsed time for experts 13.6245 sec
Elapsed time for households 12.4071 sec
Iteration 136
Elapsed time for kappa 35.7753 sec
Elapsed time for experts 13.0934 sec
Elapsed time for households 11.7990 sec
Iteration 137
Elapsed time for kappa 35.6166 sec
Elapsed time for experts 12.8028 sec
Elapsed time for households 11.7500 sec
Iteration 138
Elapsed time for kappa 35.5333 sec
Elapsed time for experts 18.0593 sec
Elapsed time for households 12.2125 sec
Iteration 139
Elapsed time for kappa 36.3882 sec
Elapsed time for experts 12.9573 sec
Elapsed time for households 11.8149 sec
Iteration 140
Elapsed time for kappa 35.1247 sec
Elapsed time for experts 12.8829 sec
Elapsed time for households 11.5653 sec
Iteration 141
Elapsed time for kappa 35.2523 sec
Elapsed time for experts 13.0609 sec
Elapsed time for households 11.5490 sec
Iteration 142
Elapsed time for kappa 36.0276 sec
Elapsed time for experts 12.7290 sec
Elapsed time for households 11.4407 sec
Iteration 143
Elapsed time for kappa 35.5231 sec
Elapsed time for experts 12.6530 sec
Elapsed time for households 11.5265 sec
Iteration 144
Elapsed time for kappa 41.8717 sec
Elapsed time for experts 13.5156 sec
Elapsed time for households 12.0177 sec
Iteration 145
Elapsed time for kappa 35.3802 sec
Elapsed time for experts 12.8036 sec
Elapsed time for households 11.8436 sec
Iteration 146
Elapsed time for kappa 34.7792 sec
Elapsed time for experts 13.1020 sec
Elapsed time for households 11.6921 sec
Iteration 147
Elapsed time for kappa 34.1618 sec
Elapsed time for experts 12.8568 sec
Elapsed time for households 11.6121 sec
Iteration 148
Elapsed time for kappa 35.0775 sec
Elapsed time for experts 12.7968 sec
Elapsed time for households 11.4131 sec
Iteration 149
Elapsed time for kappa 34.0555 sec
Elapsed time for experts 12.5740 sec
Elapsed time for households 11.8620 sec
Iteration 150
Elapsed time for kappa 40.6538 sec
Elapsed time for experts 13.3612 sec
Elapsed time for households 12.1996 sec
Iteration 151
Elapsed time for kappa 35.0030 sec
Elapsed time for experts 12.8990 sec
Elapsed time for households 11.5320 sec
Iteration 152
Elapsed time for kappa 34.7625 sec
Elapsed time for experts 12.9181 sec
Elapsed time for households 11.5938 sec
Iteration 153
Elapsed time for kappa 33.9085 sec
Elapsed time for experts 12.6013 sec
Elapsed time for households 11.4312 sec
Iteration 154
Elapsed time for kappa 33.4898 sec
Elapsed time for experts 12.6204 sec
Elapsed time for households 11.4182 sec
Iteration 155
Elapsed time for kappa 33.1357 sec
Elapsed time for experts 12.4872 sec
Elapsed time for households 16.4837 sec
Iteration 156
Elapsed time for kappa 34.4668 sec
Elapsed time for experts 13.0428 sec
Elapsed time for households 11.7664 sec
Iteration 157
Elapsed time for kappa 34.5295 sec
Elapsed time for experts 12.7740 sec
Elapsed time for households 11.5541 sec
Iteration 158
Elapsed time for kappa 33.9045 sec
Elapsed time for experts 12.6066 sec
Elapsed time for households 11.7439 sec
Iteration 159
Elapsed time for kappa 33.5994 sec
Elapsed time for experts 12.4931 sec
Elapsed time for households 11.3185 sec
Iteration 160
Elapsed time for kappa 33.2407 sec
Elapsed time for experts 12.4904 sec
Elapsed time for households 11.2233 sec
Iteration 161
Elapsed time for kappa 34.6788 sec
Elapsed time for experts 18.1737 sec
Elapsed time for households 11.9546 sec
Iteration 162
Elapsed time for kappa 34.7221 sec
Elapsed time for experts 13.0454 sec
Elapsed time for households 11.5553 sec
Iteration 163
Elapsed time for kappa 33.8846 sec
Elapsed time for experts 12.8068 sec
Elapsed time for households 11.4461 sec
Iteration 164
Elapsed time for kappa 33.7646 sec
Elapsed time for experts 12.6941 sec
Elapsed time for households 11.4335 sec
Iteration 165
Elapsed time for kappa 33.9772 sec
Elapsed time for experts 12.4289 sec
Elapsed time for households 11.2179 sec
Iteration 166
Elapsed time for kappa 32.8006 sec
Elapsed time for experts 12.3458 sec
Elapsed time for households 11.1694 sec
Iteration 167
Elapsed time for kappa 34.8657 sec
Elapsed time for experts 18.6906 sec
Elapsed time for households 11.9103 sec
Iteration 168
Elapsed time for kappa 33.6759 sec
Elapsed time for experts 12.7484 sec
Elapsed time for households 11.8175 sec
Iteration 169
Elapsed time for kappa 33.4825 sec
Elapsed time for experts 12.5358 sec
Elapsed time for households 11.2772 sec
Iteration 170
Elapsed time for kappa 34.5124 sec
Elapsed time for experts 13.1056 sec
Elapsed time for households 11.4378 sec
Iteration 171
Elapsed time for kappa 33.1665 sec
Elapsed time for experts 12.5387 sec
Elapsed time for households 11.2218 sec
Iteration 172
Elapsed time for kappa 32.6057 sec
Elapsed time for experts 12.3358 sec
Elapsed time for households 11.1258 sec
Iteration 173
Elapsed time for kappa 40.4418 sec
Elapsed time for experts 13.1292 sec
Elapsed time for households 11.6513 sec
Iteration 174
Elapsed time for kappa 33.3178 sec
Elapsed time for experts 12.4775 sec
Elapsed time for households 11.2993 sec
Iteration 175
Elapsed time for kappa 33.9853 sec
Elapsed time for experts 12.3316 sec
Elapsed time for households 11.3021 sec
Iteration 176
Elapsed time for kappa 32.7666 sec
Elapsed time for experts 12.2648 sec
Elapsed time for households 11.2286 sec
Iteration 177
Elapsed time for kappa 32.9254 sec
Elapsed time for experts 12.2914 sec
Elapsed time for households 10.9847 sec
Iteration 178
Elapsed time for kappa 32.4449 sec
Elapsed time for experts 12.2145 sec
Elapsed time for households 11.3761 sec
Iteration 179
Elapsed time for kappa 38.3811 sec
Elapsed time for experts 12.9666 sec
Elapsed time for households 11.5887 sec
Iteration 180
Elapsed time for kappa 34.6735 sec
Elapsed time for experts 12.7514 sec
Elapsed time for households 11.3910 sec
Iteration 181
Elapsed time for kappa 34.1688 sec
Elapsed time for experts 12.3706 sec
Elapsed time for households 11.1555 sec
Iteration 182
Elapsed time for kappa 32.3109 sec
Elapsed time for experts 12.4564 sec
Elapsed time for households 11.1828 sec
Iteration 183
Elapsed time for kappa 32.2218 sec
Elapsed time for experts 12.3148 sec
Elapsed time for households 11.0819 sec
Iteration 184
Elapsed time for kappa 31.9921 sec
Elapsed time for experts 12.1690 sec
Elapsed time for households 15.6325 sec
Iteration 185
Elapsed time for kappa 33.6386 sec
Elapsed time for experts 12.5889 sec
Elapsed time for households 11.5303 sec
Iteration 186
Elapsed time for kappa 32.4983 sec
Elapsed time for experts 12.5439 sec
Elapsed time for households 11.4860 sec
Iteration 187
Elapsed time for kappa 32.5497 sec
Elapsed time for experts 12.3306 sec
Elapsed time for households 11.3139 sec
Iteration 188
Elapsed time for kappa 31.9779 sec
Elapsed time for experts 12.8144 sec
Elapsed time for households 11.0184 sec
Iteration 189
Elapsed time for kappa 31.7608 sec
Elapsed time for experts 12.2106 sec
Elapsed time for households 11.2288 sec
Iteration 190
Elapsed time for kappa 31.5276 sec
Elapsed time for experts 11.9861 sec
Elapsed time for households 17.0477 sec
Iteration 191
Elapsed time for kappa 35.0743 sec
Elapsed time for experts 12.7485 sec
Elapsed time for households 11.5634 sec
Iteration 192
Elapsed time for kappa 32.7749 sec
Elapsed time for experts 12.6288 sec
Elapsed time for households 11.4361 sec
Iteration 193
Elapsed time for kappa 32.6750 sec
Elapsed time for experts 12.3529 sec
Elapsed time for households 11.1513 sec
Iteration 194
Elapsed time for kappa 32.5470 sec
Elapsed time for experts 12.4403 sec
Elapsed time for households 11.1750 sec
Iteration 195
Elapsed time for kappa 31.8213 sec
Elapsed time for experts 12.4548 sec
Elapsed time for households 11.0963 sec
Iteration 196
Elapsed time for kappa 31.6371 sec
Elapsed time for experts 17.5452 sec
Elapsed time for households 11.7831 sec
Iteration 197
Elapsed time for kappa 33.6289 sec
Elapsed time for experts 12.7579 sec
Elapsed time for households 11.4386 sec
Iteration 198
Elapsed time for kappa 33.0601 sec
Elapsed time for experts 12.5312 sec
Elapsed time for households 11.2120 sec
Iteration 199
Elapsed time for kappa 32.2823 sec
Elapsed time for experts 12.5763 sec
Elapsed time for households 11.2188 sec
Elapsed time for training 12378.3017 sec
90000 90000 90000 90000
