/tmp/slurmd/job22880375/slurm_script: line 19: deactivate: No such file or directory
Iteration 0
Elapsed time for kappa 73.6856 sec
Elapsed time for experts 18.8185 sec
Elapsed time for households 14.7626 sec
Iteration 1
Elapsed time for kappa 35.8423 sec
Elapsed time for experts 15.0121 sec
Elapsed time for households 12.2727 sec
Iteration 2
Elapsed time for kappa 37.2404 sec
Elapsed time for experts 13.1276 sec
Elapsed time for households 11.7533 sec
Iteration 3
Elapsed time for kappa 35.4697 sec
Elapsed time for experts 12.8862 sec
Elapsed time for households 11.7220 sec
Iteration 4
Elapsed time for kappa 35.8186 sec
Elapsed time for experts 12.9518 sec
Elapsed time for households 11.7368 sec
Iteration 5
Elapsed time for kappa 35.6312 sec
Elapsed time for experts 12.8021 sec
Elapsed time for households 11.6544 sec
Iteration 6
Elapsed time for kappa 35.6790 sec
Elapsed time for experts 12.8434 sec
Elapsed time for households 11.6964 sec
Iteration 7
Elapsed time for kappa 42.2579 sec
Elapsed time for experts 13.2181 sec
Elapsed time for households 11.7680 sec
Iteration 8
Elapsed time for kappa 36.1980 sec
Elapsed time for experts 12.9891 sec
Elapsed time for households 12.1870 sec
Iteration 9
Elapsed time for kappa 35.7426 sec
Elapsed time for experts 12.7929 sec
Elapsed time for households 11.7916 sec
Iteration 10
Elapsed time for kappa 35.2964 sec
Elapsed time for experts 12.9503 sec
Elapsed time for households 11.8593 sec
Iteration 11
Elapsed time for kappa 35.3129 sec
Elapsed time for experts 12.8543 sec
Elapsed time for households 11.5629 sec
Iteration 12
Elapsed time for kappa 35.3571 sec
Elapsed time for experts 18.5984 sec
Elapsed time for households 12.3172 sec
Iteration 13
Elapsed time for kappa 36.2495 sec
Elapsed time for experts 13.1068 sec
Elapsed time for households 11.8531 sec
Iteration 14
Elapsed time for kappa 36.1570 sec
Elapsed time for experts 13.4160 sec
Elapsed time for households 11.7052 sec
Iteration 15
Elapsed time for kappa 35.7327 sec
Elapsed time for experts 12.7735 sec
Elapsed time for households 11.7152 sec
Iteration 16
Elapsed time for kappa 35.3808 sec
Elapsed time for experts 12.9208 sec
Elapsed time for households 11.6326 sec
Iteration 17
Elapsed time for kappa 35.7109 sec
Elapsed time for experts 12.8707 sec
Elapsed time for households 11.7014 sec
Iteration 18
Elapsed time for kappa 43.3544 sec
Elapsed time for experts 13.6787 sec
Elapsed time for households 12.3279 sec
Iteration 19
Elapsed time for kappa 36.3714 sec
Elapsed time for experts 12.9710 sec
Elapsed time for households 11.8304 sec
Iteration 20
Elapsed time for kappa 37.2671 sec
Elapsed time for experts 13.0751 sec
Elapsed time for households 11.5816 sec
Iteration 21
Elapsed time for kappa 36.0225 sec
Elapsed time for experts 12.9165 sec
Elapsed time for households 11.6069 sec
Iteration 22
Elapsed time for kappa 35.9434 sec
Elapsed time for experts 12.7310 sec
Elapsed time for households 11.7035 sec
Iteration 23
Elapsed time for kappa 35.8288 sec
Elapsed time for experts 12.6816 sec
Elapsed time for households 17.8061 sec
Iteration 24
Elapsed time for kappa 37.0116 sec
Elapsed time for experts 13.2066 sec
Elapsed time for households 11.8851 sec
Iteration 25
Elapsed time for kappa 36.8911 sec
Elapsed time for experts 12.9037 sec
Elapsed time for households 11.9222 sec
Iteration 26
Elapsed time for kappa 36.5910 sec
Elapsed time for experts 12.8671 sec
Elapsed time for households 11.7752 sec
Iteration 27
Elapsed time for kappa 35.8548 sec
Elapsed time for experts 12.8166 sec
Elapsed time for households 11.7470 sec
Iteration 28
Elapsed time for kappa 36.0119 sec
Elapsed time for experts 12.9195 sec
Elapsed time for households 11.7246 sec
Iteration 29
Elapsed time for kappa 36.0165 sec
Elapsed time for experts 19.7291 sec
Elapsed time for households 13.0111 sec
Iteration 30
Elapsed time for kappa 37.5007 sec
Elapsed time for experts 13.1640 sec
Elapsed time for households 12.0236 sec
Iteration 31
Elapsed time for kappa 36.7078 sec
Elapsed time for experts 13.1168 sec
Elapsed time for households 11.8445 sec
Iteration 32
Elapsed time for kappa 36.6515 sec
Elapsed time for experts 12.8111 sec
Elapsed time for households 11.9153 sec
Iteration 33
Elapsed time for kappa 36.5890 sec
Elapsed time for experts 12.9290 sec
Elapsed time for households 12.1662 sec
Iteration 34
Elapsed time for kappa 36.3636 sec
Elapsed time for experts 12.8297 sec
Elapsed time for households 11.8812 sec
Iteration 35
Elapsed time for kappa 43.7462 sec
Elapsed time for experts 13.7702 sec
Elapsed time for households 12.3821 sec
Iteration 36
Elapsed time for kappa 37.2120 sec
Elapsed time for experts 13.0990 sec
Elapsed time for households 11.9587 sec
Iteration 37
Elapsed time for kappa 36.7184 sec
Elapsed time for experts 12.9976 sec
Elapsed time for households 11.8509 sec
Iteration 38
Elapsed time for kappa 35.8485 sec
Elapsed time for experts 12.9764 sec
Elapsed time for households 11.7667 sec
Iteration 39
Elapsed time for kappa 36.1992 sec
Elapsed time for experts 12.8302 sec
Elapsed time for households 11.7442 sec
Iteration 40
Elapsed time for kappa 35.6376 sec
Elapsed time for experts 12.8775 sec
Elapsed time for households 12.1837 sec
Iteration 41
Elapsed time for kappa 43.7903 sec
Elapsed time for experts 13.9643 sec
Elapsed time for households 12.1884 sec
Iteration 42
Elapsed time for kappa 36.9324 sec
Elapsed time for experts 13.2569 sec
Elapsed time for households 11.9395 sec
Iteration 43
Elapsed time for kappa 38.1414 sec
Elapsed time for experts 13.4574 sec
Elapsed time for households 11.8557 sec
Iteration 44
Elapsed time for kappa 36.1880 sec
Elapsed time for experts 12.9662 sec
Elapsed time for households 11.8797 sec
Iteration 45
Elapsed time for kappa 35.8363 sec
Elapsed time for experts 13.1719 sec
Elapsed time for households 11.6924 sec
Iteration 46
Elapsed time for kappa 37.1310 sec
Elapsed time for experts 12.8596 sec
Elapsed time for households 17.7705 sec
Iteration 47
Elapsed time for kappa 37.0009 sec
Elapsed time for experts 13.2613 sec
Elapsed time for households 12.0285 sec
Iteration 48
Elapsed time for kappa 36.5808 sec
Elapsed time for experts 13.2254 sec
Elapsed time for households 11.8314 sec
Iteration 49
Elapsed time for kappa 36.3155 sec
Elapsed time for experts 12.9923 sec
Elapsed time for households 11.6584 sec
Iteration 50
Elapsed time for kappa 36.1281 sec
Elapsed time for experts 13.0817 sec
Elapsed time for households 11.6670 sec
Iteration 51
Elapsed time for kappa 36.3937 sec
Elapsed time for experts 12.9268 sec
Elapsed time for households 11.5774 sec
Iteration 52
Elapsed time for kappa 35.2587 sec
Elapsed time for experts 20.3319 sec
Elapsed time for households 12.5985 sec
Iteration 53
Elapsed time for kappa 37.2101 sec
Elapsed time for experts 13.2986 sec
Elapsed time for households 12.1552 sec
Iteration 54
Elapsed time for kappa 36.7264 sec
Elapsed time for experts 13.0780 sec
Elapsed time for households 11.9270 sec
Iteration 55
Elapsed time for kappa 37.8469 sec
Elapsed time for experts 13.0967 sec
Elapsed time for households 11.8399 sec
Iteration 56
Elapsed time for kappa 36.6948 sec
Elapsed time for experts 12.7546 sec
Elapsed time for households 11.6853 sec
Iteration 57
Elapsed time for kappa 36.4393 sec
Elapsed time for experts 12.8008 sec
Elapsed time for households 12.0103 sec
Iteration 58
Elapsed time for kappa 43.0775 sec
Elapsed time for experts 13.8051 sec
Elapsed time for households 12.0772 sec
Iteration 59
Elapsed time for kappa 36.8435 sec
Elapsed time for experts 13.0544 sec
Elapsed time for households 11.7276 sec
Iteration 60
Elapsed time for kappa 36.1789 sec
Elapsed time for experts 13.1965 sec
Elapsed time for households 11.9685 sec
Iteration 61
Elapsed time for kappa 37.0521 sec
Elapsed time for experts 13.3949 sec
Elapsed time for households 11.6147 sec
Iteration 62
Elapsed time for kappa 36.5496 sec
Elapsed time for experts 12.7414 sec
Elapsed time for households 11.7171 sec
Iteration 63
Elapsed time for kappa 35.2396 sec
Elapsed time for experts 12.7244 sec
Elapsed time for households 17.2115 sec
Iteration 64
Elapsed time for kappa 35.9652 sec
Elapsed time for experts 13.3848 sec
Elapsed time for households 12.0408 sec
Iteration 65
Elapsed time for kappa 36.3415 sec
Elapsed time for experts 13.2625 sec
Elapsed time for households 11.9207 sec
Iteration 66
Elapsed time for kappa 36.1507 sec
Elapsed time for experts 13.5345 sec
Elapsed time for households 11.7157 sec
Iteration 67
Elapsed time for kappa 35.8558 sec
Elapsed time for experts 12.8613 sec
Elapsed time for households 11.6091 sec
Iteration 68
Elapsed time for kappa 34.8888 sec
Elapsed time for experts 12.8620 sec
Elapsed time for households 11.6752 sec
Iteration 69
Elapsed time for kappa 35.4834 sec
Elapsed time for experts 18.8638 sec
Elapsed time for households 11.9313 sec
Iteration 70
Elapsed time for kappa 35.8208 sec
Elapsed time for experts 12.9901 sec
Elapsed time for households 12.0401 sec
Iteration 71
Elapsed time for kappa 35.6115 sec
Elapsed time for experts 13.3992 sec
Elapsed time for households 11.6837 sec
Iteration 72
Elapsed time for kappa 35.2813 sec
Elapsed time for experts 13.1143 sec
Elapsed time for households 11.7395 sec
Iteration 73
Elapsed time for kappa 34.9806 sec
Elapsed time for experts 12.8218 sec
Elapsed time for households 11.5965 sec
Iteration 74
Elapsed time for kappa 34.7629 sec
Elapsed time for experts 12.6908 sec
Elapsed time for households 11.6870 sec
Iteration 75
Elapsed time for kappa 41.6048 sec
Elapsed time for experts 13.5420 sec
Elapsed time for households 11.8369 sec
Iteration 76
Elapsed time for kappa 35.3450 sec
Elapsed time for experts 13.0055 sec
Elapsed time for households 11.5806 sec
Iteration 77
Elapsed time for kappa 36.3974 sec
Elapsed time for experts 12.6907 sec
Elapsed time for households 11.6649 sec
Iteration 78
Elapsed time for kappa 35.1513 sec
Elapsed time for experts 12.6689 sec
Elapsed time for households 11.6171 sec
Iteration 79
Elapsed time for kappa 34.4295 sec
Elapsed time for experts 12.5295 sec
Elapsed time for households 11.5629 sec
Iteration 80
Elapsed time for kappa 34.7271 sec
Elapsed time for experts 13.0987 sec
Elapsed time for households 16.7114 sec
Iteration 81
Elapsed time for kappa 34.8644 sec
Elapsed time for experts 12.9365 sec
Elapsed time for households 11.7054 sec
Iteration 82
Elapsed time for kappa 35.4265 sec
Elapsed time for experts 12.7209 sec
Elapsed time for households 11.3893 sec
Iteration 83
Elapsed time for kappa 35.3305 sec
Elapsed time for experts 12.5399 sec
Elapsed time for households 11.4615 sec
Iteration 84
Elapsed time for kappa 33.9506 sec
Elapsed time for experts 12.4283 sec
Elapsed time for households 11.3587 sec
Iteration 85
Elapsed time for kappa 33.9250 sec
Elapsed time for experts 12.5691 sec
Elapsed time for households 11.3250 sec
Iteration 86
Elapsed time for kappa 34.8850 sec
Elapsed time for experts 19.1534 sec
Elapsed time for households 12.2847 sec
Iteration 87
Elapsed time for kappa 35.0782 sec
Elapsed time for experts 12.8618 sec
Elapsed time for households 11.5786 sec
Iteration 88
Elapsed time for kappa 34.1405 sec
Elapsed time for experts 12.7922 sec
Elapsed time for households 11.5527 sec
Iteration 89
Elapsed time for kappa 34.3445 sec
Elapsed time for experts 12.6125 sec
Elapsed time for households 11.7585 sec
Iteration 90
Elapsed time for kappa 33.5622 sec
Elapsed time for experts 12.6938 sec
Elapsed time for households 11.2754 sec
Iteration 91
Elapsed time for kappa 34.2092 sec
Elapsed time for experts 12.4292 sec
Elapsed time for households 11.7543 sec
Iteration 92
Elapsed time for kappa 40.7036 sec
Elapsed time for experts 13.4880 sec
Elapsed time for households 11.6972 sec
Iteration 93
Elapsed time for kappa 34.2650 sec
Elapsed time for experts 12.8954 sec
Elapsed time for households 11.5517 sec
Iteration 94
Elapsed time for kappa 34.2954 sec
Elapsed time for experts 12.4996 sec
Elapsed time for households 11.2610 sec
Iteration 95
Elapsed time for kappa 33.7830 sec
Elapsed time for experts 12.6080 sec
Elapsed time for households 11.5401 sec
Iteration 96
Elapsed time for kappa 33.2012 sec
Elapsed time for experts 12.3825 sec
Elapsed time for households 11.2751 sec
Iteration 97
Elapsed time for kappa 33.6509 sec
Elapsed time for experts 12.4993 sec
Elapsed time for households 11.2571 sec
Iteration 98
Elapsed time for kappa 40.6789 sec
Elapsed time for experts 12.9015 sec
Elapsed time for households 11.5950 sec
Iteration 99
Elapsed time for kappa 34.2005 sec
Elapsed time for experts 12.4788 sec
Elapsed time for households 11.6962 sec
Iteration 100
Elapsed time for kappa 33.3524 sec
Elapsed time for experts 12.5501 sec
Elapsed time for households 11.6263 sec
Iteration 101
Elapsed time for kappa 35.0124 sec
Elapsed time for experts 12.4370 sec
Elapsed time for households 11.5780 sec
Iteration 102
Elapsed time for kappa 33.3436 sec
Elapsed time for experts 12.1816 sec
Elapsed time for households 11.0172 sec
Iteration 103
Elapsed time for kappa 33.0850 sec
Elapsed time for experts 17.9712 sec
Elapsed time for households 11.6601 sec
Iteration 104
Elapsed time for kappa 34.0487 sec
Elapsed time for experts 12.7687 sec
Elapsed time for households 11.4187 sec
Iteration 105
Elapsed time for kappa 33.4168 sec
Elapsed time for experts 12.4526 sec
Elapsed time for households 11.3285 sec
Iteration 106
Elapsed time for kappa 33.9715 sec
Elapsed time for experts 12.4168 sec
Elapsed time for households 11.2764 sec
Iteration 107
Elapsed time for kappa 33.6727 sec
Elapsed time for experts 12.3460 sec
Elapsed time for households 11.5846 sec
Iteration 108
Elapsed time for kappa 32.0920 sec
Elapsed time for experts 12.2450 sec
Elapsed time for households 11.0491 sec
Iteration 109
Elapsed time for kappa 38.9634 sec
Elapsed time for experts 13.1985 sec
Elapsed time for households 11.5624 sec
Iteration 110
Elapsed time for kappa 32.8700 sec
Elapsed time for experts 12.4307 sec
Elapsed time for households 11.2759 sec
Iteration 111
Elapsed time for kappa 33.0653 sec
Elapsed time for experts 12.2711 sec
Elapsed time for households 11.1158 sec
Iteration 112
Elapsed time for kappa 33.3733 sec
Elapsed time for experts 12.2503 sec
Elapsed time for households 11.1121 sec
Iteration 113
Elapsed time for kappa 32.3964 sec
Elapsed time for experts 12.1035 sec
Elapsed time for households 11.0407 sec
Iteration 114
Elapsed time for kappa 32.2734 sec
Elapsed time for experts 12.3341 sec
Elapsed time for households 11.0495 sec
Iteration 115
Elapsed time for kappa 38.5763 sec
Elapsed time for experts 12.9107 sec
Elapsed time for households 11.7516 sec
Iteration 116
Elapsed time for kappa 32.7779 sec
Elapsed time for experts 12.3862 sec
Elapsed time for households 11.1332 sec
Iteration 117
Elapsed time for kappa 32.8287 sec
Elapsed time for experts 12.3713 sec
Elapsed time for households 11.1863 sec
Iteration 118
Elapsed time for kappa 33.1844 sec
Elapsed time for experts 12.3223 sec
Elapsed time for households 11.1454 sec
Iteration 119
Elapsed time for kappa 31.9908 sec
Elapsed time for experts 12.0447 sec
Elapsed time for households 10.9682 sec
Iteration 120
Elapsed time for kappa 31.7961 sec
Elapsed time for experts 12.4065 sec
Elapsed time for households 16.3113 sec
Iteration 121
Elapsed time for kappa 33.0752 sec
Elapsed time for experts 12.5161 sec
Elapsed time for households 11.2035 sec
Iteration 122
Elapsed time for kappa 34.3610 sec
Elapsed time for experts 12.4444 sec
Elapsed time for households 11.2669 sec
Iteration 123
Elapsed time for kappa 32.9373 sec
Elapsed time for experts 12.1903 sec
Elapsed time for households 11.0009 sec
Iteration 124
Elapsed time for kappa 32.1005 sec
Elapsed time for experts 12.1895 sec
Elapsed time for households 11.0016 sec
Iteration 125
Elapsed time for kappa 31.9855 sec
Elapsed time for experts 12.0459 sec
Elapsed time for households 11.0716 sec
Iteration 126
Elapsed time for kappa 31.7791 sec
Elapsed time for experts 17.4804 sec
Elapsed time for households 12.0687 sec
Iteration 127
Elapsed time for kappa 34.1358 sec
Elapsed time for experts 12.3450 sec
Elapsed time for households 11.4903 sec
Iteration 128
Elapsed time for kappa 32.3624 sec
Elapsed time for experts 12.4208 sec
Elapsed time for households 11.2119 sec
Iteration 129
Elapsed time for kappa 32.0214 sec
Elapsed time for experts 12.2220 sec
Elapsed time for households 11.2966 sec
Iteration 130
Elapsed time for kappa 32.0461 sec
Elapsed time for experts 12.7529 sec
Elapsed time for households 10.9861 sec
Iteration 131
Elapsed time for kappa 31.7091 sec
Elapsed time for experts 12.2639 sec
Elapsed time for households 10.9525 sec
Iteration 132
Elapsed time for kappa 40.1378 sec
Elapsed time for experts 13.1376 sec
Elapsed time for households 11.5077 sec
Iteration 133
Elapsed time for kappa 32.4110 sec
Elapsed time for experts 12.4113 sec
Elapsed time for households 11.0296 sec
Iteration 134
Elapsed time for kappa 31.9576 sec
Elapsed time for experts 12.4339 sec
Elapsed time for households 11.0722 sec
Iteration 135
Elapsed time for kappa 31.9852 sec
Elapsed time for experts 12.2087 sec
Elapsed time for households 11.0129 sec
Iteration 136
Elapsed time for kappa 31.5995 sec
Elapsed time for experts 12.2837 sec
Elapsed time for households 10.9865 sec
Iteration 137
Elapsed time for kappa 32.8115 sec
Elapsed time for experts 12.1744 sec
Elapsed time for households 11.0866 sec
Iteration 138
Elapsed time for kappa 37.6038 sec
Elapsed time for experts 12.5970 sec
Elapsed time for households 11.2727 sec
Iteration 139
Elapsed time for kappa 32.1750 sec
Elapsed time for experts 12.3827 sec
Elapsed time for households 11.3253 sec
Iteration 140
Elapsed time for kappa 32.3728 sec
Elapsed time for experts 12.2722 sec
Elapsed time for households 11.1955 sec
Iteration 141
Elapsed time for kappa 31.8901 sec
Elapsed time for experts 12.2227 sec
Elapsed time for households 11.0941 sec
Iteration 142
Elapsed time for kappa 31.7374 sec
Elapsed time for experts 12.2838 sec
Elapsed time for households 10.9907 sec
Iteration 143
Elapsed time for kappa 31.9165 sec
Elapsed time for experts 17.0315 sec
Elapsed time for households 12.1527 sec
Iteration 144
Elapsed time for kappa 33.1991 sec
Elapsed time for experts 12.6156 sec
Elapsed time for households 11.3522 sec
Iteration 145
Elapsed time for kappa 32.3350 sec
Elapsed time for experts 12.2460 sec
Elapsed time for households 11.2996 sec
Iteration 146
Elapsed time for kappa 32.1550 sec
Elapsed time for experts 12.1762 sec
Elapsed time for households 11.0852 sec
Iteration 147
Elapsed time for kappa 31.8611 sec
Elapsed time for experts 12.6144 sec
Elapsed time for households 11.0194 sec
Iteration 148
Elapsed time for kappa 31.8609 sec
Elapsed time for experts 12.2488 sec
Elapsed time for households 11.0984 sec
Iteration 149
Elapsed time for kappa 38.4044 sec
Elapsed time for experts 12.8940 sec
Elapsed time for households 11.7948 sec
Iteration 150
Elapsed time for kappa 32.4697 sec
Elapsed time for experts 12.5906 sec
Elapsed time for households 11.2538 sec
Iteration 151
Elapsed time for kappa 32.6208 sec
Elapsed time for experts 12.2860 sec
Elapsed time for households 11.1136 sec
Iteration 152
Elapsed time for kappa 31.9984 sec
Elapsed time for experts 12.6992 sec
Elapsed time for households 11.2166 sec
Iteration 153
Elapsed time for kappa 33.4920 sec
Elapsed time for experts 12.0659 sec
Elapsed time for households 10.9129 sec
Iteration 154
Elapsed time for kappa 31.7496 sec
Elapsed time for experts 12.7695 sec
Elapsed time for households 10.9352 sec
Iteration 155
Elapsed time for kappa 39.7770 sec
Elapsed time for experts 12.6584 sec
Elapsed time for households 11.5063 sec
Iteration 156
Elapsed time for kappa 33.9929 sec
Elapsed time for experts 12.3700 sec
Elapsed time for households 11.1759 sec
Iteration 157
Elapsed time for kappa 32.5227 sec
Elapsed time for experts 12.2339 sec
Elapsed time for households 11.1127 sec
Iteration 158
Elapsed time for kappa 32.2063 sec
Elapsed time for experts 12.2788 sec
Elapsed time for households 11.1167 sec
Iteration 159
Elapsed time for kappa 32.8899 sec
Elapsed time for experts 12.0823 sec
Elapsed time for households 10.9394 sec
Iteration 160
Elapsed time for kappa 31.8355 sec
Elapsed time for experts 12.1977 sec
Elapsed time for households 15.5946 sec
Iteration 161
Elapsed time for kappa 33.2432 sec
Elapsed time for experts 12.7406 sec
Elapsed time for households 11.3922 sec
Iteration 162
Elapsed time for kappa 32.2055 sec
Elapsed time for experts 12.3085 sec
Elapsed time for households 11.2254 sec
Iteration 163
Elapsed time for kappa 32.3277 sec
Elapsed time for experts 12.4796 sec
Elapsed time for households 11.0408 sec
Iteration 164
Elapsed time for kappa 31.8232 sec
Elapsed time for experts 12.2729 sec
Elapsed time for households 10.9267 sec
Iteration 165
Elapsed time for kappa 32.0803 sec
Elapsed time for experts 12.0542 sec
Elapsed time for households 10.9340 sec
Iteration 166
Elapsed time for kappa 31.2621 sec
Elapsed time for experts 17.2862 sec
Elapsed time for households 11.7393 sec
Iteration 167
Elapsed time for kappa 33.0280 sec
Elapsed time for experts 12.5907 sec
Elapsed time for households 11.3159 sec
Iteration 168
Elapsed time for kappa 32.4181 sec
Elapsed time for experts 12.3737 sec
Elapsed time for households 11.2446 sec
Iteration 169
Elapsed time for kappa 32.3523 sec
Elapsed time for experts 12.4208 sec
Elapsed time for households 11.3445 sec
Iteration 170
Elapsed time for kappa 32.0179 sec
Elapsed time for experts 12.3831 sec
Elapsed time for households 10.9068 sec
Iteration 171
Elapsed time for kappa 32.0326 sec
Elapsed time for experts 12.1528 sec
Elapsed time for households 10.9633 sec
Iteration 172
Elapsed time for kappa 31.4006 sec
Elapsed time for experts 18.1283 sec
Elapsed time for households 11.6151 sec
Iteration 173
Elapsed time for kappa 32.9351 sec
Elapsed time for experts 12.5489 sec
Elapsed time for households 11.3649 sec
Iteration 174
Elapsed time for kappa 32.1811 sec
Elapsed time for experts 12.5107 sec
Elapsed time for households 11.1427 sec
Iteration 175
Elapsed time for kappa 32.1674 sec
Elapsed time for experts 12.4524 sec
Elapsed time for households 10.9959 sec
Iteration 176
Elapsed time for kappa 32.1187 sec
Elapsed time for experts 12.1883 sec
Elapsed time for households 11.1579 sec
Iteration 177
Elapsed time for kappa 31.8356 sec
Elapsed time for experts 12.5245 sec
Elapsed time for households 11.0211 sec
Iteration 178
Elapsed time for kappa 38.5534 sec
Elapsed time for experts 13.0353 sec
Elapsed time for households 11.6415 sec
Iteration 179
Elapsed time for kappa 34.3500 sec
Elapsed time for experts 12.2904 sec
Elapsed time for households 11.2045 sec
Iteration 180
Elapsed time for kappa 32.1654 sec
Elapsed time for experts 12.3725 sec
Elapsed time for households 11.0034 sec
Iteration 181
Elapsed time for kappa 32.0627 sec
Elapsed time for experts 12.4810 sec
Elapsed time for households 10.9782 sec
Iteration 182
Elapsed time for kappa 31.8578 sec
Elapsed time for experts 12.3362 sec
Elapsed time for households 10.9576 sec
Iteration 183
Elapsed time for kappa 31.5902 sec
Elapsed time for experts 11.9967 sec
Elapsed time for households 10.9342 sec
Iteration 184
Elapsed time for kappa 38.0898 sec
Elapsed time for experts 12.9662 sec
Elapsed time for households 11.4847 sec
Iteration 185
Elapsed time for kappa 32.6171 sec
Elapsed time for experts 12.4256 sec
Elapsed time for households 11.2375 sec
Iteration 186
Elapsed time for kappa 32.1201 sec
Elapsed time for experts 12.4723 sec
Elapsed time for households 11.0516 sec
Iteration 187
Elapsed time for kappa 32.2906 sec
Elapsed time for experts 12.1253 sec
Elapsed time for households 11.0382 sec
Iteration 188
Elapsed time for kappa 32.1734 sec
Elapsed time for experts 12.1116 sec
Elapsed time for households 10.9826 sec
Iteration 189
Elapsed time for kappa 32.9925 sec
Elapsed time for experts 12.0197 sec
Elapsed time for households 15.5922 sec
Iteration 190
Elapsed time for kappa 33.3447 sec
Elapsed time for experts 12.5086 sec
Elapsed time for households 11.3741 sec
Iteration 191
Elapsed time for kappa 32.6500 sec
Elapsed time for experts 12.5805 sec
Elapsed time for households 11.1141 sec
Iteration 192
Elapsed time for kappa 32.0891 sec
Elapsed time for experts 12.3153 sec
Elapsed time for households 11.0100 sec
Iteration 193
Elapsed time for kappa 32.0296 sec
Elapsed time for experts 12.1264 sec
Elapsed time for households 10.9778 sec
Iteration 194
Elapsed time for kappa 31.5844 sec
Elapsed time for experts 12.0272 sec
Elapsed time for households 10.9175 sec
Iteration 195
Elapsed time for kappa 32.5768 sec
Elapsed time for experts 12.0444 sec
Elapsed time for households 16.0420 sec
Iteration 196
Elapsed time for kappa 34.6274 sec
Elapsed time for experts 12.6020 sec
Elapsed time for households 11.5162 sec
Iteration 197
Elapsed time for kappa 32.5957 sec
Elapsed time for experts 12.5133 sec
Elapsed time for households 11.2247 sec
Iteration 198
Elapsed time for kappa 33.7621 sec
Elapsed time for experts 12.3613 sec
Elapsed time for households 11.1338 sec
Iteration 199
Elapsed time for kappa 31.9801 sec
Elapsed time for experts 12.7064 sec
Elapsed time for households 11.0212 sec
Elapsed time for training 11931.6368 sec
