/tmp/slurmd/job22880407/slurm_script: line 19: deactivate: No such file or directory
Iteration 0
Elapsed time for kappa 73.4982 sec
Elapsed time for experts 18.8402 sec
Elapsed time for households 14.9466 sec
Iteration 1
Elapsed time for kappa 35.9669 sec
Elapsed time for experts 13.0667 sec
Elapsed time for households 11.9615 sec
Iteration 2
Elapsed time for kappa 39.0028 sec
Elapsed time for experts 13.7715 sec
Elapsed time for households 11.9919 sec
Iteration 3
Elapsed time for kappa 35.4270 sec
Elapsed time for experts 12.8976 sec
Elapsed time for households 11.8850 sec
Iteration 4
Elapsed time for kappa 35.9740 sec
Elapsed time for experts 13.0591 sec
Elapsed time for households 11.6524 sec
Iteration 5
Elapsed time for kappa 35.5990 sec
Elapsed time for experts 12.8178 sec
Elapsed time for households 9.7376 sec
Iteration 6
Elapsed time for kappa 36.9990 sec
Elapsed time for experts 12.8594 sec
Elapsed time for households 11.7948 sec
Iteration 7
Elapsed time for kappa 35.5902 sec
Elapsed time for experts 12.9569 sec
Elapsed time for households 17.2728 sec
Iteration 8
Elapsed time for kappa 37.8552 sec
Elapsed time for experts 13.1003 sec
Elapsed time for households 11.8956 sec
Iteration 9
Elapsed time for kappa 35.8678 sec
Elapsed time for experts 12.9283 sec
Elapsed time for households 11.6658 sec
Iteration 10
Elapsed time for kappa 35.6290 sec
Elapsed time for experts 12.8999 sec
Elapsed time for households 11.8840 sec
Iteration 11
Elapsed time for kappa 36.2712 sec
Elapsed time for experts 13.0539 sec
Elapsed time for households 11.7727 sec
Iteration 12
Elapsed time for kappa 36.8416 sec
Elapsed time for experts 12.9515 sec
Elapsed time for households 11.5243 sec
Iteration 13
Elapsed time for kappa 36.1337 sec
Elapsed time for experts 19.3662 sec
Elapsed time for households 12.1512 sec
Iteration 14
Elapsed time for kappa 36.8274 sec
Elapsed time for experts 13.2869 sec
Elapsed time for households 11.6920 sec
Iteration 15
Elapsed time for kappa 37.0313 sec
Elapsed time for experts 13.2368 sec
Elapsed time for households 11.7049 sec
Iteration 16
Elapsed time for kappa 36.1515 sec
Elapsed time for experts 12.7602 sec
Elapsed time for households 11.6123 sec
Iteration 17
Elapsed time for kappa 35.9548 sec
Elapsed time for experts 12.8430 sec
Elapsed time for households 11.6082 sec
Iteration 18
Elapsed time for kappa 35.6302 sec
Elapsed time for experts 12.8668 sec
Elapsed time for households 11.6083 sec
Iteration 19
Elapsed time for kappa 42.1137 sec
Elapsed time for experts 13.4909 sec
Elapsed time for households 12.1145 sec
Iteration 20
Elapsed time for kappa 36.2905 sec
Elapsed time for experts 12.8761 sec
Elapsed time for households 12.2575 sec
Iteration 21
Elapsed time for kappa 37.4768 sec
Elapsed time for experts 10.9363 sec
Elapsed time for households 11.9033 sec
Iteration 22
Elapsed time for kappa 35.9381 sec
Elapsed time for experts 12.9727 sec
Elapsed time for households 11.8333 sec
Iteration 23
Elapsed time for kappa 35.8996 sec
Elapsed time for experts 12.9661 sec
Elapsed time for households 11.7656 sec
Iteration 24
Elapsed time for kappa 35.8009 sec
Elapsed time for experts 18.8622 sec
Elapsed time for households 12.5704 sec
Iteration 25
Elapsed time for kappa 36.9876 sec
Elapsed time for experts 13.0305 sec
Elapsed time for households 11.8965 sec
Iteration 26
Elapsed time for kappa 36.4220 sec
Elapsed time for experts 13.1190 sec
Elapsed time for households 11.8240 sec
Iteration 27
Elapsed time for kappa 36.4067 sec
Elapsed time for experts 12.9675 sec
Elapsed time for households 11.8364 sec
Iteration 28
Elapsed time for kappa 35.9601 sec
Elapsed time for experts 12.8201 sec
Elapsed time for households 12.0689 sec
Iteration 29
Elapsed time for kappa 35.6414 sec
Elapsed time for experts 12.6805 sec
Elapsed time for households 11.4836 sec
Iteration 30
Elapsed time for kappa 43.5850 sec
Elapsed time for experts 13.8860 sec
Elapsed time for households 12.3163 sec
Iteration 31
Elapsed time for kappa 38.1061 sec
Elapsed time for experts 13.0938 sec
Elapsed time for households 11.9190 sec
Iteration 32
Elapsed time for kappa 36.3658 sec
Elapsed time for experts 13.3727 sec
Elapsed time for households 11.8957 sec
Iteration 33
Elapsed time for kappa 35.9733 sec
Elapsed time for experts 12.8617 sec
Elapsed time for households 11.6197 sec
Iteration 34
Elapsed time for kappa 35.8669 sec
Elapsed time for experts 12.9216 sec
Elapsed time for households 11.8264 sec
Iteration 35
Elapsed time for kappa 35.4558 sec
Elapsed time for experts 12.8334 sec
Elapsed time for households 11.5953 sec
Iteration 36
Elapsed time for kappa 43.8447 sec
Elapsed time for experts 14.2167 sec
Elapsed time for households 12.5624 sec
Iteration 37
Elapsed time for kappa 36.5680 sec
Elapsed time for experts 12.9879 sec
Elapsed time for households 11.8603 sec
Iteration 38
Elapsed time for kappa 36.4983 sec
Elapsed time for experts 12.8845 sec
Elapsed time for households 12.3679 sec
Iteration 39
Elapsed time for kappa 36.2181 sec
Elapsed time for experts 13.0870 sec
Elapsed time for households 11.9267 sec
Iteration 40
Elapsed time for kappa 35.9492 sec
Elapsed time for experts 12.8971 sec
Elapsed time for households 11.6768 sec
Iteration 41
Elapsed time for kappa 35.2668 sec
Elapsed time for experts 12.9071 sec
Elapsed time for households 17.6183 sec
Iteration 42
Elapsed time for kappa 38.8817 sec
Elapsed time for experts 13.2576 sec
Elapsed time for households 12.1093 sec
Iteration 43
Elapsed time for kappa 37.2279 sec
Elapsed time for experts 13.1610 sec
Elapsed time for households 11.9235 sec
Iteration 44
Elapsed time for kappa 36.2354 sec
Elapsed time for experts 12.9263 sec
Elapsed time for households 11.9111 sec
Iteration 45
Elapsed time for kappa 37.6003 sec
Elapsed time for experts 12.9532 sec
Elapsed time for households 11.8170 sec
Iteration 46
Elapsed time for kappa 36.1763 sec
Elapsed time for experts 12.7825 sec
Elapsed time for households 11.7116 sec
Iteration 47
Elapsed time for kappa 35.3855 sec
Elapsed time for experts 19.6088 sec
Elapsed time for households 12.8560 sec
Iteration 48
Elapsed time for kappa 37.2598 sec
Elapsed time for experts 13.4687 sec
Elapsed time for households 12.1878 sec
Iteration 49
Elapsed time for kappa 36.7972 sec
Elapsed time for experts 13.0961 sec
Elapsed time for households 12.0908 sec
Iteration 50
Elapsed time for kappa 36.6904 sec
Elapsed time for experts 13.0735 sec
Elapsed time for households 11.7982 sec
Iteration 51
Elapsed time for kappa 36.3646 sec
Elapsed time for experts 12.8685 sec
Elapsed time for households 11.8147 sec
Iteration 52
Elapsed time for kappa 36.3399 sec
Elapsed time for experts 13.1945 sec
Elapsed time for households 11.8467 sec
Iteration 53
Elapsed time for kappa 43.8406 sec
Elapsed time for experts 14.0464 sec
Elapsed time for households 12.2094 sec
Iteration 54
Elapsed time for kappa 37.0483 sec
Elapsed time for experts 13.1542 sec
Elapsed time for households 12.0449 sec
Iteration 55
Elapsed time for kappa 31.5729 sec
Elapsed time for experts 13.5405 sec
Elapsed time for households 12.1301 sec
Iteration 56
Elapsed time for kappa 36.2137 sec
Elapsed time for experts 12.8113 sec
Elapsed time for households 11.7664 sec
Iteration 57
Elapsed time for kappa 35.8145 sec
Elapsed time for experts 12.8219 sec
Elapsed time for households 11.8350 sec
Iteration 58
Elapsed time for kappa 35.5390 sec
Elapsed time for experts 12.7704 sec
Elapsed time for households 18.7516 sec
Iteration 59
Elapsed time for kappa 37.6760 sec
Elapsed time for experts 14.0167 sec
Elapsed time for households 12.2572 sec
Iteration 60
Elapsed time for kappa 36.8965 sec
Elapsed time for experts 13.2273 sec
Elapsed time for households 12.3196 sec
Iteration 61
Elapsed time for kappa 36.7585 sec
Elapsed time for experts 13.3427 sec
Elapsed time for households 11.8921 sec
Iteration 62
Elapsed time for kappa 36.1537 sec
Elapsed time for experts 13.0654 sec
Elapsed time for households 12.3551 sec
Iteration 63
Elapsed time for kappa 36.0234 sec
Elapsed time for experts 12.9814 sec
Elapsed time for households 11.9422 sec
Iteration 64
Elapsed time for kappa 35.5393 sec
Elapsed time for experts 19.7939 sec
Elapsed time for households 12.9749 sec
Iteration 65
Elapsed time for kappa 37.3322 sec
Elapsed time for experts 13.2080 sec
Elapsed time for households 12.1824 sec
Iteration 66
Elapsed time for kappa 37.3837 sec
Elapsed time for experts 13.2491 sec
Elapsed time for households 12.0488 sec
Iteration 67
Elapsed time for kappa 36.8715 sec
Elapsed time for experts 13.1411 sec
Elapsed time for households 11.7377 sec
Iteration 68
Elapsed time for kappa 36.0470 sec
Elapsed time for experts 13.0068 sec
Elapsed time for households 11.8919 sec
Iteration 69
Elapsed time for kappa 36.0238 sec
Elapsed time for experts 12.9113 sec
Elapsed time for households 11.7037 sec
Iteration 70
Elapsed time for kappa 44.0058 sec
Elapsed time for experts 14.0814 sec
Elapsed time for households 12.4373 sec
Iteration 71
Elapsed time for kappa 36.9779 sec
Elapsed time for experts 13.3303 sec
Elapsed time for households 12.0072 sec
Iteration 72
Elapsed time for kappa 36.6488 sec
Elapsed time for experts 13.2599 sec
Elapsed time for households 12.1531 sec
Iteration 73
Elapsed time for kappa 36.4181 sec
Elapsed time for experts 12.9681 sec
Elapsed time for households 12.0286 sec
Iteration 74
Elapsed time for kappa 36.1729 sec
Elapsed time for experts 13.1058 sec
Elapsed time for households 11.8630 sec
Iteration 75
Elapsed time for kappa 35.7949 sec
Elapsed time for experts 13.1154 sec
Elapsed time for households 18.1738 sec
Iteration 76
Elapsed time for kappa 37.1729 sec
Elapsed time for experts 13.5650 sec
Elapsed time for households 12.2420 sec
Iteration 77
Elapsed time for kappa 37.6999 sec
Elapsed time for experts 13.2080 sec
Elapsed time for households 12.0433 sec
Iteration 78
Elapsed time for kappa 36.5302 sec
Elapsed time for experts 13.2682 sec
Elapsed time for households 12.2510 sec
Iteration 79
Elapsed time for kappa 36.4311 sec
Elapsed time for experts 13.0264 sec
Elapsed time for households 11.7875 sec
Iteration 80
Elapsed time for kappa 35.7492 sec
Elapsed time for experts 12.8506 sec
Elapsed time for households 12.2107 sec
Iteration 81
Elapsed time for kappa 35.4531 sec
Elapsed time for experts 20.0360 sec
Elapsed time for households 12.9545 sec
Iteration 82
Elapsed time for kappa 37.5607 sec
Elapsed time for experts 13.5514 sec
Elapsed time for households 12.2086 sec
Iteration 83
Elapsed time for kappa 36.3908 sec
Elapsed time for experts 13.7569 sec
Elapsed time for households 12.8314 sec
Iteration 84
Elapsed time for kappa 38.8527 sec
Elapsed time for experts 13.1492 sec
Elapsed time for households 12.0390 sec
Iteration 85
Elapsed time for kappa 35.9417 sec
Elapsed time for experts 13.1764 sec
Elapsed time for households 11.7292 sec
Iteration 86
Elapsed time for kappa 35.7703 sec
Elapsed time for experts 12.9088 sec
Elapsed time for households 11.7502 sec
Iteration 87
Elapsed time for kappa 43.5516 sec
Elapsed time for experts 13.8907 sec
Elapsed time for households 12.1613 sec
Iteration 88
Elapsed time for kappa 36.7772 sec
Elapsed time for experts 13.4156 sec
Elapsed time for households 11.9311 sec
Iteration 89
Elapsed time for kappa 36.2627 sec
Elapsed time for experts 13.5655 sec
Elapsed time for households 11.9404 sec
Iteration 90
Elapsed time for kappa 36.8432 sec
Elapsed time for experts 13.0815 sec
Elapsed time for households 11.7291 sec
Iteration 91
Elapsed time for kappa 37.1088 sec
Elapsed time for experts 12.8600 sec
Elapsed time for households 12.0786 sec
Iteration 92
Elapsed time for kappa 35.8486 sec
Elapsed time for experts 13.0912 sec
Elapsed time for households 11.6831 sec
Iteration 93
Elapsed time for kappa 42.3136 sec
Elapsed time for experts 13.3247 sec
Elapsed time for households 12.0746 sec
Iteration 94
Elapsed time for kappa 37.0816 sec
Elapsed time for experts 13.1868 sec
Elapsed time for households 12.0644 sec
Iteration 95
Elapsed time for kappa 36.0316 sec
Elapsed time for experts 13.1180 sec
Elapsed time for households 12.2356 sec
Iteration 96
Elapsed time for kappa 35.7589 sec
Elapsed time for experts 13.2134 sec
Elapsed time for households 11.7773 sec
Iteration 97
Elapsed time for kappa 35.3157 sec
Elapsed time for experts 13.2840 sec
Elapsed time for households 11.9071 sec
Iteration 98
Elapsed time for kappa 36.4920 sec
Elapsed time for experts 18.3103 sec
Elapsed time for households 12.1820 sec
Iteration 99
Elapsed time for kappa 36.0927 sec
Elapsed time for experts 13.1366 sec
Elapsed time for households 11.8575 sec
Iteration 100
Elapsed time for kappa 35.9586 sec
Elapsed time for experts 13.4141 sec
Elapsed time for households 11.7429 sec
Iteration 101
Elapsed time for kappa 35.6327 sec
Elapsed time for experts 13.0937 sec
Elapsed time for households 11.9307 sec
Iteration 102
Elapsed time for kappa 37.2231 sec
Elapsed time for experts 12.8326 sec
Elapsed time for households 11.5521 sec
Iteration 103
Elapsed time for kappa 34.6463 sec
Elapsed time for experts 13.0621 sec
Elapsed time for households 11.6393 sec
Iteration 104
Elapsed time for kappa 42.0480 sec
Elapsed time for experts 13.6384 sec
Elapsed time for households 12.0708 sec
Iteration 105
Elapsed time for kappa 35.5168 sec
Elapsed time for experts 13.1219 sec
Elapsed time for households 12.0453 sec
Iteration 106
Elapsed time for kappa 35.2011 sec
Elapsed time for experts 13.1386 sec
Elapsed time for households 11.8450 sec
Iteration 107
Elapsed time for kappa 34.6608 sec
Elapsed time for experts 12.8826 sec
Elapsed time for households 11.7966 sec
Iteration 108
Elapsed time for kappa 35.5052 sec
Elapsed time for experts 12.7555 sec
Elapsed time for households 11.6708 sec
Iteration 109
Elapsed time for kappa 34.3431 sec
Elapsed time for experts 12.8683 sec
Elapsed time for households 11.8060 sec
Iteration 110
Elapsed time for kappa 40.8026 sec
Elapsed time for experts 13.5675 sec
Elapsed time for households 11.9749 sec
Iteration 111
Elapsed time for kappa 35.0513 sec
Elapsed time for experts 12.8806 sec
Elapsed time for households 11.8365 sec
Iteration 112
Elapsed time for kappa 35.5503 sec
Elapsed time for experts 12.7324 sec
Elapsed time for households 9.7110 sec
Iteration 113
Elapsed time for kappa 36.2878 sec
Elapsed time for experts 12.9320 sec
Elapsed time for households 11.6249 sec
Iteration 114
Elapsed time for kappa 34.7319 sec
Elapsed time for experts 13.1438 sec
Elapsed time for households 11.3784 sec
Iteration 115
Elapsed time for kappa 34.6721 sec
Elapsed time for experts 12.4683 sec
Elapsed time for households 16.7661 sec
Iteration 116
Elapsed time for kappa 35.3446 sec
Elapsed time for experts 12.9880 sec
Elapsed time for households 11.7546 sec
Iteration 117
Elapsed time for kappa 34.8448 sec
Elapsed time for experts 12.5093 sec
Elapsed time for households 12.0599 sec
Iteration 118
Elapsed time for kappa 35.6987 sec
Elapsed time for experts 13.0819 sec
Elapsed time for households 11.5910 sec
Iteration 119
Elapsed time for kappa 34.7687 sec
Elapsed time for experts 12.5460 sec
Elapsed time for households 11.6457 sec
Iteration 120
Elapsed time for kappa 35.5574 sec
Elapsed time for experts 12.4301 sec
Elapsed time for households 11.2504 sec
Iteration 121
Elapsed time for kappa 34.4561 sec
Elapsed time for experts 18.8050 sec
Elapsed time for households 11.9629 sec
Iteration 122
Elapsed time for kappa 34.8091 sec
Elapsed time for experts 12.8182 sec
Elapsed time for households 11.5820 sec
Iteration 123
Elapsed time for kappa 34.7079 sec
Elapsed time for experts 12.6905 sec
Elapsed time for households 11.4399 sec
Iteration 124
Elapsed time for kappa 34.2561 sec
Elapsed time for experts 12.6390 sec
Elapsed time for households 11.6637 sec
Iteration 125
Elapsed time for kappa 34.3106 sec
Elapsed time for experts 12.5603 sec
Elapsed time for households 11.4839 sec
Iteration 126
Elapsed time for kappa 33.1278 sec
Elapsed time for experts 12.5024 sec
Elapsed time for households 11.2445 sec
Iteration 127
Elapsed time for kappa 40.3110 sec
Elapsed time for experts 13.4977 sec
Elapsed time for households 11.9045 sec
Iteration 128
Elapsed time for kappa 34.1868 sec
Elapsed time for experts 13.1972 sec
Elapsed time for households 11.6306 sec
Iteration 129
Elapsed time for kappa 33.3932 sec
Elapsed time for experts 12.5799 sec
Elapsed time for households 11.4670 sec
Iteration 130
Elapsed time for kappa 34.7237 sec
Elapsed time for experts 12.4147 sec
Elapsed time for households 11.4131 sec
Iteration 131
Elapsed time for kappa 33.3994 sec
Elapsed time for experts 12.2702 sec
Elapsed time for households 11.1767 sec
Iteration 132
Elapsed time for kappa 33.0057 sec
Elapsed time for experts 12.2792 sec
Elapsed time for households 11.3362 sec
Iteration 133
Elapsed time for kappa 39.8989 sec
Elapsed time for experts 12.9634 sec
Elapsed time for households 11.5139 sec
Iteration 134
Elapsed time for kappa 34.5211 sec
Elapsed time for experts 12.6810 sec
Elapsed time for households 9.3787 sec
Iteration 135
Elapsed time for kappa 34.4974 sec
Elapsed time for experts 12.3197 sec
Elapsed time for households 11.1827 sec
Iteration 136
Elapsed time for kappa 33.4588 sec
Elapsed time for experts 12.5387 sec
Elapsed time for households 11.6828 sec
Iteration 137
Elapsed time for kappa 28.7116 sec
Elapsed time for experts 12.4558 sec
Elapsed time for households 11.2447 sec
Iteration 138
Elapsed time for kappa 32.9104 sec
Elapsed time for experts 17.5769 sec
Elapsed time for households 11.7709 sec
Iteration 139
Elapsed time for kappa 33.8749 sec
Elapsed time for experts 12.7860 sec
Elapsed time for households 11.5166 sec
Iteration 140
Elapsed time for kappa 33.0122 sec
Elapsed time for experts 12.6136 sec
Elapsed time for households 11.2631 sec
Iteration 141
Elapsed time for kappa 32.3740 sec
Elapsed time for experts 12.5872 sec
Elapsed time for households 11.2783 sec
Iteration 142
Elapsed time for kappa 32.7018 sec
Elapsed time for experts 12.2852 sec
Elapsed time for households 11.0854 sec
Iteration 143
Elapsed time for kappa 32.6145 sec
Elapsed time for experts 12.2792 sec
Elapsed time for households 11.1658 sec
Iteration 144
Elapsed time for kappa 39.1950 sec
Elapsed time for experts 13.1185 sec
Elapsed time for households 11.6890 sec
Iteration 145
Elapsed time for kappa 33.3956 sec
Elapsed time for experts 12.5245 sec
Elapsed time for households 11.3821 sec
Iteration 146
Elapsed time for kappa 32.6194 sec
Elapsed time for experts 12.4521 sec
Elapsed time for households 11.2317 sec
Iteration 147
Elapsed time for kappa 32.3057 sec
Elapsed time for experts 12.1587 sec
Elapsed time for households 11.2098 sec
Iteration 148
Elapsed time for kappa 32.0425 sec
Elapsed time for experts 12.1837 sec
Elapsed time for households 11.4537 sec
Iteration 149
Elapsed time for kappa 32.0439 sec
Elapsed time for experts 12.1421 sec
Elapsed time for households 11.0270 sec
Iteration 150
Elapsed time for kappa 38.2129 sec
Elapsed time for experts 12.7034 sec
Elapsed time for households 11.6286 sec
Iteration 151
Elapsed time for kappa 34.7188 sec
Elapsed time for experts 12.3806 sec
Elapsed time for households 11.3171 sec
Iteration 152
Elapsed time for kappa 32.5933 sec
Elapsed time for experts 12.4019 sec
Elapsed time for households 11.3377 sec
Iteration 153
Elapsed time for kappa 33.9308 sec
Elapsed time for experts 12.2481 sec
Elapsed time for households 11.4637 sec
Iteration 154
Elapsed time for kappa 32.7328 sec
Elapsed time for experts 12.0277 sec
Elapsed time for households 11.0920 sec
Iteration 155
Elapsed time for kappa 31.9343 sec
Elapsed time for experts 12.0805 sec
Elapsed time for households 16.6060 sec
Iteration 156
Elapsed time for kappa 34.1852 sec
Elapsed time for experts 13.0012 sec
Elapsed time for households 11.2193 sec
Iteration 157
Elapsed time for kappa 32.7771 sec
Elapsed time for experts 12.3319 sec
Elapsed time for households 11.3406 sec
Iteration 158
Elapsed time for kappa 32.5576 sec
Elapsed time for experts 12.4783 sec
Elapsed time for households 11.3147 sec
Iteration 159
Elapsed time for kappa 32.1554 sec
Elapsed time for experts 12.3354 sec
Elapsed time for households 11.0731 sec
Iteration 160
Elapsed time for kappa 31.5972 sec
Elapsed time for experts 12.1803 sec
Elapsed time for households 10.9559 sec
Iteration 161
Elapsed time for kappa 31.3651 sec
Elapsed time for experts 17.4695 sec
Elapsed time for households 11.7844 sec
Iteration 162
Elapsed time for kappa 33.0516 sec
Elapsed time for experts 12.6459 sec
Elapsed time for households 9.2942 sec
Iteration 163
Elapsed time for kappa 34.1139 sec
Elapsed time for experts 12.6274 sec
Elapsed time for households 11.2636 sec
Iteration 164
Elapsed time for kappa 32.7802 sec
Elapsed time for experts 12.3866 sec
Elapsed time for households 11.2302 sec
Iteration 165
Elapsed time for kappa 32.3503 sec
Elapsed time for experts 12.1534 sec
Elapsed time for households 11.0457 sec
Iteration 166
Elapsed time for kappa 31.8750 sec
Elapsed time for experts 12.0920 sec
Elapsed time for households 10.9360 sec
Iteration 167
Elapsed time for kappa 32.0096 sec
Elapsed time for experts 18.2395 sec
Elapsed time for households 11.5999 sec
Iteration 168
Elapsed time for kappa 33.3115 sec
Elapsed time for experts 12.4995 sec
Elapsed time for households 11.2523 sec
Iteration 169
Elapsed time for kappa 32.6666 sec
Elapsed time for experts 12.3220 sec
Elapsed time for households 11.1136 sec
Iteration 170
Elapsed time for kappa 34.2272 sec
Elapsed time for experts 12.5774 sec
Elapsed time for households 11.2602 sec
Iteration 171
Elapsed time for kappa 31.8103 sec
Elapsed time for experts 12.0971 sec
Elapsed time for households 10.9528 sec
Iteration 172
Elapsed time for kappa 32.0584 sec
Elapsed time for experts 11.9938 sec
Elapsed time for households 11.1642 sec
Iteration 173
Elapsed time for kappa 40.3054 sec
Elapsed time for experts 13.0745 sec
Elapsed time for households 11.5043 sec
Iteration 174
Elapsed time for kappa 33.1009 sec
Elapsed time for experts 12.3831 sec
Elapsed time for households 11.3161 sec
Iteration 175
Elapsed time for kappa 32.2369 sec
Elapsed time for experts 12.1912 sec
Elapsed time for households 11.2845 sec
Iteration 176
Elapsed time for kappa 31.9007 sec
Elapsed time for experts 12.1228 sec
Elapsed time for households 11.1692 sec
Iteration 177
Elapsed time for kappa 32.1038 sec
Elapsed time for experts 12.1057 sec
Elapsed time for households 11.0955 sec
Iteration 178
Elapsed time for kappa 31.9211 sec
Elapsed time for experts 12.0552 sec
Elapsed time for households 11.3630 sec
Iteration 179
Elapsed time for kappa 38.0666 sec
Elapsed time for experts 12.7670 sec
Elapsed time for households 11.4093 sec
Iteration 180
Elapsed time for kappa 32.8248 sec
Elapsed time for experts 12.3383 sec
Elapsed time for households 11.2863 sec
Iteration 181
Elapsed time for kappa 32.5885 sec
Elapsed time for experts 12.2103 sec
Elapsed time for households 11.1190 sec
Iteration 182
Elapsed time for kappa 32.3181 sec
Elapsed time for experts 12.2769 sec
Elapsed time for households 11.4139 sec
Iteration 183
Elapsed time for kappa 32.0619 sec
Elapsed time for experts 12.1481 sec
Elapsed time for households 10.9093 sec
Iteration 184
Elapsed time for kappa 31.8099 sec
Elapsed time for experts 12.0116 sec
Elapsed time for households 15.7912 sec
Iteration 185
Elapsed time for kappa 33.5970 sec
Elapsed time for experts 12.7201 sec
Elapsed time for households 11.3877 sec
Iteration 186
Elapsed time for kappa 32.2900 sec
Elapsed time for experts 12.3210 sec
Elapsed time for households 11.4091 sec
Iteration 187
Elapsed time for kappa 32.2871 sec
Elapsed time for experts 12.2842 sec
Elapsed time for households 11.6020 sec
Iteration 188
Elapsed time for kappa 32.2190 sec
Elapsed time for experts 12.3140 sec
Elapsed time for households 11.4488 sec
Iteration 189
Elapsed time for kappa 31.6636 sec
Elapsed time for experts 12.1329 sec
Elapsed time for households 10.8221 sec
Iteration 190
Elapsed time for kappa 31.4810 sec
Elapsed time for experts 11.9536 sec
Elapsed time for households 16.5112 sec
Iteration 191
Elapsed time for kappa 32.9428 sec
Elapsed time for experts 12.6431 sec
Elapsed time for households 11.7184 sec
Iteration 192
Elapsed time for kappa 32.5080 sec
Elapsed time for experts 12.5215 sec
Elapsed time for households 11.6142 sec
Iteration 193
Elapsed time for kappa 33.6933 sec
Elapsed time for experts 12.3623 sec
Elapsed time for households 11.2320 sec
Iteration 194
Elapsed time for kappa 32.3176 sec
Elapsed time for experts 12.1607 sec
Elapsed time for households 11.1117 sec
Iteration 195
Elapsed time for kappa 33.5949 sec
Elapsed time for experts 11.9482 sec
Elapsed time for households 11.1132 sec
Iteration 196
Elapsed time for kappa 31.7042 sec
Elapsed time for experts 17.5864 sec
Elapsed time for households 11.8828 sec
Iteration 197
Elapsed time for kappa 33.0669 sec
Elapsed time for experts 12.6750 sec
Elapsed time for households 11.5171 sec
Iteration 198
Elapsed time for kappa 32.7858 sec
Elapsed time for experts 12.4731 sec
Elapsed time for households 11.2895 sec
Iteration 199
Elapsed time for kappa 32.1223 sec
Elapsed time for experts 12.5439 sec
Elapsed time for households 11.1572 sec
Elapsed time for training 12140.9821 sec
90000 90000 90000 90000
