/tmp/slurmd/job22880342/slurm_script: line 19: deactivate: No such file or directory
Iteration 0
Elapsed time for kappa 77.8155 sec
Elapsed time for experts 23.0496 sec
Elapsed time for households 16.6558 sec
Iteration 1
Elapsed time for kappa 38.0112 sec
Elapsed time for experts 16.8310 sec
Elapsed time for households 14.2398 sec
Iteration 2
Elapsed time for kappa 37.5240 sec
Elapsed time for experts 15.1628 sec
Elapsed time for households 13.7197 sec
Iteration 3
Elapsed time for kappa 37.5407 sec
Elapsed time for experts 15.3691 sec
Elapsed time for households 13.5320 sec
Iteration 4
Elapsed time for kappa 37.3565 sec
Elapsed time for experts 14.6846 sec
Elapsed time for households 13.5037 sec
Iteration 5
Elapsed time for kappa 37.2064 sec
Elapsed time for experts 15.2342 sec
Elapsed time for households 13.5010 sec
Iteration 6
Elapsed time for kappa 37.4954 sec
Elapsed time for experts 14.8339 sec
Elapsed time for households 13.5023 sec
Iteration 7
Elapsed time for kappa 44.3290 sec
Elapsed time for experts 15.6343 sec
Elapsed time for households 13.7283 sec
Iteration 8
Elapsed time for kappa 37.7263 sec
Elapsed time for experts 14.8833 sec
Elapsed time for households 13.6629 sec
Iteration 9
Elapsed time for kappa 37.8513 sec
Elapsed time for experts 14.7151 sec
Elapsed time for households 13.6153 sec
Iteration 10
Elapsed time for kappa 37.0666 sec
Elapsed time for experts 14.7654 sec
Elapsed time for households 13.7778 sec
Iteration 11
Elapsed time for kappa 37.0010 sec
Elapsed time for experts 14.7995 sec
Elapsed time for households 13.3399 sec
Iteration 12
Elapsed time for kappa 38.1625 sec
Elapsed time for experts 14.6803 sec
Elapsed time for households 13.6042 sec
Iteration 13
Elapsed time for kappa 44.3187 sec
Elapsed time for experts 15.2248 sec
Elapsed time for households 13.7827 sec
Iteration 14
Elapsed time for kappa 37.7311 sec
Elapsed time for experts 15.0414 sec
Elapsed time for households 13.9383 sec
Iteration 15
Elapsed time for kappa 37.8082 sec
Elapsed time for experts 15.0705 sec
Elapsed time for households 13.5240 sec
Iteration 16
Elapsed time for kappa 37.4993 sec
Elapsed time for experts 14.9486 sec
Elapsed time for households 13.5111 sec
Iteration 17
Elapsed time for kappa 37.4292 sec
Elapsed time for experts 15.5597 sec
Elapsed time for households 13.8688 sec
Iteration 18
Elapsed time for kappa 36.8745 sec
Elapsed time for experts 20.5186 sec
Elapsed time for households 14.3237 sec
Iteration 19
Elapsed time for kappa 38.2188 sec
Elapsed time for experts 14.9060 sec
Elapsed time for households 13.6716 sec
Iteration 20
Elapsed time for kappa 37.7932 sec
Elapsed time for experts 15.1856 sec
Elapsed time for households 13.6538 sec
Iteration 21
Elapsed time for kappa 37.7007 sec
Elapsed time for experts 15.5298 sec
Elapsed time for households 13.5827 sec
Iteration 22
Elapsed time for kappa 37.5596 sec
Elapsed time for experts 14.6752 sec
Elapsed time for households 13.7973 sec
Iteration 23
Elapsed time for kappa 37.5578 sec
Elapsed time for experts 14.9150 sec
Elapsed time for households 13.9026 sec
Iteration 24
Elapsed time for kappa 45.0839 sec
Elapsed time for experts 15.7322 sec
Elapsed time for households 13.8726 sec
Iteration 25
Elapsed time for kappa 38.1255 sec
Elapsed time for experts 15.0096 sec
Elapsed time for households 14.0032 sec
Iteration 26
Elapsed time for kappa 37.6152 sec
Elapsed time for experts 14.8248 sec
Elapsed time for households 13.7626 sec
Iteration 27
Elapsed time for kappa 37.6450 sec
Elapsed time for experts 14.8953 sec
Elapsed time for households 13.6539 sec
Iteration 28
Elapsed time for kappa 37.7718 sec
Elapsed time for experts 14.6953 sec
Elapsed time for households 13.5287 sec
Iteration 29
Elapsed time for kappa 37.3086 sec
Elapsed time for experts 14.6688 sec
Elapsed time for households 19.3972 sec
Iteration 30
Elapsed time for kappa 38.6165 sec
Elapsed time for experts 15.6417 sec
Elapsed time for households 13.6832 sec
Iteration 31
Elapsed time for kappa 38.3440 sec
Elapsed time for experts 15.0324 sec
Elapsed time for households 13.7783 sec
Iteration 32
Elapsed time for kappa 37.5577 sec
Elapsed time for experts 14.8934 sec
Elapsed time for households 13.5597 sec
Iteration 33
Elapsed time for kappa 36.9847 sec
Elapsed time for experts 14.7308 sec
Elapsed time for households 13.7545 sec
Iteration 34
Elapsed time for kappa 37.6942 sec
Elapsed time for experts 14.8416 sec
Elapsed time for households 13.5487 sec
Iteration 35
Elapsed time for kappa 37.4016 sec
Elapsed time for experts 21.6358 sec
Elapsed time for households 14.1700 sec
Iteration 36
Elapsed time for kappa 38.3118 sec
Elapsed time for experts 15.1094 sec
Elapsed time for households 13.9062 sec
Iteration 37
Elapsed time for kappa 38.2847 sec
Elapsed time for experts 15.0812 sec
Elapsed time for households 13.6411 sec
Iteration 38
Elapsed time for kappa 37.8686 sec
Elapsed time for experts 14.9982 sec
Elapsed time for households 13.9638 sec
Iteration 39
Elapsed time for kappa 37.5610 sec
Elapsed time for experts 15.0964 sec
Elapsed time for households 13.4803 sec
Iteration 40
Elapsed time for kappa 37.7110 sec
Elapsed time for experts 14.9120 sec
Elapsed time for households 13.6697 sec
Iteration 41
Elapsed time for kappa 45.5071 sec
Elapsed time for experts 16.3737 sec
Elapsed time for households 14.6763 sec
Iteration 42
Elapsed time for kappa 37.9466 sec
Elapsed time for experts 15.2671 sec
Elapsed time for households 13.7707 sec
Iteration 43
Elapsed time for kappa 38.0797 sec
Elapsed time for experts 14.8813 sec
Elapsed time for households 13.5038 sec
Iteration 44
Elapsed time for kappa 37.7649 sec
Elapsed time for experts 15.3236 sec
Elapsed time for households 13.6247 sec
Iteration 45
Elapsed time for kappa 37.2408 sec
Elapsed time for experts 15.2238 sec
Elapsed time for households 13.8752 sec
Iteration 46
Elapsed time for kappa 37.1979 sec
Elapsed time for experts 14.9938 sec
Elapsed time for households 19.6812 sec
Iteration 47
Elapsed time for kappa 38.7704 sec
Elapsed time for experts 15.8619 sec
Elapsed time for households 13.7655 sec
Iteration 48
Elapsed time for kappa 38.6367 sec
Elapsed time for experts 14.9955 sec
Elapsed time for households 14.1452 sec
Iteration 49
Elapsed time for kappa 37.9476 sec
Elapsed time for experts 14.8741 sec
Elapsed time for households 13.5084 sec
Iteration 50
Elapsed time for kappa 39.1592 sec
Elapsed time for experts 15.0056 sec
Elapsed time for households 13.5510 sec
Iteration 51
Elapsed time for kappa 38.2441 sec
Elapsed time for experts 15.0258 sec
Elapsed time for households 13.4643 sec
Iteration 52
Elapsed time for kappa 36.3443 sec
Elapsed time for experts 21.7297 sec
Elapsed time for households 14.5868 sec
Iteration 53
Elapsed time for kappa 38.5550 sec
Elapsed time for experts 15.4089 sec
Elapsed time for households 13.9407 sec
Iteration 54
Elapsed time for kappa 38.3705 sec
Elapsed time for experts 15.1461 sec
Elapsed time for households 13.9060 sec
Iteration 55
Elapsed time for kappa 38.2662 sec
Elapsed time for experts 15.2321 sec
Elapsed time for households 13.8300 sec
Iteration 56
Elapsed time for kappa 37.6911 sec
Elapsed time for experts 14.8203 sec
Elapsed time for households 13.7681 sec
Iteration 57
Elapsed time for kappa 37.4890 sec
Elapsed time for experts 15.1445 sec
Elapsed time for households 13.5796 sec
Iteration 58
Elapsed time for kappa 45.4803 sec
Elapsed time for experts 16.5176 sec
Elapsed time for households 14.2195 sec
Iteration 59
Elapsed time for kappa 38.8046 sec
Elapsed time for experts 14.9508 sec
Elapsed time for households 14.0024 sec
Iteration 60
Elapsed time for kappa 38.2098 sec
Elapsed time for experts 15.1585 sec
Elapsed time for households 13.9390 sec
Iteration 61
Elapsed time for kappa 38.2440 sec
Elapsed time for experts 15.0334 sec
Elapsed time for households 13.6398 sec
Iteration 62
Elapsed time for kappa 38.5072 sec
Elapsed time for experts 15.1662 sec
Elapsed time for households 13.4628 sec
Iteration 63
Elapsed time for kappa 38.0311 sec
Elapsed time for experts 15.1192 sec
Elapsed time for households 13.4278 sec
Iteration 64
Elapsed time for kappa 46.1125 sec
Elapsed time for experts 15.9021 sec
Elapsed time for households 14.0986 sec
Iteration 65
Elapsed time for kappa 38.4202 sec
Elapsed time for experts 15.1354 sec
Elapsed time for households 13.9420 sec
Iteration 66
Elapsed time for kappa 37.9200 sec
Elapsed time for experts 15.2238 sec
Elapsed time for households 13.7750 sec
Iteration 67
Elapsed time for kappa 38.4589 sec
Elapsed time for experts 15.0668 sec
Elapsed time for households 13.6300 sec
Iteration 68
Elapsed time for kappa 37.6038 sec
Elapsed time for experts 14.7477 sec
Elapsed time for households 13.5716 sec
Iteration 69
Elapsed time for kappa 37.4409 sec
Elapsed time for experts 15.2815 sec
Elapsed time for households 20.6805 sec
Iteration 70
Elapsed time for kappa 39.2380 sec
Elapsed time for experts 15.4637 sec
Elapsed time for households 13.8876 sec
Iteration 71
Elapsed time for kappa 38.6848 sec
Elapsed time for experts 15.5043 sec
Elapsed time for households 13.9563 sec
Iteration 72
Elapsed time for kappa 38.7105 sec
Elapsed time for experts 15.3113 sec
Elapsed time for households 13.9321 sec
Iteration 73
Elapsed time for kappa 37.6380 sec
Elapsed time for experts 14.9321 sec
Elapsed time for households 13.5812 sec
Iteration 74
Elapsed time for kappa 37.7618 sec
Elapsed time for experts 15.0514 sec
Elapsed time for households 13.4547 sec
Iteration 75
Elapsed time for kappa 37.3397 sec
Elapsed time for experts 21.8697 sec
Elapsed time for households 14.4795 sec
Iteration 76
Elapsed time for kappa 39.4769 sec
Elapsed time for experts 15.2059 sec
Elapsed time for households 13.9611 sec
Iteration 77
Elapsed time for kappa 40.7062 sec
Elapsed time for experts 15.2395 sec
Elapsed time for households 13.9404 sec
Iteration 78
Elapsed time for kappa 38.6969 sec
Elapsed time for experts 15.4031 sec
Elapsed time for households 13.8838 sec
Iteration 79
Elapsed time for kappa 37.8924 sec
Elapsed time for experts 15.3715 sec
Elapsed time for households 14.1280 sec
Iteration 80
Elapsed time for kappa 38.2435 sec
Elapsed time for experts 15.1152 sec
Elapsed time for households 13.6974 sec
Iteration 81
Elapsed time for kappa 47.0647 sec
Elapsed time for experts 15.9475 sec
Elapsed time for households 14.3502 sec
Iteration 82
Elapsed time for kappa 39.4211 sec
Elapsed time for experts 15.1867 sec
Elapsed time for households 13.7224 sec
Iteration 83
Elapsed time for kappa 39.0078 sec
Elapsed time for experts 15.3820 sec
Elapsed time for households 13.5576 sec
Iteration 84
Elapsed time for kappa 39.0107 sec
Elapsed time for experts 14.8013 sec
Elapsed time for households 13.9587 sec
Iteration 85
Elapsed time for kappa 38.1749 sec
Elapsed time for experts 14.8303 sec
Elapsed time for households 13.3420 sec
Iteration 86
Elapsed time for kappa 37.7819 sec
Elapsed time for experts 15.0647 sec
Elapsed time for households 19.6534 sec
Iteration 87
Elapsed time for kappa 39.0354 sec
Elapsed time for experts 15.3095 sec
Elapsed time for households 14.5335 sec
Iteration 88
Elapsed time for kappa 38.5350 sec
Elapsed time for experts 15.1816 sec
Elapsed time for households 13.7028 sec
Iteration 89
Elapsed time for kappa 38.4341 sec
Elapsed time for experts 15.0245 sec
Elapsed time for households 13.4649 sec
Iteration 90
Elapsed time for kappa 38.2329 sec
Elapsed time for experts 14.9932 sec
Elapsed time for households 13.5401 sec
Iteration 91
Elapsed time for kappa 37.6919 sec
Elapsed time for experts 14.9650 sec
Elapsed time for households 13.8673 sec
Iteration 92
Elapsed time for kappa 37.4289 sec
Elapsed time for experts 22.8899 sec
Elapsed time for households 14.4583 sec
Iteration 93
Elapsed time for kappa 39.4755 sec
Elapsed time for experts 15.4332 sec
Elapsed time for households 14.7590 sec
Iteration 94
Elapsed time for kappa 38.3896 sec
Elapsed time for experts 15.3096 sec
Elapsed time for households 14.0807 sec
Iteration 95
Elapsed time for kappa 38.8803 sec
Elapsed time for experts 15.0214 sec
Elapsed time for households 13.7423 sec
Iteration 96
Elapsed time for kappa 37.4135 sec
Elapsed time for experts 15.0608 sec
Elapsed time for households 13.5005 sec
Iteration 97
Elapsed time for kappa 38.0708 sec
Elapsed time for experts 14.9808 sec
Elapsed time for households 13.3489 sec
Iteration 98
Elapsed time for kappa 45.9223 sec
Elapsed time for experts 16.2700 sec
Elapsed time for households 14.3167 sec
Iteration 99
Elapsed time for kappa 39.1366 sec
Elapsed time for experts 15.4053 sec
Elapsed time for households 14.1249 sec
Iteration 100
Elapsed time for kappa 40.5367 sec
Elapsed time for experts 15.3193 sec
Elapsed time for households 13.8080 sec
Iteration 101
Elapsed time for kappa 38.1974 sec
Elapsed time for experts 15.0587 sec
Elapsed time for households 13.8094 sec
Iteration 102
Elapsed time for kappa 37.9864 sec
Elapsed time for experts 14.8768 sec
Elapsed time for households 13.7011 sec
Iteration 103
Elapsed time for kappa 37.8393 sec
Elapsed time for experts 14.9526 sec
Elapsed time for households 13.6158 sec
Iteration 104
Elapsed time for kappa 46.2768 sec
Elapsed time for experts 16.2702 sec
Elapsed time for households 14.1997 sec
Iteration 105
Elapsed time for kappa 39.0959 sec
Elapsed time for experts 15.2348 sec
Elapsed time for households 13.9932 sec
Iteration 106
Elapsed time for kappa 38.6958 sec
Elapsed time for experts 15.1072 sec
Elapsed time for households 13.8974 sec
Iteration 107
Elapsed time for kappa 38.3092 sec
Elapsed time for experts 15.1966 sec
Elapsed time for households 13.6438 sec
Iteration 108
Elapsed time for kappa 38.0168 sec
Elapsed time for experts 15.1137 sec
Elapsed time for households 13.5801 sec
Iteration 109
Elapsed time for kappa 37.5276 sec
Elapsed time for experts 21.2263 sec
Elapsed time for households 14.7955 sec
Iteration 110
Elapsed time for kappa 39.1920 sec
Elapsed time for experts 15.1878 sec
Elapsed time for households 13.9393 sec
Iteration 111
Elapsed time for kappa 38.7294 sec
Elapsed time for experts 15.2088 sec
Elapsed time for households 13.8246 sec
Iteration 112
Elapsed time for kappa 38.3654 sec
Elapsed time for experts 15.1483 sec
Elapsed time for households 13.8183 sec
Iteration 113
Elapsed time for kappa 37.7128 sec
Elapsed time for experts 15.1810 sec
Elapsed time for households 13.7514 sec
Iteration 114
Elapsed time for kappa 37.3903 sec
Elapsed time for experts 14.8137 sec
Elapsed time for households 13.6348 sec
Iteration 115
Elapsed time for kappa 45.8051 sec
Elapsed time for experts 16.0133 sec
Elapsed time for households 14.2050 sec
Iteration 116
Elapsed time for kappa 38.9647 sec
Elapsed time for experts 15.4814 sec
Elapsed time for households 13.9385 sec
Iteration 117
Elapsed time for kappa 38.5804 sec
Elapsed time for experts 15.0767 sec
Elapsed time for households 13.9069 sec
Iteration 118
Elapsed time for kappa 39.5475 sec
Elapsed time for experts 15.2386 sec
Elapsed time for households 13.8391 sec
Iteration 119
Elapsed time for kappa 38.2285 sec
Elapsed time for experts 14.9883 sec
Elapsed time for households 13.5577 sec
Iteration 120
Elapsed time for kappa 38.0067 sec
Elapsed time for experts 15.0920 sec
Elapsed time for households 13.6212 sec
Iteration 121
Elapsed time for kappa 45.9738 sec
Elapsed time for experts 15.6894 sec
Elapsed time for households 14.7050 sec
Iteration 122
Elapsed time for kappa 39.4022 sec
Elapsed time for experts 15.7826 sec
Elapsed time for households 14.0302 sec
Iteration 123
Elapsed time for kappa 38.5715 sec
Elapsed time for experts 15.2385 sec
Elapsed time for households 13.9637 sec
Iteration 124
Elapsed time for kappa 38.0002 sec
Elapsed time for experts 14.9441 sec
Elapsed time for households 13.7553 sec
Iteration 125
Elapsed time for kappa 37.6180 sec
Elapsed time for experts 14.6443 sec
Elapsed time for households 13.5992 sec
Iteration 126
Elapsed time for kappa 37.7943 sec
Elapsed time for experts 21.1821 sec
Elapsed time for households 14.5060 sec
Iteration 127
Elapsed time for kappa 39.8128 sec
Elapsed time for experts 15.5729 sec
Elapsed time for households 14.0353 sec
Iteration 128
Elapsed time for kappa 38.7797 sec
Elapsed time for experts 15.1154 sec
Elapsed time for households 14.1688 sec
Iteration 129
Elapsed time for kappa 38.5086 sec
Elapsed time for experts 15.3000 sec
Elapsed time for households 14.2420 sec
Iteration 130
Elapsed time for kappa 38.0439 sec
Elapsed time for experts 14.8146 sec
Elapsed time for households 14.0195 sec
Iteration 131
Elapsed time for kappa 38.0253 sec
Elapsed time for experts 14.7880 sec
Elapsed time for households 13.4528 sec
Iteration 132
Elapsed time for kappa 46.5704 sec
Elapsed time for experts 16.4737 sec
Elapsed time for households 14.3253 sec
Iteration 133
Elapsed time for kappa 39.2998 sec
Elapsed time for experts 15.4163 sec
Elapsed time for households 14.0800 sec
Iteration 134
Elapsed time for kappa 38.4698 sec
Elapsed time for experts 15.3092 sec
Elapsed time for households 14.0453 sec
Iteration 135
Elapsed time for kappa 38.2246 sec
Elapsed time for experts 15.6581 sec
Elapsed time for households 13.7415 sec
Iteration 136
Elapsed time for kappa 37.4784 sec
Elapsed time for experts 14.7384 sec
Elapsed time for households 13.8740 sec
Iteration 137
Elapsed time for kappa 37.5437 sec
Elapsed time for experts 15.2109 sec
Elapsed time for households 13.6036 sec
Iteration 138
Elapsed time for kappa 45.8696 sec
Elapsed time for experts 16.7063 sec
Elapsed time for households 14.3942 sec
Iteration 139
Elapsed time for kappa 38.9038 sec
Elapsed time for experts 15.2745 sec
Elapsed time for households 14.0635 sec
Iteration 140
Elapsed time for kappa 39.1475 sec
Elapsed time for experts 14.9565 sec
Elapsed time for households 13.8948 sec
Iteration 141
Elapsed time for kappa 38.4565 sec
Elapsed time for experts 15.1136 sec
Elapsed time for households 13.8427 sec
Iteration 142
Elapsed time for kappa 37.5252 sec
Elapsed time for experts 15.1770 sec
Elapsed time for households 13.4950 sec
Iteration 143
Elapsed time for kappa 37.7580 sec
Elapsed time for experts 14.9589 sec
Elapsed time for households 19.7393 sec
Iteration 144
Elapsed time for kappa 39.4667 sec
Elapsed time for experts 15.5228 sec
Elapsed time for households 14.1552 sec
Iteration 145
Elapsed time for kappa 38.6323 sec
Elapsed time for experts 15.2747 sec
Elapsed time for households 13.9373 sec
Iteration 146
Elapsed time for kappa 38.4589 sec
Elapsed time for experts 15.1913 sec
Elapsed time for households 13.9798 sec
Iteration 147
Elapsed time for kappa 38.1454 sec
Elapsed time for experts 15.3346 sec
Elapsed time for households 13.7254 sec
Iteration 148
Elapsed time for kappa 37.6608 sec
Elapsed time for experts 15.0048 sec
Elapsed time for households 13.5310 sec
Iteration 149
Elapsed time for kappa 38.4334 sec
Elapsed time for experts 14.7148 sec
Elapsed time for households 20.4877 sec
Iteration 150
Elapsed time for kappa 39.0507 sec
Elapsed time for experts 15.5616 sec
Elapsed time for households 14.0928 sec
Iteration 151
Elapsed time for kappa 39.2588 sec
Elapsed time for experts 15.3105 sec
Elapsed time for households 14.2747 sec
Iteration 152
Elapsed time for kappa 38.6434 sec
Elapsed time for experts 15.2759 sec
Elapsed time for households 13.7651 sec
Iteration 153
Elapsed time for kappa 38.8279 sec
Elapsed time for experts 14.8825 sec
Elapsed time for households 13.6625 sec
Iteration 154
Elapsed time for kappa 37.8669 sec
Elapsed time for experts 14.7699 sec
Elapsed time for households 13.4460 sec
Iteration 155
Elapsed time for kappa 37.7890 sec
Elapsed time for experts 14.7181 sec
Elapsed time for households 20.3940 sec
Iteration 156
Elapsed time for kappa 39.0458 sec
Elapsed time for experts 15.5656 sec
Elapsed time for households 14.2527 sec
Iteration 157
Elapsed time for kappa 39.1112 sec
Elapsed time for experts 15.1632 sec
Elapsed time for households 13.8762 sec
Iteration 158
Elapsed time for kappa 38.6516 sec
Elapsed time for experts 15.1110 sec
Elapsed time for households 13.7406 sec
Iteration 159
Elapsed time for kappa 38.2439 sec
Elapsed time for experts 14.9262 sec
Elapsed time for households 13.5196 sec
Iteration 160
Elapsed time for kappa 38.0163 sec
Elapsed time for experts 14.6956 sec
Elapsed time for households 13.5052 sec
Iteration 161
Elapsed time for kappa 36.8097 sec
Elapsed time for experts 21.8784 sec
Elapsed time for households 14.5985 sec
Iteration 162
Elapsed time for kappa 39.0516 sec
Elapsed time for experts 15.2248 sec
Elapsed time for households 14.1351 sec
Iteration 163
Elapsed time for kappa 38.7011 sec
Elapsed time for experts 15.6755 sec
Elapsed time for households 13.8349 sec
Iteration 164
Elapsed time for kappa 40.0606 sec
Elapsed time for experts 15.1484 sec
Elapsed time for households 14.0631 sec
Iteration 165
Elapsed time for kappa 38.2886 sec
Elapsed time for experts 14.8241 sec
Elapsed time for households 14.1323 sec
Iteration 166
Elapsed time for kappa 38.0171 sec
Elapsed time for experts 15.0008 sec
Elapsed time for households 13.4031 sec
Iteration 167
Elapsed time for kappa 37.6441 sec
Elapsed time for experts 21.8322 sec
Elapsed time for households 15.1410 sec
Iteration 168
Elapsed time for kappa 39.1070 sec
Elapsed time for experts 15.3801 sec
Elapsed time for households 13.8919 sec
Iteration 169
Elapsed time for kappa 39.0560 sec
Elapsed time for experts 15.3854 sec
Elapsed time for households 13.9171 sec
Iteration 170
Elapsed time for kappa 38.5620 sec
Elapsed time for experts 15.2196 sec
Elapsed time for households 13.9412 sec
Iteration 171
Elapsed time for kappa 39.8939 sec
Elapsed time for experts 14.7240 sec
Elapsed time for households 13.7821 sec
Iteration 172
Elapsed time for kappa 37.8926 sec
Elapsed time for experts 15.0332 sec
Elapsed time for households 13.8210 sec
Iteration 173
Elapsed time for kappa 46.0929 sec
Elapsed time for experts 16.2157 sec
Elapsed time for households 14.4248 sec
Iteration 174
Elapsed time for kappa 39.3189 sec
Elapsed time for experts 15.4645 sec
Elapsed time for households 14.0749 sec
Iteration 175
Elapsed time for kappa 38.9437 sec
Elapsed time for experts 15.2846 sec
Elapsed time for households 14.0048 sec
Iteration 176
Elapsed time for kappa 38.5173 sec
Elapsed time for experts 15.2469 sec
Elapsed time for households 13.6167 sec
Iteration 177
Elapsed time for kappa 38.0651 sec
Elapsed time for experts 15.0765 sec
Elapsed time for households 13.8888 sec
Iteration 178
Elapsed time for kappa 38.1178 sec
Elapsed time for experts 15.0430 sec
Elapsed time for households 13.4884 sec
Iteration 179
Elapsed time for kappa 45.8231 sec
Elapsed time for experts 15.8354 sec
Elapsed time for households 14.3393 sec
Iteration 180
Elapsed time for kappa 39.3452 sec
Elapsed time for experts 15.3325 sec
Elapsed time for households 14.0084 sec
Iteration 181
Elapsed time for kappa 38.7947 sec
Elapsed time for experts 15.2213 sec
Elapsed time for households 13.8137 sec
Iteration 182
Elapsed time for kappa 38.2036 sec
Elapsed time for experts 15.1587 sec
Elapsed time for households 13.8244 sec
Iteration 183
Elapsed time for kappa 38.2962 sec
Elapsed time for experts 14.9600 sec
Elapsed time for households 13.7819 sec
Iteration 184
Elapsed time for kappa 37.9891 sec
Elapsed time for experts 14.7309 sec
Elapsed time for households 19.8367 sec
Iteration 185
Elapsed time for kappa 40.0885 sec
Elapsed time for experts 15.5953 sec
Elapsed time for households 14.2831 sec
Iteration 186
Elapsed time for kappa 40.6315 sec
Elapsed time for experts 15.3504 sec
Elapsed time for households 14.0432 sec
Iteration 187
Elapsed time for kappa 38.9724 sec
Elapsed time for experts 15.4214 sec
Elapsed time for households 13.8535 sec
Iteration 188
Elapsed time for kappa 38.4164 sec
Elapsed time for experts 15.2576 sec
Elapsed time for households 13.7817 sec
Iteration 189
Elapsed time for kappa 37.6594 sec
Elapsed time for experts 14.9020 sec
Elapsed time for households 13.4191 sec
Iteration 190
Elapsed time for kappa 38.5895 sec
Elapsed time for experts 14.6574 sec
Elapsed time for households 20.6622 sec
Iteration 191
Elapsed time for kappa 39.9854 sec
Elapsed time for experts 15.6054 sec
Elapsed time for households 14.1616 sec
Iteration 192
Elapsed time for kappa 39.2303 sec
Elapsed time for experts 15.3369 sec
Elapsed time for households 13.9556 sec
Iteration 193
Elapsed time for kappa 39.0758 sec
Elapsed time for experts 15.1678 sec
Elapsed time for households 13.9125 sec
Iteration 194
Elapsed time for kappa 38.5428 sec
Elapsed time for experts 14.9877 sec
Elapsed time for households 13.6387 sec
Iteration 195
Elapsed time for kappa 37.9809 sec
Elapsed time for experts 14.9153 sec
Elapsed time for households 13.6035 sec
Iteration 196
Elapsed time for kappa 37.7806 sec
Elapsed time for experts 22.3636 sec
Elapsed time for households 14.4391 sec
Iteration 197
Elapsed time for kappa 39.4804 sec
Elapsed time for experts 15.9315 sec
Elapsed time for households 14.6840 sec
Iteration 198
Elapsed time for kappa 38.9301 sec
Elapsed time for experts 15.4802 sec
Elapsed time for households 13.9594 sec
Iteration 199
Elapsed time for kappa 38.8552 sec
Elapsed time for experts 15.2220 sec
Elapsed time for households 14.0452 sec
Elapsed time for training 13770.4391 sec
90000 90000 90000 90000
