/tmp/slurmd/job22880378/slurm_script: line 19: deactivate: No such file or directory
Iteration 0
Elapsed time for kappa 76.3615 sec
Elapsed time for experts 21.1719 sec
Elapsed time for households 17.1410 sec
Iteration 1
Elapsed time for kappa 38.4645 sec
Elapsed time for experts 15.5994 sec
Elapsed time for households 13.4785 sec
Iteration 2
Elapsed time for kappa 41.3810 sec
Elapsed time for experts 15.4077 sec
Elapsed time for households 14.1387 sec
Iteration 3
Elapsed time for kappa 37.9217 sec
Elapsed time for experts 14.8622 sec
Elapsed time for households 13.9469 sec
Iteration 4
Elapsed time for kappa 38.8362 sec
Elapsed time for experts 14.3923 sec
Elapsed time for households 13.4396 sec
Iteration 5
Elapsed time for kappa 36.9113 sec
Elapsed time for experts 14.5229 sec
Elapsed time for households 13.5193 sec
Iteration 6
Elapsed time for kappa 37.5274 sec
Elapsed time for experts 14.7583 sec
Elapsed time for households 13.5564 sec
Iteration 7
Elapsed time for kappa 36.9693 sec
Elapsed time for experts 14.6804 sec
Elapsed time for households 18.9351 sec
Iteration 8
Elapsed time for kappa 37.6451 sec
Elapsed time for experts 14.8134 sec
Elapsed time for households 13.7003 sec
Iteration 9
Elapsed time for kappa 37.2524 sec
Elapsed time for experts 14.8820 sec
Elapsed time for households 13.3563 sec
Iteration 10
Elapsed time for kappa 37.9844 sec
Elapsed time for experts 14.6398 sec
Elapsed time for households 13.5615 sec
Iteration 11
Elapsed time for kappa 37.4746 sec
Elapsed time for experts 14.8739 sec
Elapsed time for households 13.2709 sec
Iteration 12
Elapsed time for kappa 37.5705 sec
Elapsed time for experts 14.6409 sec
Elapsed time for households 13.6252 sec
Iteration 13
Elapsed time for kappa 37.3482 sec
Elapsed time for experts 22.4228 sec
Elapsed time for households 14.0900 sec
Iteration 14
Elapsed time for kappa 38.1188 sec
Elapsed time for experts 15.4728 sec
Elapsed time for households 13.8551 sec
Iteration 15
Elapsed time for kappa 37.8698 sec
Elapsed time for experts 14.6983 sec
Elapsed time for households 13.5520 sec
Iteration 16
Elapsed time for kappa 37.7353 sec
Elapsed time for experts 14.9251 sec
Elapsed time for households 13.4791 sec
Iteration 17
Elapsed time for kappa 37.5631 sec
Elapsed time for experts 14.9178 sec
Elapsed time for households 13.3358 sec
Iteration 18
Elapsed time for kappa 37.1801 sec
Elapsed time for experts 14.6663 sec
Elapsed time for households 13.2374 sec
Iteration 19
Elapsed time for kappa 44.7223 sec
Elapsed time for experts 15.1636 sec
Elapsed time for households 13.6314 sec
Iteration 20
Elapsed time for kappa 38.1163 sec
Elapsed time for experts 14.8849 sec
Elapsed time for households 13.5638 sec
Iteration 21
Elapsed time for kappa 37.2895 sec
Elapsed time for experts 15.0379 sec
Elapsed time for households 13.4861 sec
Iteration 22
Elapsed time for kappa 37.3838 sec
Elapsed time for experts 14.8585 sec
Elapsed time for households 13.6073 sec
Iteration 23
Elapsed time for kappa 37.4577 sec
Elapsed time for experts 14.5625 sec
Elapsed time for households 13.2569 sec
Iteration 24
Elapsed time for kappa 37.2909 sec
Elapsed time for experts 20.5970 sec
Elapsed time for households 14.4283 sec
Iteration 25
Elapsed time for kappa 38.3299 sec
Elapsed time for experts 15.2491 sec
Elapsed time for households 13.6509 sec
Iteration 26
Elapsed time for kappa 37.5437 sec
Elapsed time for experts 15.2329 sec
Elapsed time for households 13.5175 sec
Iteration 27
Elapsed time for kappa 37.5032 sec
Elapsed time for experts 14.9877 sec
Elapsed time for households 13.6134 sec
Iteration 28
Elapsed time for kappa 37.7066 sec
Elapsed time for experts 14.9490 sec
Elapsed time for households 13.7036 sec
Iteration 29
Elapsed time for kappa 36.9288 sec
Elapsed time for experts 14.6765 sec
Elapsed time for households 13.4715 sec
Iteration 30
Elapsed time for kappa 45.6600 sec
Elapsed time for experts 15.8050 sec
Elapsed time for households 13.9151 sec
Iteration 31
Elapsed time for kappa 38.6084 sec
Elapsed time for experts 15.0643 sec
Elapsed time for households 13.5873 sec
Iteration 32
Elapsed time for kappa 38.1260 sec
Elapsed time for experts 14.8559 sec
Elapsed time for households 13.7037 sec
Iteration 33
Elapsed time for kappa 38.3096 sec
Elapsed time for experts 14.7806 sec
Elapsed time for households 13.5550 sec
Iteration 34
Elapsed time for kappa 37.6795 sec
Elapsed time for experts 14.9236 sec
Elapsed time for households 13.5042 sec
Iteration 35
Elapsed time for kappa 37.5860 sec
Elapsed time for experts 14.4797 sec
Elapsed time for households 13.4814 sec
Iteration 36
Elapsed time for kappa 44.2188 sec
Elapsed time for experts 15.2677 sec
Elapsed time for households 13.7284 sec
Iteration 37
Elapsed time for kappa 38.6995 sec
Elapsed time for experts 15.5521 sec
Elapsed time for households 13.5790 sec
Iteration 38
Elapsed time for kappa 38.6134 sec
Elapsed time for experts 14.7472 sec
Elapsed time for households 13.8622 sec
Iteration 39
Elapsed time for kappa 37.5328 sec
Elapsed time for experts 14.8367 sec
Elapsed time for households 13.6809 sec
Iteration 40
Elapsed time for kappa 37.4795 sec
Elapsed time for experts 14.6281 sec
Elapsed time for households 13.5072 sec
Iteration 41
Elapsed time for kappa 37.4092 sec
Elapsed time for experts 20.6115 sec
Elapsed time for households 14.2580 sec
Iteration 42
Elapsed time for kappa 38.8932 sec
Elapsed time for experts 15.2506 sec
Elapsed time for households 14.1101 sec
Iteration 43
Elapsed time for kappa 38.1007 sec
Elapsed time for experts 15.2556 sec
Elapsed time for households 13.6794 sec
Iteration 44
Elapsed time for kappa 37.8210 sec
Elapsed time for experts 14.7953 sec
Elapsed time for households 13.3387 sec
Iteration 45
Elapsed time for kappa 37.7647 sec
Elapsed time for experts 14.6926 sec
Elapsed time for households 13.6109 sec
Iteration 46
Elapsed time for kappa 37.6174 sec
Elapsed time for experts 14.7340 sec
Elapsed time for households 13.7932 sec
Iteration 47
Elapsed time for kappa 45.6307 sec
Elapsed time for experts 15.6611 sec
Elapsed time for households 13.9378 sec
Iteration 48
Elapsed time for kappa 38.5116 sec
Elapsed time for experts 15.2525 sec
Elapsed time for households 13.8147 sec
Iteration 49
Elapsed time for kappa 38.8928 sec
Elapsed time for experts 15.1551 sec
Elapsed time for households 13.8188 sec
Iteration 50
Elapsed time for kappa 37.8857 sec
Elapsed time for experts 14.7607 sec
Elapsed time for households 13.5391 sec
Iteration 51
Elapsed time for kappa 37.5617 sec
Elapsed time for experts 14.7668 sec
Elapsed time for households 13.9309 sec
Iteration 52
Elapsed time for kappa 37.5262 sec
Elapsed time for experts 14.6478 sec
Elapsed time for households 19.6025 sec
Iteration 53
Elapsed time for kappa 39.1689 sec
Elapsed time for experts 15.4740 sec
Elapsed time for households 13.9162 sec
Iteration 54
Elapsed time for kappa 40.0599 sec
Elapsed time for experts 14.9944 sec
Elapsed time for households 13.8102 sec
Iteration 55
Elapsed time for kappa 38.0322 sec
Elapsed time for experts 15.2452 sec
Elapsed time for households 13.7749 sec
Iteration 56
Elapsed time for kappa 37.6944 sec
Elapsed time for experts 14.6550 sec
Elapsed time for households 13.6710 sec
Iteration 57
Elapsed time for kappa 37.5265 sec
Elapsed time for experts 14.9379 sec
Elapsed time for households 13.5399 sec
Iteration 58
Elapsed time for kappa 37.2605 sec
Elapsed time for experts 21.9134 sec
Elapsed time for households 14.3786 sec
Iteration 59
Elapsed time for kappa 38.7348 sec
Elapsed time for experts 15.2989 sec
Elapsed time for households 14.0936 sec
Iteration 60
Elapsed time for kappa 38.3199 sec
Elapsed time for experts 14.9799 sec
Elapsed time for households 13.7711 sec
Iteration 61
Elapsed time for kappa 38.6183 sec
Elapsed time for experts 15.1196 sec
Elapsed time for households 13.8065 sec
Iteration 62
Elapsed time for kappa 37.5597 sec
Elapsed time for experts 15.0367 sec
Elapsed time for households 13.4584 sec
Iteration 63
Elapsed time for kappa 37.6571 sec
Elapsed time for experts 14.9501 sec
Elapsed time for households 13.7045 sec
Iteration 64
Elapsed time for kappa 45.6685 sec
Elapsed time for experts 15.9825 sec
Elapsed time for households 14.1015 sec
Iteration 65
Elapsed time for kappa 38.9540 sec
Elapsed time for experts 15.3310 sec
Elapsed time for households 14.0012 sec
Iteration 66
Elapsed time for kappa 38.3380 sec
Elapsed time for experts 15.0914 sec
Elapsed time for households 14.2107 sec
Iteration 67
Elapsed time for kappa 37.8068 sec
Elapsed time for experts 14.9285 sec
Elapsed time for households 13.4909 sec
Iteration 68
Elapsed time for kappa 37.7720 sec
Elapsed time for experts 14.9947 sec
Elapsed time for households 13.6972 sec
Iteration 69
Elapsed time for kappa 37.3257 sec
Elapsed time for experts 14.8109 sec
Elapsed time for households 13.3859 sec
Iteration 70
Elapsed time for kappa 45.6850 sec
Elapsed time for experts 15.4687 sec
Elapsed time for households 14.1455 sec
Iteration 71
Elapsed time for kappa 39.0085 sec
Elapsed time for experts 15.4767 sec
Elapsed time for households 13.8362 sec
Iteration 72
Elapsed time for kappa 38.4555 sec
Elapsed time for experts 15.2188 sec
Elapsed time for households 13.7450 sec
Iteration 73
Elapsed time for kappa 37.7829 sec
Elapsed time for experts 14.8337 sec
Elapsed time for households 13.6531 sec
Iteration 74
Elapsed time for kappa 37.8624 sec
Elapsed time for experts 14.9951 sec
Elapsed time for households 13.5645 sec
Iteration 75
Elapsed time for kappa 37.6473 sec
Elapsed time for experts 21.1165 sec
Elapsed time for households 14.8988 sec
Iteration 76
Elapsed time for kappa 39.7259 sec
Elapsed time for experts 15.3414 sec
Elapsed time for households 13.8778 sec
Iteration 77
Elapsed time for kappa 40.0050 sec
Elapsed time for experts 15.2730 sec
Elapsed time for households 13.8892 sec
Iteration 78
Elapsed time for kappa 38.1241 sec
Elapsed time for experts 14.9137 sec
Elapsed time for households 13.5560 sec
Iteration 79
Elapsed time for kappa 38.2945 sec
Elapsed time for experts 15.0589 sec
Elapsed time for households 13.5718 sec
Iteration 80
Elapsed time for kappa 37.6581 sec
Elapsed time for experts 14.8742 sec
Elapsed time for households 13.3008 sec
Iteration 81
Elapsed time for kappa 46.3391 sec
Elapsed time for experts 16.0248 sec
Elapsed time for households 14.1439 sec
Iteration 82
Elapsed time for kappa 38.9201 sec
Elapsed time for experts 15.2824 sec
Elapsed time for households 13.8885 sec
Iteration 83
Elapsed time for kappa 38.1524 sec
Elapsed time for experts 15.0907 sec
Elapsed time for households 13.6747 sec
Iteration 84
Elapsed time for kappa 37.9029 sec
Elapsed time for experts 14.9748 sec
Elapsed time for households 14.0261 sec
Iteration 85
Elapsed time for kappa 38.4717 sec
Elapsed time for experts 15.0592 sec
Elapsed time for households 13.6842 sec
Iteration 86
Elapsed time for kappa 37.3235 sec
Elapsed time for experts 14.8099 sec
Elapsed time for households 13.8446 sec
Iteration 87
Elapsed time for kappa 48.0290 sec
Elapsed time for experts 15.7189 sec
Elapsed time for households 14.1327 sec
Iteration 88
Elapsed time for kappa 39.4256 sec
Elapsed time for experts 15.2009 sec
Elapsed time for households 14.0451 sec
Iteration 89
Elapsed time for kappa 38.6567 sec
Elapsed time for experts 15.2665 sec
Elapsed time for households 13.9353 sec
Iteration 90
Elapsed time for kappa 39.4584 sec
Elapsed time for experts 14.9285 sec
Elapsed time for households 13.5486 sec
Iteration 91
Elapsed time for kappa 37.6259 sec
Elapsed time for experts 15.0676 sec
Elapsed time for households 13.6075 sec
Iteration 92
Elapsed time for kappa 37.4612 sec
Elapsed time for experts 21.2224 sec
Elapsed time for households 14.9631 sec
Iteration 93
Elapsed time for kappa 38.7475 sec
Elapsed time for experts 15.2932 sec
Elapsed time for households 14.0113 sec
Iteration 94
Elapsed time for kappa 38.7692 sec
Elapsed time for experts 15.1373 sec
Elapsed time for households 13.9990 sec
Iteration 95
Elapsed time for kappa 38.0438 sec
Elapsed time for experts 15.4713 sec
Elapsed time for households 13.8337 sec
Iteration 96
Elapsed time for kappa 39.3329 sec
Elapsed time for experts 14.8931 sec
Elapsed time for households 13.7369 sec
Iteration 97
Elapsed time for kappa 37.7779 sec
Elapsed time for experts 14.8460 sec
Elapsed time for households 13.7023 sec
Iteration 98
Elapsed time for kappa 46.4401 sec
Elapsed time for experts 16.0599 sec
Elapsed time for households 14.3241 sec
Iteration 99
Elapsed time for kappa 38.9667 sec
Elapsed time for experts 15.3320 sec
Elapsed time for households 13.9513 sec
Iteration 100
Elapsed time for kappa 39.1804 sec
Elapsed time for experts 15.0798 sec
Elapsed time for households 14.0812 sec
Iteration 101
Elapsed time for kappa 38.2782 sec
Elapsed time for experts 14.9948 sec
Elapsed time for households 13.7617 sec
Iteration 102
Elapsed time for kappa 38.2288 sec
Elapsed time for experts 14.8878 sec
Elapsed time for households 13.6476 sec
Iteration 103
Elapsed time for kappa 37.6934 sec
Elapsed time for experts 15.4021 sec
Elapsed time for households 13.5228 sec
Iteration 104
Elapsed time for kappa 46.2184 sec
Elapsed time for experts 16.0683 sec
Elapsed time for households 10.7196 sec
Iteration 105
Elapsed time for kappa 40.6459 sec
Elapsed time for experts 15.2723 sec
Elapsed time for households 14.3682 sec
Iteration 106
Elapsed time for kappa 38.8165 sec
Elapsed time for experts 15.2654 sec
Elapsed time for households 13.9452 sec
Iteration 107
Elapsed time for kappa 38.1606 sec
Elapsed time for experts 15.0082 sec
Elapsed time for households 13.8649 sec
Iteration 108
Elapsed time for kappa 38.1373 sec
Elapsed time for experts 14.8942 sec
Elapsed time for households 13.5740 sec
Iteration 109
Elapsed time for kappa 37.4130 sec
Elapsed time for experts 14.9498 sec
Elapsed time for households 13.6489 sec
Iteration 110
Elapsed time for kappa 45.2603 sec
Elapsed time for experts 15.3292 sec
Elapsed time for households 13.9941 sec
Iteration 111
Elapsed time for kappa 39.4061 sec
Elapsed time for experts 15.2966 sec
Elapsed time for households 13.8073 sec
Iteration 112
Elapsed time for kappa 38.4653 sec
Elapsed time for experts 15.1152 sec
Elapsed time for households 13.7294 sec
Iteration 113
Elapsed time for kappa 38.0971 sec
Elapsed time for experts 15.2746 sec
Elapsed time for households 13.5614 sec
Iteration 114
Elapsed time for kappa 37.7109 sec
Elapsed time for experts 15.1674 sec
Elapsed time for households 13.4965 sec
Iteration 115
Elapsed time for kappa 37.2227 sec
Elapsed time for experts 21.2215 sec
Elapsed time for households 14.4940 sec
Iteration 116
Elapsed time for kappa 39.0256 sec
Elapsed time for experts 15.4284 sec
Elapsed time for households 14.1219 sec
Iteration 117
Elapsed time for kappa 38.9354 sec
Elapsed time for experts 15.3611 sec
Elapsed time for households 14.0062 sec
Iteration 118
Elapsed time for kappa 38.3292 sec
Elapsed time for experts 14.9103 sec
Elapsed time for households 14.2751 sec
Iteration 119
Elapsed time for kappa 37.7113 sec
Elapsed time for experts 15.0276 sec
Elapsed time for households 13.7049 sec
Iteration 120
Elapsed time for kappa 37.2835 sec
Elapsed time for experts 15.1419 sec
Elapsed time for households 13.5362 sec
Iteration 121
Elapsed time for kappa 46.8743 sec
Elapsed time for experts 16.0696 sec
Elapsed time for households 14.5292 sec
Iteration 122
Elapsed time for kappa 39.3460 sec
Elapsed time for experts 15.3727 sec
Elapsed time for households 13.9329 sec
Iteration 123
Elapsed time for kappa 38.4857 sec
Elapsed time for experts 15.1892 sec
Elapsed time for households 13.8940 sec
Iteration 124
Elapsed time for kappa 38.5364 sec
Elapsed time for experts 15.2739 sec
Elapsed time for households 14.0800 sec
Iteration 125
Elapsed time for kappa 37.7913 sec
Elapsed time for experts 14.9972 sec
Elapsed time for households 13.7450 sec
Iteration 126
Elapsed time for kappa 38.0322 sec
Elapsed time for experts 14.7093 sec
Elapsed time for households 13.3892 sec
Iteration 127
Elapsed time for kappa 46.1907 sec
Elapsed time for experts 15.6173 sec
Elapsed time for households 14.3641 sec
Iteration 128
Elapsed time for kappa 39.1225 sec
Elapsed time for experts 15.3198 sec
Elapsed time for households 13.9821 sec
Iteration 129
Elapsed time for kappa 38.7979 sec
Elapsed time for experts 15.0630 sec
Elapsed time for households 13.8240 sec
Iteration 130
Elapsed time for kappa 38.1396 sec
Elapsed time for experts 15.1504 sec
Elapsed time for households 13.9174 sec
Iteration 131
Elapsed time for kappa 37.9145 sec
Elapsed time for experts 15.0623 sec
Elapsed time for households 13.4389 sec
Iteration 132
Elapsed time for kappa 37.8125 sec
Elapsed time for experts 21.0892 sec
Elapsed time for households 14.7996 sec
Iteration 133
Elapsed time for kappa 39.5959 sec
Elapsed time for experts 15.6664 sec
Elapsed time for households 14.0462 sec
Iteration 134
Elapsed time for kappa 39.5483 sec
Elapsed time for experts 15.4992 sec
Elapsed time for households 14.0486 sec
Iteration 135
Elapsed time for kappa 38.2426 sec
Elapsed time for experts 15.1302 sec
Elapsed time for households 13.6541 sec
Iteration 136
Elapsed time for kappa 38.0999 sec
Elapsed time for experts 15.1348 sec
Elapsed time for households 13.6728 sec
Iteration 137
Elapsed time for kappa 37.8618 sec
Elapsed time for experts 14.8216 sec
Elapsed time for households 13.6974 sec
Iteration 138
Elapsed time for kappa 47.1041 sec
Elapsed time for experts 16.1022 sec
Elapsed time for households 14.7029 sec
Iteration 139
Elapsed time for kappa 39.5898 sec
Elapsed time for experts 15.3464 sec
Elapsed time for households 10.3535 sec
Iteration 140
Elapsed time for kappa 38.4797 sec
Elapsed time for experts 15.8499 sec
Elapsed time for households 13.9000 sec
Iteration 141
Elapsed time for kappa 38.4551 sec
Elapsed time for experts 15.5592 sec
Elapsed time for households 13.6722 sec
Iteration 142
Elapsed time for kappa 38.4093 sec
Elapsed time for experts 14.9613 sec
Elapsed time for households 13.6664 sec
Iteration 143
Elapsed time for kappa 37.6899 sec
Elapsed time for experts 14.8194 sec
Elapsed time for households 13.5480 sec
Iteration 144
Elapsed time for kappa 46.2541 sec
Elapsed time for experts 15.7073 sec
Elapsed time for households 14.5438 sec
Iteration 145
Elapsed time for kappa 39.0241 sec
Elapsed time for experts 15.3678 sec
Elapsed time for households 13.9666 sec
Iteration 146
Elapsed time for kappa 40.3231 sec
Elapsed time for experts 15.3663 sec
Elapsed time for households 13.8647 sec
Iteration 147
Elapsed time for kappa 40.3509 sec
Elapsed time for experts 15.0700 sec
Elapsed time for households 13.9666 sec
Iteration 148
Elapsed time for kappa 38.0547 sec
Elapsed time for experts 14.7820 sec
Elapsed time for households 13.4790 sec
Iteration 149
Elapsed time for kappa 38.2702 sec
Elapsed time for experts 21.1939 sec
Elapsed time for households 15.1486 sec
Iteration 150
Elapsed time for kappa 39.4538 sec
Elapsed time for experts 15.5199 sec
Elapsed time for households 14.9671 sec
Iteration 151
Elapsed time for kappa 39.3668 sec
Elapsed time for experts 15.2820 sec
Elapsed time for households 14.0617 sec
Iteration 152
Elapsed time for kappa 38.5327 sec
Elapsed time for experts 15.2892 sec
Elapsed time for households 13.7899 sec
Iteration 153
Elapsed time for kappa 38.0275 sec
Elapsed time for experts 15.1576 sec
Elapsed time for households 13.6414 sec
Iteration 154
Elapsed time for kappa 37.4938 sec
Elapsed time for experts 15.2245 sec
Elapsed time for households 13.4833 sec
Iteration 155
Elapsed time for kappa 47.0050 sec
Elapsed time for experts 16.4608 sec
Elapsed time for households 10.8153 sec
Iteration 156
Elapsed time for kappa 39.7511 sec
Elapsed time for experts 15.2584 sec
Elapsed time for households 13.9620 sec
Iteration 157
Elapsed time for kappa 39.7291 sec
Elapsed time for experts 15.4139 sec
Elapsed time for households 14.4385 sec
Iteration 158
Elapsed time for kappa 38.5041 sec
Elapsed time for experts 15.2026 sec
Elapsed time for households 13.8516 sec
Iteration 159
Elapsed time for kappa 38.0787 sec
Elapsed time for experts 15.2184 sec
Elapsed time for households 13.5999 sec
Iteration 160
Elapsed time for kappa 38.1251 sec
Elapsed time for experts 15.0137 sec
Elapsed time for households 13.5157 sec
Iteration 161
Elapsed time for kappa 46.7253 sec
Elapsed time for experts 16.0134 sec
Elapsed time for households 14.3771 sec
Iteration 162
Elapsed time for kappa 39.0369 sec
Elapsed time for experts 15.7264 sec
Elapsed time for households 14.0399 sec
Iteration 163
Elapsed time for kappa 38.5295 sec
Elapsed time for experts 15.3646 sec
Elapsed time for households 14.0531 sec
Iteration 164
Elapsed time for kappa 38.7037 sec
Elapsed time for experts 15.2039 sec
Elapsed time for households 13.7789 sec
Iteration 165
Elapsed time for kappa 38.1659 sec
Elapsed time for experts 15.1501 sec
Elapsed time for households 13.7028 sec
Iteration 166
Elapsed time for kappa 37.5207 sec
Elapsed time for experts 14.9192 sec
Elapsed time for households 19.8366 sec
Iteration 167
Elapsed time for kappa 39.7512 sec
Elapsed time for experts 15.6117 sec
Elapsed time for households 14.1861 sec
Iteration 168
Elapsed time for kappa 40.9458 sec
Elapsed time for experts 15.4657 sec
Elapsed time for households 13.9865 sec
Iteration 169
Elapsed time for kappa 38.9732 sec
Elapsed time for experts 15.0497 sec
Elapsed time for households 14.0612 sec
Iteration 170
Elapsed time for kappa 38.7655 sec
Elapsed time for experts 15.0577 sec
Elapsed time for households 13.6840 sec
Iteration 171
Elapsed time for kappa 37.4454 sec
Elapsed time for experts 15.2713 sec
Elapsed time for households 13.5596 sec
Iteration 172
Elapsed time for kappa 37.3443 sec
Elapsed time for experts 14.7178 sec
Elapsed time for households 20.8944 sec
Iteration 173
Elapsed time for kappa 40.8960 sec
Elapsed time for experts 15.6070 sec
Elapsed time for households 14.2744 sec
Iteration 174
Elapsed time for kappa 39.2979 sec
Elapsed time for experts 15.4224 sec
Elapsed time for households 13.9958 sec
Iteration 175
Elapsed time for kappa 39.3334 sec
Elapsed time for experts 15.2233 sec
Elapsed time for households 14.4316 sec
Iteration 176
Elapsed time for kappa 38.4674 sec
Elapsed time for experts 15.2635 sec
Elapsed time for households 13.7821 sec
Iteration 177
Elapsed time for kappa 37.6413 sec
Elapsed time for experts 15.1398 sec
Elapsed time for households 13.5562 sec
Iteration 178
Elapsed time for kappa 37.5857 sec
Elapsed time for experts 14.9271 sec
Elapsed time for households 20.8976 sec
Iteration 179
Elapsed time for kappa 39.9297 sec
Elapsed time for experts 15.6578 sec
Elapsed time for households 14.3644 sec
Iteration 180
Elapsed time for kappa 39.6569 sec
Elapsed time for experts 15.2946 sec
Elapsed time for households 13.9680 sec
Iteration 181
Elapsed time for kappa 39.4796 sec
Elapsed time for experts 15.2547 sec
Elapsed time for households 13.8936 sec
Iteration 182
Elapsed time for kappa 38.7291 sec
Elapsed time for experts 15.1466 sec
Elapsed time for households 13.6655 sec
Iteration 183
Elapsed time for kappa 37.9808 sec
Elapsed time for experts 15.0241 sec
Elapsed time for households 9.9763 sec
Iteration 184
Elapsed time for kappa 37.2063 sec
Elapsed time for experts 22.1673 sec
Elapsed time for households 14.6409 sec
Iteration 185
Elapsed time for kappa 40.2711 sec
Elapsed time for experts 15.5612 sec
Elapsed time for households 14.2036 sec
Iteration 186
Elapsed time for kappa 38.9711 sec
Elapsed time for experts 15.3811 sec
Elapsed time for households 14.0510 sec
Iteration 187
Elapsed time for kappa 39.1545 sec
Elapsed time for experts 15.1600 sec
Elapsed time for households 13.9852 sec
Iteration 188
Elapsed time for kappa 38.5381 sec
Elapsed time for experts 14.9418 sec
Elapsed time for households 13.9233 sec
Iteration 189
Elapsed time for kappa 38.3299 sec
Elapsed time for experts 14.8451 sec
Elapsed time for households 13.6335 sec
Iteration 190
Elapsed time for kappa 38.0213 sec
Elapsed time for experts 22.0531 sec
Elapsed time for households 14.7027 sec
Iteration 191
Elapsed time for kappa 40.1129 sec
Elapsed time for experts 15.5082 sec
Elapsed time for households 14.2480 sec
Iteration 192
Elapsed time for kappa 39.4438 sec
Elapsed time for experts 15.2488 sec
Elapsed time for households 13.9707 sec
Iteration 193
Elapsed time for kappa 39.0765 sec
Elapsed time for experts 15.0995 sec
Elapsed time for households 14.0528 sec
Iteration 194
Elapsed time for kappa 38.5596 sec
Elapsed time for experts 15.0958 sec
Elapsed time for households 13.8273 sec
Iteration 195
Elapsed time for kappa 37.9893 sec
Elapsed time for experts 14.9410 sec
Elapsed time for households 13.6874 sec
Iteration 196
Elapsed time for kappa 47.0711 sec
Elapsed time for experts 16.2371 sec
Elapsed time for households 14.5851 sec
Iteration 197
Elapsed time for kappa 40.0929 sec
Elapsed time for experts 15.9726 sec
Elapsed time for households 14.1485 sec
Iteration 198
Elapsed time for kappa 38.9878 sec
Elapsed time for experts 15.4371 sec
Elapsed time for households 13.9053 sec
Iteration 199
Elapsed time for kappa 39.1684 sec
Elapsed time for experts 15.1660 sec
Elapsed time for households 13.6982 sec
Elapsed time for training 13768.0414 sec
