/tmp/slurmd/job22880353/slurm_script: line 19: deactivate: No such file or directory
Iteration 0
Elapsed time for kappa 75.6551 sec
Elapsed time for experts 20.1224 sec
Elapsed time for households 15.7265 sec
Iteration 1
Elapsed time for kappa 38.6102 sec
Elapsed time for experts 16.2196 sec
Elapsed time for households 12.9411 sec
Iteration 2
Elapsed time for kappa 38.5512 sec
Elapsed time for experts 13.8572 sec
Elapsed time for households 12.7053 sec
Iteration 3
Elapsed time for kappa 38.3764 sec
Elapsed time for experts 13.7106 sec
Elapsed time for households 12.5532 sec
Iteration 4
Elapsed time for kappa 36.5572 sec
Elapsed time for experts 13.6033 sec
Elapsed time for households 12.5650 sec
Iteration 5
Elapsed time for kappa 37.4574 sec
Elapsed time for experts 13.8152 sec
Elapsed time for households 12.5773 sec
Iteration 6
Elapsed time for kappa 37.9805 sec
Elapsed time for experts 13.8952 sec
Elapsed time for households 12.5457 sec
Iteration 7
Elapsed time for kappa 44.4470 sec
Elapsed time for experts 14.2166 sec
Elapsed time for households 12.7043 sec
Iteration 8
Elapsed time for kappa 38.4890 sec
Elapsed time for experts 13.8674 sec
Elapsed time for households 12.5486 sec
Iteration 9
Elapsed time for kappa 37.8639 sec
Elapsed time for experts 13.8170 sec
Elapsed time for households 12.5946 sec
Iteration 10
Elapsed time for kappa 36.3485 sec
Elapsed time for experts 13.7461 sec
Elapsed time for households 12.5239 sec
Iteration 11
Elapsed time for kappa 37.4949 sec
Elapsed time for experts 13.8225 sec
Elapsed time for households 12.1544 sec
Iteration 12
Elapsed time for kappa 38.1256 sec
Elapsed time for experts 18.8715 sec
Elapsed time for households 13.2843 sec
Iteration 13
Elapsed time for kappa 36.5922 sec
Elapsed time for experts 13.9880 sec
Elapsed time for households 12.6948 sec
Iteration 14
Elapsed time for kappa 36.5231 sec
Elapsed time for experts 13.9172 sec
Elapsed time for households 12.6011 sec
Iteration 15
Elapsed time for kappa 38.1562 sec
Elapsed time for experts 13.7301 sec
Elapsed time for households 12.5415 sec
Iteration 16
Elapsed time for kappa 37.6089 sec
Elapsed time for experts 13.8592 sec
Elapsed time for households 12.4872 sec
Iteration 17
Elapsed time for kappa 36.3819 sec
Elapsed time for experts 13.7695 sec
Elapsed time for households 12.4316 sec
Iteration 18
Elapsed time for kappa 45.4884 sec
Elapsed time for experts 14.7624 sec
Elapsed time for households 12.8312 sec
Iteration 19
Elapsed time for kappa 38.8450 sec
Elapsed time for experts 13.5657 sec
Elapsed time for households 13.0769 sec
Iteration 20
Elapsed time for kappa 38.7882 sec
Elapsed time for experts 13.9384 sec
Elapsed time for households 12.6474 sec
Iteration 21
Elapsed time for kappa 37.7831 sec
Elapsed time for experts 13.9948 sec
Elapsed time for households 12.4580 sec
Iteration 22
Elapsed time for kappa 36.5771 sec
Elapsed time for experts 13.7729 sec
Elapsed time for households 12.4141 sec
Iteration 23
Elapsed time for kappa 38.1008 sec
Elapsed time for experts 13.7244 sec
Elapsed time for households 19.2437 sec
Iteration 24
Elapsed time for kappa 39.2874 sec
Elapsed time for experts 14.1771 sec
Elapsed time for households 12.8611 sec
Iteration 25
Elapsed time for kappa 38.5231 sec
Elapsed time for experts 14.0447 sec
Elapsed time for households 12.5641 sec
Iteration 26
Elapsed time for kappa 38.3677 sec
Elapsed time for experts 13.9552 sec
Elapsed time for households 12.6330 sec
Iteration 27
Elapsed time for kappa 38.3860 sec
Elapsed time for experts 13.8734 sec
Elapsed time for households 12.3222 sec
Iteration 28
Elapsed time for kappa 37.5515 sec
Elapsed time for experts 13.9767 sec
Elapsed time for households 12.4142 sec
Iteration 29
Elapsed time for kappa 36.5001 sec
Elapsed time for experts 21.0736 sec
Elapsed time for households 13.3036 sec
Iteration 30
Elapsed time for kappa 39.2867 sec
Elapsed time for experts 14.0462 sec
Elapsed time for households 12.7823 sec
Iteration 31
Elapsed time for kappa 38.6544 sec
Elapsed time for experts 14.1301 sec
Elapsed time for households 12.6796 sec
Iteration 32
Elapsed time for kappa 38.5484 sec
Elapsed time for experts 13.9833 sec
Elapsed time for households 12.6845 sec
Iteration 33
Elapsed time for kappa 36.8571 sec
Elapsed time for experts 13.7442 sec
Elapsed time for households 12.5652 sec
Iteration 34
Elapsed time for kappa 37.9140 sec
Elapsed time for experts 13.6949 sec
Elapsed time for households 12.6221 sec
Iteration 35
Elapsed time for kappa 46.9708 sec
Elapsed time for experts 14.7433 sec
Elapsed time for households 13.0973 sec
Iteration 36
Elapsed time for kappa 39.0378 sec
Elapsed time for experts 14.0356 sec
Elapsed time for households 12.8747 sec
Iteration 37
Elapsed time for kappa 38.5792 sec
Elapsed time for experts 13.8830 sec
Elapsed time for households 12.7121 sec
Iteration 38
Elapsed time for kappa 38.0494 sec
Elapsed time for experts 13.8428 sec
Elapsed time for households 12.5126 sec
Iteration 39
Elapsed time for kappa 38.1756 sec
Elapsed time for experts 13.3591 sec
Elapsed time for households 12.6887 sec
Iteration 40
Elapsed time for kappa 37.4778 sec
Elapsed time for experts 13.9439 sec
Elapsed time for households 12.4515 sec
Iteration 41
Elapsed time for kappa 46.6656 sec
Elapsed time for experts 14.6633 sec
Elapsed time for households 13.0963 sec
Iteration 42
Elapsed time for kappa 39.2537 sec
Elapsed time for experts 14.0449 sec
Elapsed time for households 12.8152 sec
Iteration 43
Elapsed time for kappa 38.5382 sec
Elapsed time for experts 13.9476 sec
Elapsed time for households 12.6144 sec
Iteration 44
Elapsed time for kappa 38.1222 sec
Elapsed time for experts 13.7836 sec
Elapsed time for households 12.7488 sec
Iteration 45
Elapsed time for kappa 38.0161 sec
Elapsed time for experts 13.8857 sec
Elapsed time for households 12.6420 sec
Iteration 46
Elapsed time for kappa 37.5406 sec
Elapsed time for experts 13.3621 sec
Elapsed time for households 19.0896 sec
Iteration 47
Elapsed time for kappa 37.8896 sec
Elapsed time for experts 14.2890 sec
Elapsed time for households 12.9282 sec
Iteration 48
Elapsed time for kappa 39.0051 sec
Elapsed time for experts 14.0267 sec
Elapsed time for households 12.8176 sec
Iteration 49
Elapsed time for kappa 38.1630 sec
Elapsed time for experts 13.9656 sec
Elapsed time for households 12.5458 sec
Iteration 50
Elapsed time for kappa 37.9783 sec
Elapsed time for experts 13.8292 sec
Elapsed time for households 12.6133 sec
Iteration 51
Elapsed time for kappa 37.6915 sec
Elapsed time for experts 13.8685 sec
Elapsed time for households 12.4437 sec
Iteration 52
Elapsed time for kappa 37.5293 sec
Elapsed time for experts 21.4610 sec
Elapsed time for households 13.4376 sec
Iteration 53
Elapsed time for kappa 39.0422 sec
Elapsed time for experts 14.1985 sec
Elapsed time for households 13.0814 sec
Iteration 54
Elapsed time for kappa 38.4745 sec
Elapsed time for experts 13.6370 sec
Elapsed time for households 12.9547 sec
Iteration 55
Elapsed time for kappa 38.1063 sec
Elapsed time for experts 13.8942 sec
Elapsed time for households 12.7601 sec
Iteration 56
Elapsed time for kappa 37.8693 sec
Elapsed time for experts 13.9314 sec
Elapsed time for households 12.5780 sec
Iteration 57
Elapsed time for kappa 36.5871 sec
Elapsed time for experts 13.2865 sec
Elapsed time for households 12.6256 sec
Iteration 58
Elapsed time for kappa 46.1900 sec
Elapsed time for experts 14.6376 sec
Elapsed time for households 13.2899 sec
Iteration 59
Elapsed time for kappa 38.7836 sec
Elapsed time for experts 13.5961 sec
Elapsed time for households 12.9580 sec
Iteration 60
Elapsed time for kappa 36.9652 sec
Elapsed time for experts 14.2565 sec
Elapsed time for households 12.7250 sec
Iteration 61
Elapsed time for kappa 37.8938 sec
Elapsed time for experts 13.6622 sec
Elapsed time for households 12.7248 sec
Iteration 62
Elapsed time for kappa 37.8982 sec
Elapsed time for experts 13.8058 sec
Elapsed time for households 12.2393 sec
Iteration 63
Elapsed time for kappa 37.8062 sec
Elapsed time for experts 13.3112 sec
Elapsed time for households 19.1935 sec
Iteration 64
Elapsed time for kappa 39.4995 sec
Elapsed time for experts 14.5403 sec
Elapsed time for households 13.2254 sec
Iteration 65
Elapsed time for kappa 37.2478 sec
Elapsed time for experts 14.0402 sec
Elapsed time for households 12.9617 sec
Iteration 66
Elapsed time for kappa 36.7762 sec
Elapsed time for experts 14.1788 sec
Elapsed time for households 12.7190 sec
Iteration 67
Elapsed time for kappa 38.1171 sec
Elapsed time for experts 13.8153 sec
Elapsed time for households 12.2899 sec
Iteration 68
Elapsed time for kappa 37.4498 sec
Elapsed time for experts 13.8812 sec
Elapsed time for households 12.5718 sec
Iteration 69
Elapsed time for kappa 37.4266 sec
Elapsed time for experts 21.7077 sec
Elapsed time for households 13.4445 sec
Iteration 70
Elapsed time for kappa 39.3878 sec
Elapsed time for experts 14.4094 sec
Elapsed time for households 12.9632 sec
Iteration 71
Elapsed time for kappa 37.7965 sec
Elapsed time for experts 14.2645 sec
Elapsed time for households 12.9673 sec
Iteration 72
Elapsed time for kappa 38.7300 sec
Elapsed time for experts 14.0648 sec
Elapsed time for households 12.7337 sec
Iteration 73
Elapsed time for kappa 38.9795 sec
Elapsed time for experts 13.4841 sec
Elapsed time for households 12.7869 sec
Iteration 74
Elapsed time for kappa 37.9703 sec
Elapsed time for experts 13.3443 sec
Elapsed time for households 12.6340 sec
Iteration 75
Elapsed time for kappa 46.5213 sec
Elapsed time for experts 14.9873 sec
Elapsed time for households 13.2671 sec
Iteration 76
Elapsed time for kappa 38.9404 sec
Elapsed time for experts 14.2212 sec
Elapsed time for households 12.8081 sec
Iteration 77
Elapsed time for kappa 39.0344 sec
Elapsed time for experts 14.1864 sec
Elapsed time for households 12.8720 sec
Iteration 78
Elapsed time for kappa 38.8542 sec
Elapsed time for experts 13.7733 sec
Elapsed time for households 12.7989 sec
Iteration 79
Elapsed time for kappa 38.0032 sec
Elapsed time for experts 13.8189 sec
Elapsed time for households 12.5919 sec
Iteration 80
Elapsed time for kappa 37.9650 sec
Elapsed time for experts 13.9328 sec
Elapsed time for households 19.3155 sec
Iteration 81
Elapsed time for kappa 39.9526 sec
Elapsed time for experts 14.4667 sec
Elapsed time for households 13.0446 sec
Iteration 82
Elapsed time for kappa 38.9695 sec
Elapsed time for experts 14.1856 sec
Elapsed time for households 12.9134 sec
Iteration 83
Elapsed time for kappa 38.6766 sec
Elapsed time for experts 14.1582 sec
Elapsed time for households 12.7192 sec
Iteration 84
Elapsed time for kappa 38.3917 sec
Elapsed time for experts 13.9213 sec
Elapsed time for households 12.8289 sec
Iteration 85
Elapsed time for kappa 37.7987 sec
Elapsed time for experts 13.8964 sec
Elapsed time for households 12.6660 sec
Iteration 86
Elapsed time for kappa 37.8451 sec
Elapsed time for experts 21.5278 sec
Elapsed time for households 13.7443 sec
Iteration 87
Elapsed time for kappa 39.6760 sec
Elapsed time for experts 14.4893 sec
Elapsed time for households 12.9945 sec
Iteration 88
Elapsed time for kappa 39.3477 sec
Elapsed time for experts 14.0921 sec
Elapsed time for households 13.1017 sec
Iteration 89
Elapsed time for kappa 37.3597 sec
Elapsed time for experts 14.2280 sec
Elapsed time for households 12.8070 sec
Iteration 90
Elapsed time for kappa 38.7807 sec
Elapsed time for experts 13.8050 sec
Elapsed time for households 12.5346 sec
Iteration 91
Elapsed time for kappa 36.8721 sec
Elapsed time for experts 13.9807 sec
Elapsed time for households 12.5970 sec
Iteration 92
Elapsed time for kappa 46.8476 sec
Elapsed time for experts 15.1304 sec
Elapsed time for households 13.3836 sec
Iteration 93
Elapsed time for kappa 39.5202 sec
Elapsed time for experts 14.0237 sec
Elapsed time for households 12.9505 sec
Iteration 94
Elapsed time for kappa 39.2273 sec
Elapsed time for experts 14.1582 sec
Elapsed time for households 12.4546 sec
Iteration 95
Elapsed time for kappa 38.5278 sec
Elapsed time for experts 13.9320 sec
Elapsed time for households 12.4514 sec
Iteration 96
Elapsed time for kappa 37.8533 sec
Elapsed time for experts 13.8481 sec
Elapsed time for households 12.7189 sec
Iteration 97
Elapsed time for kappa 38.3436 sec
Elapsed time for experts 13.7606 sec
Elapsed time for households 12.5262 sec
Iteration 98
Elapsed time for kappa 46.8803 sec
Elapsed time for experts 14.9113 sec
Elapsed time for households 13.1285 sec
Iteration 99
Elapsed time for kappa 39.7870 sec
Elapsed time for experts 14.2749 sec
Elapsed time for households 13.2543 sec
Iteration 100
Elapsed time for kappa 38.8572 sec
Elapsed time for experts 14.4064 sec
Elapsed time for households 12.8971 sec
Iteration 101
Elapsed time for kappa 38.7440 sec
Elapsed time for experts 14.0784 sec
Elapsed time for households 12.9051 sec
Iteration 102
Elapsed time for kappa 38.0988 sec
Elapsed time for experts 13.9497 sec
Elapsed time for households 12.7166 sec
Iteration 103
Elapsed time for kappa 37.7157 sec
Elapsed time for experts 20.8304 sec
Elapsed time for households 13.7634 sec
Iteration 104
Elapsed time for kappa 39.4810 sec
Elapsed time for experts 14.5744 sec
Elapsed time for households 13.1166 sec
Iteration 105
Elapsed time for kappa 39.2014 sec
Elapsed time for experts 14.2544 sec
Elapsed time for households 12.8376 sec
Iteration 106
Elapsed time for kappa 38.5936 sec
Elapsed time for experts 14.1061 sec
Elapsed time for households 12.7334 sec
Iteration 107
Elapsed time for kappa 38.2552 sec
Elapsed time for experts 13.9498 sec
Elapsed time for households 12.7587 sec
Iteration 108
Elapsed time for kappa 38.1673 sec
Elapsed time for experts 13.8727 sec
Elapsed time for households 12.5637 sec
Iteration 109
Elapsed time for kappa 47.2196 sec
Elapsed time for experts 15.1869 sec
Elapsed time for households 13.4328 sec
Iteration 110
Elapsed time for kappa 39.4647 sec
Elapsed time for experts 14.2816 sec
Elapsed time for households 12.9986 sec
Iteration 111
Elapsed time for kappa 39.1501 sec
Elapsed time for experts 13.9769 sec
Elapsed time for households 12.9832 sec
Iteration 112
Elapsed time for kappa 38.3787 sec
Elapsed time for experts 13.5729 sec
Elapsed time for households 12.8891 sec
Iteration 113
Elapsed time for kappa 38.5577 sec
Elapsed time for experts 13.9814 sec
Elapsed time for households 12.5708 sec
Iteration 114
Elapsed time for kappa 38.1089 sec
Elapsed time for experts 13.7848 sec
Elapsed time for households 12.6457 sec
Iteration 115
Elapsed time for kappa 47.2400 sec
Elapsed time for experts 15.2821 sec
Elapsed time for households 13.4049 sec
Iteration 116
Elapsed time for kappa 39.2084 sec
Elapsed time for experts 14.3310 sec
Elapsed time for households 12.5579 sec
Iteration 117
Elapsed time for kappa 39.2148 sec
Elapsed time for experts 14.2600 sec
Elapsed time for households 13.0375 sec
Iteration 118
Elapsed time for kappa 38.7438 sec
Elapsed time for experts 14.3812 sec
Elapsed time for households 12.7337 sec
Iteration 119
Elapsed time for kappa 37.9323 sec
Elapsed time for experts 14.0155 sec
Elapsed time for households 12.6940 sec
Iteration 120
Elapsed time for kappa 36.5679 sec
Elapsed time for experts 13.7897 sec
Elapsed time for households 19.3976 sec
Iteration 121
Elapsed time for kappa 39.9452 sec
Elapsed time for experts 14.6163 sec
Elapsed time for households 13.0929 sec
Iteration 122
Elapsed time for kappa 39.4154 sec
Elapsed time for experts 14.1970 sec
Elapsed time for households 12.9486 sec
Iteration 123
Elapsed time for kappa 39.2512 sec
Elapsed time for experts 14.1725 sec
Elapsed time for households 12.4099 sec
Iteration 124
Elapsed time for kappa 38.3658 sec
Elapsed time for experts 14.0209 sec
Elapsed time for households 12.8180 sec
Iteration 125
Elapsed time for kappa 38.2449 sec
Elapsed time for experts 13.9851 sec
Elapsed time for households 12.3902 sec
Iteration 126
Elapsed time for kappa 37.8276 sec
Elapsed time for experts 21.7164 sec
Elapsed time for households 13.9493 sec
Iteration 127
Elapsed time for kappa 39.9179 sec
Elapsed time for experts 14.5244 sec
Elapsed time for households 13.2347 sec
Iteration 128
Elapsed time for kappa 39.2881 sec
Elapsed time for experts 14.2016 sec
Elapsed time for households 13.2695 sec
Iteration 129
Elapsed time for kappa 38.7983 sec
Elapsed time for experts 14.1508 sec
Elapsed time for households 12.8824 sec
Iteration 130
Elapsed time for kappa 37.2008 sec
Elapsed time for experts 14.0673 sec
Elapsed time for households 12.7994 sec
Iteration 131
Elapsed time for kappa 38.4218 sec
Elapsed time for experts 13.8851 sec
Elapsed time for households 12.6403 sec
Iteration 132
Elapsed time for kappa 47.3424 sec
Elapsed time for experts 15.2231 sec
Elapsed time for households 13.4119 sec
Iteration 133
Elapsed time for kappa 39.3777 sec
Elapsed time for experts 14.3721 sec
Elapsed time for households 12.9965 sec
Iteration 134
Elapsed time for kappa 38.9873 sec
Elapsed time for experts 14.3372 sec
Elapsed time for households 12.9351 sec
Iteration 135
Elapsed time for kappa 39.2439 sec
Elapsed time for experts 14.0631 sec
Elapsed time for households 12.8114 sec
Iteration 136
Elapsed time for kappa 38.1537 sec
Elapsed time for experts 14.0757 sec
Elapsed time for households 12.5508 sec
Iteration 137
Elapsed time for kappa 37.9348 sec
Elapsed time for experts 13.8635 sec
Elapsed time for households 12.6718 sec
Iteration 138
Elapsed time for kappa 46.0587 sec
Elapsed time for experts 14.5921 sec
Elapsed time for households 13.4463 sec
Iteration 139
Elapsed time for kappa 39.5868 sec
Elapsed time for experts 13.8985 sec
Elapsed time for households 13.0958 sec
Iteration 140
Elapsed time for kappa 39.1270 sec
Elapsed time for experts 14.0207 sec
Elapsed time for households 13.0056 sec
Iteration 141
Elapsed time for kappa 38.5775 sec
Elapsed time for experts 14.0698 sec
Elapsed time for households 12.8959 sec
Iteration 142
Elapsed time for kappa 38.3362 sec
Elapsed time for experts 13.9426 sec
Elapsed time for households 12.6376 sec
Iteration 143
Elapsed time for kappa 38.0414 sec
Elapsed time for experts 20.1198 sec
Elapsed time for households 13.9079 sec
Iteration 144
Elapsed time for kappa 39.6999 sec
Elapsed time for experts 14.6858 sec
Elapsed time for households 13.0895 sec
Iteration 145
Elapsed time for kappa 39.1599 sec
Elapsed time for experts 14.4044 sec
Elapsed time for households 13.1001 sec
Iteration 146
Elapsed time for kappa 38.6817 sec
Elapsed time for experts 14.2446 sec
Elapsed time for households 12.7371 sec
Iteration 147
Elapsed time for kappa 38.6249 sec
Elapsed time for experts 13.5562 sec
Elapsed time for households 12.2398 sec
Iteration 148
Elapsed time for kappa 38.3890 sec
Elapsed time for experts 13.8874 sec
Elapsed time for households 12.5967 sec
Iteration 149
Elapsed time for kappa 47.6337 sec
Elapsed time for experts 15.3690 sec
Elapsed time for households 13.4951 sec
Iteration 150
Elapsed time for kappa 39.5500 sec
Elapsed time for experts 14.4533 sec
Elapsed time for households 13.0574 sec
Iteration 151
Elapsed time for kappa 39.6400 sec
Elapsed time for experts 14.2613 sec
Elapsed time for households 13.0914 sec
Iteration 152
Elapsed time for kappa 39.1267 sec
Elapsed time for experts 13.9761 sec
Elapsed time for households 12.9204 sec
Iteration 153
Elapsed time for kappa 38.3427 sec
Elapsed time for experts 13.9110 sec
Elapsed time for households 12.7709 sec
Iteration 154
Elapsed time for kappa 37.9577 sec
Elapsed time for experts 13.8791 sec
Elapsed time for households 12.5692 sec
Iteration 155
Elapsed time for kappa 47.9982 sec
Elapsed time for experts 14.8141 sec
Elapsed time for households 13.5019 sec
Iteration 156
Elapsed time for kappa 40.0043 sec
Elapsed time for experts 13.8647 sec
Elapsed time for households 13.1108 sec
Iteration 157
Elapsed time for kappa 39.5789 sec
Elapsed time for experts 14.3686 sec
Elapsed time for households 13.0032 sec
Iteration 158
Elapsed time for kappa 39.1565 sec
Elapsed time for experts 14.1860 sec
Elapsed time for households 12.8742 sec
Iteration 159
Elapsed time for kappa 38.5567 sec
Elapsed time for experts 14.1379 sec
Elapsed time for households 12.6913 sec
Iteration 160
Elapsed time for kappa 38.0692 sec
Elapsed time for experts 13.8398 sec
Elapsed time for households 19.6525 sec
Iteration 161
Elapsed time for kappa 40.6376 sec
Elapsed time for experts 14.6837 sec
Elapsed time for households 13.3495 sec
Iteration 162
Elapsed time for kappa 39.8270 sec
Elapsed time for experts 14.4532 sec
Elapsed time for households 13.1103 sec
Iteration 163
Elapsed time for kappa 39.4003 sec
Elapsed time for experts 14.2763 sec
Elapsed time for households 13.0670 sec
Iteration 164
Elapsed time for kappa 38.8214 sec
Elapsed time for experts 13.9663 sec
Elapsed time for households 12.7859 sec
Iteration 165
Elapsed time for kappa 37.9991 sec
Elapsed time for experts 13.4374 sec
Elapsed time for households 12.1157 sec
Iteration 166
Elapsed time for kappa 38.0669 sec
Elapsed time for experts 21.8585 sec
Elapsed time for households 13.8209 sec
Iteration 167
Elapsed time for kappa 40.5962 sec
Elapsed time for experts 14.1583 sec
Elapsed time for households 13.2333 sec
Iteration 168
Elapsed time for kappa 39.4320 sec
Elapsed time for experts 14.2928 sec
Elapsed time for households 13.2045 sec
Iteration 169
Elapsed time for kappa 39.3227 sec
Elapsed time for experts 14.2697 sec
Elapsed time for households 13.0262 sec
Iteration 170
Elapsed time for kappa 38.6397 sec
Elapsed time for experts 14.1472 sec
Elapsed time for households 12.7973 sec
Iteration 171
Elapsed time for kappa 38.5106 sec
Elapsed time for experts 13.6076 sec
Elapsed time for households 12.6074 sec
Iteration 172
Elapsed time for kappa 36.6574 sec
Elapsed time for experts 21.1858 sec
Elapsed time for households 13.7110 sec
Iteration 173
Elapsed time for kappa 40.4874 sec
Elapsed time for experts 14.7112 sec
Elapsed time for households 13.2693 sec
Iteration 174
Elapsed time for kappa 39.3515 sec
Elapsed time for experts 14.5045 sec
Elapsed time for households 12.4784 sec
Iteration 175
Elapsed time for kappa 39.4883 sec
Elapsed time for experts 14.4039 sec
Elapsed time for households 13.0112 sec
Iteration 176
Elapsed time for kappa 38.5264 sec
Elapsed time for experts 14.0127 sec
Elapsed time for households 12.7481 sec
Iteration 177
Elapsed time for kappa 38.4660 sec
Elapsed time for experts 13.9690 sec
Elapsed time for households 12.6436 sec
Iteration 178
Elapsed time for kappa 48.0012 sec
Elapsed time for experts 15.3397 sec
Elapsed time for households 13.6816 sec
Iteration 179
Elapsed time for kappa 39.9952 sec
Elapsed time for experts 14.3530 sec
Elapsed time for households 13.3203 sec
Iteration 180
Elapsed time for kappa 38.9688 sec
Elapsed time for experts 14.3911 sec
Elapsed time for households 12.9523 sec
Iteration 181
Elapsed time for kappa 39.0707 sec
Elapsed time for experts 14.2031 sec
Elapsed time for households 12.7180 sec
Iteration 182
Elapsed time for kappa 38.6430 sec
Elapsed time for experts 13.8973 sec
Elapsed time for households 12.6968 sec
Iteration 183
Elapsed time for kappa 36.4734 sec
Elapsed time for experts 13.9723 sec
Elapsed time for households 12.2121 sec
Iteration 184
Elapsed time for kappa 47.6142 sec
Elapsed time for experts 14.9049 sec
Elapsed time for households 13.5717 sec
Iteration 185
Elapsed time for kappa 39.5380 sec
Elapsed time for experts 14.6231 sec
Elapsed time for households 13.2378 sec
Iteration 186
Elapsed time for kappa 39.2906 sec
Elapsed time for experts 14.2811 sec
Elapsed time for households 12.9777 sec
Iteration 187
Elapsed time for kappa 38.9530 sec
Elapsed time for experts 14.2009 sec
Elapsed time for households 12.8828 sec
Iteration 188
Elapsed time for kappa 38.8370 sec
Elapsed time for experts 14.0512 sec
Elapsed time for households 12.8578 sec
Iteration 189
Elapsed time for kappa 37.9169 sec
Elapsed time for experts 13.9831 sec
Elapsed time for households 19.6596 sec
Iteration 190
Elapsed time for kappa 40.7549 sec
Elapsed time for experts 14.9277 sec
Elapsed time for households 12.9895 sec
Iteration 191
Elapsed time for kappa 39.6882 sec
Elapsed time for experts 14.5258 sec
Elapsed time for households 13.1142 sec
Iteration 192
Elapsed time for kappa 38.9928 sec
Elapsed time for experts 14.2937 sec
Elapsed time for households 13.0556 sec
Iteration 193
Elapsed time for kappa 38.6013 sec
Elapsed time for experts 14.1567 sec
Elapsed time for households 12.8231 sec
Iteration 194
Elapsed time for kappa 38.4006 sec
Elapsed time for experts 13.4984 sec
Elapsed time for households 12.8561 sec
Iteration 195
Elapsed time for kappa 38.1596 sec
Elapsed time for experts 13.8449 sec
Elapsed time for households 20.5919 sec
Iteration 196
Elapsed time for kappa 40.5562 sec
Elapsed time for experts 14.9520 sec
Elapsed time for households 13.2788 sec
Iteration 197
Elapsed time for kappa 40.1030 sec
Elapsed time for experts 14.6054 sec
Elapsed time for households 13.1915 sec
Iteration 198
Elapsed time for kappa 37.8050 sec
Elapsed time for experts 14.2297 sec
Elapsed time for households 13.0219 sec
Iteration 199
Elapsed time for kappa 38.8826 sec
Elapsed time for experts 14.2134 sec
Elapsed time for households 12.4144 sec
Elapsed time for training 13412.9913 sec
