/tmp/slurmd/job22880406/slurm_script: line 19: deactivate: No such file or directory
Iteration 0
Elapsed time for kappa 75.2229 sec
Elapsed time for experts 19.9707 sec
Elapsed time for households 15.3681 sec
Iteration 1
Elapsed time for kappa 37.9349 sec
Elapsed time for experts 16.0841 sec
Elapsed time for households 13.0187 sec
Iteration 2
Elapsed time for kappa 37.5269 sec
Elapsed time for experts 13.6454 sec
Elapsed time for households 12.5466 sec
Iteration 3
Elapsed time for kappa 37.1176 sec
Elapsed time for experts 13.5983 sec
Elapsed time for households 12.4304 sec
Iteration 4
Elapsed time for kappa 37.2734 sec
Elapsed time for experts 13.5512 sec
Elapsed time for households 12.3760 sec
Iteration 5
Elapsed time for kappa 37.3880 sec
Elapsed time for experts 13.5951 sec
Elapsed time for households 12.3839 sec
Iteration 6
Elapsed time for kappa 37.3883 sec
Elapsed time for experts 13.5991 sec
Elapsed time for households 12.4188 sec
Iteration 7
Elapsed time for kappa 44.3339 sec
Elapsed time for experts 14.6153 sec
Elapsed time for households 12.9124 sec
Iteration 8
Elapsed time for kappa 37.7739 sec
Elapsed time for experts 13.6233 sec
Elapsed time for households 12.4734 sec
Iteration 9
Elapsed time for kappa 37.3675 sec
Elapsed time for experts 13.7165 sec
Elapsed time for households 12.3770 sec
Iteration 10
Elapsed time for kappa 37.5482 sec
Elapsed time for experts 13.9534 sec
Elapsed time for households 12.3522 sec
Iteration 11
Elapsed time for kappa 37.6070 sec
Elapsed time for experts 13.7643 sec
Elapsed time for households 12.2869 sec
Iteration 12
Elapsed time for kappa 37.6476 sec
Elapsed time for experts 13.6661 sec
Elapsed time for households 12.3614 sec
Iteration 13
Elapsed time for kappa 45.1997 sec
Elapsed time for experts 14.1138 sec
Elapsed time for households 12.5867 sec
Iteration 14
Elapsed time for kappa 37.9010 sec
Elapsed time for experts 13.7388 sec
Elapsed time for households 12.3863 sec
Iteration 15
Elapsed time for kappa 37.7126 sec
Elapsed time for experts 13.6413 sec
Elapsed time for households 12.4714 sec
Iteration 16
Elapsed time for kappa 37.9641 sec
Elapsed time for experts 13.7101 sec
Elapsed time for households 12.3943 sec
Iteration 17
Elapsed time for kappa 37.6908 sec
Elapsed time for experts 13.6112 sec
Elapsed time for households 12.3734 sec
Iteration 18
Elapsed time for kappa 37.6129 sec
Elapsed time for experts 19.6930 sec
Elapsed time for households 13.0532 sec
Iteration 19
Elapsed time for kappa 38.9182 sec
Elapsed time for experts 13.9864 sec
Elapsed time for households 12.6289 sec
Iteration 20
Elapsed time for kappa 38.1543 sec
Elapsed time for experts 13.6354 sec
Elapsed time for households 12.4927 sec
Iteration 21
Elapsed time for kappa 37.8372 sec
Elapsed time for experts 13.2587 sec
Elapsed time for households 12.3865 sec
Iteration 22
Elapsed time for kappa 37.7526 sec
Elapsed time for experts 13.7875 sec
Elapsed time for households 12.3797 sec
Iteration 23
Elapsed time for kappa 37.7946 sec
Elapsed time for experts 13.5621 sec
Elapsed time for households 12.1939 sec
Iteration 24
Elapsed time for kappa 46.0189 sec
Elapsed time for experts 14.5067 sec
Elapsed time for households 12.8139 sec
Iteration 25
Elapsed time for kappa 38.8870 sec
Elapsed time for experts 13.8211 sec
Elapsed time for households 12.5054 sec
Iteration 26
Elapsed time for kappa 38.3842 sec
Elapsed time for experts 13.7321 sec
Elapsed time for households 12.4167 sec
Iteration 27
Elapsed time for kappa 38.1983 sec
Elapsed time for experts 13.6273 sec
Elapsed time for households 12.3665 sec
Iteration 28
Elapsed time for kappa 38.5155 sec
Elapsed time for experts 13.8116 sec
Elapsed time for households 12.4660 sec
Iteration 29
Elapsed time for kappa 36.4932 sec
Elapsed time for experts 13.6415 sec
Elapsed time for households 18.5166 sec
Iteration 30
Elapsed time for kappa 39.3976 sec
Elapsed time for experts 13.8690 sec
Elapsed time for households 12.6320 sec
Iteration 31
Elapsed time for kappa 38.8757 sec
Elapsed time for experts 13.8840 sec
Elapsed time for households 12.1734 sec
Iteration 32
Elapsed time for kappa 36.3922 sec
Elapsed time for experts 13.5672 sec
Elapsed time for households 12.4709 sec
Iteration 33
Elapsed time for kappa 37.9556 sec
Elapsed time for experts 13.6212 sec
Elapsed time for households 12.4041 sec
Iteration 34
Elapsed time for kappa 37.5388 sec
Elapsed time for experts 13.6923 sec
Elapsed time for households 12.2935 sec
Iteration 35
Elapsed time for kappa 37.5534 sec
Elapsed time for experts 20.6385 sec
Elapsed time for households 13.1921 sec
Iteration 36
Elapsed time for kappa 38.8387 sec
Elapsed time for experts 13.9223 sec
Elapsed time for households 12.6164 sec
Iteration 37
Elapsed time for kappa 38.3579 sec
Elapsed time for experts 13.8408 sec
Elapsed time for households 12.6655 sec
Iteration 38
Elapsed time for kappa 38.3016 sec
Elapsed time for experts 13.7319 sec
Elapsed time for households 12.2908 sec
Iteration 39
Elapsed time for kappa 38.1765 sec
Elapsed time for experts 11.4971 sec
Elapsed time for households 12.3096 sec
Iteration 40
Elapsed time for kappa 37.6737 sec
Elapsed time for experts 13.5544 sec
Elapsed time for households 12.3330 sec
Iteration 41
Elapsed time for kappa 45.7185 sec
Elapsed time for experts 14.7625 sec
Elapsed time for households 12.8533 sec
Iteration 42
Elapsed time for kappa 38.5632 sec
Elapsed time for experts 13.8761 sec
Elapsed time for households 12.5829 sec
Iteration 43
Elapsed time for kappa 38.1086 sec
Elapsed time for experts 13.9313 sec
Elapsed time for households 12.4920 sec
Iteration 44
Elapsed time for kappa 37.9413 sec
Elapsed time for experts 13.5292 sec
Elapsed time for households 12.2092 sec
Iteration 45
Elapsed time for kappa 37.6862 sec
Elapsed time for experts 13.5286 sec
Elapsed time for households 12.3853 sec
Iteration 46
Elapsed time for kappa 37.2569 sec
Elapsed time for experts 13.6377 sec
Elapsed time for households 18.9154 sec
Iteration 47
Elapsed time for kappa 39.5752 sec
Elapsed time for experts 14.1003 sec
Elapsed time for households 12.8148 sec
Iteration 48
Elapsed time for kappa 38.4503 sec
Elapsed time for experts 13.8016 sec
Elapsed time for households 12.6893 sec
Iteration 49
Elapsed time for kappa 36.3649 sec
Elapsed time for experts 13.9243 sec
Elapsed time for households 12.4399 sec
Iteration 50
Elapsed time for kappa 37.6949 sec
Elapsed time for experts 13.8219 sec
Elapsed time for households 12.1021 sec
Iteration 51
Elapsed time for kappa 37.5516 sec
Elapsed time for experts 13.6662 sec
Elapsed time for households 12.4161 sec
Iteration 52
Elapsed time for kappa 37.5579 sec
Elapsed time for experts 21.0748 sec
Elapsed time for households 13.2075 sec
Iteration 53
Elapsed time for kappa 39.0182 sec
Elapsed time for experts 14.2831 sec
Elapsed time for households 12.6667 sec
Iteration 54
Elapsed time for kappa 38.5180 sec
Elapsed time for experts 13.9622 sec
Elapsed time for households 12.7537 sec
Iteration 55
Elapsed time for kappa 38.0410 sec
Elapsed time for experts 13.9887 sec
Elapsed time for households 12.4865 sec
Iteration 56
Elapsed time for kappa 38.2499 sec
Elapsed time for experts 13.6437 sec
Elapsed time for households 12.3993 sec
Iteration 57
Elapsed time for kappa 37.6118 sec
Elapsed time for experts 13.8431 sec
Elapsed time for households 12.3568 sec
Iteration 58
Elapsed time for kappa 46.5921 sec
Elapsed time for experts 14.9493 sec
Elapsed time for households 13.0525 sec
Iteration 59
Elapsed time for kappa 38.5628 sec
Elapsed time for experts 14.0243 sec
Elapsed time for households 12.6342 sec
Iteration 60
Elapsed time for kappa 38.0115 sec
Elapsed time for experts 13.9477 sec
Elapsed time for households 12.5138 sec
Iteration 61
Elapsed time for kappa 38.0576 sec
Elapsed time for experts 13.6896 sec
Elapsed time for households 12.0963 sec
Iteration 62
Elapsed time for kappa 38.0821 sec
Elapsed time for experts 13.7992 sec
Elapsed time for households 12.4812 sec
Iteration 63
Elapsed time for kappa 37.7081 sec
Elapsed time for experts 13.6544 sec
Elapsed time for households 12.3164 sec
Iteration 64
Elapsed time for kappa 46.1981 sec
Elapsed time for experts 14.6902 sec
Elapsed time for households 12.6368 sec
Iteration 65
Elapsed time for kappa 38.9144 sec
Elapsed time for experts 13.6629 sec
Elapsed time for households 12.8723 sec
Iteration 66
Elapsed time for kappa 38.3720 sec
Elapsed time for experts 13.9189 sec
Elapsed time for households 12.6599 sec
Iteration 67
Elapsed time for kappa 38.2043 sec
Elapsed time for experts 13.9509 sec
Elapsed time for households 12.5375 sec
Iteration 68
Elapsed time for kappa 38.0052 sec
Elapsed time for experts 13.3036 sec
Elapsed time for households 12.4785 sec
Iteration 69
Elapsed time for kappa 37.9918 sec
Elapsed time for experts 13.1660 sec
Elapsed time for households 19.0175 sec
Iteration 70
Elapsed time for kappa 39.2536 sec
Elapsed time for experts 14.2344 sec
Elapsed time for households 12.9968 sec
Iteration 71
Elapsed time for kappa 38.5927 sec
Elapsed time for experts 13.9999 sec
Elapsed time for households 12.8001 sec
Iteration 72
Elapsed time for kappa 37.8853 sec
Elapsed time for experts 14.1658 sec
Elapsed time for households 12.7100 sec
Iteration 73
Elapsed time for kappa 37.9392 sec
Elapsed time for experts 13.7321 sec
Elapsed time for households 12.4503 sec
Iteration 74
Elapsed time for kappa 37.2888 sec
Elapsed time for experts 13.7889 sec
Elapsed time for households 12.5089 sec
Iteration 75
Elapsed time for kappa 37.2158 sec
Elapsed time for experts 21.2362 sec
Elapsed time for households 13.3592 sec
Iteration 76
Elapsed time for kappa 39.1555 sec
Elapsed time for experts 14.2054 sec
Elapsed time for households 12.8219 sec
Iteration 77
Elapsed time for kappa 38.7070 sec
Elapsed time for experts 14.0072 sec
Elapsed time for households 13.0061 sec
Iteration 78
Elapsed time for kappa 36.7248 sec
Elapsed time for experts 14.0240 sec
Elapsed time for households 12.6589 sec
Iteration 79
Elapsed time for kappa 38.7171 sec
Elapsed time for experts 13.7622 sec
Elapsed time for households 12.5281 sec
Iteration 80
Elapsed time for kappa 37.6612 sec
Elapsed time for experts 13.3948 sec
Elapsed time for households 12.4834 sec
Iteration 81
Elapsed time for kappa 46.4334 sec
Elapsed time for experts 14.9940 sec
Elapsed time for households 12.6063 sec
Iteration 82
Elapsed time for kappa 38.6583 sec
Elapsed time for experts 13.6146 sec
Elapsed time for households 12.7560 sec
Iteration 83
Elapsed time for kappa 38.3552 sec
Elapsed time for experts 13.9623 sec
Elapsed time for households 12.6424 sec
Iteration 84
Elapsed time for kappa 36.5808 sec
Elapsed time for experts 13.3698 sec
Elapsed time for households 12.1948 sec
Iteration 85
Elapsed time for kappa 38.2976 sec
Elapsed time for experts 13.7119 sec
Elapsed time for households 12.4033 sec
Iteration 86
Elapsed time for kappa 37.6627 sec
Elapsed time for experts 13.6908 sec
Elapsed time for households 19.1236 sec
Iteration 87
Elapsed time for kappa 38.0144 sec
Elapsed time for experts 14.3238 sec
Elapsed time for households 12.8840 sec
Iteration 88
Elapsed time for kappa 38.5409 sec
Elapsed time for experts 13.9695 sec
Elapsed time for households 12.8396 sec
Iteration 89
Elapsed time for kappa 39.0485 sec
Elapsed time for experts 13.9956 sec
Elapsed time for households 12.6340 sec
Iteration 90
Elapsed time for kappa 37.9473 sec
Elapsed time for experts 13.7761 sec
Elapsed time for households 12.5747 sec
Iteration 91
Elapsed time for kappa 37.5376 sec
Elapsed time for experts 13.7683 sec
Elapsed time for households 11.9679 sec
Iteration 92
Elapsed time for kappa 37.8193 sec
Elapsed time for experts 21.4667 sec
Elapsed time for households 13.5580 sec
Iteration 93
Elapsed time for kappa 38.9696 sec
Elapsed time for experts 14.5085 sec
Elapsed time for households 12.7918 sec
Iteration 94
Elapsed time for kappa 38.5522 sec
Elapsed time for experts 14.0269 sec
Elapsed time for households 12.7271 sec
Iteration 95
Elapsed time for kappa 38.8642 sec
Elapsed time for experts 14.0282 sec
Elapsed time for households 12.6816 sec
Iteration 96
Elapsed time for kappa 38.2481 sec
Elapsed time for experts 14.2354 sec
Elapsed time for households 12.4442 sec
Iteration 97
Elapsed time for kappa 37.6278 sec
Elapsed time for experts 13.2123 sec
Elapsed time for households 12.5116 sec
Iteration 98
Elapsed time for kappa 47.4813 sec
Elapsed time for experts 15.1948 sec
Elapsed time for households 13.1333 sec
Iteration 99
Elapsed time for kappa 39.1654 sec
Elapsed time for experts 14.3324 sec
Elapsed time for households 12.3551 sec
Iteration 100
Elapsed time for kappa 38.6210 sec
Elapsed time for experts 14.1769 sec
Elapsed time for households 12.8809 sec
Iteration 101
Elapsed time for kappa 38.4846 sec
Elapsed time for experts 13.9875 sec
Elapsed time for households 12.4436 sec
Iteration 102
Elapsed time for kappa 38.6752 sec
Elapsed time for experts 13.6848 sec
Elapsed time for households 12.5669 sec
Iteration 103
Elapsed time for kappa 35.8154 sec
Elapsed time for experts 13.8451 sec
Elapsed time for households 12.3436 sec
Iteration 104
Elapsed time for kappa 47.2903 sec
Elapsed time for experts 14.7633 sec
Elapsed time for households 13.1071 sec
Iteration 105
Elapsed time for kappa 39.2980 sec
Elapsed time for experts 14.2402 sec
Elapsed time for households 12.9017 sec
Iteration 106
Elapsed time for kappa 38.7715 sec
Elapsed time for experts 13.9965 sec
Elapsed time for households 13.0107 sec
Iteration 107
Elapsed time for kappa 38.2399 sec
Elapsed time for experts 13.7462 sec
Elapsed time for households 12.8027 sec
Iteration 108
Elapsed time for kappa 38.4030 sec
Elapsed time for experts 13.8806 sec
Elapsed time for households 12.4610 sec
Iteration 109
Elapsed time for kappa 37.8227 sec
Elapsed time for experts 20.5628 sec
Elapsed time for households 13.1760 sec
Iteration 110
Elapsed time for kappa 39.1564 sec
Elapsed time for experts 13.8329 sec
Elapsed time for households 12.5346 sec
Iteration 111
Elapsed time for kappa 39.3474 sec
Elapsed time for experts 14.3415 sec
Elapsed time for households 12.7604 sec
Iteration 112
Elapsed time for kappa 38.7433 sec
Elapsed time for experts 14.0633 sec
Elapsed time for households 12.9126 sec
Iteration 113
Elapsed time for kappa 38.4448 sec
Elapsed time for experts 13.9231 sec
Elapsed time for households 12.5271 sec
Iteration 114
Elapsed time for kappa 38.1808 sec
Elapsed time for experts 13.8644 sec
Elapsed time for households 12.7662 sec
Iteration 115
Elapsed time for kappa 47.3131 sec
Elapsed time for experts 15.1842 sec
Elapsed time for households 13.2740 sec
Iteration 116
Elapsed time for kappa 39.6778 sec
Elapsed time for experts 14.2474 sec
Elapsed time for households 12.8725 sec
Iteration 117
Elapsed time for kappa 38.8884 sec
Elapsed time for experts 14.0650 sec
Elapsed time for households 12.8892 sec
Iteration 118
Elapsed time for kappa 36.9521 sec
Elapsed time for experts 13.9570 sec
Elapsed time for households 12.5737 sec
Iteration 119
Elapsed time for kappa 38.6470 sec
Elapsed time for experts 13.9045 sec
Elapsed time for households 12.5641 sec
Iteration 120
Elapsed time for kappa 37.4972 sec
Elapsed time for experts 13.9324 sec
Elapsed time for households 12.3740 sec
Iteration 121
Elapsed time for kappa 46.6824 sec
Elapsed time for experts 14.1901 sec
Elapsed time for households 13.1674 sec
Iteration 122
Elapsed time for kappa 39.7585 sec
Elapsed time for experts 14.1579 sec
Elapsed time for households 13.0603 sec
Iteration 123
Elapsed time for kappa 38.6592 sec
Elapsed time for experts 14.2350 sec
Elapsed time for households 12.7216 sec
Iteration 124
Elapsed time for kappa 38.5153 sec
Elapsed time for experts 13.9080 sec
Elapsed time for households 12.6974 sec
Iteration 125
Elapsed time for kappa 38.1896 sec
Elapsed time for experts 13.7298 sec
Elapsed time for households 12.5672 sec
Iteration 126
Elapsed time for kappa 38.2659 sec
Elapsed time for experts 20.8235 sec
Elapsed time for households 13.6252 sec
Iteration 127
Elapsed time for kappa 39.8335 sec
Elapsed time for experts 14.5518 sec
Elapsed time for households 12.5807 sec
Iteration 128
Elapsed time for kappa 39.0758 sec
Elapsed time for experts 14.2975 sec
Elapsed time for households 12.9415 sec
Iteration 129
Elapsed time for kappa 38.4956 sec
Elapsed time for experts 14.0792 sec
Elapsed time for households 12.4949 sec
Iteration 130
Elapsed time for kappa 38.2384 sec
Elapsed time for experts 13.8726 sec
Elapsed time for households 12.7788 sec
Iteration 131
Elapsed time for kappa 38.0547 sec
Elapsed time for experts 13.3855 sec
Elapsed time for households 12.4914 sec
Iteration 132
Elapsed time for kappa 47.3252 sec
Elapsed time for experts 15.3260 sec
Elapsed time for households 13.5399 sec
Iteration 133
Elapsed time for kappa 39.0169 sec
Elapsed time for experts 14.1916 sec
Elapsed time for households 12.8904 sec
Iteration 134
Elapsed time for kappa 38.9986 sec
Elapsed time for experts 14.1100 sec
Elapsed time for households 12.8060 sec
Iteration 135
Elapsed time for kappa 39.0089 sec
Elapsed time for experts 14.0922 sec
Elapsed time for households 12.8172 sec
Iteration 136
Elapsed time for kappa 38.2945 sec
Elapsed time for experts 14.0809 sec
Elapsed time for households 12.1505 sec
Iteration 137
Elapsed time for kappa 38.1842 sec
Elapsed time for experts 13.9571 sec
Elapsed time for households 12.6675 sec
Iteration 138
Elapsed time for kappa 47.5013 sec
Elapsed time for experts 15.0114 sec
Elapsed time for households 13.3647 sec
Iteration 139
Elapsed time for kappa 39.2820 sec
Elapsed time for experts 14.3959 sec
Elapsed time for households 12.9330 sec
Iteration 140
Elapsed time for kappa 39.0185 sec
Elapsed time for experts 14.2085 sec
Elapsed time for households 12.8804 sec
Iteration 141
Elapsed time for kappa 38.9909 sec
Elapsed time for experts 14.0524 sec
Elapsed time for households 12.6901 sec
Iteration 142
Elapsed time for kappa 38.2480 sec
Elapsed time for experts 13.8306 sec
Elapsed time for households 12.2334 sec
Iteration 143
Elapsed time for kappa 37.8993 sec
Elapsed time for experts 13.2993 sec
Elapsed time for households 19.6188 sec
Iteration 144
Elapsed time for kappa 39.7264 sec
Elapsed time for experts 14.6315 sec
Elapsed time for households 13.2540 sec
Iteration 145
Elapsed time for kappa 39.0832 sec
Elapsed time for experts 14.4044 sec
Elapsed time for households 12.8800 sec
Iteration 146
Elapsed time for kappa 38.9660 sec
Elapsed time for experts 14.2033 sec
Elapsed time for households 12.7221 sec
Iteration 147
Elapsed time for kappa 38.5402 sec
Elapsed time for experts 13.7371 sec
Elapsed time for households 12.6023 sec
Iteration 148
Elapsed time for kappa 38.3913 sec
Elapsed time for experts 13.8286 sec
Elapsed time for households 12.4491 sec
Iteration 149
Elapsed time for kappa 37.0869 sec
Elapsed time for experts 13.7582 sec
Elapsed time for households 20.3167 sec
Iteration 150
Elapsed time for kappa 38.6545 sec
Elapsed time for experts 14.6292 sec
Elapsed time for households 13.0898 sec
Iteration 151
Elapsed time for kappa 37.6730 sec
Elapsed time for experts 14.3853 sec
Elapsed time for households 13.1132 sec
Iteration 152
Elapsed time for kappa 39.1508 sec
Elapsed time for experts 14.2352 sec
Elapsed time for households 12.9470 sec
Iteration 153
Elapsed time for kappa 38.7703 sec
Elapsed time for experts 13.6282 sec
Elapsed time for households 12.7845 sec
Iteration 154
Elapsed time for kappa 38.1053 sec
Elapsed time for experts 14.1581 sec
Elapsed time for households 12.6264 sec
Iteration 155
Elapsed time for kappa 37.6692 sec
Elapsed time for experts 13.8108 sec
Elapsed time for households 19.6155 sec
Iteration 156
Elapsed time for kappa 40.3689 sec
Elapsed time for experts 14.5533 sec
Elapsed time for households 13.1500 sec
Iteration 157
Elapsed time for kappa 39.3195 sec
Elapsed time for experts 14.3110 sec
Elapsed time for households 12.4247 sec
Iteration 158
Elapsed time for kappa 39.3120 sec
Elapsed time for experts 14.2207 sec
Elapsed time for households 12.9035 sec
Iteration 159
Elapsed time for kappa 38.6229 sec
Elapsed time for experts 14.0021 sec
Elapsed time for households 12.6955 sec
Iteration 160
Elapsed time for kappa 38.2390 sec
Elapsed time for experts 13.8912 sec
Elapsed time for households 12.5991 sec
Iteration 161
Elapsed time for kappa 37.6944 sec
Elapsed time for experts 21.5021 sec
Elapsed time for households 13.7667 sec
Iteration 162
Elapsed time for kappa 39.8573 sec
Elapsed time for experts 14.5507 sec
Elapsed time for households 13.2464 sec
Iteration 163
Elapsed time for kappa 39.1892 sec
Elapsed time for experts 14.2837 sec
Elapsed time for households 12.9363 sec
Iteration 164
Elapsed time for kappa 39.4048 sec
Elapsed time for experts 14.4134 sec
Elapsed time for households 12.7743 sec
Iteration 165
Elapsed time for kappa 38.2109 sec
Elapsed time for experts 14.1230 sec
Elapsed time for households 12.6375 sec
Iteration 166
Elapsed time for kappa 38.6104 sec
Elapsed time for experts 14.0992 sec
Elapsed time for households 12.2005 sec
Iteration 167
Elapsed time for kappa 36.4591 sec
Elapsed time for experts 21.7101 sec
Elapsed time for households 13.5766 sec
Iteration 168
Elapsed time for kappa 39.9487 sec
Elapsed time for experts 14.5586 sec
Elapsed time for households 13.3018 sec
Iteration 169
Elapsed time for kappa 38.9771 sec
Elapsed time for experts 14.3855 sec
Elapsed time for households 13.0203 sec
Iteration 170
Elapsed time for kappa 39.0969 sec
Elapsed time for experts 14.1493 sec
Elapsed time for households 12.9055 sec
Iteration 171
Elapsed time for kappa 38.6184 sec
Elapsed time for experts 13.6310 sec
Elapsed time for households 12.2201 sec
Iteration 172
Elapsed time for kappa 36.5691 sec
Elapsed time for experts 13.9500 sec
Elapsed time for households 12.3965 sec
Iteration 173
Elapsed time for kappa 46.4005 sec
Elapsed time for experts 15.4023 sec
Elapsed time for households 13.5412 sec
Iteration 174
Elapsed time for kappa 39.6330 sec
Elapsed time for experts 14.3906 sec
Elapsed time for households 13.1912 sec
Iteration 175
Elapsed time for kappa 37.3815 sec
Elapsed time for experts 13.9897 sec
Elapsed time for households 13.0527 sec
Iteration 176
Elapsed time for kappa 38.4665 sec
Elapsed time for experts 14.0663 sec
Elapsed time for households 12.6996 sec
Iteration 177
Elapsed time for kappa 38.5073 sec
Elapsed time for experts 13.9938 sec
Elapsed time for households 12.6379 sec
Iteration 178
Elapsed time for kappa 38.4958 sec
Elapsed time for experts 14.0042 sec
Elapsed time for households 12.4152 sec
Iteration 179
Elapsed time for kappa 47.2741 sec
Elapsed time for experts 14.8749 sec
Elapsed time for households 13.4925 sec
Iteration 180
Elapsed time for kappa 39.2442 sec
Elapsed time for experts 14.3795 sec
Elapsed time for households 12.8070 sec
Iteration 181
Elapsed time for kappa 39.0208 sec
Elapsed time for experts 14.3842 sec
Elapsed time for households 12.9545 sec
Iteration 182
Elapsed time for kappa 38.8659 sec
Elapsed time for experts 13.5856 sec
Elapsed time for households 12.7216 sec
Iteration 183
Elapsed time for kappa 38.2393 sec
Elapsed time for experts 13.8981 sec
Elapsed time for households 12.5573 sec
Iteration 184
Elapsed time for kappa 38.4788 sec
Elapsed time for experts 13.7433 sec
Elapsed time for households 19.5339 sec
Iteration 185
Elapsed time for kappa 40.3444 sec
Elapsed time for experts 14.7527 sec
Elapsed time for households 13.5357 sec
Iteration 186
Elapsed time for kappa 39.5875 sec
Elapsed time for experts 14.2243 sec
Elapsed time for households 13.0332 sec
Iteration 187
Elapsed time for kappa 39.0816 sec
Elapsed time for experts 14.0855 sec
Elapsed time for households 12.9954 sec
Iteration 188
Elapsed time for kappa 38.4756 sec
Elapsed time for experts 13.9531 sec
Elapsed time for households 12.6093 sec
Iteration 189
Elapsed time for kappa 37.6001 sec
Elapsed time for experts 13.9383 sec
Elapsed time for households 12.5281 sec
Iteration 190
Elapsed time for kappa 37.5428 sec
Elapsed time for experts 13.7322 sec
Elapsed time for households 20.5360 sec
Iteration 191
Elapsed time for kappa 40.4052 sec
Elapsed time for experts 14.4836 sec
Elapsed time for households 12.9261 sec
Iteration 192
Elapsed time for kappa 39.9967 sec
Elapsed time for experts 14.2638 sec
Elapsed time for households 13.2556 sec
Iteration 193
Elapsed time for kappa 39.1720 sec
Elapsed time for experts 14.1073 sec
Elapsed time for households 12.9841 sec
Iteration 194
Elapsed time for kappa 38.4452 sec
Elapsed time for experts 13.8569 sec
Elapsed time for households 12.7107 sec
Iteration 195
Elapsed time for kappa 38.3127 sec
Elapsed time for experts 13.9106 sec
Elapsed time for households 12.5356 sec
Iteration 196
Elapsed time for kappa 38.1809 sec
Elapsed time for experts 21.8402 sec
Elapsed time for households 13.6701 sec
Iteration 197
Elapsed time for kappa 39.5108 sec
Elapsed time for experts 14.6250 sec
Elapsed time for households 13.1143 sec
Iteration 198
Elapsed time for kappa 39.6206 sec
Elapsed time for experts 14.4726 sec
Elapsed time for households 12.4772 sec
Iteration 199
Elapsed time for kappa 39.1623 sec
Elapsed time for experts 13.5526 sec
Elapsed time for households 13.2105 sec
Elapsed time for training 13326.1886 sec
