/tmp/slurmd/job22880405/slurm_script: line 19: deactivate: No such file or directory
Iteration 0
Elapsed time for kappa 74.8762 sec
Elapsed time for experts 20.1598 sec
Elapsed time for households 15.3676 sec
Iteration 1
Elapsed time for kappa 38.1436 sec
Elapsed time for experts 13.6549 sec
Elapsed time for households 12.8379 sec
Iteration 2
Elapsed time for kappa 39.9050 sec
Elapsed time for experts 14.3716 sec
Elapsed time for households 12.7008 sec
Iteration 3
Elapsed time for kappa 38.1541 sec
Elapsed time for experts 13.7389 sec
Elapsed time for households 12.4107 sec
Iteration 4
Elapsed time for kappa 37.7087 sec
Elapsed time for experts 13.6211 sec
Elapsed time for households 12.5091 sec
Iteration 5
Elapsed time for kappa 37.8784 sec
Elapsed time for experts 13.6923 sec
Elapsed time for households 12.5833 sec
Iteration 6
Elapsed time for kappa 38.2235 sec
Elapsed time for experts 13.7748 sec
Elapsed time for households 12.3199 sec
Iteration 7
Elapsed time for kappa 35.9023 sec
Elapsed time for experts 13.9141 sec
Elapsed time for households 18.2628 sec
Iteration 8
Elapsed time for kappa 38.8063 sec
Elapsed time for experts 13.9436 sec
Elapsed time for households 12.5988 sec
Iteration 9
Elapsed time for kappa 38.0754 sec
Elapsed time for experts 13.7301 sec
Elapsed time for households 12.7477 sec
Iteration 10
Elapsed time for kappa 37.8102 sec
Elapsed time for experts 13.4023 sec
Elapsed time for households 12.6420 sec
Iteration 11
Elapsed time for kappa 38.9224 sec
Elapsed time for experts 13.8865 sec
Elapsed time for households 13.1594 sec
Iteration 12
Elapsed time for kappa 38.0007 sec
Elapsed time for experts 13.7133 sec
Elapsed time for households 12.7556 sec
Iteration 13
Elapsed time for kappa 38.0645 sec
Elapsed time for experts 20.5654 sec
Elapsed time for households 13.2418 sec
Iteration 14
Elapsed time for kappa 38.7698 sec
Elapsed time for experts 13.7825 sec
Elapsed time for households 12.6845 sec
Iteration 15
Elapsed time for kappa 38.7729 sec
Elapsed time for experts 13.7469 sec
Elapsed time for households 12.5885 sec
Iteration 16
Elapsed time for kappa 38.6742 sec
Elapsed time for experts 13.5692 sec
Elapsed time for households 12.6918 sec
Iteration 17
Elapsed time for kappa 36.8329 sec
Elapsed time for experts 13.6540 sec
Elapsed time for households 12.5863 sec
Iteration 18
Elapsed time for kappa 38.3969 sec
Elapsed time for experts 13.7322 sec
Elapsed time for households 12.5664 sec
Iteration 19
Elapsed time for kappa 45.9360 sec
Elapsed time for experts 14.1348 sec
Elapsed time for households 12.8202 sec
Iteration 20
Elapsed time for kappa 37.5505 sec
Elapsed time for experts 13.7885 sec
Elapsed time for households 12.5484 sec
Iteration 21
Elapsed time for kappa 38.2529 sec
Elapsed time for experts 13.8193 sec
Elapsed time for households 12.5583 sec
Iteration 22
Elapsed time for kappa 38.5619 sec
Elapsed time for experts 13.7242 sec
Elapsed time for households 12.5625 sec
Iteration 23
Elapsed time for kappa 38.3321 sec
Elapsed time for experts 13.7559 sec
Elapsed time for households 12.4891 sec
Iteration 24
Elapsed time for kappa 38.3136 sec
Elapsed time for experts 19.9242 sec
Elapsed time for households 13.2873 sec
Iteration 25
Elapsed time for kappa 39.6928 sec
Elapsed time for experts 14.0059 sec
Elapsed time for households 12.7526 sec
Iteration 26
Elapsed time for kappa 38.8413 sec
Elapsed time for experts 13.8516 sec
Elapsed time for households 12.5608 sec
Iteration 27
Elapsed time for kappa 38.3223 sec
Elapsed time for experts 13.7289 sec
Elapsed time for households 12.0200 sec
Iteration 28
Elapsed time for kappa 38.2966 sec
Elapsed time for experts 13.8628 sec
Elapsed time for households 12.4923 sec
Iteration 29
Elapsed time for kappa 38.1948 sec
Elapsed time for experts 13.6899 sec
Elapsed time for households 12.6065 sec
Iteration 30
Elapsed time for kappa 46.6230 sec
Elapsed time for experts 14.8266 sec
Elapsed time for households 12.8461 sec
Iteration 31
Elapsed time for kappa 37.6306 sec
Elapsed time for experts 14.1708 sec
Elapsed time for households 12.3060 sec
Iteration 32
Elapsed time for kappa 38.9391 sec
Elapsed time for experts 13.7869 sec
Elapsed time for households 12.4886 sec
Iteration 33
Elapsed time for kappa 38.4609 sec
Elapsed time for experts 13.6446 sec
Elapsed time for households 12.5654 sec
Iteration 34
Elapsed time for kappa 38.6910 sec
Elapsed time for experts 13.6505 sec
Elapsed time for households 12.7107 sec
Iteration 35
Elapsed time for kappa 38.0182 sec
Elapsed time for experts 13.6266 sec
Elapsed time for households 12.3759 sec
Iteration 36
Elapsed time for kappa 46.0170 sec
Elapsed time for experts 14.1066 sec
Elapsed time for households 12.9323 sec
Iteration 37
Elapsed time for kappa 39.1464 sec
Elapsed time for experts 13.8846 sec
Elapsed time for households 12.8565 sec
Iteration 38
Elapsed time for kappa 39.1369 sec
Elapsed time for experts 13.6819 sec
Elapsed time for households 12.5667 sec
Iteration 39
Elapsed time for kappa 37.5708 sec
Elapsed time for experts 13.8779 sec
Elapsed time for households 12.1383 sec
Iteration 40
Elapsed time for kappa 38.4724 sec
Elapsed time for experts 13.7885 sec
Elapsed time for households 12.4661 sec
Iteration 41
Elapsed time for kappa 38.0694 sec
Elapsed time for experts 20.2196 sec
Elapsed time for households 13.2663 sec
Iteration 42
Elapsed time for kappa 39.7093 sec
Elapsed time for experts 14.1371 sec
Elapsed time for households 12.8791 sec
Iteration 43
Elapsed time for kappa 38.4766 sec
Elapsed time for experts 13.9951 sec
Elapsed time for households 12.5995 sec
Iteration 44
Elapsed time for kappa 38.2708 sec
Elapsed time for experts 13.7390 sec
Elapsed time for households 12.7137 sec
Iteration 45
Elapsed time for kappa 36.4264 sec
Elapsed time for experts 13.7785 sec
Elapsed time for households 12.6639 sec
Iteration 46
Elapsed time for kappa 37.9523 sec
Elapsed time for experts 13.5718 sec
Elapsed time for households 12.8179 sec
Iteration 47
Elapsed time for kappa 46.2215 sec
Elapsed time for experts 15.0053 sec
Elapsed time for households 12.9569 sec
Iteration 48
Elapsed time for kappa 39.3581 sec
Elapsed time for experts 13.9909 sec
Elapsed time for households 12.8263 sec
Iteration 49
Elapsed time for kappa 38.3602 sec
Elapsed time for experts 13.3586 sec
Elapsed time for households 12.6623 sec
Iteration 50
Elapsed time for kappa 38.1352 sec
Elapsed time for experts 13.7625 sec
Elapsed time for households 12.4842 sec
Iteration 51
Elapsed time for kappa 37.5824 sec
Elapsed time for experts 13.6844 sec
Elapsed time for households 12.3411 sec
Iteration 52
Elapsed time for kappa 37.5061 sec
Elapsed time for experts 13.7358 sec
Elapsed time for households 18.9427 sec
Iteration 53
Elapsed time for kappa 39.1823 sec
Elapsed time for experts 14.3581 sec
Elapsed time for households 12.8000 sec
Iteration 54
Elapsed time for kappa 38.7884 sec
Elapsed time for experts 14.0390 sec
Elapsed time for households 12.4107 sec
Iteration 55
Elapsed time for kappa 39.0329 sec
Elapsed time for experts 14.0787 sec
Elapsed time for households 12.7716 sec
Iteration 56
Elapsed time for kappa 38.1589 sec
Elapsed time for experts 13.9251 sec
Elapsed time for households 12.0982 sec
Iteration 57
Elapsed time for kappa 37.5497 sec
Elapsed time for experts 13.8731 sec
Elapsed time for households 12.4179 sec
Iteration 58
Elapsed time for kappa 37.1482 sec
Elapsed time for experts 21.3095 sec
Elapsed time for households 13.0628 sec
Iteration 59
Elapsed time for kappa 39.6376 sec
Elapsed time for experts 14.1604 sec
Elapsed time for households 13.0498 sec
Iteration 60
Elapsed time for kappa 38.6557 sec
Elapsed time for experts 14.0583 sec
Elapsed time for households 12.7321 sec
Iteration 61
Elapsed time for kappa 38.8762 sec
Elapsed time for experts 13.8730 sec
Elapsed time for households 12.5885 sec
Iteration 62
Elapsed time for kappa 38.2701 sec
Elapsed time for experts 13.5738 sec
Elapsed time for households 12.6136 sec
Iteration 63
Elapsed time for kappa 38.4286 sec
Elapsed time for experts 13.5834 sec
Elapsed time for households 12.4876 sec
Iteration 64
Elapsed time for kappa 46.6296 sec
Elapsed time for experts 15.0260 sec
Elapsed time for households 13.2823 sec
Iteration 65
Elapsed time for kappa 39.1396 sec
Elapsed time for experts 14.0259 sec
Elapsed time for households 12.8751 sec
Iteration 66
Elapsed time for kappa 37.5373 sec
Elapsed time for experts 14.0912 sec
Elapsed time for households 12.5601 sec
Iteration 67
Elapsed time for kappa 36.8315 sec
Elapsed time for experts 13.8153 sec
Elapsed time for households 12.4981 sec
Iteration 68
Elapsed time for kappa 38.1824 sec
Elapsed time for experts 13.9343 sec
Elapsed time for households 12.0466 sec
Iteration 69
Elapsed time for kappa 38.2714 sec
Elapsed time for experts 13.2658 sec
Elapsed time for households 12.9799 sec
Iteration 70
Elapsed time for kappa 46.5108 sec
Elapsed time for experts 14.7491 sec
Elapsed time for households 13.0885 sec
Iteration 71
Elapsed time for kappa 39.1366 sec
Elapsed time for experts 14.1710 sec
Elapsed time for households 12.9393 sec
Iteration 72
Elapsed time for kappa 38.7919 sec
Elapsed time for experts 14.0705 sec
Elapsed time for households 12.6754 sec
Iteration 73
Elapsed time for kappa 38.0173 sec
Elapsed time for experts 13.7897 sec
Elapsed time for households 12.6835 sec
Iteration 74
Elapsed time for kappa 38.0319 sec
Elapsed time for experts 13.8427 sec
Elapsed time for households 12.5763 sec
Iteration 75
Elapsed time for kappa 38.1714 sec
Elapsed time for experts 19.5931 sec
Elapsed time for households 13.5009 sec
Iteration 76
Elapsed time for kappa 39.7995 sec
Elapsed time for experts 14.3056 sec
Elapsed time for households 12.9701 sec
Iteration 77
Elapsed time for kappa 37.4690 sec
Elapsed time for experts 14.0605 sec
Elapsed time for households 12.9886 sec
Iteration 78
Elapsed time for kappa 38.3873 sec
Elapsed time for experts 14.0411 sec
Elapsed time for households 12.6461 sec
Iteration 79
Elapsed time for kappa 38.6596 sec
Elapsed time for experts 13.6930 sec
Elapsed time for households 12.6728 sec
Iteration 80
Elapsed time for kappa 37.8319 sec
Elapsed time for experts 13.7672 sec
Elapsed time for households 12.4979 sec
Iteration 81
Elapsed time for kappa 46.7719 sec
Elapsed time for experts 15.0034 sec
Elapsed time for households 13.2766 sec
Iteration 82
Elapsed time for kappa 39.2459 sec
Elapsed time for experts 14.0389 sec
Elapsed time for households 12.9293 sec
Iteration 83
Elapsed time for kappa 38.5523 sec
Elapsed time for experts 14.1112 sec
Elapsed time for households 12.4493 sec
Iteration 84
Elapsed time for kappa 38.9052 sec
Elapsed time for experts 13.8096 sec
Elapsed time for households 12.5892 sec
Iteration 85
Elapsed time for kappa 37.6870 sec
Elapsed time for experts 13.7976 sec
Elapsed time for households 12.8379 sec
Iteration 86
Elapsed time for kappa 37.6658 sec
Elapsed time for experts 13.7816 sec
Elapsed time for households 12.5785 sec
Iteration 87
Elapsed time for kappa 46.4997 sec
Elapsed time for experts 14.6558 sec
Elapsed time for households 13.1146 sec
Iteration 88
Elapsed time for kappa 39.7622 sec
Elapsed time for experts 14.2018 sec
Elapsed time for households 13.0432 sec
Iteration 89
Elapsed time for kappa 38.5817 sec
Elapsed time for experts 14.2162 sec
Elapsed time for households 12.7772 sec
Iteration 90
Elapsed time for kappa 38.5469 sec
Elapsed time for experts 14.1510 sec
Elapsed time for households 12.6575 sec
Iteration 91
Elapsed time for kappa 38.0560 sec
Elapsed time for experts 13.9501 sec
Elapsed time for households 12.5113 sec
Iteration 92
Elapsed time for kappa 38.9171 sec
Elapsed time for experts 19.9701 sec
Elapsed time for households 13.6550 sec
Iteration 93
Elapsed time for kappa 39.5796 sec
Elapsed time for experts 14.1396 sec
Elapsed time for households 12.8809 sec
Iteration 94
Elapsed time for kappa 39.5329 sec
Elapsed time for experts 14.2633 sec
Elapsed time for households 12.8222 sec
Iteration 95
Elapsed time for kappa 39.3527 sec
Elapsed time for experts 14.0036 sec
Elapsed time for households 12.9486 sec
Iteration 96
Elapsed time for kappa 38.1318 sec
Elapsed time for experts 13.8708 sec
Elapsed time for households 12.5391 sec
Iteration 97
Elapsed time for kappa 38.3428 sec
Elapsed time for experts 13.8553 sec
Elapsed time for households 12.5095 sec
Iteration 98
Elapsed time for kappa 47.1802 sec
Elapsed time for experts 15.4936 sec
Elapsed time for households 13.3618 sec
Iteration 99
Elapsed time for kappa 39.4535 sec
Elapsed time for experts 14.1247 sec
Elapsed time for households 13.1125 sec
Iteration 100
Elapsed time for kappa 39.0275 sec
Elapsed time for experts 14.1851 sec
Elapsed time for households 12.9168 sec
Iteration 101
Elapsed time for kappa 38.1884 sec
Elapsed time for experts 14.0486 sec
Elapsed time for households 12.4723 sec
Iteration 102
Elapsed time for kappa 38.7243 sec
Elapsed time for experts 13.6915 sec
Elapsed time for households 12.8917 sec
Iteration 103
Elapsed time for kappa 37.5454 sec
Elapsed time for experts 13.6946 sec
Elapsed time for households 12.5133 sec
Iteration 104
Elapsed time for kappa 47.4013 sec
Elapsed time for experts 15.2702 sec
Elapsed time for households 13.2997 sec
Iteration 105
Elapsed time for kappa 39.7060 sec
Elapsed time for experts 14.2362 sec
Elapsed time for households 13.3233 sec
Iteration 106
Elapsed time for kappa 39.0053 sec
Elapsed time for experts 14.1204 sec
Elapsed time for households 12.8726 sec
Iteration 107
Elapsed time for kappa 38.5361 sec
Elapsed time for experts 13.9849 sec
Elapsed time for households 12.5871 sec
Iteration 108
Elapsed time for kappa 38.0764 sec
Elapsed time for experts 13.8049 sec
Elapsed time for households 12.6223 sec
Iteration 109
Elapsed time for kappa 37.0081 sec
Elapsed time for experts 13.8998 sec
Elapsed time for households 12.4963 sec
Iteration 110
Elapsed time for kappa 46.5487 sec
Elapsed time for experts 13.9621 sec
Elapsed time for households 13.2394 sec
Iteration 111
Elapsed time for kappa 39.7995 sec
Elapsed time for experts 14.2434 sec
Elapsed time for households 13.0245 sec
Iteration 112
Elapsed time for kappa 39.8203 sec
Elapsed time for experts 14.0756 sec
Elapsed time for households 12.9579 sec
Iteration 113
Elapsed time for kappa 38.4219 sec
Elapsed time for experts 14.2095 sec
Elapsed time for households 12.7861 sec
Iteration 114
Elapsed time for kappa 38.5148 sec
Elapsed time for experts 13.9073 sec
Elapsed time for households 10.4826 sec
Iteration 115
Elapsed time for kappa 38.2852 sec
Elapsed time for experts 20.5466 sec
Elapsed time for households 13.7777 sec
Iteration 116
Elapsed time for kappa 39.7095 sec
Elapsed time for experts 14.2678 sec
Elapsed time for households 13.2196 sec
Iteration 117
Elapsed time for kappa 39.5193 sec
Elapsed time for experts 14.1437 sec
Elapsed time for households 12.9988 sec
Iteration 118
Elapsed time for kappa 38.7213 sec
Elapsed time for experts 14.1319 sec
Elapsed time for households 12.8465 sec
Iteration 119
Elapsed time for kappa 38.3371 sec
Elapsed time for experts 13.9182 sec
Elapsed time for households 12.8894 sec
Iteration 120
Elapsed time for kappa 38.1257 sec
Elapsed time for experts 13.8449 sec
Elapsed time for households 12.3134 sec
Iteration 121
Elapsed time for kappa 47.2096 sec
Elapsed time for experts 15.2171 sec
Elapsed time for households 13.3189 sec
Iteration 122
Elapsed time for kappa 38.3178 sec
Elapsed time for experts 14.1848 sec
Elapsed time for households 13.0654 sec
Iteration 123
Elapsed time for kappa 38.8227 sec
Elapsed time for experts 14.1090 sec
Elapsed time for households 12.8881 sec
Iteration 124
Elapsed time for kappa 38.7700 sec
Elapsed time for experts 14.0028 sec
Elapsed time for households 12.6861 sec
Iteration 125
Elapsed time for kappa 39.0708 sec
Elapsed time for experts 13.8409 sec
Elapsed time for households 12.5583 sec
Iteration 126
Elapsed time for kappa 37.8112 sec
Elapsed time for experts 13.3690 sec
Elapsed time for households 12.4504 sec
Iteration 127
Elapsed time for kappa 47.0858 sec
Elapsed time for experts 14.7478 sec
Elapsed time for households 13.5690 sec
Iteration 128
Elapsed time for kappa 39.4644 sec
Elapsed time for experts 14.2048 sec
Elapsed time for households 12.8522 sec
Iteration 129
Elapsed time for kappa 37.3811 sec
Elapsed time for experts 14.0532 sec
Elapsed time for households 12.8287 sec
Iteration 130
Elapsed time for kappa 36.9992 sec
Elapsed time for experts 13.9920 sec
Elapsed time for households 12.6950 sec
Iteration 131
Elapsed time for kappa 38.3672 sec
Elapsed time for experts 13.8073 sec
Elapsed time for households 12.7387 sec
Iteration 132
Elapsed time for kappa 38.2060 sec
Elapsed time for experts 20.8039 sec
Elapsed time for households 13.8027 sec
Iteration 133
Elapsed time for kappa 40.7356 sec
Elapsed time for experts 14.5192 sec
Elapsed time for households 13.1719 sec
Iteration 134
Elapsed time for kappa 39.5265 sec
Elapsed time for experts 14.2791 sec
Elapsed time for households 12.9791 sec
Iteration 135
Elapsed time for kappa 39.4183 sec
Elapsed time for experts 13.9922 sec
Elapsed time for households 12.8224 sec
Iteration 136
Elapsed time for kappa 39.0885 sec
Elapsed time for experts 13.8491 sec
Elapsed time for households 12.8008 sec
Iteration 137
Elapsed time for kappa 38.2594 sec
Elapsed time for experts 13.8555 sec
Elapsed time for households 12.8164 sec
Iteration 138
Elapsed time for kappa 48.1786 sec
Elapsed time for experts 15.3596 sec
Elapsed time for households 13.6528 sec
Iteration 139
Elapsed time for kappa 39.9284 sec
Elapsed time for experts 14.4634 sec
Elapsed time for households 13.1061 sec
Iteration 140
Elapsed time for kappa 39.1474 sec
Elapsed time for experts 14.2201 sec
Elapsed time for households 13.1296 sec
Iteration 141
Elapsed time for kappa 39.2749 sec
Elapsed time for experts 14.0828 sec
Elapsed time for households 12.5860 sec
Iteration 142
Elapsed time for kappa 37.1565 sec
Elapsed time for experts 14.0953 sec
Elapsed time for households 12.6089 sec
Iteration 143
Elapsed time for kappa 38.1792 sec
Elapsed time for experts 13.7606 sec
Elapsed time for households 12.6636 sec
Iteration 144
Elapsed time for kappa 47.4005 sec
Elapsed time for experts 14.4105 sec
Elapsed time for households 13.4884 sec
Iteration 145
Elapsed time for kappa 39.6984 sec
Elapsed time for experts 14.2978 sec
Elapsed time for households 12.9888 sec
Iteration 146
Elapsed time for kappa 38.8618 sec
Elapsed time for experts 14.2639 sec
Elapsed time for households 12.9654 sec
Iteration 147
Elapsed time for kappa 39.0619 sec
Elapsed time for experts 13.6477 sec
Elapsed time for households 12.7559 sec
Iteration 148
Elapsed time for kappa 38.3641 sec
Elapsed time for experts 13.8764 sec
Elapsed time for households 12.6669 sec
Iteration 149
Elapsed time for kappa 38.1492 sec
Elapsed time for experts 21.0900 sec
Elapsed time for households 13.7523 sec
Iteration 150
Elapsed time for kappa 39.9263 sec
Elapsed time for experts 14.2773 sec
Elapsed time for households 13.1302 sec
Iteration 151
Elapsed time for kappa 39.6997 sec
Elapsed time for experts 13.7810 sec
Elapsed time for households 12.8332 sec
Iteration 152
Elapsed time for kappa 39.4298 sec
Elapsed time for experts 14.0878 sec
Elapsed time for households 12.9928 sec
Iteration 153
Elapsed time for kappa 37.2002 sec
Elapsed time for experts 13.9711 sec
Elapsed time for households 12.7453 sec
Iteration 154
Elapsed time for kappa 37.2829 sec
Elapsed time for experts 13.8594 sec
Elapsed time for households 12.4026 sec
Iteration 155
Elapsed time for kappa 48.6414 sec
Elapsed time for experts 15.3836 sec
Elapsed time for households 13.6377 sec
Iteration 156
Elapsed time for kappa 39.5783 sec
Elapsed time for experts 14.3243 sec
Elapsed time for households 13.0414 sec
Iteration 157
Elapsed time for kappa 40.1210 sec
Elapsed time for experts 14.2503 sec
Elapsed time for households 12.6871 sec
Iteration 158
Elapsed time for kappa 39.5943 sec
Elapsed time for experts 13.9728 sec
Elapsed time for households 12.7907 sec
Iteration 159
Elapsed time for kappa 38.1615 sec
Elapsed time for experts 13.4532 sec
Elapsed time for households 12.8218 sec
Iteration 160
Elapsed time for kappa 38.2563 sec
Elapsed time for experts 13.8336 sec
Elapsed time for households 12.6627 sec
Iteration 161
Elapsed time for kappa 47.6651 sec
Elapsed time for experts 15.0535 sec
Elapsed time for households 13.6253 sec
Iteration 162
Elapsed time for kappa 39.4194 sec
Elapsed time for experts 14.5431 sec
Elapsed time for households 13.1356 sec
Iteration 163
Elapsed time for kappa 39.8456 sec
Elapsed time for experts 14.2801 sec
Elapsed time for households 13.1356 sec
Iteration 164
Elapsed time for kappa 37.0064 sec
Elapsed time for experts 14.1085 sec
Elapsed time for households 12.8060 sec
Iteration 165
Elapsed time for kappa 37.0167 sec
Elapsed time for experts 13.9792 sec
Elapsed time for households 12.7846 sec
Iteration 166
Elapsed time for kappa 38.0475 sec
Elapsed time for experts 13.9441 sec
Elapsed time for households 19.7509 sec
Iteration 167
Elapsed time for kappa 40.2420 sec
Elapsed time for experts 14.7735 sec
Elapsed time for households 13.4116 sec
Iteration 168
Elapsed time for kappa 39.7883 sec
Elapsed time for experts 14.1641 sec
Elapsed time for households 12.9741 sec
Iteration 169
Elapsed time for kappa 39.4519 sec
Elapsed time for experts 13.9757 sec
Elapsed time for households 13.0434 sec
Iteration 170
Elapsed time for kappa 38.4492 sec
Elapsed time for experts 13.9649 sec
Elapsed time for households 12.3998 sec
Iteration 171
Elapsed time for kappa 38.4707 sec
Elapsed time for experts 13.7290 sec
Elapsed time for households 12.7572 sec
Iteration 172
Elapsed time for kappa 37.8506 sec
Elapsed time for experts 13.6913 sec
Elapsed time for households 20.6703 sec
Iteration 173
Elapsed time for kappa 40.8189 sec
Elapsed time for experts 14.8620 sec
Elapsed time for households 13.7630 sec
Iteration 174
Elapsed time for kappa 39.5963 sec
Elapsed time for experts 14.5792 sec
Elapsed time for households 13.1196 sec
Iteration 175
Elapsed time for kappa 39.3389 sec
Elapsed time for experts 14.2752 sec
Elapsed time for households 13.1547 sec
Iteration 176
Elapsed time for kappa 38.8927 sec
Elapsed time for experts 14.0490 sec
Elapsed time for households 12.4808 sec
Iteration 177
Elapsed time for kappa 38.6427 sec
Elapsed time for experts 13.7546 sec
Elapsed time for households 12.6797 sec
Iteration 178
Elapsed time for kappa 37.7229 sec
Elapsed time for experts 13.9132 sec
Elapsed time for households 20.6324 sec
Iteration 179
Elapsed time for kappa 38.4189 sec
Elapsed time for experts 14.5799 sec
Elapsed time for households 13.3188 sec
Iteration 180
Elapsed time for kappa 39.2445 sec
Elapsed time for experts 14.5873 sec
Elapsed time for households 12.9538 sec
Iteration 181
Elapsed time for kappa 39.6745 sec
Elapsed time for experts 14.1613 sec
Elapsed time for households 13.0095 sec
Iteration 182
Elapsed time for kappa 38.8269 sec
Elapsed time for experts 14.1403 sec
Elapsed time for households 12.7820 sec
Iteration 183
Elapsed time for kappa 37.1557 sec
Elapsed time for experts 13.8338 sec
Elapsed time for households 12.2083 sec
Iteration 184
Elapsed time for kappa 38.3335 sec
Elapsed time for experts 21.8277 sec
Elapsed time for households 13.9060 sec
Iteration 185
Elapsed time for kappa 40.1370 sec
Elapsed time for experts 14.6504 sec
Elapsed time for households 13.3707 sec
Iteration 186
Elapsed time for kappa 39.8554 sec
Elapsed time for experts 14.2498 sec
Elapsed time for households 12.8875 sec
Iteration 187
Elapsed time for kappa 39.5599 sec
Elapsed time for experts 14.3897 sec
Elapsed time for households 13.3293 sec
Iteration 188
Elapsed time for kappa 38.5286 sec
Elapsed time for experts 14.1557 sec
Elapsed time for households 12.6197 sec
Iteration 189
Elapsed time for kappa 39.0509 sec
Elapsed time for experts 13.9077 sec
Elapsed time for households 12.6293 sec
Iteration 190
Elapsed time for kappa 37.6918 sec
Elapsed time for experts 21.9123 sec
Elapsed time for households 13.7159 sec
Iteration 191
Elapsed time for kappa 40.5052 sec
Elapsed time for experts 14.6052 sec
Elapsed time for households 13.2720 sec
Iteration 192
Elapsed time for kappa 39.5690 sec
Elapsed time for experts 14.1557 sec
Elapsed time for households 12.9745 sec
Iteration 193
Elapsed time for kappa 39.4649 sec
Elapsed time for experts 14.1297 sec
Elapsed time for households 13.2321 sec
Iteration 194
Elapsed time for kappa 38.5045 sec
Elapsed time for experts 13.9535 sec
Elapsed time for households 12.7959 sec
Iteration 195
Elapsed time for kappa 38.0985 sec
Elapsed time for experts 13.9626 sec
Elapsed time for households 12.4868 sec
Iteration 196
Elapsed time for kappa 48.9533 sec
Elapsed time for experts 15.1443 sec
Elapsed time for households 13.6770 sec
Iteration 197
Elapsed time for kappa 40.3025 sec
Elapsed time for experts 14.4511 sec
Elapsed time for households 13.6348 sec
Iteration 198
Elapsed time for kappa 39.2457 sec
Elapsed time for experts 14.3275 sec
Elapsed time for households 12.9991 sec
Iteration 199
Elapsed time for kappa 39.4503 sec
Elapsed time for experts 14.3018 sec
Elapsed time for households 12.8161 sec
Elapsed time for training 13422.0024 sec
