/tmp/slurmd/job22880349/slurm_script: line 19: deactivate: No such file or directory
Iteration 0
Elapsed time for kappa 77.9288 sec
Elapsed time for experts 21.3544 sec
Elapsed time for households 16.2693 sec
Iteration 1
Elapsed time for kappa 38.2107 sec
Elapsed time for experts 14.0101 sec
Elapsed time for households 14.9921 sec
Iteration 2
Elapsed time for kappa 36.8556 sec
Elapsed time for experts 13.7124 sec
Elapsed time for households 12.7578 sec
Iteration 3
Elapsed time for kappa 37.3880 sec
Elapsed time for experts 13.7318 sec
Elapsed time for households 12.7483 sec
Iteration 4
Elapsed time for kappa 37.6888 sec
Elapsed time for experts 13.4931 sec
Elapsed time for households 12.4537 sec
Iteration 5
Elapsed time for kappa 37.5199 sec
Elapsed time for experts 13.6723 sec
Elapsed time for households 12.4887 sec
Iteration 6
Elapsed time for kappa 37.4308 sec
Elapsed time for experts 13.7510 sec
Elapsed time for households 11.9872 sec
Iteration 7
Elapsed time for kappa 37.5445 sec
Elapsed time for experts 20.1771 sec
Elapsed time for households 12.5817 sec
Iteration 8
Elapsed time for kappa 38.0708 sec
Elapsed time for experts 13.8319 sec
Elapsed time for households 12.4212 sec
Iteration 9
Elapsed time for kappa 37.6553 sec
Elapsed time for experts 13.9505 sec
Elapsed time for households 12.4477 sec
Iteration 10
Elapsed time for kappa 38.2529 sec
Elapsed time for experts 13.4969 sec
Elapsed time for households 12.3509 sec
Iteration 11
Elapsed time for kappa 37.1475 sec
Elapsed time for experts 13.7725 sec
Elapsed time for households 12.3414 sec
Iteration 12
Elapsed time for kappa 37.5336 sec
Elapsed time for experts 13.5818 sec
Elapsed time for households 12.2888 sec
Iteration 13
Elapsed time for kappa 45.4766 sec
Elapsed time for experts 14.5285 sec
Elapsed time for households 12.8374 sec
Iteration 14
Elapsed time for kappa 38.0279 sec
Elapsed time for experts 13.8262 sec
Elapsed time for households 12.4786 sec
Iteration 15
Elapsed time for kappa 37.8597 sec
Elapsed time for experts 13.6110 sec
Elapsed time for households 12.3852 sec
Iteration 16
Elapsed time for kappa 37.9518 sec
Elapsed time for experts 13.7593 sec
Elapsed time for households 12.4790 sec
Iteration 17
Elapsed time for kappa 37.6531 sec
Elapsed time for experts 13.7755 sec
Elapsed time for households 12.3157 sec
Iteration 18
Elapsed time for kappa 37.3881 sec
Elapsed time for experts 13.8081 sec
Elapsed time for households 12.2811 sec
Iteration 19
Elapsed time for kappa 44.4303 sec
Elapsed time for experts 13.4224 sec
Elapsed time for households 12.5841 sec
Iteration 20
Elapsed time for kappa 38.3794 sec
Elapsed time for experts 13.9578 sec
Elapsed time for households 12.5229 sec
Iteration 21
Elapsed time for kappa 38.3345 sec
Elapsed time for experts 13.8897 sec
Elapsed time for households 12.3289 sec
Iteration 22
Elapsed time for kappa 37.8692 sec
Elapsed time for experts 13.8541 sec
Elapsed time for households 12.4359 sec
Iteration 23
Elapsed time for kappa 38.3894 sec
Elapsed time for experts 13.6448 sec
Elapsed time for households 11.9306 sec
Iteration 24
Elapsed time for kappa 37.4234 sec
Elapsed time for experts 19.9110 sec
Elapsed time for households 13.1000 sec
Iteration 25
Elapsed time for kappa 38.8833 sec
Elapsed time for experts 14.1766 sec
Elapsed time for households 12.5771 sec
Iteration 26
Elapsed time for kappa 38.9011 sec
Elapsed time for experts 13.6645 sec
Elapsed time for households 12.6975 sec
Iteration 27
Elapsed time for kappa 38.1777 sec
Elapsed time for experts 13.6840 sec
Elapsed time for households 12.3833 sec
Iteration 28
Elapsed time for kappa 37.9259 sec
Elapsed time for experts 13.6693 sec
Elapsed time for households 12.4501 sec
Iteration 29
Elapsed time for kappa 37.7302 sec
Elapsed time for experts 13.7545 sec
Elapsed time for households 12.4728 sec
Iteration 30
Elapsed time for kappa 45.6214 sec
Elapsed time for experts 15.0330 sec
Elapsed time for households 12.7330 sec
Iteration 31
Elapsed time for kappa 38.6646 sec
Elapsed time for experts 13.8864 sec
Elapsed time for households 12.5539 sec
Iteration 32
Elapsed time for kappa 38.2501 sec
Elapsed time for experts 13.5122 sec
Elapsed time for households 12.5264 sec
Iteration 33
Elapsed time for kappa 38.5658 sec
Elapsed time for experts 13.8214 sec
Elapsed time for households 12.4566 sec
Iteration 34
Elapsed time for kappa 37.7085 sec
Elapsed time for experts 13.7511 sec
Elapsed time for households 12.2109 sec
Iteration 35
Elapsed time for kappa 38.0794 sec
Elapsed time for experts 13.7378 sec
Elapsed time for households 18.8506 sec
Iteration 36
Elapsed time for kappa 39.4947 sec
Elapsed time for experts 14.2762 sec
Elapsed time for households 12.6233 sec
Iteration 37
Elapsed time for kappa 38.6254 sec
Elapsed time for experts 13.8634 sec
Elapsed time for households 12.6146 sec
Iteration 38
Elapsed time for kappa 38.4109 sec
Elapsed time for experts 13.9030 sec
Elapsed time for households 12.4356 sec
Iteration 39
Elapsed time for kappa 38.0895 sec
Elapsed time for experts 13.5823 sec
Elapsed time for households 12.5581 sec
Iteration 40
Elapsed time for kappa 38.1867 sec
Elapsed time for experts 13.7366 sec
Elapsed time for households 12.4289 sec
Iteration 41
Elapsed time for kappa 37.5650 sec
Elapsed time for experts 20.8523 sec
Elapsed time for households 13.5500 sec
Iteration 42
Elapsed time for kappa 39.1671 sec
Elapsed time for experts 14.1500 sec
Elapsed time for households 12.8543 sec
Iteration 43
Elapsed time for kappa 38.9095 sec
Elapsed time for experts 13.8994 sec
Elapsed time for households 12.6307 sec
Iteration 44
Elapsed time for kappa 38.1281 sec
Elapsed time for experts 13.8491 sec
Elapsed time for households 12.4911 sec
Iteration 45
Elapsed time for kappa 37.7733 sec
Elapsed time for experts 13.5505 sec
Elapsed time for households 12.3186 sec
Iteration 46
Elapsed time for kappa 38.0818 sec
Elapsed time for experts 13.5240 sec
Elapsed time for households 12.5886 sec
Iteration 47
Elapsed time for kappa 45.7245 sec
Elapsed time for experts 14.6464 sec
Elapsed time for households 12.9136 sec
Iteration 48
Elapsed time for kappa 38.6793 sec
Elapsed time for experts 13.8317 sec
Elapsed time for households 12.7752 sec
Iteration 49
Elapsed time for kappa 38.5285 sec
Elapsed time for experts 13.8051 sec
Elapsed time for households 12.6144 sec
Iteration 50
Elapsed time for kappa 38.2419 sec
Elapsed time for experts 13.1356 sec
Elapsed time for households 12.2574 sec
Iteration 51
Elapsed time for kappa 37.8921 sec
Elapsed time for experts 13.4711 sec
Elapsed time for households 12.4974 sec
Iteration 52
Elapsed time for kappa 37.2974 sec
Elapsed time for experts 13.6287 sec
Elapsed time for households 19.0469 sec
Iteration 53
Elapsed time for kappa 38.9291 sec
Elapsed time for experts 14.0730 sec
Elapsed time for households 12.7093 sec
Iteration 54
Elapsed time for kappa 38.4811 sec
Elapsed time for experts 13.9032 sec
Elapsed time for households 12.6447 sec
Iteration 55
Elapsed time for kappa 38.2948 sec
Elapsed time for experts 13.8729 sec
Elapsed time for households 12.6193 sec
Iteration 56
Elapsed time for kappa 37.6408 sec
Elapsed time for experts 13.7753 sec
Elapsed time for households 12.6223 sec
Iteration 57
Elapsed time for kappa 37.7766 sec
Elapsed time for experts 13.7091 sec
Elapsed time for households 12.5318 sec
Iteration 58
Elapsed time for kappa 37.2675 sec
Elapsed time for experts 20.8953 sec
Elapsed time for households 13.4450 sec
Iteration 59
Elapsed time for kappa 38.8815 sec
Elapsed time for experts 14.1357 sec
Elapsed time for households 13.0723 sec
Iteration 60
Elapsed time for kappa 38.9297 sec
Elapsed time for experts 14.1117 sec
Elapsed time for households 12.2110 sec
Iteration 61
Elapsed time for kappa 38.2507 sec
Elapsed time for experts 13.9004 sec
Elapsed time for households 12.6721 sec
Iteration 62
Elapsed time for kappa 38.2766 sec
Elapsed time for experts 13.8367 sec
Elapsed time for households 12.5366 sec
Iteration 63
Elapsed time for kappa 38.0860 sec
Elapsed time for experts 13.7357 sec
Elapsed time for households 12.3538 sec
Iteration 64
Elapsed time for kappa 44.2581 sec
Elapsed time for experts 14.8396 sec
Elapsed time for households 12.5958 sec
Iteration 65
Elapsed time for kappa 38.8278 sec
Elapsed time for experts 13.9381 sec
Elapsed time for households 12.6457 sec
Iteration 66
Elapsed time for kappa 37.3562 sec
Elapsed time for experts 13.8777 sec
Elapsed time for households 12.5788 sec
Iteration 67
Elapsed time for kappa 38.4742 sec
Elapsed time for experts 13.8029 sec
Elapsed time for households 12.4327 sec
Iteration 68
Elapsed time for kappa 38.0568 sec
Elapsed time for experts 13.7987 sec
Elapsed time for households 12.4114 sec
Iteration 69
Elapsed time for kappa 37.6511 sec
Elapsed time for experts 13.6685 sec
Elapsed time for households 12.3546 sec
Iteration 70
Elapsed time for kappa 45.7722 sec
Elapsed time for experts 14.4183 sec
Elapsed time for households 13.0284 sec
Iteration 71
Elapsed time for kappa 39.3201 sec
Elapsed time for experts 14.0026 sec
Elapsed time for households 12.7435 sec
Iteration 72
Elapsed time for kappa 38.7647 sec
Elapsed time for experts 14.0012 sec
Elapsed time for households 12.1311 sec
Iteration 73
Elapsed time for kappa 38.5135 sec
Elapsed time for experts 13.7952 sec
Elapsed time for households 12.5678 sec
Iteration 74
Elapsed time for kappa 37.9661 sec
Elapsed time for experts 13.6945 sec
Elapsed time for households 12.6543 sec
Iteration 75
Elapsed time for kappa 37.6315 sec
Elapsed time for experts 20.3316 sec
Elapsed time for households 13.5049 sec
Iteration 76
Elapsed time for kappa 39.1453 sec
Elapsed time for experts 13.9571 sec
Elapsed time for households 12.9909 sec
Iteration 77
Elapsed time for kappa 39.2032 sec
Elapsed time for experts 13.8305 sec
Elapsed time for households 12.9137 sec
Iteration 78
Elapsed time for kappa 38.5316 sec
Elapsed time for experts 13.7979 sec
Elapsed time for households 12.7286 sec
Iteration 79
Elapsed time for kappa 38.2608 sec
Elapsed time for experts 13.8340 sec
Elapsed time for households 12.7069 sec
Iteration 80
Elapsed time for kappa 37.9293 sec
Elapsed time for experts 13.8418 sec
Elapsed time for households 12.3357 sec
Iteration 81
Elapsed time for kappa 46.4435 sec
Elapsed time for experts 15.0374 sec
Elapsed time for households 13.1046 sec
Iteration 82
Elapsed time for kappa 38.9938 sec
Elapsed time for experts 14.0994 sec
Elapsed time for households 12.8333 sec
Iteration 83
Elapsed time for kappa 38.3349 sec
Elapsed time for experts 13.9486 sec
Elapsed time for households 12.6100 sec
Iteration 84
Elapsed time for kappa 38.3922 sec
Elapsed time for experts 13.8532 sec
Elapsed time for households 12.5176 sec
Iteration 85
Elapsed time for kappa 37.8336 sec
Elapsed time for experts 13.8457 sec
Elapsed time for households 12.5002 sec
Iteration 86
Elapsed time for kappa 36.0190 sec
Elapsed time for experts 13.8507 sec
Elapsed time for households 12.4436 sec
Iteration 87
Elapsed time for kappa 46.5601 sec
Elapsed time for experts 15.1431 sec
Elapsed time for households 13.1324 sec
Iteration 88
Elapsed time for kappa 39.3227 sec
Elapsed time for experts 14.0906 sec
Elapsed time for households 12.8179 sec
Iteration 89
Elapsed time for kappa 38.8149 sec
Elapsed time for experts 14.0460 sec
Elapsed time for households 12.6814 sec
Iteration 90
Elapsed time for kappa 38.5436 sec
Elapsed time for experts 13.7943 sec
Elapsed time for households 12.6249 sec
Iteration 91
Elapsed time for kappa 38.3510 sec
Elapsed time for experts 13.8899 sec
Elapsed time for households 12.4086 sec
Iteration 92
Elapsed time for kappa 36.5186 sec
Elapsed time for experts 13.6058 sec
Elapsed time for households 19.3341 sec
Iteration 93
Elapsed time for kappa 39.4488 sec
Elapsed time for experts 13.8888 sec
Elapsed time for households 12.8639 sec
Iteration 94
Elapsed time for kappa 39.3801 sec
Elapsed time for experts 13.5676 sec
Elapsed time for households 12.7880 sec
Iteration 95
Elapsed time for kappa 38.6675 sec
Elapsed time for experts 14.1843 sec
Elapsed time for households 12.6917 sec
Iteration 96
Elapsed time for kappa 38.3991 sec
Elapsed time for experts 13.9252 sec
Elapsed time for households 12.4595 sec
Iteration 97
Elapsed time for kappa 37.6905 sec
Elapsed time for experts 13.6981 sec
Elapsed time for households 12.4125 sec
Iteration 98
Elapsed time for kappa 37.3004 sec
Elapsed time for experts 21.4695 sec
Elapsed time for households 13.4403 sec
Iteration 99
Elapsed time for kappa 39.9360 sec
Elapsed time for experts 14.3801 sec
Elapsed time for households 12.9812 sec
Iteration 100
Elapsed time for kappa 38.7571 sec
Elapsed time for experts 14.0937 sec
Elapsed time for households 12.7837 sec
Iteration 101
Elapsed time for kappa 38.8586 sec
Elapsed time for experts 14.0989 sec
Elapsed time for households 12.6240 sec
Iteration 102
Elapsed time for kappa 38.2021 sec
Elapsed time for experts 13.8679 sec
Elapsed time for households 12.5533 sec
Iteration 103
Elapsed time for kappa 38.5187 sec
Elapsed time for experts 13.3077 sec
Elapsed time for households 12.4558 sec
Iteration 104
Elapsed time for kappa 47.5697 sec
Elapsed time for experts 15.0926 sec
Elapsed time for households 13.0824 sec
Iteration 105
Elapsed time for kappa 39.3984 sec
Elapsed time for experts 14.0716 sec
Elapsed time for households 13.0052 sec
Iteration 106
Elapsed time for kappa 38.5793 sec
Elapsed time for experts 13.9937 sec
Elapsed time for households 12.5391 sec
Iteration 107
Elapsed time for kappa 36.6261 sec
Elapsed time for experts 14.0341 sec
Elapsed time for households 12.6681 sec
Iteration 108
Elapsed time for kappa 38.0822 sec
Elapsed time for experts 13.5899 sec
Elapsed time for households 12.5375 sec
Iteration 109
Elapsed time for kappa 37.9816 sec
Elapsed time for experts 13.5127 sec
Elapsed time for households 12.4454 sec
Iteration 110
Elapsed time for kappa 46.4938 sec
Elapsed time for experts 14.7734 sec
Elapsed time for households 13.1047 sec
Iteration 111
Elapsed time for kappa 39.3799 sec
Elapsed time for experts 14.3338 sec
Elapsed time for households 12.4964 sec
Iteration 112
Elapsed time for kappa 38.6632 sec
Elapsed time for experts 14.0330 sec
Elapsed time for households 12.4051 sec
Iteration 113
Elapsed time for kappa 38.5990 sec
Elapsed time for experts 13.8875 sec
Elapsed time for households 12.6381 sec
Iteration 114
Elapsed time for kappa 38.0887 sec
Elapsed time for experts 13.3266 sec
Elapsed time for households 12.5973 sec
Iteration 115
Elapsed time for kappa 36.4145 sec
Elapsed time for experts 20.8763 sec
Elapsed time for households 13.5963 sec
Iteration 116
Elapsed time for kappa 39.6306 sec
Elapsed time for experts 14.4844 sec
Elapsed time for households 12.9771 sec
Iteration 117
Elapsed time for kappa 38.8713 sec
Elapsed time for experts 14.3879 sec
Elapsed time for households 12.8478 sec
Iteration 118
Elapsed time for kappa 39.0986 sec
Elapsed time for experts 13.6837 sec
Elapsed time for households 12.8132 sec
Iteration 119
Elapsed time for kappa 38.1708 sec
Elapsed time for experts 13.4556 sec
Elapsed time for households 12.5644 sec
Iteration 120
Elapsed time for kappa 33.2191 sec
Elapsed time for experts 13.6277 sec
Elapsed time for households 12.3365 sec
Iteration 121
Elapsed time for kappa 47.2262 sec
Elapsed time for experts 15.1060 sec
Elapsed time for households 13.3020 sec
Iteration 122
Elapsed time for kappa 39.1932 sec
Elapsed time for experts 14.0710 sec
Elapsed time for households 12.7054 sec
Iteration 123
Elapsed time for kappa 38.6811 sec
Elapsed time for experts 14.1021 sec
Elapsed time for households 12.6647 sec
Iteration 124
Elapsed time for kappa 38.4104 sec
Elapsed time for experts 13.8172 sec
Elapsed time for households 12.7143 sec
Iteration 125
Elapsed time for kappa 38.0995 sec
Elapsed time for experts 13.7430 sec
Elapsed time for households 12.6575 sec
Iteration 126
Elapsed time for kappa 36.3422 sec
Elapsed time for experts 13.9122 sec
Elapsed time for households 12.4735 sec
Iteration 127
Elapsed time for kappa 46.2557 sec
Elapsed time for experts 14.8833 sec
Elapsed time for households 13.4682 sec
Iteration 128
Elapsed time for kappa 39.3701 sec
Elapsed time for experts 14.4631 sec
Elapsed time for households 12.9100 sec
Iteration 129
Elapsed time for kappa 37.4997 sec
Elapsed time for experts 14.1352 sec
Elapsed time for households 12.6603 sec
Iteration 130
Elapsed time for kappa 38.5885 sec
Elapsed time for experts 13.8169 sec
Elapsed time for households 12.6584 sec
Iteration 131
Elapsed time for kappa 38.2025 sec
Elapsed time for experts 13.7585 sec
Elapsed time for households 12.4525 sec
Iteration 132
Elapsed time for kappa 37.4658 sec
Elapsed time for experts 20.4994 sec
Elapsed time for households 14.0921 sec
Iteration 133
Elapsed time for kappa 37.9817 sec
Elapsed time for experts 14.3455 sec
Elapsed time for households 13.0453 sec
Iteration 134
Elapsed time for kappa 37.6396 sec
Elapsed time for experts 14.0527 sec
Elapsed time for households 12.5277 sec
Iteration 135
Elapsed time for kappa 38.9717 sec
Elapsed time for experts 13.9916 sec
Elapsed time for households 12.7587 sec
Iteration 136
Elapsed time for kappa 38.4644 sec
Elapsed time for experts 13.7929 sec
Elapsed time for households 12.5773 sec
Iteration 137
Elapsed time for kappa 38.2455 sec
Elapsed time for experts 13.4413 sec
Elapsed time for households 12.0471 sec
Iteration 138
Elapsed time for kappa 46.9250 sec
Elapsed time for experts 15.2291 sec
Elapsed time for households 13.3216 sec
Iteration 139
Elapsed time for kappa 39.3043 sec
Elapsed time for experts 14.3298 sec
Elapsed time for households 12.8475 sec
Iteration 140
Elapsed time for kappa 39.2760 sec
Elapsed time for experts 14.1077 sec
Elapsed time for households 12.8323 sec
Iteration 141
Elapsed time for kappa 38.7978 sec
Elapsed time for experts 13.9743 sec
Elapsed time for households 12.3838 sec
Iteration 142
Elapsed time for kappa 38.5154 sec
Elapsed time for experts 13.8981 sec
Elapsed time for households 12.5715 sec
Iteration 143
Elapsed time for kappa 37.7547 sec
Elapsed time for experts 13.9372 sec
Elapsed time for households 12.4368 sec
Iteration 144
Elapsed time for kappa 46.9920 sec
Elapsed time for experts 14.7680 sec
Elapsed time for households 13.3048 sec
Iteration 145
Elapsed time for kappa 39.0574 sec
Elapsed time for experts 14.3106 sec
Elapsed time for households 12.8019 sec
Iteration 146
Elapsed time for kappa 39.8219 sec
Elapsed time for experts 14.0460 sec
Elapsed time for households 12.9076 sec
Iteration 147
Elapsed time for kappa 38.6248 sec
Elapsed time for experts 13.9066 sec
Elapsed time for households 12.7660 sec
Iteration 148
Elapsed time for kappa 38.6447 sec
Elapsed time for experts 13.3429 sec
Elapsed time for households 12.5645 sec
Iteration 149
Elapsed time for kappa 38.1480 sec
Elapsed time for experts 13.6324 sec
Elapsed time for households 19.5173 sec
Iteration 150
Elapsed time for kappa 40.3492 sec
Elapsed time for experts 14.5570 sec
Elapsed time for households 13.2143 sec
Iteration 151
Elapsed time for kappa 38.6087 sec
Elapsed time for experts 14.4088 sec
Elapsed time for households 12.7873 sec
Iteration 152
Elapsed time for kappa 39.1329 sec
Elapsed time for experts 13.6147 sec
Elapsed time for households 12.7976 sec
Iteration 153
Elapsed time for kappa 38.6637 sec
Elapsed time for experts 13.9440 sec
Elapsed time for households 12.6332 sec
Iteration 154
Elapsed time for kappa 38.3056 sec
Elapsed time for experts 13.3423 sec
Elapsed time for households 12.4577 sec
Iteration 155
Elapsed time for kappa 37.3633 sec
Elapsed time for experts 13.4882 sec
Elapsed time for households 19.4693 sec
Iteration 156
Elapsed time for kappa 39.9330 sec
Elapsed time for experts 14.5393 sec
Elapsed time for households 13.1470 sec
Iteration 157
Elapsed time for kappa 39.1715 sec
Elapsed time for experts 14.3051 sec
Elapsed time for households 12.9585 sec
Iteration 158
Elapsed time for kappa 38.7769 sec
Elapsed time for experts 14.0831 sec
Elapsed time for households 12.7898 sec
Iteration 159
Elapsed time for kappa 38.9375 sec
Elapsed time for experts 13.9119 sec
Elapsed time for households 12.7039 sec
Iteration 160
Elapsed time for kappa 38.4431 sec
Elapsed time for experts 13.7243 sec
Elapsed time for households 12.6301 sec
Iteration 161
Elapsed time for kappa 37.6824 sec
Elapsed time for experts 21.6916 sec
Elapsed time for households 13.4836 sec
Iteration 162
Elapsed time for kappa 39.8397 sec
Elapsed time for experts 14.4050 sec
Elapsed time for households 13.1398 sec
Iteration 163
Elapsed time for kappa 38.9779 sec
Elapsed time for experts 14.1428 sec
Elapsed time for households 12.9480 sec
Iteration 164
Elapsed time for kappa 38.6690 sec
Elapsed time for experts 14.3006 sec
Elapsed time for households 12.9323 sec
Iteration 165
Elapsed time for kappa 38.2592 sec
Elapsed time for experts 14.0264 sec
Elapsed time for households 12.6087 sec
Iteration 166
Elapsed time for kappa 36.2648 sec
Elapsed time for experts 13.8338 sec
Elapsed time for households 12.3825 sec
Iteration 167
Elapsed time for kappa 37.4038 sec
Elapsed time for experts 21.6280 sec
Elapsed time for households 13.6856 sec
Iteration 168
Elapsed time for kappa 38.0885 sec
Elapsed time for experts 14.6605 sec
Elapsed time for households 13.0678 sec
Iteration 169
Elapsed time for kappa 39.3661 sec
Elapsed time for experts 14.4847 sec
Elapsed time for households 12.7564 sec
Iteration 170
Elapsed time for kappa 39.2767 sec
Elapsed time for experts 14.2223 sec
Elapsed time for households 12.8049 sec
Iteration 171
Elapsed time for kappa 38.4684 sec
Elapsed time for experts 13.9511 sec
Elapsed time for households 12.4172 sec
Iteration 172
Elapsed time for kappa 38.0348 sec
Elapsed time for experts 13.8724 sec
Elapsed time for households 12.5574 sec
Iteration 173
Elapsed time for kappa 47.3269 sec
Elapsed time for experts 15.2293 sec
Elapsed time for households 13.5325 sec
Iteration 174
Elapsed time for kappa 39.2433 sec
Elapsed time for experts 14.4420 sec
Elapsed time for households 13.0795 sec
Iteration 175
Elapsed time for kappa 39.1523 sec
Elapsed time for experts 14.0669 sec
Elapsed time for households 12.8615 sec
Iteration 176
Elapsed time for kappa 38.9476 sec
Elapsed time for experts 13.9350 sec
Elapsed time for households 12.7239 sec
Iteration 177
Elapsed time for kappa 38.1312 sec
Elapsed time for experts 13.9121 sec
Elapsed time for households 12.6193 sec
Iteration 178
Elapsed time for kappa 37.9157 sec
Elapsed time for experts 13.8799 sec
Elapsed time for households 12.5683 sec
Iteration 179
Elapsed time for kappa 47.4486 sec
Elapsed time for experts 14.9300 sec
Elapsed time for households 13.2167 sec
Iteration 180
Elapsed time for kappa 39.5402 sec
Elapsed time for experts 14.3089 sec
Elapsed time for households 13.1334 sec
Iteration 181
Elapsed time for kappa 38.8722 sec
Elapsed time for experts 14.0660 sec
Elapsed time for households 12.9167 sec
Iteration 182
Elapsed time for kappa 38.9552 sec
Elapsed time for experts 14.0069 sec
Elapsed time for households 12.8264 sec
Iteration 183
Elapsed time for kappa 38.3150 sec
Elapsed time for experts 13.7552 sec
Elapsed time for households 12.8267 sec
Iteration 184
Elapsed time for kappa 37.8119 sec
Elapsed time for experts 13.8394 sec
Elapsed time for households 19.5236 sec
Iteration 185
Elapsed time for kappa 38.6861 sec
Elapsed time for experts 14.5076 sec
Elapsed time for households 13.1244 sec
Iteration 186
Elapsed time for kappa 39.3702 sec
Elapsed time for experts 14.3468 sec
Elapsed time for households 12.8680 sec
Iteration 187
Elapsed time for kappa 39.2999 sec
Elapsed time for experts 13.8603 sec
Elapsed time for households 13.0158 sec
Iteration 188
Elapsed time for kappa 38.4153 sec
Elapsed time for experts 13.9773 sec
Elapsed time for households 12.6069 sec
Iteration 189
Elapsed time for kappa 38.1224 sec
Elapsed time for experts 13.8520 sec
Elapsed time for households 12.0488 sec
Iteration 190
Elapsed time for kappa 37.5422 sec
Elapsed time for experts 13.6834 sec
Elapsed time for households 19.7541 sec
Iteration 191
Elapsed time for kappa 40.0271 sec
Elapsed time for experts 14.6323 sec
Elapsed time for households 13.3877 sec
Iteration 192
Elapsed time for kappa 40.0204 sec
Elapsed time for experts 14.1934 sec
Elapsed time for households 12.9469 sec
Iteration 193
Elapsed time for kappa 37.7697 sec
Elapsed time for experts 13.6775 sec
Elapsed time for households 12.8695 sec
Iteration 194
Elapsed time for kappa 38.7329 sec
Elapsed time for experts 13.9345 sec
Elapsed time for households 12.8433 sec
Iteration 195
Elapsed time for kappa 38.1821 sec
Elapsed time for experts 13.9440 sec
Elapsed time for households 12.5443 sec
Iteration 196
Elapsed time for kappa 37.9624 sec
Elapsed time for experts 13.7310 sec
Elapsed time for households 20.3916 sec
Iteration 197
Elapsed time for kappa 40.5326 sec
Elapsed time for experts 14.4670 sec
Elapsed time for households 13.3838 sec
Iteration 198
Elapsed time for kappa 37.4969 sec
Elapsed time for experts 14.2642 sec
Elapsed time for households 12.9761 sec
Iteration 199
Elapsed time for kappa 38.8106 sec
Elapsed time for experts 14.0646 sec
Elapsed time for households 12.6756 sec
Elapsed time for training 13324.8570 sec
90000 90000 90000 90000
