/tmp/slurmd/job22880370/slurm_script: line 19: deactivate: No such file or directory
Iteration 0
Elapsed time for kappa 76.0675 sec
Elapsed time for experts 19.8772 sec
Elapsed time for households 15.6407 sec
Iteration 1
Elapsed time for kappa 38.5316 sec
Elapsed time for experts 13.6108 sec
Elapsed time for households 14.7528 sec
Iteration 2
Elapsed time for kappa 38.1477 sec
Elapsed time for experts 14.1741 sec
Elapsed time for households 12.5305 sec
Iteration 3
Elapsed time for kappa 38.1224 sec
Elapsed time for experts 13.6296 sec
Elapsed time for households 12.6584 sec
Iteration 4
Elapsed time for kappa 36.1572 sec
Elapsed time for experts 13.6615 sec
Elapsed time for households 12.6278 sec
Iteration 5
Elapsed time for kappa 37.5058 sec
Elapsed time for experts 13.7757 sec
Elapsed time for households 12.4963 sec
Iteration 6
Elapsed time for kappa 36.1684 sec
Elapsed time for experts 13.2697 sec
Elapsed time for households 12.5810 sec
Iteration 7
Elapsed time for kappa 37.6465 sec
Elapsed time for experts 20.5717 sec
Elapsed time for households 12.9907 sec
Iteration 8
Elapsed time for kappa 38.4338 sec
Elapsed time for experts 13.9655 sec
Elapsed time for households 12.8488 sec
Iteration 9
Elapsed time for kappa 37.9008 sec
Elapsed time for experts 13.7754 sec
Elapsed time for households 12.2421 sec
Iteration 10
Elapsed time for kappa 37.7820 sec
Elapsed time for experts 13.7135 sec
Elapsed time for households 12.4201 sec
Iteration 11
Elapsed time for kappa 37.7988 sec
Elapsed time for experts 13.6902 sec
Elapsed time for households 12.7382 sec
Iteration 12
Elapsed time for kappa 37.9537 sec
Elapsed time for experts 13.2531 sec
Elapsed time for households 10.3880 sec
Iteration 13
Elapsed time for kappa 45.1303 sec
Elapsed time for experts 14.4688 sec
Elapsed time for households 12.9411 sec
Iteration 14
Elapsed time for kappa 38.5440 sec
Elapsed time for experts 13.8292 sec
Elapsed time for households 12.2914 sec
Iteration 15
Elapsed time for kappa 37.9424 sec
Elapsed time for experts 13.6607 sec
Elapsed time for households 12.6688 sec
Iteration 16
Elapsed time for kappa 37.5718 sec
Elapsed time for experts 13.7237 sec
Elapsed time for households 12.0803 sec
Iteration 17
Elapsed time for kappa 37.8719 sec
Elapsed time for experts 13.6762 sec
Elapsed time for households 12.7619 sec
Iteration 18
Elapsed time for kappa 37.6265 sec
Elapsed time for experts 13.7692 sec
Elapsed time for households 12.6009 sec
Iteration 19
Elapsed time for kappa 44.7238 sec
Elapsed time for experts 14.0587 sec
Elapsed time for households 13.0939 sec
Iteration 20
Elapsed time for kappa 38.4781 sec
Elapsed time for experts 13.8217 sec
Elapsed time for households 12.7222 sec
Iteration 21
Elapsed time for kappa 38.4864 sec
Elapsed time for experts 13.8549 sec
Elapsed time for households 12.6875 sec
Iteration 22
Elapsed time for kappa 37.9653 sec
Elapsed time for experts 13.3190 sec
Elapsed time for households 12.5652 sec
Iteration 23
Elapsed time for kappa 37.1028 sec
Elapsed time for experts 13.6050 sec
Elapsed time for households 12.7141 sec
Iteration 24
Elapsed time for kappa 37.8569 sec
Elapsed time for experts 20.2213 sec
Elapsed time for households 13.4917 sec
Iteration 25
Elapsed time for kappa 39.2117 sec
Elapsed time for experts 14.0377 sec
Elapsed time for households 12.6887 sec
Iteration 26
Elapsed time for kappa 38.6551 sec
Elapsed time for experts 13.9455 sec
Elapsed time for households 12.7404 sec
Iteration 27
Elapsed time for kappa 36.9892 sec
Elapsed time for experts 13.9197 sec
Elapsed time for households 12.4828 sec
Iteration 28
Elapsed time for kappa 37.8126 sec
Elapsed time for experts 13.8972 sec
Elapsed time for households 12.7080 sec
Iteration 29
Elapsed time for kappa 37.7208 sec
Elapsed time for experts 13.7178 sec
Elapsed time for households 12.5896 sec
Iteration 30
Elapsed time for kappa 46.2604 sec
Elapsed time for experts 14.5593 sec
Elapsed time for households 12.6370 sec
Iteration 31
Elapsed time for kappa 38.6764 sec
Elapsed time for experts 14.0485 sec
Elapsed time for households 12.9290 sec
Iteration 32
Elapsed time for kappa 38.5122 sec
Elapsed time for experts 14.0014 sec
Elapsed time for households 12.4625 sec
Iteration 33
Elapsed time for kappa 38.5934 sec
Elapsed time for experts 13.2866 sec
Elapsed time for households 12.6345 sec
Iteration 34
Elapsed time for kappa 38.0701 sec
Elapsed time for experts 13.8497 sec
Elapsed time for households 12.5710 sec
Iteration 35
Elapsed time for kappa 38.0516 sec
Elapsed time for experts 13.8010 sec
Elapsed time for households 16.4969 sec
Iteration 36
Elapsed time for kappa 39.4311 sec
Elapsed time for experts 14.0683 sec
Elapsed time for households 13.0477 sec
Iteration 37
Elapsed time for kappa 38.7123 sec
Elapsed time for experts 13.9340 sec
Elapsed time for households 12.6804 sec
Iteration 38
Elapsed time for kappa 38.4240 sec
Elapsed time for experts 13.8097 sec
Elapsed time for households 12.7381 sec
Iteration 39
Elapsed time for kappa 38.6175 sec
Elapsed time for experts 13.2995 sec
Elapsed time for households 12.5784 sec
Iteration 40
Elapsed time for kappa 38.2941 sec
Elapsed time for experts 13.7831 sec
Elapsed time for households 12.5658 sec
Iteration 41
Elapsed time for kappa 38.0806 sec
Elapsed time for experts 21.0590 sec
Elapsed time for households 13.0509 sec
Iteration 42
Elapsed time for kappa 40.2160 sec
Elapsed time for experts 14.1833 sec
Elapsed time for households 13.4374 sec
Iteration 43
Elapsed time for kappa 39.2237 sec
Elapsed time for experts 13.9364 sec
Elapsed time for households 12.7038 sec
Iteration 44
Elapsed time for kappa 38.7818 sec
Elapsed time for experts 13.9643 sec
Elapsed time for households 10.5227 sec
Iteration 45
Elapsed time for kappa 38.0551 sec
Elapsed time for experts 13.8897 sec
Elapsed time for households 12.6287 sec
Iteration 46
Elapsed time for kappa 38.3450 sec
Elapsed time for experts 13.7763 sec
Elapsed time for households 12.6593 sec
Iteration 47
Elapsed time for kappa 46.1034 sec
Elapsed time for experts 14.5669 sec
Elapsed time for households 13.2499 sec
Iteration 48
Elapsed time for kappa 39.3294 sec
Elapsed time for experts 14.0247 sec
Elapsed time for households 13.0212 sec
Iteration 49
Elapsed time for kappa 38.6029 sec
Elapsed time for experts 14.1683 sec
Elapsed time for households 12.9871 sec
Iteration 50
Elapsed time for kappa 38.7713 sec
Elapsed time for experts 13.7645 sec
Elapsed time for households 12.7480 sec
Iteration 51
Elapsed time for kappa 38.2500 sec
Elapsed time for experts 13.7846 sec
Elapsed time for households 12.6164 sec
Iteration 52
Elapsed time for kappa 38.2279 sec
Elapsed time for experts 13.6044 sec
Elapsed time for households 19.1784 sec
Iteration 53
Elapsed time for kappa 39.5170 sec
Elapsed time for experts 14.3119 sec
Elapsed time for households 13.0177 sec
Iteration 54
Elapsed time for kappa 38.6168 sec
Elapsed time for experts 13.9947 sec
Elapsed time for households 12.9151 sec
Iteration 55
Elapsed time for kappa 37.0655 sec
Elapsed time for experts 13.8156 sec
Elapsed time for households 12.6795 sec
Iteration 56
Elapsed time for kappa 38.2986 sec
Elapsed time for experts 13.8578 sec
Elapsed time for households 12.6054 sec
Iteration 57
Elapsed time for kappa 38.1306 sec
Elapsed time for experts 13.8511 sec
Elapsed time for households 12.9144 sec
Iteration 58
Elapsed time for kappa 37.8596 sec
Elapsed time for experts 20.4935 sec
Elapsed time for households 13.5947 sec
Iteration 59
Elapsed time for kappa 39.3303 sec
Elapsed time for experts 14.3118 sec
Elapsed time for households 13.0995 sec
Iteration 60
Elapsed time for kappa 39.0133 sec
Elapsed time for experts 14.0314 sec
Elapsed time for households 12.5397 sec
Iteration 61
Elapsed time for kappa 38.7983 sec
Elapsed time for experts 14.0294 sec
Elapsed time for households 12.6860 sec
Iteration 62
Elapsed time for kappa 38.3685 sec
Elapsed time for experts 13.2653 sec
Elapsed time for households 12.6860 sec
Iteration 63
Elapsed time for kappa 38.3999 sec
Elapsed time for experts 13.6111 sec
Elapsed time for households 12.7496 sec
Iteration 64
Elapsed time for kappa 46.9522 sec
Elapsed time for experts 15.0813 sec
Elapsed time for households 13.3026 sec
Iteration 65
Elapsed time for kappa 39.6579 sec
Elapsed time for experts 13.6983 sec
Elapsed time for households 13.2700 sec
Iteration 66
Elapsed time for kappa 37.3342 sec
Elapsed time for experts 13.9455 sec
Elapsed time for households 12.6709 sec
Iteration 67
Elapsed time for kappa 38.2982 sec
Elapsed time for experts 13.9561 sec
Elapsed time for households 12.6368 sec
Iteration 68
Elapsed time for kappa 36.8333 sec
Elapsed time for experts 13.8542 sec
Elapsed time for households 12.2929 sec
Iteration 69
Elapsed time for kappa 37.9900 sec
Elapsed time for experts 13.9756 sec
Elapsed time for households 12.4480 sec
Iteration 70
Elapsed time for kappa 46.4654 sec
Elapsed time for experts 14.5794 sec
Elapsed time for households 13.2535 sec
Iteration 71
Elapsed time for kappa 37.9626 sec
Elapsed time for experts 14.1137 sec
Elapsed time for households 12.6561 sec
Iteration 72
Elapsed time for kappa 38.9386 sec
Elapsed time for experts 14.0398 sec
Elapsed time for households 12.7538 sec
Iteration 73
Elapsed time for kappa 38.6755 sec
Elapsed time for experts 13.9581 sec
Elapsed time for households 12.9531 sec
Iteration 74
Elapsed time for kappa 37.8393 sec
Elapsed time for experts 13.7733 sec
Elapsed time for households 12.5663 sec
Iteration 75
Elapsed time for kappa 37.8530 sec
Elapsed time for experts 20.4024 sec
Elapsed time for households 11.4545 sec
Iteration 76
Elapsed time for kappa 39.7598 sec
Elapsed time for experts 14.2952 sec
Elapsed time for households 13.0546 sec
Iteration 77
Elapsed time for kappa 39.1175 sec
Elapsed time for experts 14.1367 sec
Elapsed time for households 13.1857 sec
Iteration 78
Elapsed time for kappa 38.4489 sec
Elapsed time for experts 13.9885 sec
Elapsed time for households 12.7560 sec
Iteration 79
Elapsed time for kappa 38.9476 sec
Elapsed time for experts 13.8263 sec
Elapsed time for households 12.6570 sec
Iteration 80
Elapsed time for kappa 38.2744 sec
Elapsed time for experts 13.7590 sec
Elapsed time for households 12.6545 sec
Iteration 81
Elapsed time for kappa 47.2222 sec
Elapsed time for experts 15.1490 sec
Elapsed time for households 13.4495 sec
Iteration 82
Elapsed time for kappa 39.1049 sec
Elapsed time for experts 14.3664 sec
Elapsed time for households 13.3349 sec
Iteration 83
Elapsed time for kappa 37.6105 sec
Elapsed time for experts 14.1835 sec
Elapsed time for households 12.9155 sec
Iteration 84
Elapsed time for kappa 38.5161 sec
Elapsed time for experts 14.0958 sec
Elapsed time for households 12.9213 sec
Iteration 85
Elapsed time for kappa 38.3307 sec
Elapsed time for experts 13.9090 sec
Elapsed time for households 12.5615 sec
Iteration 86
Elapsed time for kappa 38.0185 sec
Elapsed time for experts 13.2187 sec
Elapsed time for households 12.5503 sec
Iteration 87
Elapsed time for kappa 46.8847 sec
Elapsed time for experts 15.0373 sec
Elapsed time for households 13.3005 sec
Iteration 88
Elapsed time for kappa 39.5107 sec
Elapsed time for experts 14.2858 sec
Elapsed time for households 13.0581 sec
Iteration 89
Elapsed time for kappa 39.2730 sec
Elapsed time for experts 14.0951 sec
Elapsed time for households 12.8831 sec
Iteration 90
Elapsed time for kappa 38.4657 sec
Elapsed time for experts 13.8860 sec
Elapsed time for households 12.7269 sec
Iteration 91
Elapsed time for kappa 38.1256 sec
Elapsed time for experts 14.0177 sec
Elapsed time for households 12.7135 sec
Iteration 92
Elapsed time for kappa 37.7503 sec
Elapsed time for experts 14.0704 sec
Elapsed time for households 19.3461 sec
Iteration 93
Elapsed time for kappa 40.5924 sec
Elapsed time for experts 14.4466 sec
Elapsed time for households 13.1803 sec
Iteration 94
Elapsed time for kappa 39.1096 sec
Elapsed time for experts 13.9226 sec
Elapsed time for households 12.8557 sec
Iteration 95
Elapsed time for kappa 39.1919 sec
Elapsed time for experts 13.9792 sec
Elapsed time for households 12.9683 sec
Iteration 96
Elapsed time for kappa 38.2402 sec
Elapsed time for experts 14.0488 sec
Elapsed time for households 12.7051 sec
Iteration 97
Elapsed time for kappa 38.3096 sec
Elapsed time for experts 13.8081 sec
Elapsed time for households 12.5215 sec
Iteration 98
Elapsed time for kappa 37.2293 sec
Elapsed time for experts 21.9140 sec
Elapsed time for households 13.8837 sec
Iteration 99
Elapsed time for kappa 39.6533 sec
Elapsed time for experts 14.3915 sec
Elapsed time for households 13.0114 sec
Iteration 100
Elapsed time for kappa 39.3458 sec
Elapsed time for experts 14.2311 sec
Elapsed time for households 13.0146 sec
Iteration 101
Elapsed time for kappa 39.0363 sec
Elapsed time for experts 14.0696 sec
Elapsed time for households 12.8856 sec
Iteration 102
Elapsed time for kappa 39.1719 sec
Elapsed time for experts 13.9531 sec
Elapsed time for households 13.2018 sec
Iteration 103
Elapsed time for kappa 38.3765 sec
Elapsed time for experts 13.8529 sec
Elapsed time for households 12.7986 sec
Iteration 104
Elapsed time for kappa 47.0831 sec
Elapsed time for experts 14.6034 sec
Elapsed time for households 13.5078 sec
Iteration 105
Elapsed time for kappa 39.1504 sec
Elapsed time for experts 14.2345 sec
Elapsed time for households 13.1482 sec
Iteration 106
Elapsed time for kappa 39.1336 sec
Elapsed time for experts 14.0453 sec
Elapsed time for households 13.0577 sec
Iteration 107
Elapsed time for kappa 39.2394 sec
Elapsed time for experts 13.8972 sec
Elapsed time for households 10.9857 sec
Iteration 108
Elapsed time for kappa 38.3648 sec
Elapsed time for experts 13.7854 sec
Elapsed time for households 12.5720 sec
Iteration 109
Elapsed time for kappa 38.0927 sec
Elapsed time for experts 13.7626 sec
Elapsed time for households 12.6868 sec
Iteration 110
Elapsed time for kappa 46.6644 sec
Elapsed time for experts 15.0458 sec
Elapsed time for households 13.2651 sec
Iteration 111
Elapsed time for kappa 39.7328 sec
Elapsed time for experts 14.3391 sec
Elapsed time for households 13.0907 sec
Iteration 112
Elapsed time for kappa 39.1826 sec
Elapsed time for experts 14.3431 sec
Elapsed time for households 12.9855 sec
Iteration 113
Elapsed time for kappa 38.8224 sec
Elapsed time for experts 14.1456 sec
Elapsed time for households 12.7516 sec
Iteration 114
Elapsed time for kappa 38.1220 sec
Elapsed time for experts 13.2853 sec
Elapsed time for households 12.7259 sec
Iteration 115
Elapsed time for kappa 37.7830 sec
Elapsed time for experts 20.9043 sec
Elapsed time for households 13.7950 sec
Iteration 116
Elapsed time for kappa 40.0422 sec
Elapsed time for experts 14.0789 sec
Elapsed time for households 13.0170 sec
Iteration 117
Elapsed time for kappa 39.3212 sec
Elapsed time for experts 14.2372 sec
Elapsed time for households 13.1443 sec
Iteration 118
Elapsed time for kappa 38.4914 sec
Elapsed time for experts 14.1874 sec
Elapsed time for households 12.6111 sec
Iteration 119
Elapsed time for kappa 38.6760 sec
Elapsed time for experts 13.8990 sec
Elapsed time for households 12.9649 sec
Iteration 120
Elapsed time for kappa 38.3598 sec
Elapsed time for experts 13.8440 sec
Elapsed time for households 12.7403 sec
Iteration 121
Elapsed time for kappa 47.6216 sec
Elapsed time for experts 14.6483 sec
Elapsed time for households 13.4940 sec
Iteration 122
Elapsed time for kappa 39.5563 sec
Elapsed time for experts 14.6473 sec
Elapsed time for households 13.2461 sec
Iteration 123
Elapsed time for kappa 39.0364 sec
Elapsed time for experts 14.0847 sec
Elapsed time for households 12.8597 sec
Iteration 124
Elapsed time for kappa 38.8044 sec
Elapsed time for experts 13.4365 sec
Elapsed time for households 12.8891 sec
Iteration 125
Elapsed time for kappa 38.2369 sec
Elapsed time for experts 14.1593 sec
Elapsed time for households 12.7378 sec
Iteration 126
Elapsed time for kappa 38.4352 sec
Elapsed time for experts 13.6184 sec
Elapsed time for households 12.8114 sec
Iteration 127
Elapsed time for kappa 45.2906 sec
Elapsed time for experts 14.6903 sec
Elapsed time for households 13.3920 sec
Iteration 128
Elapsed time for kappa 39.0902 sec
Elapsed time for experts 14.4504 sec
Elapsed time for households 12.6199 sec
Iteration 129
Elapsed time for kappa 39.1950 sec
Elapsed time for experts 14.0768 sec
Elapsed time for households 13.0094 sec
Iteration 130
Elapsed time for kappa 38.7316 sec
Elapsed time for experts 14.2646 sec
Elapsed time for households 12.3335 sec
Iteration 131
Elapsed time for kappa 36.8423 sec
Elapsed time for experts 14.0171 sec
Elapsed time for households 12.9506 sec
Iteration 132
Elapsed time for kappa 38.0483 sec
Elapsed time for experts 20.8493 sec
Elapsed time for households 13.9307 sec
Iteration 133
Elapsed time for kappa 40.4519 sec
Elapsed time for experts 13.9208 sec
Elapsed time for households 13.0909 sec
Iteration 134
Elapsed time for kappa 37.6943 sec
Elapsed time for experts 14.3024 sec
Elapsed time for households 13.2213 sec
Iteration 135
Elapsed time for kappa 38.9854 sec
Elapsed time for experts 14.0481 sec
Elapsed time for households 10.7666 sec
Iteration 136
Elapsed time for kappa 38.5774 sec
Elapsed time for experts 14.1038 sec
Elapsed time for households 12.6850 sec
Iteration 137
Elapsed time for kappa 38.2248 sec
Elapsed time for experts 13.3498 sec
Elapsed time for households 12.7049 sec
Iteration 138
Elapsed time for kappa 47.6876 sec
Elapsed time for experts 15.4078 sec
Elapsed time for households 13.5610 sec
Iteration 139
Elapsed time for kappa 39.9635 sec
Elapsed time for experts 14.2473 sec
Elapsed time for households 13.1046 sec
Iteration 140
Elapsed time for kappa 39.5509 sec
Elapsed time for experts 14.2551 sec
Elapsed time for households 12.9633 sec
Iteration 141
Elapsed time for kappa 39.2510 sec
Elapsed time for experts 14.1662 sec
Elapsed time for households 12.9526 sec
Iteration 142
Elapsed time for kappa 38.2782 sec
Elapsed time for experts 13.9795 sec
Elapsed time for households 12.6662 sec
Iteration 143
Elapsed time for kappa 38.4304 sec
Elapsed time for experts 13.7644 sec
Elapsed time for households 12.7648 sec
Iteration 144
Elapsed time for kappa 46.9969 sec
Elapsed time for experts 14.8222 sec
Elapsed time for households 13.5340 sec
Iteration 145
Elapsed time for kappa 39.4756 sec
Elapsed time for experts 14.6456 sec
Elapsed time for households 13.0179 sec
Iteration 146
Elapsed time for kappa 39.1643 sec
Elapsed time for experts 14.4094 sec
Elapsed time for households 13.0676 sec
Iteration 147
Elapsed time for kappa 37.5342 sec
Elapsed time for experts 14.0150 sec
Elapsed time for households 12.8928 sec
Iteration 148
Elapsed time for kappa 38.4776 sec
Elapsed time for experts 14.0380 sec
Elapsed time for households 12.8065 sec
Iteration 149
Elapsed time for kappa 37.8612 sec
Elapsed time for experts 13.8890 sec
Elapsed time for households 19.8178 sec
Iteration 150
Elapsed time for kappa 40.0957 sec
Elapsed time for experts 14.7257 sec
Elapsed time for households 13.1475 sec
Iteration 151
Elapsed time for kappa 39.0443 sec
Elapsed time for experts 14.3327 sec
Elapsed time for households 13.0009 sec
Iteration 152
Elapsed time for kappa 38.8496 sec
Elapsed time for experts 14.3331 sec
Elapsed time for households 12.8622 sec
Iteration 153
Elapsed time for kappa 39.0635 sec
Elapsed time for experts 13.9459 sec
Elapsed time for households 12.9356 sec
Iteration 154
Elapsed time for kappa 38.4379 sec
Elapsed time for experts 13.8582 sec
Elapsed time for households 12.6535 sec
Iteration 155
Elapsed time for kappa 37.7717 sec
Elapsed time for experts 13.8885 sec
Elapsed time for households 20.6626 sec
Iteration 156
Elapsed time for kappa 40.0865 sec
Elapsed time for experts 14.7556 sec
Elapsed time for households 13.5398 sec
Iteration 157
Elapsed time for kappa 39.4100 sec
Elapsed time for experts 14.5642 sec
Elapsed time for households 13.3597 sec
Iteration 158
Elapsed time for kappa 39.6309 sec
Elapsed time for experts 14.1939 sec
Elapsed time for households 13.1585 sec
Iteration 159
Elapsed time for kappa 38.9027 sec
Elapsed time for experts 13.6393 sec
Elapsed time for households 12.9377 sec
Iteration 160
Elapsed time for kappa 36.7818 sec
Elapsed time for experts 13.9103 sec
Elapsed time for households 12.7831 sec
Iteration 161
Elapsed time for kappa 38.0672 sec
Elapsed time for experts 22.1561 sec
Elapsed time for households 14.0826 sec
Iteration 162
Elapsed time for kappa 40.0968 sec
Elapsed time for experts 14.5207 sec
Elapsed time for households 13.2486 sec
Iteration 163
Elapsed time for kappa 39.4597 sec
Elapsed time for experts 14.4319 sec
Elapsed time for households 13.1259 sec
Iteration 164
Elapsed time for kappa 39.0228 sec
Elapsed time for experts 14.4383 sec
Elapsed time for households 13.1273 sec
Iteration 165
Elapsed time for kappa 38.8787 sec
Elapsed time for experts 14.2277 sec
Elapsed time for households 12.8119 sec
Iteration 166
Elapsed time for kappa 38.3859 sec
Elapsed time for experts 13.3442 sec
Elapsed time for households 12.8281 sec
Iteration 167
Elapsed time for kappa 37.7066 sec
Elapsed time for experts 21.7669 sec
Elapsed time for households 13.8328 sec
Iteration 168
Elapsed time for kappa 38.3932 sec
Elapsed time for experts 14.5463 sec
Elapsed time for households 12.8957 sec
Iteration 169
Elapsed time for kappa 39.5711 sec
Elapsed time for experts 14.2460 sec
Elapsed time for households 12.8733 sec
Iteration 170
Elapsed time for kappa 39.2670 sec
Elapsed time for experts 14.2808 sec
Elapsed time for households 13.1287 sec
Iteration 171
Elapsed time for kappa 37.8185 sec
Elapsed time for experts 13.9075 sec
Elapsed time for households 12.7909 sec
Iteration 172
Elapsed time for kappa 38.3627 sec
Elapsed time for experts 14.1199 sec
Elapsed time for households 10.5015 sec
Iteration 173
Elapsed time for kappa 37.9741 sec
Elapsed time for experts 22.0650 sec
Elapsed time for households 13.8260 sec
Iteration 174
Elapsed time for kappa 40.2145 sec
Elapsed time for experts 14.7759 sec
Elapsed time for households 13.2718 sec
Iteration 175
Elapsed time for kappa 39.3500 sec
Elapsed time for experts 14.3869 sec
Elapsed time for households 13.0407 sec
Iteration 176
Elapsed time for kappa 39.6532 sec
Elapsed time for experts 14.2916 sec
Elapsed time for households 13.1612 sec
Iteration 177
Elapsed time for kappa 38.5948 sec
Elapsed time for experts 14.1484 sec
Elapsed time for households 12.8997 sec
Iteration 178
Elapsed time for kappa 38.1471 sec
Elapsed time for experts 13.9368 sec
Elapsed time for households 12.7755 sec
Iteration 179
Elapsed time for kappa 47.6215 sec
Elapsed time for experts 14.8321 sec
Elapsed time for households 10.7834 sec
Iteration 180
Elapsed time for kappa 39.5374 sec
Elapsed time for experts 14.5939 sec
Elapsed time for households 13.2334 sec
Iteration 181
Elapsed time for kappa 39.5803 sec
Elapsed time for experts 14.1253 sec
Elapsed time for households 12.6504 sec
Iteration 182
Elapsed time for kappa 39.1497 sec
Elapsed time for experts 14.1281 sec
Elapsed time for households 13.1477 sec
Iteration 183
Elapsed time for kappa 38.6567 sec
Elapsed time for experts 13.9786 sec
Elapsed time for households 12.6270 sec
Iteration 184
Elapsed time for kappa 38.2987 sec
Elapsed time for experts 13.8974 sec
Elapsed time for households 12.7245 sec
Iteration 185
Elapsed time for kappa 48.0744 sec
Elapsed time for experts 14.9145 sec
Elapsed time for households 13.5630 sec
Iteration 186
Elapsed time for kappa 39.9635 sec
Elapsed time for experts 14.5559 sec
Elapsed time for households 13.2547 sec
Iteration 187
Elapsed time for kappa 39.5593 sec
Elapsed time for experts 14.2550 sec
Elapsed time for households 13.0581 sec
Iteration 188
Elapsed time for kappa 39.5898 sec
Elapsed time for experts 14.1188 sec
Elapsed time for households 12.6937 sec
Iteration 189
Elapsed time for kappa 37.4414 sec
Elapsed time for experts 13.8656 sec
Elapsed time for households 12.7811 sec
Iteration 190
Elapsed time for kappa 37.9958 sec
Elapsed time for experts 14.0130 sec
Elapsed time for households 17.5355 sec
Iteration 191
Elapsed time for kappa 40.7441 sec
Elapsed time for experts 14.6673 sec
Elapsed time for households 10.7794 sec
Iteration 192
Elapsed time for kappa 39.3680 sec
Elapsed time for experts 14.6553 sec
Elapsed time for households 13.5242 sec
Iteration 193
Elapsed time for kappa 39.3014 sec
Elapsed time for experts 13.5625 sec
Elapsed time for households 13.1733 sec
Iteration 194
Elapsed time for kappa 38.8975 sec
Elapsed time for experts 14.1092 sec
Elapsed time for households 10.6217 sec
Iteration 195
Elapsed time for kappa 38.2213 sec
Elapsed time for experts 14.0104 sec
Elapsed time for households 12.5735 sec
Iteration 196
Elapsed time for kappa 37.7193 sec
Elapsed time for experts 13.6149 sec
Elapsed time for households 21.0666 sec
Iteration 197
Elapsed time for kappa 41.0687 sec
Elapsed time for experts 14.6458 sec
Elapsed time for households 13.3760 sec
Iteration 198
Elapsed time for kappa 39.7909 sec
Elapsed time for experts 13.9636 sec
Elapsed time for households 13.2788 sec
Iteration 199
Elapsed time for kappa 39.1301 sec
Elapsed time for experts 14.0999 sec
Elapsed time for households 13.0402 sec
Elapsed time for training 13413.3276 sec
90000 90000 90000 90000
