/tmp/slurmd/job22880373/slurm_script: line 19: deactivate: No such file or directory
Iteration 0
Elapsed time for kappa 76.3229 sec
Elapsed time for experts 19.6344 sec
Elapsed time for households 15.7570 sec
Iteration 1
Elapsed time for kappa 37.7085 sec
Elapsed time for experts 13.8638 sec
Elapsed time for households 14.9654 sec
Iteration 2
Elapsed time for kappa 37.6454 sec
Elapsed time for experts 13.8209 sec
Elapsed time for households 12.7609 sec
Iteration 3
Elapsed time for kappa 37.6331 sec
Elapsed time for experts 13.6140 sec
Elapsed time for households 12.5666 sec
Iteration 4
Elapsed time for kappa 37.5767 sec
Elapsed time for experts 13.8336 sec
Elapsed time for households 12.5346 sec
Iteration 5
Elapsed time for kappa 37.6435 sec
Elapsed time for experts 13.6802 sec
Elapsed time for households 12.5003 sec
Iteration 6
Elapsed time for kappa 37.8167 sec
Elapsed time for experts 14.0568 sec
Elapsed time for households 12.4976 sec
Iteration 7
Elapsed time for kappa 37.9509 sec
Elapsed time for experts 20.6962 sec
Elapsed time for households 13.0370 sec
Iteration 8
Elapsed time for kappa 37.8599 sec
Elapsed time for experts 14.0498 sec
Elapsed time for households 12.5071 sec
Iteration 9
Elapsed time for kappa 37.8979 sec
Elapsed time for experts 11.4625 sec
Elapsed time for households 12.2099 sec
Iteration 10
Elapsed time for kappa 36.4409 sec
Elapsed time for experts 13.8200 sec
Elapsed time for households 12.5144 sec
Iteration 11
Elapsed time for kappa 37.8895 sec
Elapsed time for experts 13.8181 sec
Elapsed time for households 12.4583 sec
Iteration 12
Elapsed time for kappa 37.1775 sec
Elapsed time for experts 13.8255 sec
Elapsed time for households 12.3864 sec
Iteration 13
Elapsed time for kappa 45.1998 sec
Elapsed time for experts 14.7344 sec
Elapsed time for households 12.8267 sec
Iteration 14
Elapsed time for kappa 38.2606 sec
Elapsed time for experts 13.9759 sec
Elapsed time for households 12.6190 sec
Iteration 15
Elapsed time for kappa 38.2755 sec
Elapsed time for experts 11.5689 sec
Elapsed time for households 12.2961 sec
Iteration 16
Elapsed time for kappa 37.8019 sec
Elapsed time for experts 13.8955 sec
Elapsed time for households 12.4327 sec
Iteration 17
Elapsed time for kappa 37.5144 sec
Elapsed time for experts 13.9141 sec
Elapsed time for households 12.4242 sec
Iteration 18
Elapsed time for kappa 37.3589 sec
Elapsed time for experts 13.7845 sec
Elapsed time for households 12.4198 sec
Iteration 19
Elapsed time for kappa 44.8463 sec
Elapsed time for experts 14.2255 sec
Elapsed time for households 12.6151 sec
Iteration 20
Elapsed time for kappa 38.7306 sec
Elapsed time for experts 11.6054 sec
Elapsed time for households 11.8525 sec
Iteration 21
Elapsed time for kappa 38.4028 sec
Elapsed time for experts 13.9001 sec
Elapsed time for households 12.4258 sec
Iteration 22
Elapsed time for kappa 38.0989 sec
Elapsed time for experts 13.7640 sec
Elapsed time for households 12.4810 sec
Iteration 23
Elapsed time for kappa 38.1566 sec
Elapsed time for experts 13.6472 sec
Elapsed time for households 12.5528 sec
Iteration 24
Elapsed time for kappa 37.8011 sec
Elapsed time for experts 20.1956 sec
Elapsed time for households 12.9241 sec
Iteration 25
Elapsed time for kappa 39.1519 sec
Elapsed time for experts 13.7546 sec
Elapsed time for households 12.6311 sec
Iteration 26
Elapsed time for kappa 38.5219 sec
Elapsed time for experts 13.8937 sec
Elapsed time for households 12.6829 sec
Iteration 27
Elapsed time for kappa 38.0181 sec
Elapsed time for experts 13.8355 sec
Elapsed time for households 12.2791 sec
Iteration 28
Elapsed time for kappa 38.1594 sec
Elapsed time for experts 13.5628 sec
Elapsed time for households 12.3987 sec
Iteration 29
Elapsed time for kappa 37.4798 sec
Elapsed time for experts 13.8900 sec
Elapsed time for households 12.3917 sec
Iteration 30
Elapsed time for kappa 46.2488 sec
Elapsed time for experts 14.8040 sec
Elapsed time for households 12.8388 sec
Iteration 31
Elapsed time for kappa 38.8872 sec
Elapsed time for experts 14.2339 sec
Elapsed time for households 12.7418 sec
Iteration 32
Elapsed time for kappa 38.4402 sec
Elapsed time for experts 14.0188 sec
Elapsed time for households 12.2524 sec
Iteration 33
Elapsed time for kappa 38.0993 sec
Elapsed time for experts 13.3100 sec
Elapsed time for households 12.4938 sec
Iteration 34
Elapsed time for kappa 38.2186 sec
Elapsed time for experts 13.7388 sec
Elapsed time for households 12.4484 sec
Iteration 35
Elapsed time for kappa 37.7161 sec
Elapsed time for experts 13.8874 sec
Elapsed time for households 18.4892 sec
Iteration 36
Elapsed time for kappa 39.8324 sec
Elapsed time for experts 13.9879 sec
Elapsed time for households 12.8162 sec
Iteration 37
Elapsed time for kappa 36.9362 sec
Elapsed time for experts 13.8336 sec
Elapsed time for households 12.7095 sec
Iteration 38
Elapsed time for kappa 38.0195 sec
Elapsed time for experts 13.8871 sec
Elapsed time for households 12.3605 sec
Iteration 39
Elapsed time for kappa 38.3022 sec
Elapsed time for experts 14.2223 sec
Elapsed time for households 12.5625 sec
Iteration 40
Elapsed time for kappa 37.4864 sec
Elapsed time for experts 14.1773 sec
Elapsed time for households 12.1293 sec
Iteration 41
Elapsed time for kappa 37.8659 sec
Elapsed time for experts 18.8796 sec
Elapsed time for households 13.1386 sec
Iteration 42
Elapsed time for kappa 37.7193 sec
Elapsed time for experts 14.3139 sec
Elapsed time for households 12.8881 sec
Iteration 43
Elapsed time for kappa 38.6515 sec
Elapsed time for experts 14.0181 sec
Elapsed time for households 12.2311 sec
Iteration 44
Elapsed time for kappa 38.5841 sec
Elapsed time for experts 11.7534 sec
Elapsed time for households 12.5563 sec
Iteration 45
Elapsed time for kappa 38.3813 sec
Elapsed time for experts 13.9632 sec
Elapsed time for households 12.5737 sec
Iteration 46
Elapsed time for kappa 37.9627 sec
Elapsed time for experts 14.2576 sec
Elapsed time for households 12.4241 sec
Iteration 47
Elapsed time for kappa 46.2034 sec
Elapsed time for experts 14.8377 sec
Elapsed time for households 12.9571 sec
Iteration 48
Elapsed time for kappa 38.9560 sec
Elapsed time for experts 13.9371 sec
Elapsed time for households 12.3391 sec
Iteration 49
Elapsed time for kappa 39.3893 sec
Elapsed time for experts 13.7701 sec
Elapsed time for households 12.6906 sec
Iteration 50
Elapsed time for kappa 38.7382 sec
Elapsed time for experts 13.7892 sec
Elapsed time for households 12.0991 sec
Iteration 51
Elapsed time for kappa 36.3619 sec
Elapsed time for experts 13.8568 sec
Elapsed time for households 12.4028 sec
Iteration 52
Elapsed time for kappa 37.9014 sec
Elapsed time for experts 13.9749 sec
Elapsed time for households 18.9630 sec
Iteration 53
Elapsed time for kappa 39.1938 sec
Elapsed time for experts 14.4548 sec
Elapsed time for households 12.9040 sec
Iteration 54
Elapsed time for kappa 38.7894 sec
Elapsed time for experts 14.0051 sec
Elapsed time for households 12.0791 sec
Iteration 55
Elapsed time for kappa 38.6508 sec
Elapsed time for experts 14.1230 sec
Elapsed time for households 12.6892 sec
Iteration 56
Elapsed time for kappa 38.1158 sec
Elapsed time for experts 13.5999 sec
Elapsed time for households 12.5981 sec
Iteration 57
Elapsed time for kappa 37.5944 sec
Elapsed time for experts 11.5661 sec
Elapsed time for households 12.3289 sec
Iteration 58
Elapsed time for kappa 37.5270 sec
Elapsed time for experts 21.1234 sec
Elapsed time for households 13.4308 sec
Iteration 59
Elapsed time for kappa 37.7145 sec
Elapsed time for experts 13.7024 sec
Elapsed time for households 12.8255 sec
Iteration 60
Elapsed time for kappa 38.6751 sec
Elapsed time for experts 14.1546 sec
Elapsed time for households 12.7294 sec
Iteration 61
Elapsed time for kappa 38.5526 sec
Elapsed time for experts 14.0736 sec
Elapsed time for households 12.4053 sec
Iteration 62
Elapsed time for kappa 38.2385 sec
Elapsed time for experts 13.5755 sec
Elapsed time for households 12.4254 sec
Iteration 63
Elapsed time for kappa 38.0799 sec
Elapsed time for experts 13.7484 sec
Elapsed time for households 12.2979 sec
Iteration 64
Elapsed time for kappa 46.5445 sec
Elapsed time for experts 15.0200 sec
Elapsed time for households 13.1572 sec
Iteration 65
Elapsed time for kappa 39.2357 sec
Elapsed time for experts 13.7016 sec
Elapsed time for households 12.6333 sec
Iteration 66
Elapsed time for kappa 39.2221 sec
Elapsed time for experts 14.1177 sec
Elapsed time for households 12.7137 sec
Iteration 67
Elapsed time for kappa 38.0216 sec
Elapsed time for experts 14.0683 sec
Elapsed time for households 12.4887 sec
Iteration 68
Elapsed time for kappa 38.3898 sec
Elapsed time for experts 13.9365 sec
Elapsed time for households 12.6041 sec
Iteration 69
Elapsed time for kappa 37.7659 sec
Elapsed time for experts 13.8123 sec
Elapsed time for households 12.0172 sec
Iteration 70
Elapsed time for kappa 46.5376 sec
Elapsed time for experts 14.7253 sec
Elapsed time for households 13.0016 sec
Iteration 71
Elapsed time for kappa 39.2019 sec
Elapsed time for experts 14.1791 sec
Elapsed time for households 12.8714 sec
Iteration 72
Elapsed time for kappa 39.0639 sec
Elapsed time for experts 14.0191 sec
Elapsed time for households 12.7219 sec
Iteration 73
Elapsed time for kappa 38.2578 sec
Elapsed time for experts 13.5439 sec
Elapsed time for households 12.6512 sec
Iteration 74
Elapsed time for kappa 37.9981 sec
Elapsed time for experts 13.8347 sec
Elapsed time for households 12.4364 sec
Iteration 75
Elapsed time for kappa 37.9206 sec
Elapsed time for experts 20.3001 sec
Elapsed time for households 13.7429 sec
Iteration 76
Elapsed time for kappa 39.3748 sec
Elapsed time for experts 14.1623 sec
Elapsed time for households 12.9065 sec
Iteration 77
Elapsed time for kappa 39.1959 sec
Elapsed time for experts 14.1504 sec
Elapsed time for households 12.9670 sec
Iteration 78
Elapsed time for kappa 38.1384 sec
Elapsed time for experts 14.1080 sec
Elapsed time for households 12.5681 sec
Iteration 79
Elapsed time for kappa 38.1485 sec
Elapsed time for experts 14.0190 sec
Elapsed time for households 12.5264 sec
Iteration 80
Elapsed time for kappa 37.6944 sec
Elapsed time for experts 13.9113 sec
Elapsed time for households 12.3055 sec
Iteration 81
Elapsed time for kappa 47.0609 sec
Elapsed time for experts 15.0052 sec
Elapsed time for households 13.2380 sec
Iteration 82
Elapsed time for kappa 39.2959 sec
Elapsed time for experts 13.7561 sec
Elapsed time for households 12.7759 sec
Iteration 83
Elapsed time for kappa 38.4611 sec
Elapsed time for experts 14.2130 sec
Elapsed time for households 12.7500 sec
Iteration 84
Elapsed time for kappa 38.4305 sec
Elapsed time for experts 13.8874 sec
Elapsed time for households 12.6748 sec
Iteration 85
Elapsed time for kappa 37.7822 sec
Elapsed time for experts 14.0939 sec
Elapsed time for households 12.4318 sec
Iteration 86
Elapsed time for kappa 38.2677 sec
Elapsed time for experts 13.7834 sec
Elapsed time for households 12.4578 sec
Iteration 87
Elapsed time for kappa 46.5940 sec
Elapsed time for experts 15.4440 sec
Elapsed time for households 13.2898 sec
Iteration 88
Elapsed time for kappa 39.1564 sec
Elapsed time for experts 14.4086 sec
Elapsed time for households 13.1359 sec
Iteration 89
Elapsed time for kappa 38.8447 sec
Elapsed time for experts 14.2557 sec
Elapsed time for households 12.7777 sec
Iteration 90
Elapsed time for kappa 38.4438 sec
Elapsed time for experts 13.9821 sec
Elapsed time for households 12.6537 sec
Iteration 91
Elapsed time for kappa 38.7058 sec
Elapsed time for experts 13.8079 sec
Elapsed time for households 12.6389 sec
Iteration 92
Elapsed time for kappa 37.8920 sec
Elapsed time for experts 13.8395 sec
Elapsed time for households 19.3913 sec
Iteration 93
Elapsed time for kappa 40.2054 sec
Elapsed time for experts 14.4904 sec
Elapsed time for households 12.7910 sec
Iteration 94
Elapsed time for kappa 38.8617 sec
Elapsed time for experts 14.0452 sec
Elapsed time for households 12.7956 sec
Iteration 95
Elapsed time for kappa 38.2954 sec
Elapsed time for experts 14.2129 sec
Elapsed time for households 12.7410 sec
Iteration 96
Elapsed time for kappa 38.2443 sec
Elapsed time for experts 13.9453 sec
Elapsed time for households 12.5666 sec
Iteration 97
Elapsed time for kappa 38.0872 sec
Elapsed time for experts 13.8783 sec
Elapsed time for households 12.5949 sec
Iteration 98
Elapsed time for kappa 37.7517 sec
Elapsed time for experts 21.8972 sec
Elapsed time for households 13.4297 sec
Iteration 99
Elapsed time for kappa 39.9928 sec
Elapsed time for experts 14.3958 sec
Elapsed time for households 12.9327 sec
Iteration 100
Elapsed time for kappa 39.0565 sec
Elapsed time for experts 14.1420 sec
Elapsed time for households 12.9126 sec
Iteration 101
Elapsed time for kappa 39.0285 sec
Elapsed time for experts 14.1616 sec
Elapsed time for households 12.7914 sec
Iteration 102
Elapsed time for kappa 38.7491 sec
Elapsed time for experts 13.6471 sec
Elapsed time for households 12.3927 sec
Iteration 103
Elapsed time for kappa 36.7453 sec
Elapsed time for experts 13.4374 sec
Elapsed time for households 12.4873 sec
Iteration 104
Elapsed time for kappa 47.2117 sec
Elapsed time for experts 15.1782 sec
Elapsed time for households 13.3292 sec
Iteration 105
Elapsed time for kappa 39.5274 sec
Elapsed time for experts 14.1490 sec
Elapsed time for households 12.9880 sec
Iteration 106
Elapsed time for kappa 39.4312 sec
Elapsed time for experts 13.9940 sec
Elapsed time for households 12.8930 sec
Iteration 107
Elapsed time for kappa 38.7680 sec
Elapsed time for experts 14.2761 sec
Elapsed time for households 12.6562 sec
Iteration 108
Elapsed time for kappa 36.4399 sec
Elapsed time for experts 14.0046 sec
Elapsed time for households 12.5093 sec
Iteration 109
Elapsed time for kappa 38.1983 sec
Elapsed time for experts 13.8809 sec
Elapsed time for households 12.5062 sec
Iteration 110
Elapsed time for kappa 47.0430 sec
Elapsed time for experts 14.7901 sec
Elapsed time for households 13.3388 sec
Iteration 111
Elapsed time for kappa 39.4849 sec
Elapsed time for experts 14.3267 sec
Elapsed time for households 12.8261 sec
Iteration 112
Elapsed time for kappa 39.5140 sec
Elapsed time for experts 14.2128 sec
Elapsed time for households 12.9671 sec
Iteration 113
Elapsed time for kappa 38.1994 sec
Elapsed time for experts 14.0486 sec
Elapsed time for households 12.9854 sec
Iteration 114
Elapsed time for kappa 37.8938 sec
Elapsed time for experts 14.1934 sec
Elapsed time for households 12.6932 sec
Iteration 115
Elapsed time for kappa 37.9149 sec
Elapsed time for experts 20.8094 sec
Elapsed time for households 13.6810 sec
Iteration 116
Elapsed time for kappa 39.5522 sec
Elapsed time for experts 14.0236 sec
Elapsed time for households 12.9489 sec
Iteration 117
Elapsed time for kappa 39.4171 sec
Elapsed time for experts 14.5056 sec
Elapsed time for households 13.0161 sec
Iteration 118
Elapsed time for kappa 39.1145 sec
Elapsed time for experts 14.2015 sec
Elapsed time for households 12.7877 sec
Iteration 119
Elapsed time for kappa 38.8262 sec
Elapsed time for experts 13.3558 sec
Elapsed time for households 12.6988 sec
Iteration 120
Elapsed time for kappa 37.7435 sec
Elapsed time for experts 13.8528 sec
Elapsed time for households 12.4896 sec
Iteration 121
Elapsed time for kappa 47.3528 sec
Elapsed time for experts 14.9364 sec
Elapsed time for households 13.2350 sec
Iteration 122
Elapsed time for kappa 39.5591 sec
Elapsed time for experts 14.1653 sec
Elapsed time for households 13.0759 sec
Iteration 123
Elapsed time for kappa 39.4627 sec
Elapsed time for experts 14.0897 sec
Elapsed time for households 12.7496 sec
Iteration 124
Elapsed time for kappa 38.6931 sec
Elapsed time for experts 14.1721 sec
Elapsed time for households 12.7883 sec
Iteration 125
Elapsed time for kappa 38.4146 sec
Elapsed time for experts 13.9063 sec
Elapsed time for households 12.6107 sec
Iteration 126
Elapsed time for kappa 38.0053 sec
Elapsed time for experts 13.8663 sec
Elapsed time for households 12.4966 sec
Iteration 127
Elapsed time for kappa 47.4345 sec
Elapsed time for experts 14.4031 sec
Elapsed time for households 13.3342 sec
Iteration 128
Elapsed time for kappa 38.0051 sec
Elapsed time for experts 13.5880 sec
Elapsed time for households 13.0394 sec
Iteration 129
Elapsed time for kappa 38.5835 sec
Elapsed time for experts 14.1731 sec
Elapsed time for households 12.9282 sec
Iteration 130
Elapsed time for kappa 38.6537 sec
Elapsed time for experts 13.9777 sec
Elapsed time for households 12.7798 sec
Iteration 131
Elapsed time for kappa 38.3964 sec
Elapsed time for experts 13.9398 sec
Elapsed time for households 12.5606 sec
Iteration 132
Elapsed time for kappa 38.3907 sec
Elapsed time for experts 20.1493 sec
Elapsed time for households 13.8001 sec
Iteration 133
Elapsed time for kappa 37.9606 sec
Elapsed time for experts 14.7151 sec
Elapsed time for households 12.8379 sec
Iteration 134
Elapsed time for kappa 39.3659 sec
Elapsed time for experts 14.2564 sec
Elapsed time for households 12.4814 sec
Iteration 135
Elapsed time for kappa 38.9810 sec
Elapsed time for experts 13.7827 sec
Elapsed time for households 12.7980 sec
Iteration 136
Elapsed time for kappa 38.5854 sec
Elapsed time for experts 14.2891 sec
Elapsed time for households 12.7667 sec
Iteration 137
Elapsed time for kappa 38.2385 sec
Elapsed time for experts 13.9628 sec
Elapsed time for households 11.9938 sec
Iteration 138
Elapsed time for kappa 47.8464 sec
Elapsed time for experts 15.4054 sec
Elapsed time for households 13.4105 sec
Iteration 139
Elapsed time for kappa 39.8330 sec
Elapsed time for experts 14.5922 sec
Elapsed time for households 12.9002 sec
Iteration 140
Elapsed time for kappa 39.3987 sec
Elapsed time for experts 13.6354 sec
Elapsed time for households 12.9251 sec
Iteration 141
Elapsed time for kappa 39.1524 sec
Elapsed time for experts 14.1224 sec
Elapsed time for households 12.3450 sec
Iteration 142
Elapsed time for kappa 38.5184 sec
Elapsed time for experts 11.6930 sec
Elapsed time for households 12.4851 sec
Iteration 143
Elapsed time for kappa 37.9873 sec
Elapsed time for experts 14.0715 sec
Elapsed time for households 12.4913 sec
Iteration 144
Elapsed time for kappa 47.3892 sec
Elapsed time for experts 14.8839 sec
Elapsed time for households 13.2932 sec
Iteration 145
Elapsed time for kappa 40.0544 sec
Elapsed time for experts 12.1470 sec
Elapsed time for households 12.9746 sec
Iteration 146
Elapsed time for kappa 39.6537 sec
Elapsed time for experts 14.2309 sec
Elapsed time for households 12.9681 sec
Iteration 147
Elapsed time for kappa 38.7012 sec
Elapsed time for experts 14.1360 sec
Elapsed time for households 12.8342 sec
Iteration 148
Elapsed time for kappa 38.2523 sec
Elapsed time for experts 11.2308 sec
Elapsed time for households 12.5039 sec
Iteration 149
Elapsed time for kappa 38.1026 sec
Elapsed time for experts 20.7705 sec
Elapsed time for households 13.7363 sec
Iteration 150
Elapsed time for kappa 39.9133 sec
Elapsed time for experts 14.6079 sec
Elapsed time for households 13.0065 sec
Iteration 151
Elapsed time for kappa 39.2988 sec
Elapsed time for experts 14.3945 sec
Elapsed time for households 12.8963 sec
Iteration 152
Elapsed time for kappa 39.3043 sec
Elapsed time for experts 14.2321 sec
Elapsed time for households 12.8238 sec
Iteration 153
Elapsed time for kappa 38.6265 sec
Elapsed time for experts 14.0378 sec
Elapsed time for households 12.6100 sec
Iteration 154
Elapsed time for kappa 38.4104 sec
Elapsed time for experts 14.0089 sec
Elapsed time for households 12.3445 sec
Iteration 155
Elapsed time for kappa 47.9833 sec
Elapsed time for experts 15.3971 sec
Elapsed time for households 13.5543 sec
Iteration 156
Elapsed time for kappa 40.1993 sec
Elapsed time for experts 14.4435 sec
Elapsed time for households 12.8998 sec
Iteration 157
Elapsed time for kappa 39.6985 sec
Elapsed time for experts 14.3075 sec
Elapsed time for households 13.0732 sec
Iteration 158
Elapsed time for kappa 38.4288 sec
Elapsed time for experts 14.1779 sec
Elapsed time for households 12.8406 sec
Iteration 159
Elapsed time for kappa 38.3302 sec
Elapsed time for experts 14.0247 sec
Elapsed time for households 12.6566 sec
Iteration 160
Elapsed time for kappa 37.9710 sec
Elapsed time for experts 14.0023 sec
Elapsed time for households 12.7715 sec
Iteration 161
Elapsed time for kappa 48.1938 sec
Elapsed time for experts 15.2544 sec
Elapsed time for households 13.4487 sec
Iteration 162
Elapsed time for kappa 39.6479 sec
Elapsed time for experts 14.4118 sec
Elapsed time for households 13.0535 sec
Iteration 163
Elapsed time for kappa 39.3916 sec
Elapsed time for experts 14.3951 sec
Elapsed time for households 12.9321 sec
Iteration 164
Elapsed time for kappa 38.9659 sec
Elapsed time for experts 14.2025 sec
Elapsed time for households 12.8122 sec
Iteration 165
Elapsed time for kappa 38.6531 sec
Elapsed time for experts 14.1121 sec
Elapsed time for households 12.7163 sec
Iteration 166
Elapsed time for kappa 38.2666 sec
Elapsed time for experts 13.9555 sec
Elapsed time for households 19.6988 sec
Iteration 167
Elapsed time for kappa 38.7724 sec
Elapsed time for experts 14.7872 sec
Elapsed time for households 13.3138 sec
Iteration 168
Elapsed time for kappa 39.6188 sec
Elapsed time for experts 14.3307 sec
Elapsed time for households 12.9257 sec
Iteration 169
Elapsed time for kappa 39.4607 sec
Elapsed time for experts 11.6947 sec
Elapsed time for households 12.6442 sec
Iteration 170
Elapsed time for kappa 39.1070 sec
Elapsed time for experts 14.1644 sec
Elapsed time for households 12.5602 sec
Iteration 171
Elapsed time for kappa 38.2352 sec
Elapsed time for experts 11.7062 sec
Elapsed time for households 12.3899 sec
Iteration 172
Elapsed time for kappa 37.2853 sec
Elapsed time for experts 13.9218 sec
Elapsed time for households 20.2486 sec
Iteration 173
Elapsed time for kappa 40.6563 sec
Elapsed time for experts 14.4386 sec
Elapsed time for households 13.3722 sec
Iteration 174
Elapsed time for kappa 39.5978 sec
Elapsed time for experts 14.4952 sec
Elapsed time for households 13.0155 sec
Iteration 175
Elapsed time for kappa 39.3127 sec
Elapsed time for experts 14.0914 sec
Elapsed time for households 12.8447 sec
Iteration 176
Elapsed time for kappa 38.8364 sec
Elapsed time for experts 14.2420 sec
Elapsed time for households 12.8089 sec
Iteration 177
Elapsed time for kappa 38.7087 sec
Elapsed time for experts 14.0933 sec
Elapsed time for households 12.2219 sec
Iteration 178
Elapsed time for kappa 37.8562 sec
Elapsed time for experts 13.8921 sec
Elapsed time for households 19.4790 sec
Iteration 179
Elapsed time for kappa 40.5887 sec
Elapsed time for experts 14.5240 sec
Elapsed time for households 13.3172 sec
Iteration 180
Elapsed time for kappa 39.2634 sec
Elapsed time for experts 11.7385 sec
Elapsed time for households 12.8774 sec
Iteration 181
Elapsed time for kappa 39.4094 sec
Elapsed time for experts 13.7947 sec
Elapsed time for households 13.0031 sec
Iteration 182
Elapsed time for kappa 38.4513 sec
Elapsed time for experts 14.2191 sec
Elapsed time for households 12.9239 sec
Iteration 183
Elapsed time for kappa 38.8059 sec
Elapsed time for experts 13.4755 sec
Elapsed time for households 12.5946 sec
Iteration 184
Elapsed time for kappa 38.0234 sec
Elapsed time for experts 21.6900 sec
Elapsed time for households 13.7532 sec
Iteration 185
Elapsed time for kappa 40.4204 sec
Elapsed time for experts 14.5590 sec
Elapsed time for households 13.3106 sec
Iteration 186
Elapsed time for kappa 39.6724 sec
Elapsed time for experts 14.4148 sec
Elapsed time for households 12.5265 sec
Iteration 187
Elapsed time for kappa 39.3335 sec
Elapsed time for experts 12.0410 sec
Elapsed time for households 12.8653 sec
Iteration 188
Elapsed time for kappa 39.0843 sec
Elapsed time for experts 13.5731 sec
Elapsed time for households 12.8145 sec
Iteration 189
Elapsed time for kappa 38.1626 sec
Elapsed time for experts 11.8109 sec
Elapsed time for households 12.1055 sec
Iteration 190
Elapsed time for kappa 37.7333 sec
Elapsed time for experts 22.1132 sec
Elapsed time for households 13.2712 sec
Iteration 191
Elapsed time for kappa 40.3034 sec
Elapsed time for experts 12.4656 sec
Elapsed time for households 13.0947 sec
Iteration 192
Elapsed time for kappa 39.6795 sec
Elapsed time for experts 14.5656 sec
Elapsed time for households 12.5167 sec
Iteration 193
Elapsed time for kappa 37.8632 sec
Elapsed time for experts 14.2228 sec
Elapsed time for households 13.0938 sec
Iteration 194
Elapsed time for kappa 38.7899 sec
Elapsed time for experts 14.0754 sec
Elapsed time for households 12.8000 sec
Iteration 195
Elapsed time for kappa 38.0322 sec
Elapsed time for experts 14.0640 sec
Elapsed time for households 12.6614 sec
Iteration 196
Elapsed time for kappa 37.6660 sec
Elapsed time for experts 21.9325 sec
Elapsed time for households 13.7704 sec
Iteration 197
Elapsed time for kappa 39.9491 sec
Elapsed time for experts 15.2394 sec
Elapsed time for households 13.3899 sec
Iteration 198
Elapsed time for kappa 39.4746 sec
Elapsed time for experts 14.3564 sec
Elapsed time for households 13.0471 sec
Iteration 199
Elapsed time for kappa 39.3907 sec
Elapsed time for experts 14.1998 sec
Elapsed time for households 13.2111 sec
Elapsed time for training 13370.6547 sec
