/tmp/slurmd/job22880352/slurm_script: line 19: deactivate: No such file or directory
Iteration 0
Elapsed time for kappa 74.3992 sec
Elapsed time for experts 19.0854 sec
Elapsed time for households 14.8473 sec
Iteration 1
Elapsed time for kappa 36.1168 sec
Elapsed time for experts 13.3204 sec
Elapsed time for households 13.8198 sec
Iteration 2
Elapsed time for kappa 36.1479 sec
Elapsed time for experts 12.9720 sec
Elapsed time for households 11.9139 sec
Iteration 3
Elapsed time for kappa 35.4701 sec
Elapsed time for experts 12.9255 sec
Elapsed time for households 11.7283 sec
Iteration 4
Elapsed time for kappa 35.6224 sec
Elapsed time for experts 12.6345 sec
Elapsed time for households 11.8506 sec
Iteration 5
Elapsed time for kappa 35.2213 sec
Elapsed time for experts 12.9598 sec
Elapsed time for households 11.6052 sec
Iteration 6
Elapsed time for kappa 35.8711 sec
Elapsed time for experts 12.8676 sec
Elapsed time for households 12.2076 sec
Iteration 7
Elapsed time for kappa 35.6328 sec
Elapsed time for experts 19.0397 sec
Elapsed time for households 12.3772 sec
Iteration 8
Elapsed time for kappa 36.1878 sec
Elapsed time for experts 13.0338 sec
Elapsed time for households 11.8268 sec
Iteration 9
Elapsed time for kappa 35.8437 sec
Elapsed time for experts 12.8083 sec
Elapsed time for households 11.6721 sec
Iteration 10
Elapsed time for kappa 35.6202 sec
Elapsed time for experts 12.7006 sec
Elapsed time for households 11.5727 sec
Iteration 11
Elapsed time for kappa 35.1372 sec
Elapsed time for experts 12.8705 sec
Elapsed time for households 12.0278 sec
Iteration 12
Elapsed time for kappa 35.3832 sec
Elapsed time for experts 12.9912 sec
Elapsed time for households 11.7876 sec
Iteration 13
Elapsed time for kappa 42.7791 sec
Elapsed time for experts 13.7296 sec
Elapsed time for households 12.1226 sec
Iteration 14
Elapsed time for kappa 36.5838 sec
Elapsed time for experts 13.0322 sec
Elapsed time for households 11.8259 sec
Iteration 15
Elapsed time for kappa 35.8588 sec
Elapsed time for experts 12.8793 sec
Elapsed time for households 11.6142 sec
Iteration 16
Elapsed time for kappa 35.8553 sec
Elapsed time for experts 12.9082 sec
Elapsed time for households 11.6035 sec
Iteration 17
Elapsed time for kappa 35.5816 sec
Elapsed time for experts 12.8023 sec
Elapsed time for households 11.6461 sec
Iteration 18
Elapsed time for kappa 35.7298 sec
Elapsed time for experts 12.8418 sec
Elapsed time for households 11.5894 sec
Iteration 19
Elapsed time for kappa 42.2694 sec
Elapsed time for experts 13.1090 sec
Elapsed time for households 11.9319 sec
Iteration 20
Elapsed time for kappa 36.1986 sec
Elapsed time for experts 13.0265 sec
Elapsed time for households 11.9718 sec
Iteration 21
Elapsed time for kappa 36.1397 sec
Elapsed time for experts 12.9719 sec
Elapsed time for households 11.8955 sec
Iteration 22
Elapsed time for kappa 35.5900 sec
Elapsed time for experts 12.9164 sec
Elapsed time for households 11.6651 sec
Iteration 23
Elapsed time for kappa 36.1395 sec
Elapsed time for experts 12.8220 sec
Elapsed time for households 12.1263 sec
Iteration 24
Elapsed time for kappa 36.2051 sec
Elapsed time for experts 18.5619 sec
Elapsed time for households 12.6035 sec
Iteration 25
Elapsed time for kappa 36.7793 sec
Elapsed time for experts 13.2703 sec
Elapsed time for households 12.3467 sec
Iteration 26
Elapsed time for kappa 36.6811 sec
Elapsed time for experts 12.9973 sec
Elapsed time for households 11.8895 sec
Iteration 27
Elapsed time for kappa 36.0739 sec
Elapsed time for experts 12.8823 sec
Elapsed time for households 11.7317 sec
Iteration 28
Elapsed time for kappa 35.7656 sec
Elapsed time for experts 12.8553 sec
Elapsed time for households 11.5739 sec
Iteration 29
Elapsed time for kappa 36.1040 sec
Elapsed time for experts 12.8724 sec
Elapsed time for households 11.7446 sec
Iteration 30
Elapsed time for kappa 43.7116 sec
Elapsed time for experts 13.8042 sec
Elapsed time for households 12.0751 sec
Iteration 31
Elapsed time for kappa 36.5099 sec
Elapsed time for experts 13.1280 sec
Elapsed time for households 12.0640 sec
Iteration 32
Elapsed time for kappa 36.2194 sec
Elapsed time for experts 12.9194 sec
Elapsed time for households 11.9611 sec
Iteration 33
Elapsed time for kappa 35.8221 sec
Elapsed time for experts 13.0943 sec
Elapsed time for households 11.7999 sec
Iteration 34
Elapsed time for kappa 35.3789 sec
Elapsed time for experts 12.8404 sec
Elapsed time for households 11.9600 sec
Iteration 35
Elapsed time for kappa 35.7416 sec
Elapsed time for experts 12.8694 sec
Elapsed time for households 17.7031 sec
Iteration 36
Elapsed time for kappa 36.8216 sec
Elapsed time for experts 13.4486 sec
Elapsed time for households 11.9821 sec
Iteration 37
Elapsed time for kappa 36.9454 sec
Elapsed time for experts 13.0926 sec
Elapsed time for households 12.0995 sec
Iteration 38
Elapsed time for kappa 37.4011 sec
Elapsed time for experts 13.0058 sec
Elapsed time for households 11.8107 sec
Iteration 39
Elapsed time for kappa 35.7560 sec
Elapsed time for experts 13.0091 sec
Elapsed time for households 11.8154 sec
Iteration 40
Elapsed time for kappa 35.1974 sec
Elapsed time for experts 12.9380 sec
Elapsed time for households 11.6408 sec
Iteration 41
Elapsed time for kappa 35.6781 sec
Elapsed time for experts 19.8721 sec
Elapsed time for households 12.5548 sec
Iteration 42
Elapsed time for kappa 37.2806 sec
Elapsed time for experts 13.7514 sec
Elapsed time for households 12.0445 sec
Iteration 43
Elapsed time for kappa 36.7634 sec
Elapsed time for experts 13.0540 sec
Elapsed time for households 12.1962 sec
Iteration 44
Elapsed time for kappa 37.2480 sec
Elapsed time for experts 12.9536 sec
Elapsed time for households 11.9154 sec
Iteration 45
Elapsed time for kappa 35.7688 sec
Elapsed time for experts 13.2128 sec
Elapsed time for households 11.6586 sec
Iteration 46
Elapsed time for kappa 35.8182 sec
Elapsed time for experts 12.9040 sec
Elapsed time for households 11.7922 sec
Iteration 47
Elapsed time for kappa 43.1301 sec
Elapsed time for experts 14.1798 sec
Elapsed time for households 12.3470 sec
Iteration 48
Elapsed time for kappa 36.6680 sec
Elapsed time for experts 13.1095 sec
Elapsed time for households 11.9854 sec
Iteration 49
Elapsed time for kappa 36.2883 sec
Elapsed time for experts 12.9855 sec
Elapsed time for households 12.0072 sec
Iteration 50
Elapsed time for kappa 36.1663 sec
Elapsed time for experts 12.9672 sec
Elapsed time for households 11.7912 sec
Iteration 51
Elapsed time for kappa 35.8898 sec
Elapsed time for experts 12.8930 sec
Elapsed time for households 11.7543 sec
Iteration 52
Elapsed time for kappa 35.7688 sec
Elapsed time for experts 13.0400 sec
Elapsed time for households 17.7405 sec
Iteration 53
Elapsed time for kappa 37.5238 sec
Elapsed time for experts 13.4853 sec
Elapsed time for households 11.9799 sec
Iteration 54
Elapsed time for kappa 36.6091 sec
Elapsed time for experts 13.3334 sec
Elapsed time for households 11.9076 sec
Iteration 55
Elapsed time for kappa 36.6704 sec
Elapsed time for experts 13.1403 sec
Elapsed time for households 12.1618 sec
Iteration 56
Elapsed time for kappa 37.4885 sec
Elapsed time for experts 12.9235 sec
Elapsed time for households 12.2499 sec
Iteration 57
Elapsed time for kappa 35.6741 sec
Elapsed time for experts 12.9186 sec
Elapsed time for households 11.6545 sec
Iteration 58
Elapsed time for kappa 35.2637 sec
Elapsed time for experts 19.9901 sec
Elapsed time for households 12.6799 sec
Iteration 59
Elapsed time for kappa 37.0042 sec
Elapsed time for experts 13.8153 sec
Elapsed time for households 12.3874 sec
Iteration 60
Elapsed time for kappa 37.1743 sec
Elapsed time for experts 13.2050 sec
Elapsed time for households 12.1020 sec
Iteration 61
Elapsed time for kappa 36.4423 sec
Elapsed time for experts 13.2151 sec
Elapsed time for households 11.9077 sec
Iteration 62
Elapsed time for kappa 35.7147 sec
Elapsed time for experts 13.1429 sec
Elapsed time for households 11.8211 sec
Iteration 63
Elapsed time for kappa 35.9326 sec
Elapsed time for experts 13.0859 sec
Elapsed time for households 11.8996 sec
Iteration 64
Elapsed time for kappa 44.0287 sec
Elapsed time for experts 14.5278 sec
Elapsed time for households 12.3684 sec
Iteration 65
Elapsed time for kappa 36.6165 sec
Elapsed time for experts 13.3626 sec
Elapsed time for households 12.0763 sec
Iteration 66
Elapsed time for kappa 36.2397 sec
Elapsed time for experts 13.2841 sec
Elapsed time for households 11.9221 sec
Iteration 67
Elapsed time for kappa 35.9028 sec
Elapsed time for experts 13.0799 sec
Elapsed time for households 11.9609 sec
Iteration 68
Elapsed time for kappa 35.6749 sec
Elapsed time for experts 12.9408 sec
Elapsed time for households 11.9070 sec
Iteration 69
Elapsed time for kappa 37.2808 sec
Elapsed time for experts 13.1444 sec
Elapsed time for households 11.7519 sec
Iteration 70
Elapsed time for kappa 43.6353 sec
Elapsed time for experts 13.8446 sec
Elapsed time for households 12.4064 sec
Iteration 71
Elapsed time for kappa 38.6420 sec
Elapsed time for experts 13.5905 sec
Elapsed time for households 12.3607 sec
Iteration 72
Elapsed time for kappa 36.5501 sec
Elapsed time for experts 13.3602 sec
Elapsed time for households 11.8080 sec
Iteration 73
Elapsed time for kappa 36.1847 sec
Elapsed time for experts 13.0569 sec
Elapsed time for households 12.2882 sec
Iteration 74
Elapsed time for kappa 35.7361 sec
Elapsed time for experts 13.1668 sec
Elapsed time for households 11.7545 sec
Iteration 75
Elapsed time for kappa 35.2842 sec
Elapsed time for experts 19.5873 sec
Elapsed time for households 13.2986 sec
Iteration 76
Elapsed time for kappa 36.9045 sec
Elapsed time for experts 13.4079 sec
Elapsed time for households 12.2207 sec
Iteration 77
Elapsed time for kappa 36.7138 sec
Elapsed time for experts 13.4184 sec
Elapsed time for households 12.4137 sec
Iteration 78
Elapsed time for kappa 36.4517 sec
Elapsed time for experts 13.2412 sec
Elapsed time for households 11.9821 sec
Iteration 79
Elapsed time for kappa 36.4750 sec
Elapsed time for experts 13.1251 sec
Elapsed time for households 11.9343 sec
Iteration 80
Elapsed time for kappa 36.0338 sec
Elapsed time for experts 12.9626 sec
Elapsed time for households 11.6048 sec
Iteration 81
Elapsed time for kappa 44.5614 sec
Elapsed time for experts 14.4296 sec
Elapsed time for households 12.4090 sec
Iteration 82
Elapsed time for kappa 36.9428 sec
Elapsed time for experts 13.5328 sec
Elapsed time for households 12.1479 sec
Iteration 83
Elapsed time for kappa 36.9290 sec
Elapsed time for experts 13.4899 sec
Elapsed time for households 11.8533 sec
Iteration 84
Elapsed time for kappa 36.3325 sec
Elapsed time for experts 13.1610 sec
Elapsed time for households 12.3036 sec
Iteration 85
Elapsed time for kappa 36.4089 sec
Elapsed time for experts 13.1935 sec
Elapsed time for households 11.8391 sec
Iteration 86
Elapsed time for kappa 35.7589 sec
Elapsed time for experts 13.1841 sec
Elapsed time for households 11.5626 sec
Iteration 87
Elapsed time for kappa 44.5782 sec
Elapsed time for experts 14.1345 sec
Elapsed time for households 12.4749 sec
Iteration 88
Elapsed time for kappa 37.5670 sec
Elapsed time for experts 13.5311 sec
Elapsed time for households 12.2436 sec
Iteration 89
Elapsed time for kappa 36.8115 sec
Elapsed time for experts 13.3453 sec
Elapsed time for households 12.0097 sec
Iteration 90
Elapsed time for kappa 35.9808 sec
Elapsed time for experts 13.3492 sec
Elapsed time for households 11.7591 sec
Iteration 91
Elapsed time for kappa 36.7526 sec
Elapsed time for experts 12.9864 sec
Elapsed time for households 12.1441 sec
Iteration 92
Elapsed time for kappa 35.4618 sec
Elapsed time for experts 13.1493 sec
Elapsed time for households 18.9487 sec
Iteration 93
Elapsed time for kappa 37.4392 sec
Elapsed time for experts 13.6279 sec
Elapsed time for households 12.6361 sec
Iteration 94
Elapsed time for kappa 36.9425 sec
Elapsed time for experts 13.2169 sec
Elapsed time for households 12.6729 sec
Iteration 95
Elapsed time for kappa 37.5672 sec
Elapsed time for experts 13.2115 sec
Elapsed time for households 11.8732 sec
Iteration 96
Elapsed time for kappa 36.0005 sec
Elapsed time for experts 13.0575 sec
Elapsed time for households 12.3101 sec
Iteration 97
Elapsed time for kappa 36.0135 sec
Elapsed time for experts 13.1009 sec
Elapsed time for households 11.8091 sec
Iteration 98
Elapsed time for kappa 35.1630 sec
Elapsed time for experts 20.5338 sec
Elapsed time for households 12.9789 sec
Iteration 99
Elapsed time for kappa 38.2006 sec
Elapsed time for experts 13.3607 sec
Elapsed time for households 12.1298 sec
Iteration 100
Elapsed time for kappa 36.6243 sec
Elapsed time for experts 13.2198 sec
Elapsed time for households 12.1407 sec
Iteration 101
Elapsed time for kappa 36.6671 sec
Elapsed time for experts 13.2618 sec
Elapsed time for households 11.9661 sec
Iteration 102
Elapsed time for kappa 35.8486 sec
Elapsed time for experts 13.1960 sec
Elapsed time for households 11.5850 sec
Iteration 103
Elapsed time for kappa 35.6232 sec
Elapsed time for experts 13.0899 sec
Elapsed time for households 12.1939 sec
Iteration 104
Elapsed time for kappa 44.5608 sec
Elapsed time for experts 14.0349 sec
Elapsed time for households 12.0708 sec
Iteration 105
Elapsed time for kappa 37.5320 sec
Elapsed time for experts 13.6639 sec
Elapsed time for households 12.0815 sec
Iteration 106
Elapsed time for kappa 36.4688 sec
Elapsed time for experts 12.9402 sec
Elapsed time for households 11.8899 sec
Iteration 107
Elapsed time for kappa 36.7759 sec
Elapsed time for experts 12.9832 sec
Elapsed time for households 11.8705 sec
Iteration 108
Elapsed time for kappa 35.9331 sec
Elapsed time for experts 12.9412 sec
Elapsed time for households 11.7179 sec
Iteration 109
Elapsed time for kappa 35.6498 sec
Elapsed time for experts 13.0234 sec
Elapsed time for households 11.5377 sec
Iteration 110
Elapsed time for kappa 43.5985 sec
Elapsed time for experts 13.3467 sec
Elapsed time for households 11.7742 sec
Iteration 111
Elapsed time for kappa 36.1478 sec
Elapsed time for experts 12.9481 sec
Elapsed time for households 12.5879 sec
Iteration 112
Elapsed time for kappa 36.7341 sec
Elapsed time for experts 12.9103 sec
Elapsed time for households 12.1402 sec
Iteration 113
Elapsed time for kappa 36.3235 sec
Elapsed time for experts 12.9043 sec
Elapsed time for households 11.5576 sec
Iteration 114
Elapsed time for kappa 35.5511 sec
Elapsed time for experts 12.7888 sec
Elapsed time for households 11.4599 sec
Iteration 115
Elapsed time for kappa 35.1590 sec
Elapsed time for experts 18.3957 sec
Elapsed time for households 12.3579 sec
Iteration 116
Elapsed time for kappa 35.8641 sec
Elapsed time for experts 13.1389 sec
Elapsed time for households 11.7602 sec
Iteration 117
Elapsed time for kappa 36.8145 sec
Elapsed time for experts 13.3395 sec
Elapsed time for households 11.9040 sec
Iteration 118
Elapsed time for kappa 36.0218 sec
Elapsed time for experts 12.9915 sec
Elapsed time for households 11.7837 sec
Iteration 119
Elapsed time for kappa 35.6489 sec
Elapsed time for experts 13.2990 sec
Elapsed time for households 11.5638 sec
Iteration 120
Elapsed time for kappa 34.9718 sec
Elapsed time for experts 12.8374 sec
Elapsed time for households 11.5589 sec
Iteration 121
Elapsed time for kappa 43.0003 sec
Elapsed time for experts 13.6129 sec
Elapsed time for households 12.1073 sec
Iteration 122
Elapsed time for kappa 36.5056 sec
Elapsed time for experts 13.1348 sec
Elapsed time for households 11.7430 sec
Iteration 123
Elapsed time for kappa 34.7189 sec
Elapsed time for experts 12.8478 sec
Elapsed time for households 11.6225 sec
Iteration 124
Elapsed time for kappa 35.1328 sec
Elapsed time for experts 13.0598 sec
Elapsed time for households 11.5115 sec
Iteration 125
Elapsed time for kappa 34.8242 sec
Elapsed time for experts 12.7551 sec
Elapsed time for households 11.3823 sec
Iteration 126
Elapsed time for kappa 33.9625 sec
Elapsed time for experts 13.0659 sec
Elapsed time for households 11.9539 sec
Iteration 127
Elapsed time for kappa 41.6317 sec
Elapsed time for experts 13.4357 sec
Elapsed time for households 11.7745 sec
Iteration 128
Elapsed time for kappa 34.9356 sec
Elapsed time for experts 13.0131 sec
Elapsed time for households 11.9401 sec
Iteration 129
Elapsed time for kappa 35.5567 sec
Elapsed time for experts 13.0039 sec
Elapsed time for households 11.6610 sec
Iteration 130
Elapsed time for kappa 34.7044 sec
Elapsed time for experts 12.7823 sec
Elapsed time for households 11.5328 sec
Iteration 131
Elapsed time for kappa 34.7222 sec
Elapsed time for experts 12.7192 sec
Elapsed time for households 11.4385 sec
Iteration 132
Elapsed time for kappa 34.2512 sec
Elapsed time for experts 17.6979 sec
Elapsed time for households 12.2954 sec
Iteration 133
Elapsed time for kappa 34.9924 sec
Elapsed time for experts 12.9111 sec
Elapsed time for households 11.9734 sec
Iteration 134
Elapsed time for kappa 34.8809 sec
Elapsed time for experts 13.2358 sec
Elapsed time for households 11.8405 sec
Iteration 135
Elapsed time for kappa 34.9825 sec
Elapsed time for experts 12.7271 sec
Elapsed time for households 11.4515 sec
Iteration 136
Elapsed time for kappa 34.0151 sec
Elapsed time for experts 12.4655 sec
Elapsed time for households 11.3694 sec
Iteration 137
Elapsed time for kappa 33.4189 sec
Elapsed time for experts 12.5056 sec
Elapsed time for households 11.6088 sec
Iteration 138
Elapsed time for kappa 41.6297 sec
Elapsed time for experts 13.3571 sec
Elapsed time for households 11.8226 sec
Iteration 139
Elapsed time for kappa 34.8954 sec
Elapsed time for experts 12.8957 sec
Elapsed time for households 11.6028 sec
Iteration 140
Elapsed time for kappa 34.0969 sec
Elapsed time for experts 12.7050 sec
Elapsed time for households 11.5431 sec
Iteration 141
Elapsed time for kappa 33.7505 sec
Elapsed time for experts 12.6077 sec
Elapsed time for households 11.2315 sec
Iteration 142
Elapsed time for kappa 33.3028 sec
Elapsed time for experts 12.5458 sec
Elapsed time for households 11.2832 sec
Iteration 143
Elapsed time for kappa 34.3428 sec
Elapsed time for experts 12.6389 sec
Elapsed time for households 11.0935 sec
Iteration 144
Elapsed time for kappa 40.9730 sec
Elapsed time for experts 13.1715 sec
Elapsed time for households 11.7647 sec
Iteration 145
Elapsed time for kappa 35.3697 sec
Elapsed time for experts 12.7799 sec
Elapsed time for households 11.5012 sec
Iteration 146
Elapsed time for kappa 33.5068 sec
Elapsed time for experts 12.8896 sec
Elapsed time for households 11.6536 sec
Iteration 147
Elapsed time for kappa 33.3086 sec
Elapsed time for experts 12.5375 sec
Elapsed time for households 11.2124 sec
Iteration 148
Elapsed time for kappa 32.7318 sec
Elapsed time for experts 12.4370 sec
Elapsed time for households 11.2351 sec
Iteration 149
Elapsed time for kappa 32.4084 sec
Elapsed time for experts 12.2973 sec
Elapsed time for households 16.9403 sec
Iteration 150
Elapsed time for kappa 34.3098 sec
Elapsed time for experts 12.6964 sec
Elapsed time for households 11.9538 sec
Iteration 151
Elapsed time for kappa 33.2730 sec
Elapsed time for experts 12.8150 sec
Elapsed time for households 11.4182 sec
Iteration 152
Elapsed time for kappa 34.0382 sec
Elapsed time for experts 12.5013 sec
Elapsed time for households 11.3740 sec
Iteration 153
Elapsed time for kappa 33.0050 sec
Elapsed time for experts 12.9868 sec
Elapsed time for households 11.3110 sec
Iteration 154
Elapsed time for kappa 32.8201 sec
Elapsed time for experts 12.1759 sec
Elapsed time for households 11.0793 sec
Iteration 155
Elapsed time for kappa 32.3805 sec
Elapsed time for experts 12.2977 sec
Elapsed time for households 16.6681 sec
Iteration 156
Elapsed time for kappa 34.4748 sec
Elapsed time for experts 12.7956 sec
Elapsed time for households 11.5949 sec
Iteration 157
Elapsed time for kappa 34.3289 sec
Elapsed time for experts 12.9108 sec
Elapsed time for households 11.6130 sec
Iteration 158
Elapsed time for kappa 33.7037 sec
Elapsed time for experts 12.6286 sec
Elapsed time for households 11.2917 sec
Iteration 159
Elapsed time for kappa 32.4423 sec
Elapsed time for experts 12.7591 sec
Elapsed time for households 11.1044 sec
Iteration 160
Elapsed time for kappa 32.3531 sec
Elapsed time for experts 12.4055 sec
Elapsed time for households 11.1555 sec
Iteration 161
Elapsed time for kappa 32.1057 sec
Elapsed time for experts 17.8847 sec
Elapsed time for households 12.3519 sec
Iteration 162
Elapsed time for kappa 34.5126 sec
Elapsed time for experts 12.6771 sec
Elapsed time for households 11.3548 sec
Iteration 163
Elapsed time for kappa 32.5872 sec
Elapsed time for experts 12.4475 sec
Elapsed time for households 11.6021 sec
Iteration 164
Elapsed time for kappa 32.8095 sec
Elapsed time for experts 12.8113 sec
Elapsed time for households 11.1007 sec
Iteration 165
Elapsed time for kappa 33.8106 sec
Elapsed time for experts 12.0558 sec
Elapsed time for households 10.9872 sec
Iteration 166
Elapsed time for kappa 32.0543 sec
Elapsed time for experts 12.2148 sec
Elapsed time for households 10.9908 sec
Iteration 167
Elapsed time for kappa 33.2558 sec
Elapsed time for experts 18.2680 sec
Elapsed time for households 11.9439 sec
Iteration 168
Elapsed time for kappa 34.5278 sec
Elapsed time for experts 12.8413 sec
Elapsed time for households 11.5010 sec
Iteration 169
Elapsed time for kappa 32.6094 sec
Elapsed time for experts 12.9806 sec
Elapsed time for households 11.3533 sec
Iteration 170
Elapsed time for kappa 33.6528 sec
Elapsed time for experts 12.5782 sec
Elapsed time for households 11.1655 sec
Iteration 171
Elapsed time for kappa 32.3001 sec
Elapsed time for experts 12.2920 sec
Elapsed time for households 11.0298 sec
Iteration 172
Elapsed time for kappa 31.4524 sec
Elapsed time for experts 12.2920 sec
Elapsed time for households 11.1327 sec
Iteration 173
Elapsed time for kappa 37.9836 sec
Elapsed time for experts 13.0404 sec
Elapsed time for households 11.4726 sec
Iteration 174
Elapsed time for kappa 32.7994 sec
Elapsed time for experts 12.5576 sec
Elapsed time for households 11.3548 sec
Iteration 175
Elapsed time for kappa 31.9647 sec
Elapsed time for experts 12.2460 sec
Elapsed time for households 11.2409 sec
Iteration 176
Elapsed time for kappa 32.2068 sec
Elapsed time for experts 12.1969 sec
Elapsed time for households 11.1253 sec
Iteration 177
Elapsed time for kappa 31.8528 sec
Elapsed time for experts 12.1386 sec
Elapsed time for households 10.9549 sec
Iteration 178
Elapsed time for kappa 31.8603 sec
Elapsed time for experts 12.1570 sec
Elapsed time for households 11.0438 sec
Iteration 179
Elapsed time for kappa 38.2419 sec
Elapsed time for experts 12.7040 sec
Elapsed time for households 11.3240 sec
Iteration 180
Elapsed time for kappa 32.6076 sec
Elapsed time for experts 12.6122 sec
Elapsed time for households 11.6818 sec
Iteration 181
Elapsed time for kappa 33.9559 sec
Elapsed time for experts 12.2531 sec
Elapsed time for households 11.6485 sec
Iteration 182
Elapsed time for kappa 32.0212 sec
Elapsed time for experts 12.3170 sec
Elapsed time for households 11.0437 sec
Iteration 183
Elapsed time for kappa 32.0339 sec
Elapsed time for experts 12.2757 sec
Elapsed time for households 11.1379 sec
Iteration 184
Elapsed time for kappa 31.9132 sec
Elapsed time for experts 12.1811 sec
Elapsed time for households 15.9481 sec
Iteration 185
Elapsed time for kappa 33.2817 sec
Elapsed time for experts 12.5866 sec
Elapsed time for households 11.4508 sec
Iteration 186
Elapsed time for kappa 32.3585 sec
Elapsed time for experts 12.8474 sec
Elapsed time for households 11.2049 sec
Iteration 187
Elapsed time for kappa 32.0097 sec
Elapsed time for experts 12.2953 sec
Elapsed time for households 11.1014 sec
Iteration 188
Elapsed time for kappa 31.8547 sec
Elapsed time for experts 12.2841 sec
Elapsed time for households 11.0189 sec
Iteration 189
Elapsed time for kappa 32.0850 sec
Elapsed time for experts 12.1332 sec
Elapsed time for households 11.0408 sec
Iteration 190
Elapsed time for kappa 31.6493 sec
Elapsed time for experts 12.1533 sec
Elapsed time for households 16.3086 sec
Iteration 191
Elapsed time for kappa 33.3303 sec
Elapsed time for experts 12.6379 sec
Elapsed time for households 11.3415 sec
Iteration 192
Elapsed time for kappa 32.7527 sec
Elapsed time for experts 12.6221 sec
Elapsed time for households 11.3386 sec
Iteration 193
Elapsed time for kappa 32.5227 sec
Elapsed time for experts 12.3223 sec
Elapsed time for households 11.1758 sec
Iteration 194
Elapsed time for kappa 31.8828 sec
Elapsed time for experts 12.2875 sec
Elapsed time for households 11.2174 sec
Iteration 195
Elapsed time for kappa 32.1121 sec
Elapsed time for experts 12.2502 sec
Elapsed time for households 11.1429 sec
Iteration 196
Elapsed time for kappa 31.6853 sec
Elapsed time for experts 12.3128 sec
Elapsed time for households 16.2147 sec
Iteration 197
Elapsed time for kappa 33.1356 sec
Elapsed time for experts 12.7873 sec
Elapsed time for households 11.3865 sec
Iteration 198
Elapsed time for kappa 32.4109 sec
Elapsed time for experts 12.8681 sec
Elapsed time for households 11.4885 sec
Iteration 199
Elapsed time for kappa 31.9727 sec
Elapsed time for experts 12.3521 sec
Elapsed time for households 11.2002 sec
Elapsed time for training 12242.7502 sec
90000 90000 90000 90000
