/tmp/slurmd/job22880363/slurm_script: line 19: deactivate: No such file or directory
Iteration 0
Elapsed time for kappa 78.0492 sec
Elapsed time for experts 24.8696 sec
Elapsed time for households 18.0739 sec
Iteration 1
Elapsed time for kappa 40.2077 sec
Elapsed time for experts 18.6818 sec
Elapsed time for households 15.3698 sec
Iteration 2
Elapsed time for kappa 39.6051 sec
Elapsed time for experts 16.0462 sec
Elapsed time for households 15.1396 sec
Iteration 3
Elapsed time for kappa 39.8372 sec
Elapsed time for experts 16.4853 sec
Elapsed time for households 14.6522 sec
Iteration 4
Elapsed time for kappa 40.0275 sec
Elapsed time for experts 16.0892 sec
Elapsed time for households 14.6301 sec
Iteration 5
Elapsed time for kappa 40.1134 sec
Elapsed time for experts 16.2461 sec
Elapsed time for households 14.9612 sec
Iteration 6
Elapsed time for kappa 39.7181 sec
Elapsed time for experts 16.0453 sec
Elapsed time for households 14.9948 sec
Iteration 7
Elapsed time for kappa 47.2712 sec
Elapsed time for experts 16.8722 sec
Elapsed time for households 10.7576 sec
Iteration 8
Elapsed time for kappa 40.1598 sec
Elapsed time for experts 16.5789 sec
Elapsed time for households 14.8258 sec
Iteration 9
Elapsed time for kappa 39.8275 sec
Elapsed time for experts 16.0272 sec
Elapsed time for households 14.8079 sec
Iteration 10
Elapsed time for kappa 40.1399 sec
Elapsed time for experts 16.0466 sec
Elapsed time for households 14.6607 sec
Iteration 11
Elapsed time for kappa 39.6757 sec
Elapsed time for experts 16.0842 sec
Elapsed time for households 14.6027 sec
Iteration 12
Elapsed time for kappa 39.6659 sec
Elapsed time for experts 16.1130 sec
Elapsed time for households 14.6337 sec
Iteration 13
Elapsed time for kappa 46.9792 sec
Elapsed time for experts 16.6970 sec
Elapsed time for households 14.9377 sec
Iteration 14
Elapsed time for kappa 39.9602 sec
Elapsed time for experts 16.1297 sec
Elapsed time for households 14.7875 sec
Iteration 15
Elapsed time for kappa 40.1272 sec
Elapsed time for experts 16.1383 sec
Elapsed time for households 14.7226 sec
Iteration 16
Elapsed time for kappa 37.9713 sec
Elapsed time for experts 16.4208 sec
Elapsed time for households 14.7167 sec
Iteration 17
Elapsed time for kappa 39.9891 sec
Elapsed time for experts 15.7744 sec
Elapsed time for households 14.9195 sec
Iteration 18
Elapsed time for kappa 39.5177 sec
Elapsed time for experts 22.3619 sec
Elapsed time for households 15.5294 sec
Iteration 19
Elapsed time for kappa 40.8125 sec
Elapsed time for experts 16.3252 sec
Elapsed time for households 14.8649 sec
Iteration 20
Elapsed time for kappa 40.1256 sec
Elapsed time for experts 16.1577 sec
Elapsed time for households 14.6289 sec
Iteration 21
Elapsed time for kappa 40.1418 sec
Elapsed time for experts 16.3691 sec
Elapsed time for households 14.8207 sec
Iteration 22
Elapsed time for kappa 39.7090 sec
Elapsed time for experts 16.1063 sec
Elapsed time for households 14.7026 sec
Iteration 23
Elapsed time for kappa 39.9218 sec
Elapsed time for experts 15.7310 sec
Elapsed time for households 14.7171 sec
Iteration 24
Elapsed time for kappa 47.9405 sec
Elapsed time for experts 17.0598 sec
Elapsed time for households 15.1579 sec
Iteration 25
Elapsed time for kappa 40.8132 sec
Elapsed time for experts 15.8752 sec
Elapsed time for households 10.6174 sec
Iteration 26
Elapsed time for kappa 40.2874 sec
Elapsed time for experts 16.1558 sec
Elapsed time for households 10.5139 sec
Iteration 27
Elapsed time for kappa 40.0412 sec
Elapsed time for experts 16.1532 sec
Elapsed time for households 14.8815 sec
Iteration 28
Elapsed time for kappa 40.0178 sec
Elapsed time for experts 15.9981 sec
Elapsed time for households 14.8758 sec
Iteration 29
Elapsed time for kappa 39.9642 sec
Elapsed time for experts 16.1514 sec
Elapsed time for households 20.8634 sec
Iteration 30
Elapsed time for kappa 41.1275 sec
Elapsed time for experts 16.4179 sec
Elapsed time for households 15.1723 sec
Iteration 31
Elapsed time for kappa 40.3431 sec
Elapsed time for experts 16.4901 sec
Elapsed time for households 14.7803 sec
Iteration 32
Elapsed time for kappa 40.1597 sec
Elapsed time for experts 16.3083 sec
Elapsed time for households 14.7198 sec
Iteration 33
Elapsed time for kappa 39.4780 sec
Elapsed time for experts 16.2264 sec
Elapsed time for households 14.9339 sec
Iteration 34
Elapsed time for kappa 40.1280 sec
Elapsed time for experts 16.0735 sec
Elapsed time for households 14.8459 sec
Iteration 35
Elapsed time for kappa 39.8369 sec
Elapsed time for experts 23.5632 sec
Elapsed time for households 15.5698 sec
Iteration 36
Elapsed time for kappa 41.4976 sec
Elapsed time for experts 16.3700 sec
Elapsed time for households 10.6923 sec
Iteration 37
Elapsed time for kappa 40.3128 sec
Elapsed time for experts 16.6116 sec
Elapsed time for households 14.8771 sec
Iteration 38
Elapsed time for kappa 40.7337 sec
Elapsed time for experts 16.2605 sec
Elapsed time for households 14.6985 sec
Iteration 39
Elapsed time for kappa 39.9513 sec
Elapsed time for experts 16.4133 sec
Elapsed time for households 14.6573 sec
Iteration 40
Elapsed time for kappa 39.8978 sec
Elapsed time for experts 16.2006 sec
Elapsed time for households 14.6807 sec
Iteration 41
Elapsed time for kappa 47.8247 sec
Elapsed time for experts 17.2622 sec
Elapsed time for households 15.3070 sec
Iteration 42
Elapsed time for kappa 40.4588 sec
Elapsed time for experts 16.5267 sec
Elapsed time for households 15.3809 sec
Iteration 43
Elapsed time for kappa 40.7146 sec
Elapsed time for experts 16.2282 sec
Elapsed time for households 10.7020 sec
Iteration 44
Elapsed time for kappa 39.9878 sec
Elapsed time for experts 16.4511 sec
Elapsed time for households 14.8744 sec
Iteration 45
Elapsed time for kappa 39.8751 sec
Elapsed time for experts 16.3857 sec
Elapsed time for households 14.7571 sec
Iteration 46
Elapsed time for kappa 39.5675 sec
Elapsed time for experts 15.8480 sec
Elapsed time for households 21.3244 sec
Iteration 47
Elapsed time for kappa 41.8670 sec
Elapsed time for experts 16.9569 sec
Elapsed time for households 15.0671 sec
Iteration 48
Elapsed time for kappa 40.9470 sec
Elapsed time for experts 16.3563 sec
Elapsed time for households 14.7831 sec
Iteration 49
Elapsed time for kappa 40.6642 sec
Elapsed time for experts 16.2288 sec
Elapsed time for households 14.7629 sec
Iteration 50
Elapsed time for kappa 40.4462 sec
Elapsed time for experts 15.7213 sec
Elapsed time for households 15.0246 sec
Iteration 51
Elapsed time for kappa 40.1519 sec
Elapsed time for experts 16.2562 sec
Elapsed time for households 14.7070 sec
Iteration 52
Elapsed time for kappa 39.4547 sec
Elapsed time for experts 23.9072 sec
Elapsed time for households 15.8070 sec
Iteration 53
Elapsed time for kappa 41.6716 sec
Elapsed time for experts 16.7132 sec
Elapsed time for households 15.0831 sec
Iteration 54
Elapsed time for kappa 40.8345 sec
Elapsed time for experts 16.4569 sec
Elapsed time for households 15.2319 sec
Iteration 55
Elapsed time for kappa 40.9030 sec
Elapsed time for experts 15.9532 sec
Elapsed time for households 14.7771 sec
Iteration 56
Elapsed time for kappa 39.1202 sec
Elapsed time for experts 16.2977 sec
Elapsed time for households 14.7776 sec
Iteration 57
Elapsed time for kappa 38.6308 sec
Elapsed time for experts 16.1077 sec
Elapsed time for households 14.6873 sec
Iteration 58
Elapsed time for kappa 48.3331 sec
Elapsed time for experts 17.8929 sec
Elapsed time for households 15.2897 sec
Iteration 59
Elapsed time for kappa 41.4318 sec
Elapsed time for experts 16.6968 sec
Elapsed time for households 15.1316 sec
Iteration 60
Elapsed time for kappa 40.3942 sec
Elapsed time for experts 16.5880 sec
Elapsed time for households 15.0170 sec
Iteration 61
Elapsed time for kappa 40.5734 sec
Elapsed time for experts 15.9257 sec
Elapsed time for households 14.7629 sec
Iteration 62
Elapsed time for kappa 40.2107 sec
Elapsed time for experts 16.2714 sec
Elapsed time for households 14.7604 sec
Iteration 63
Elapsed time for kappa 39.6219 sec
Elapsed time for experts 16.1875 sec
Elapsed time for households 14.8133 sec
Iteration 64
Elapsed time for kappa 48.9216 sec
Elapsed time for experts 17.3908 sec
Elapsed time for households 15.3698 sec
Iteration 65
Elapsed time for kappa 41.0973 sec
Elapsed time for experts 16.7657 sec
Elapsed time for households 15.2677 sec
Iteration 66
Elapsed time for kappa 40.7804 sec
Elapsed time for experts 16.0361 sec
Elapsed time for households 14.9515 sec
Iteration 67
Elapsed time for kappa 40.4051 sec
Elapsed time for experts 16.5400 sec
Elapsed time for households 14.7015 sec
Iteration 68
Elapsed time for kappa 39.9385 sec
Elapsed time for experts 16.2172 sec
Elapsed time for households 10.5488 sec
Iteration 69
Elapsed time for kappa 39.8900 sec
Elapsed time for experts 16.2122 sec
Elapsed time for households 21.3108 sec
Iteration 70
Elapsed time for kappa 41.5412 sec
Elapsed time for experts 16.7155 sec
Elapsed time for households 15.2687 sec
Iteration 71
Elapsed time for kappa 41.1469 sec
Elapsed time for experts 16.3376 sec
Elapsed time for households 15.1561 sec
Iteration 72
Elapsed time for kappa 40.6992 sec
Elapsed time for experts 15.8934 sec
Elapsed time for households 14.9692 sec
Iteration 73
Elapsed time for kappa 38.8644 sec
Elapsed time for experts 16.4656 sec
Elapsed time for households 15.0829 sec
Iteration 74
Elapsed time for kappa 39.8461 sec
Elapsed time for experts 16.1580 sec
Elapsed time for households 14.9876 sec
Iteration 75
Elapsed time for kappa 39.7612 sec
Elapsed time for experts 23.9959 sec
Elapsed time for households 15.6336 sec
Iteration 76
Elapsed time for kappa 41.5009 sec
Elapsed time for experts 16.7313 sec
Elapsed time for households 11.0156 sec
Iteration 77
Elapsed time for kappa 41.3764 sec
Elapsed time for experts 16.6371 sec
Elapsed time for households 10.9652 sec
Iteration 78
Elapsed time for kappa 40.7895 sec
Elapsed time for experts 16.4401 sec
Elapsed time for households 10.7554 sec
Iteration 79
Elapsed time for kappa 40.8623 sec
Elapsed time for experts 16.3160 sec
Elapsed time for households 15.0454 sec
Iteration 80
Elapsed time for kappa 38.6855 sec
Elapsed time for experts 16.4212 sec
Elapsed time for households 16.1939 sec
Iteration 81
Elapsed time for kappa 48.7678 sec
Elapsed time for experts 17.4549 sec
Elapsed time for households 15.4006 sec
Iteration 82
Elapsed time for kappa 41.3540 sec
Elapsed time for experts 16.6635 sec
Elapsed time for households 14.9825 sec
Iteration 83
Elapsed time for kappa 40.9487 sec
Elapsed time for experts 16.3210 sec
Elapsed time for households 15.1855 sec
Iteration 84
Elapsed time for kappa 40.7773 sec
Elapsed time for experts 16.4456 sec
Elapsed time for households 14.8559 sec
Iteration 85
Elapsed time for kappa 40.8619 sec
Elapsed time for experts 16.2885 sec
Elapsed time for households 14.4935 sec
Iteration 86
Elapsed time for kappa 39.5829 sec
Elapsed time for experts 16.2759 sec
Elapsed time for households 21.3764 sec
Iteration 87
Elapsed time for kappa 41.9053 sec
Elapsed time for experts 16.4644 sec
Elapsed time for households 15.0677 sec
Iteration 88
Elapsed time for kappa 41.0426 sec
Elapsed time for experts 16.2842 sec
Elapsed time for households 15.1263 sec
Iteration 89
Elapsed time for kappa 40.1615 sec
Elapsed time for experts 16.5523 sec
Elapsed time for households 10.5797 sec
Iteration 90
Elapsed time for kappa 39.9176 sec
Elapsed time for experts 16.3754 sec
Elapsed time for households 14.7353 sec
Iteration 91
Elapsed time for kappa 39.8800 sec
Elapsed time for experts 16.1888 sec
Elapsed time for households 15.1017 sec
Iteration 92
Elapsed time for kappa 39.5838 sec
Elapsed time for experts 23.0399 sec
Elapsed time for households 15.6914 sec
Iteration 93
Elapsed time for kappa 41.4770 sec
Elapsed time for experts 17.0386 sec
Elapsed time for households 10.8848 sec
Iteration 94
Elapsed time for kappa 40.6230 sec
Elapsed time for experts 16.8537 sec
Elapsed time for households 15.0241 sec
Iteration 95
Elapsed time for kappa 41.0452 sec
Elapsed time for experts 16.6816 sec
Elapsed time for households 14.9237 sec
Iteration 96
Elapsed time for kappa 40.6236 sec
Elapsed time for experts 16.4699 sec
Elapsed time for households 10.5842 sec
Iteration 97
Elapsed time for kappa 39.9068 sec
Elapsed time for experts 16.4927 sec
Elapsed time for households 14.7069 sec
Iteration 98
Elapsed time for kappa 47.1585 sec
Elapsed time for experts 17.5552 sec
Elapsed time for households 15.7390 sec
Iteration 99
Elapsed time for kappa 40.4885 sec
Elapsed time for experts 16.7951 sec
Elapsed time for households 15.3995 sec
Iteration 100
Elapsed time for kappa 40.7557 sec
Elapsed time for experts 16.6119 sec
Elapsed time for households 15.3113 sec
Iteration 101
Elapsed time for kappa 40.4349 sec
Elapsed time for experts 16.6364 sec
Elapsed time for households 15.0141 sec
Iteration 102
Elapsed time for kappa 40.3387 sec
Elapsed time for experts 16.2136 sec
Elapsed time for households 14.8584 sec
Iteration 103
Elapsed time for kappa 40.0292 sec
Elapsed time for experts 16.2344 sec
Elapsed time for households 14.8561 sec
Iteration 104
Elapsed time for kappa 48.6981 sec
Elapsed time for experts 17.3336 sec
Elapsed time for households 15.4774 sec
Iteration 105
Elapsed time for kappa 41.8875 sec
Elapsed time for experts 16.8064 sec
Elapsed time for households 15.2855 sec
Iteration 106
Elapsed time for kappa 41.5961 sec
Elapsed time for experts 16.6699 sec
Elapsed time for households 15.2314 sec
Iteration 107
Elapsed time for kappa 40.6494 sec
Elapsed time for experts 16.5459 sec
Elapsed time for households 15.1069 sec
Iteration 108
Elapsed time for kappa 40.1203 sec
Elapsed time for experts 16.4889 sec
Elapsed time for households 14.7000 sec
Iteration 109
Elapsed time for kappa 40.4328 sec
Elapsed time for experts 22.2139 sec
Elapsed time for households 15.8029 sec
Iteration 110
Elapsed time for kappa 41.8674 sec
Elapsed time for experts 16.9949 sec
Elapsed time for households 15.2063 sec
Iteration 111
Elapsed time for kappa 39.7901 sec
Elapsed time for experts 16.9048 sec
Elapsed time for households 15.1652 sec
Iteration 112
Elapsed time for kappa 41.1246 sec
Elapsed time for experts 16.4753 sec
Elapsed time for households 15.0034 sec
Iteration 113
Elapsed time for kappa 40.8962 sec
Elapsed time for experts 16.3295 sec
Elapsed time for households 14.7918 sec
Iteration 114
Elapsed time for kappa 40.2563 sec
Elapsed time for experts 16.1770 sec
Elapsed time for households 14.7829 sec
Iteration 115
Elapsed time for kappa 49.6265 sec
Elapsed time for experts 17.6747 sec
Elapsed time for households 15.3750 sec
Iteration 116
Elapsed time for kappa 41.2157 sec
Elapsed time for experts 17.1221 sec
Elapsed time for households 15.1292 sec
Iteration 117
Elapsed time for kappa 40.9169 sec
Elapsed time for experts 16.6786 sec
Elapsed time for households 14.6632 sec
Iteration 118
Elapsed time for kappa 40.7635 sec
Elapsed time for experts 16.3146 sec
Elapsed time for households 15.3712 sec
Iteration 119
Elapsed time for kappa 40.4406 sec
Elapsed time for experts 16.1550 sec
Elapsed time for households 14.7174 sec
Iteration 120
Elapsed time for kappa 39.8932 sec
Elapsed time for experts 16.1231 sec
Elapsed time for households 14.6120 sec
Iteration 121
Elapsed time for kappa 49.6171 sec
Elapsed time for experts 17.2653 sec
Elapsed time for households 15.5654 sec
Iteration 122
Elapsed time for kappa 41.3861 sec
Elapsed time for experts 16.6694 sec
Elapsed time for households 15.2840 sec
Iteration 123
Elapsed time for kappa 41.3018 sec
Elapsed time for experts 16.6410 sec
Elapsed time for households 14.5796 sec
Iteration 124
Elapsed time for kappa 41.0392 sec
Elapsed time for experts 16.4566 sec
Elapsed time for households 14.6030 sec
Iteration 125
Elapsed time for kappa 40.5121 sec
Elapsed time for experts 15.8871 sec
Elapsed time for households 10.5703 sec
Iteration 126
Elapsed time for kappa 39.8402 sec
Elapsed time for experts 22.6817 sec
Elapsed time for households 15.4428 sec
Iteration 127
Elapsed time for kappa 41.6499 sec
Elapsed time for experts 16.9993 sec
Elapsed time for households 15.4916 sec
Iteration 128
Elapsed time for kappa 41.5166 sec
Elapsed time for experts 16.5784 sec
Elapsed time for households 15.2695 sec
Iteration 129
Elapsed time for kappa 40.9240 sec
Elapsed time for experts 16.6780 sec
Elapsed time for households 14.9916 sec
Iteration 130
Elapsed time for kappa 40.6592 sec
Elapsed time for experts 16.5068 sec
Elapsed time for households 14.9373 sec
Iteration 131
Elapsed time for kappa 39.8526 sec
Elapsed time for experts 16.1533 sec
Elapsed time for households 14.7493 sec
Iteration 132
Elapsed time for kappa 49.5509 sec
Elapsed time for experts 17.7146 sec
Elapsed time for households 15.6668 sec
Iteration 133
Elapsed time for kappa 42.0719 sec
Elapsed time for experts 16.7884 sec
Elapsed time for households 15.1607 sec
Iteration 134
Elapsed time for kappa 40.7433 sec
Elapsed time for experts 16.5025 sec
Elapsed time for households 15.1792 sec
Iteration 135
Elapsed time for kappa 40.4143 sec
Elapsed time for experts 16.6294 sec
Elapsed time for households 14.9347 sec
Iteration 136
Elapsed time for kappa 40.4601 sec
Elapsed time for experts 16.4394 sec
Elapsed time for households 14.8351 sec
Iteration 137
Elapsed time for kappa 40.4001 sec
Elapsed time for experts 16.5237 sec
Elapsed time for households 14.6449 sec
Iteration 138
Elapsed time for kappa 47.5631 sec
Elapsed time for experts 17.7404 sec
Elapsed time for households 11.4155 sec
Iteration 139
Elapsed time for kappa 41.1608 sec
Elapsed time for experts 16.8136 sec
Elapsed time for households 15.1521 sec
Iteration 140
Elapsed time for kappa 41.1191 sec
Elapsed time for experts 16.5720 sec
Elapsed time for households 15.3316 sec
Iteration 141
Elapsed time for kappa 40.7265 sec
Elapsed time for experts 16.6576 sec
Elapsed time for households 14.9029 sec
Iteration 142
Elapsed time for kappa 40.2329 sec
Elapsed time for experts 16.5921 sec
Elapsed time for households 14.9671 sec
Iteration 143
Elapsed time for kappa 39.9289 sec
Elapsed time for experts 16.6169 sec
Elapsed time for households 21.8174 sec
Iteration 144
Elapsed time for kappa 42.4371 sec
Elapsed time for experts 17.0791 sec
Elapsed time for households 15.5004 sec
Iteration 145
Elapsed time for kappa 41.5513 sec
Elapsed time for experts 16.6763 sec
Elapsed time for households 15.1617 sec
Iteration 146
Elapsed time for kappa 41.5104 sec
Elapsed time for experts 16.5449 sec
Elapsed time for households 15.4191 sec
Iteration 147
Elapsed time for kappa 40.4961 sec
Elapsed time for experts 16.3966 sec
Elapsed time for households 14.7863 sec
Iteration 148
Elapsed time for kappa 40.0277 sec
Elapsed time for experts 16.3617 sec
Elapsed time for households 15.2378 sec
Iteration 149
Elapsed time for kappa 37.9651 sec
Elapsed time for experts 16.1997 sec
Elapsed time for households 22.7670 sec
Iteration 150
Elapsed time for kappa 42.1619 sec
Elapsed time for experts 17.0295 sec
Elapsed time for households 15.3442 sec
Iteration 151
Elapsed time for kappa 40.2484 sec
Elapsed time for experts 16.7623 sec
Elapsed time for households 10.9524 sec
Iteration 152
Elapsed time for kappa 41.0815 sec
Elapsed time for experts 16.6015 sec
Elapsed time for households 15.0224 sec
Iteration 153
Elapsed time for kappa 41.1212 sec
Elapsed time for experts 16.3228 sec
Elapsed time for households 14.9950 sec
Iteration 154
Elapsed time for kappa 40.4273 sec
Elapsed time for experts 16.2383 sec
Elapsed time for households 15.1418 sec
Iteration 155
Elapsed time for kappa 39.9671 sec
Elapsed time for experts 16.1805 sec
Elapsed time for households 22.6905 sec
Iteration 156
Elapsed time for kappa 42.2909 sec
Elapsed time for experts 17.0498 sec
Elapsed time for households 15.3264 sec
Iteration 157
Elapsed time for kappa 42.0333 sec
Elapsed time for experts 16.6656 sec
Elapsed time for households 15.1172 sec
Iteration 158
Elapsed time for kappa 40.7511 sec
Elapsed time for experts 16.6160 sec
Elapsed time for households 15.1694 sec
Iteration 159
Elapsed time for kappa 41.3061 sec
Elapsed time for experts 16.2636 sec
Elapsed time for households 15.0315 sec
Iteration 160
Elapsed time for kappa 40.5079 sec
Elapsed time for experts 16.5426 sec
Elapsed time for households 10.5131 sec
Iteration 161
Elapsed time for kappa 39.6271 sec
Elapsed time for experts 24.1310 sec
Elapsed time for households 16.0263 sec
Iteration 162
Elapsed time for kappa 42.1599 sec
Elapsed time for experts 17.1122 sec
Elapsed time for households 15.5524 sec
Iteration 163
Elapsed time for kappa 41.5808 sec
Elapsed time for experts 16.7516 sec
Elapsed time for households 14.9903 sec
Iteration 164
Elapsed time for kappa 41.0828 sec
Elapsed time for experts 16.7049 sec
Elapsed time for households 15.1687 sec
Iteration 165
Elapsed time for kappa 40.4209 sec
Elapsed time for experts 16.5771 sec
Elapsed time for households 15.0570 sec
Iteration 166
Elapsed time for kappa 38.3750 sec
Elapsed time for experts 16.3371 sec
Elapsed time for households 14.5153 sec
Iteration 167
Elapsed time for kappa 50.0426 sec
Elapsed time for experts 17.8171 sec
Elapsed time for households 15.7428 sec
Iteration 168
Elapsed time for kappa 41.6136 sec
Elapsed time for experts 17.0345 sec
Elapsed time for households 15.4693 sec
Iteration 169
Elapsed time for kappa 41.2920 sec
Elapsed time for experts 16.6804 sec
Elapsed time for households 11.0713 sec
Iteration 170
Elapsed time for kappa 40.6712 sec
Elapsed time for experts 16.7271 sec
Elapsed time for households 14.9785 sec
Iteration 171
Elapsed time for kappa 39.2878 sec
Elapsed time for experts 15.8917 sec
Elapsed time for households 14.9527 sec
Iteration 172
Elapsed time for kappa 39.9350 sec
Elapsed time for experts 16.2265 sec
Elapsed time for households 15.2230 sec
Iteration 173
Elapsed time for kappa 50.1095 sec
Elapsed time for experts 17.5556 sec
Elapsed time for households 15.9299 sec
Iteration 174
Elapsed time for kappa 39.9806 sec
Elapsed time for experts 17.0521 sec
Elapsed time for households 15.4134 sec
Iteration 175
Elapsed time for kappa 41.2415 sec
Elapsed time for experts 16.8364 sec
Elapsed time for households 15.2597 sec
Iteration 176
Elapsed time for kappa 41.4609 sec
Elapsed time for experts 16.5702 sec
Elapsed time for households 10.6861 sec
Iteration 177
Elapsed time for kappa 40.3935 sec
Elapsed time for experts 16.6606 sec
Elapsed time for households 14.8352 sec
Iteration 178
Elapsed time for kappa 40.5479 sec
Elapsed time for experts 16.4457 sec
Elapsed time for households 22.1063 sec
Iteration 179
Elapsed time for kappa 41.9266 sec
Elapsed time for experts 16.7399 sec
Elapsed time for households 15.5819 sec
Iteration 180
Elapsed time for kappa 41.1954 sec
Elapsed time for experts 16.9133 sec
Elapsed time for households 15.1911 sec
Iteration 181
Elapsed time for kappa 41.1071 sec
Elapsed time for experts 16.7926 sec
Elapsed time for households 15.4117 sec
Iteration 182
Elapsed time for kappa 40.8618 sec
Elapsed time for experts 16.5905 sec
Elapsed time for households 15.0429 sec
Iteration 183
Elapsed time for kappa 40.7071 sec
Elapsed time for experts 16.4605 sec
Elapsed time for households 14.8403 sec
Iteration 184
Elapsed time for kappa 39.7667 sec
Elapsed time for experts 24.4249 sec
Elapsed time for households 11.7045 sec
Iteration 185
Elapsed time for kappa 42.1879 sec
Elapsed time for experts 17.1961 sec
Elapsed time for households 15.4729 sec
Iteration 186
Elapsed time for kappa 41.6101 sec
Elapsed time for experts 16.8947 sec
Elapsed time for households 15.2725 sec
Iteration 187
Elapsed time for kappa 41.4643 sec
Elapsed time for experts 16.7187 sec
Elapsed time for households 15.2969 sec
Iteration 188
Elapsed time for kappa 41.0551 sec
Elapsed time for experts 16.6252 sec
Elapsed time for households 15.0529 sec
Iteration 189
Elapsed time for kappa 40.7556 sec
Elapsed time for experts 16.3593 sec
Elapsed time for households 14.9347 sec
Iteration 190
Elapsed time for kappa 38.6092 sec
Elapsed time for experts 24.5579 sec
Elapsed time for households 15.9603 sec
Iteration 191
Elapsed time for kappa 41.9382 sec
Elapsed time for experts 17.2975 sec
Elapsed time for households 15.5563 sec
Iteration 192
Elapsed time for kappa 41.3067 sec
Elapsed time for experts 16.9555 sec
Elapsed time for households 11.1073 sec
Iteration 193
Elapsed time for kappa 41.5662 sec
Elapsed time for experts 16.5408 sec
Elapsed time for households 11.1111 sec
Iteration 194
Elapsed time for kappa 40.9413 sec
Elapsed time for experts 16.4842 sec
Elapsed time for households 14.6328 sec
Iteration 195
Elapsed time for kappa 40.3445 sec
Elapsed time for experts 16.5427 sec
Elapsed time for households 14.8533 sec
Iteration 196
Elapsed time for kappa 40.1604 sec
Elapsed time for experts 24.3108 sec
Elapsed time for households 16.2563 sec
Iteration 197
Elapsed time for kappa 40.5279 sec
Elapsed time for experts 17.1987 sec
Elapsed time for households 15.5094 sec
Iteration 198
Elapsed time for kappa 41.9326 sec
Elapsed time for experts 16.7715 sec
Elapsed time for households 15.2856 sec
Iteration 199
Elapsed time for kappa 41.5218 sec
Elapsed time for experts 16.6557 sec
Elapsed time for households 15.3866 sec
Elapsed time for training 14663.4094 sec
