/tmp/slurmd/job22880382/slurm_script: line 19: deactivate: No such file or directory
Iteration 0
Elapsed time for kappa 78.2689 sec
Elapsed time for experts 22.9688 sec
Elapsed time for households 16.8855 sec
Iteration 1
Elapsed time for kappa 40.6862 sec
Elapsed time for experts 16.3413 sec
Elapsed time for households 17.6081 sec
Iteration 2
Elapsed time for kappa 40.4652 sec
Elapsed time for experts 16.3040 sec
Elapsed time for households 15.0060 sec
Iteration 3
Elapsed time for kappa 39.4550 sec
Elapsed time for experts 16.0539 sec
Elapsed time for households 14.8617 sec
Iteration 4
Elapsed time for kappa 39.5290 sec
Elapsed time for experts 16.0331 sec
Elapsed time for households 14.9865 sec
Iteration 5
Elapsed time for kappa 39.4238 sec
Elapsed time for experts 15.9263 sec
Elapsed time for households 14.9629 sec
Iteration 6
Elapsed time for kappa 39.5170 sec
Elapsed time for experts 16.0157 sec
Elapsed time for households 14.8271 sec
Iteration 7
Elapsed time for kappa 39.2518 sec
Elapsed time for experts 23.0144 sec
Elapsed time for households 15.4340 sec
Iteration 8
Elapsed time for kappa 40.4415 sec
Elapsed time for experts 16.2020 sec
Elapsed time for households 14.7474 sec
Iteration 9
Elapsed time for kappa 40.0355 sec
Elapsed time for experts 16.0474 sec
Elapsed time for households 14.7369 sec
Iteration 10
Elapsed time for kappa 40.2512 sec
Elapsed time for experts 15.5962 sec
Elapsed time for households 14.7752 sec
Iteration 11
Elapsed time for kappa 39.4727 sec
Elapsed time for experts 16.0575 sec
Elapsed time for households 14.6528 sec
Iteration 12
Elapsed time for kappa 39.5975 sec
Elapsed time for experts 16.0160 sec
Elapsed time for households 14.6979 sec
Iteration 13
Elapsed time for kappa 47.5168 sec
Elapsed time for experts 17.0394 sec
Elapsed time for households 14.9433 sec
Iteration 14
Elapsed time for kappa 40.5129 sec
Elapsed time for experts 16.4255 sec
Elapsed time for households 14.7526 sec
Iteration 15
Elapsed time for kappa 40.0614 sec
Elapsed time for experts 16.2477 sec
Elapsed time for households 14.6383 sec
Iteration 16
Elapsed time for kappa 39.8563 sec
Elapsed time for experts 16.2060 sec
Elapsed time for households 14.8076 sec
Iteration 17
Elapsed time for kappa 39.6893 sec
Elapsed time for experts 16.2033 sec
Elapsed time for households 14.7310 sec
Iteration 18
Elapsed time for kappa 39.6645 sec
Elapsed time for experts 16.1047 sec
Elapsed time for households 14.6655 sec
Iteration 19
Elapsed time for kappa 46.6783 sec
Elapsed time for experts 16.3980 sec
Elapsed time for households 14.7328 sec
Iteration 20
Elapsed time for kappa 40.2968 sec
Elapsed time for experts 16.2529 sec
Elapsed time for households 14.8666 sec
Iteration 21
Elapsed time for kappa 39.9336 sec
Elapsed time for experts 15.7875 sec
Elapsed time for households 14.7096 sec
Iteration 22
Elapsed time for kappa 39.7903 sec
Elapsed time for experts 16.3331 sec
Elapsed time for households 14.5689 sec
Iteration 23
Elapsed time for kappa 40.0692 sec
Elapsed time for experts 16.0940 sec
Elapsed time for households 14.6821 sec
Iteration 24
Elapsed time for kappa 39.4661 sec
Elapsed time for experts 22.3506 sec
Elapsed time for households 15.3322 sec
Iteration 25
Elapsed time for kappa 41.3713 sec
Elapsed time for experts 16.5361 sec
Elapsed time for households 10.6729 sec
Iteration 26
Elapsed time for kappa 40.4359 sec
Elapsed time for experts 16.1467 sec
Elapsed time for households 14.7723 sec
Iteration 27
Elapsed time for kappa 40.2984 sec
Elapsed time for experts 16.3064 sec
Elapsed time for households 14.6683 sec
Iteration 28
Elapsed time for kappa 40.0067 sec
Elapsed time for experts 16.3369 sec
Elapsed time for households 14.7886 sec
Iteration 29
Elapsed time for kappa 39.9691 sec
Elapsed time for experts 16.3852 sec
Elapsed time for households 14.7836 sec
Iteration 30
Elapsed time for kappa 47.2712 sec
Elapsed time for experts 17.1517 sec
Elapsed time for households 15.2162 sec
Iteration 31
Elapsed time for kappa 39.5366 sec
Elapsed time for experts 16.3720 sec
Elapsed time for households 14.8335 sec
Iteration 32
Elapsed time for kappa 40.3283 sec
Elapsed time for experts 16.4141 sec
Elapsed time for households 14.8670 sec
Iteration 33
Elapsed time for kappa 40.0456 sec
Elapsed time for experts 16.3794 sec
Elapsed time for households 14.8436 sec
Iteration 34
Elapsed time for kappa 40.2473 sec
Elapsed time for experts 16.1622 sec
Elapsed time for households 14.8039 sec
Iteration 35
Elapsed time for kappa 39.9611 sec
Elapsed time for experts 16.1402 sec
Elapsed time for households 21.1762 sec
Iteration 36
Elapsed time for kappa 41.5037 sec
Elapsed time for experts 16.5397 sec
Elapsed time for households 15.1071 sec
Iteration 37
Elapsed time for kappa 40.3358 sec
Elapsed time for experts 16.5569 sec
Elapsed time for households 15.0224 sec
Iteration 38
Elapsed time for kappa 39.1183 sec
Elapsed time for experts 16.2512 sec
Elapsed time for households 14.7241 sec
Iteration 39
Elapsed time for kappa 40.5616 sec
Elapsed time for experts 16.0425 sec
Elapsed time for households 14.9006 sec
Iteration 40
Elapsed time for kappa 39.8307 sec
Elapsed time for experts 16.1904 sec
Elapsed time for households 14.7815 sec
Iteration 41
Elapsed time for kappa 39.6099 sec
Elapsed time for experts 23.2010 sec
Elapsed time for households 15.5406 sec
Iteration 42
Elapsed time for kappa 42.0241 sec
Elapsed time for experts 16.6373 sec
Elapsed time for households 15.2788 sec
Iteration 43
Elapsed time for kappa 40.5192 sec
Elapsed time for experts 16.3980 sec
Elapsed time for households 14.9889 sec
Iteration 44
Elapsed time for kappa 40.5660 sec
Elapsed time for experts 16.2104 sec
Elapsed time for households 14.9311 sec
Iteration 45
Elapsed time for kappa 40.1094 sec
Elapsed time for experts 16.2491 sec
Elapsed time for households 14.9206 sec
Iteration 46
Elapsed time for kappa 39.6914 sec
Elapsed time for experts 16.1885 sec
Elapsed time for households 14.5519 sec
Iteration 47
Elapsed time for kappa 48.7790 sec
Elapsed time for experts 17.1983 sec
Elapsed time for households 15.3029 sec
Iteration 48
Elapsed time for kappa 42.0428 sec
Elapsed time for experts 16.5626 sec
Elapsed time for households 15.0768 sec
Iteration 49
Elapsed time for kappa 40.8797 sec
Elapsed time for experts 16.5832 sec
Elapsed time for households 14.8909 sec
Iteration 50
Elapsed time for kappa 40.6340 sec
Elapsed time for experts 15.7078 sec
Elapsed time for households 14.4935 sec
Iteration 51
Elapsed time for kappa 40.1994 sec
Elapsed time for experts 16.0101 sec
Elapsed time for households 14.8984 sec
Iteration 52
Elapsed time for kappa 39.5742 sec
Elapsed time for experts 16.0391 sec
Elapsed time for households 21.3345 sec
Iteration 53
Elapsed time for kappa 42.2186 sec
Elapsed time for experts 17.1654 sec
Elapsed time for households 14.9415 sec
Iteration 54
Elapsed time for kappa 41.2997 sec
Elapsed time for experts 16.6149 sec
Elapsed time for households 14.8989 sec
Iteration 55
Elapsed time for kappa 40.2617 sec
Elapsed time for experts 16.3699 sec
Elapsed time for households 14.8800 sec
Iteration 56
Elapsed time for kappa 40.7160 sec
Elapsed time for experts 16.2075 sec
Elapsed time for households 14.8079 sec
Iteration 57
Elapsed time for kappa 40.1485 sec
Elapsed time for experts 16.1426 sec
Elapsed time for households 14.8934 sec
Iteration 58
Elapsed time for kappa 39.2954 sec
Elapsed time for experts 22.8427 sec
Elapsed time for households 15.2372 sec
Iteration 59
Elapsed time for kappa 41.5059 sec
Elapsed time for experts 17.0777 sec
Elapsed time for households 15.0587 sec
Iteration 60
Elapsed time for kappa 41.5117 sec
Elapsed time for experts 16.6016 sec
Elapsed time for households 15.1781 sec
Iteration 61
Elapsed time for kappa 40.2315 sec
Elapsed time for experts 15.7928 sec
Elapsed time for households 10.5982 sec
Iteration 62
Elapsed time for kappa 40.2836 sec
Elapsed time for experts 16.2327 sec
Elapsed time for households 14.8118 sec
Iteration 63
Elapsed time for kappa 40.8058 sec
Elapsed time for experts 16.3690 sec
Elapsed time for households 10.3517 sec
Iteration 64
Elapsed time for kappa 48.4816 sec
Elapsed time for experts 17.4519 sec
Elapsed time for households 15.2147 sec
Iteration 65
Elapsed time for kappa 41.9323 sec
Elapsed time for experts 16.5037 sec
Elapsed time for households 15.2679 sec
Iteration 66
Elapsed time for kappa 40.7104 sec
Elapsed time for experts 16.5182 sec
Elapsed time for households 14.9941 sec
Iteration 67
Elapsed time for kappa 40.4881 sec
Elapsed time for experts 16.1042 sec
Elapsed time for households 14.7836 sec
Iteration 68
Elapsed time for kappa 40.4306 sec
Elapsed time for experts 16.2403 sec
Elapsed time for households 14.9182 sec
Iteration 69
Elapsed time for kappa 39.8677 sec
Elapsed time for experts 16.1899 sec
Elapsed time for households 14.7201 sec
Iteration 70
Elapsed time for kappa 48.9623 sec
Elapsed time for experts 16.9237 sec
Elapsed time for households 10.8326 sec
Iteration 71
Elapsed time for kappa 40.9094 sec
Elapsed time for experts 16.3835 sec
Elapsed time for households 15.3047 sec
Iteration 72
Elapsed time for kappa 41.4951 sec
Elapsed time for experts 16.5304 sec
Elapsed time for households 15.0785 sec
Iteration 73
Elapsed time for kappa 40.5084 sec
Elapsed time for experts 16.2141 sec
Elapsed time for households 14.8965 sec
Iteration 74
Elapsed time for kappa 40.4605 sec
Elapsed time for experts 16.1508 sec
Elapsed time for households 15.0015 sec
Iteration 75
Elapsed time for kappa 40.6168 sec
Elapsed time for experts 23.6629 sec
Elapsed time for households 15.5039 sec
Iteration 76
Elapsed time for kappa 42.0754 sec
Elapsed time for experts 16.5591 sec
Elapsed time for households 14.9285 sec
Iteration 77
Elapsed time for kappa 41.2992 sec
Elapsed time for experts 16.6455 sec
Elapsed time for households 15.0418 sec
Iteration 78
Elapsed time for kappa 40.8248 sec
Elapsed time for experts 16.5372 sec
Elapsed time for households 19.8319 sec
Iteration 79
Elapsed time for kappa 39.8804 sec
Elapsed time for experts 16.4281 sec
Elapsed time for households 14.7150 sec
Iteration 80
Elapsed time for kappa 40.0868 sec
Elapsed time for experts 15.9720 sec
Elapsed time for households 14.7793 sec
Iteration 81
Elapsed time for kappa 49.1944 sec
Elapsed time for experts 17.8378 sec
Elapsed time for households 15.5027 sec
Iteration 82
Elapsed time for kappa 41.8857 sec
Elapsed time for experts 16.6054 sec
Elapsed time for households 15.5127 sec
Iteration 83
Elapsed time for kappa 41.2665 sec
Elapsed time for experts 16.4011 sec
Elapsed time for households 15.5011 sec
Iteration 84
Elapsed time for kappa 40.3975 sec
Elapsed time for experts 16.2682 sec
Elapsed time for households 15.0336 sec
Iteration 85
Elapsed time for kappa 40.0655 sec
Elapsed time for experts 16.2604 sec
Elapsed time for households 14.7293 sec
Iteration 86
Elapsed time for kappa 40.1147 sec
Elapsed time for experts 16.2193 sec
Elapsed time for households 14.8097 sec
Iteration 87
Elapsed time for kappa 49.1292 sec
Elapsed time for experts 17.4184 sec
Elapsed time for households 15.6059 sec
Iteration 88
Elapsed time for kappa 41.4857 sec
Elapsed time for experts 16.7810 sec
Elapsed time for households 15.1801 sec
Iteration 89
Elapsed time for kappa 41.5976 sec
Elapsed time for experts 16.6249 sec
Elapsed time for households 15.1214 sec
Iteration 90
Elapsed time for kappa 40.3748 sec
Elapsed time for experts 16.4502 sec
Elapsed time for households 14.7694 sec
Iteration 91
Elapsed time for kappa 40.7202 sec
Elapsed time for experts 16.2249 sec
Elapsed time for households 14.7345 sec
Iteration 92
Elapsed time for kappa 40.1016 sec
Elapsed time for experts 15.9556 sec
Elapsed time for households 21.6139 sec
Iteration 93
Elapsed time for kappa 41.7888 sec
Elapsed time for experts 16.7043 sec
Elapsed time for households 15.3298 sec
Iteration 94
Elapsed time for kappa 41.2402 sec
Elapsed time for experts 16.4745 sec
Elapsed time for households 15.3102 sec
Iteration 95
Elapsed time for kappa 41.1778 sec
Elapsed time for experts 16.5333 sec
Elapsed time for households 15.2120 sec
Iteration 96
Elapsed time for kappa 40.4503 sec
Elapsed time for experts 16.1612 sec
Elapsed time for households 14.8827 sec
Iteration 97
Elapsed time for kappa 38.5022 sec
Elapsed time for experts 16.3635 sec
Elapsed time for households 14.4612 sec
Iteration 98
Elapsed time for kappa 39.7296 sec
Elapsed time for experts 23.7506 sec
Elapsed time for households 15.9305 sec
Iteration 99
Elapsed time for kappa 41.9004 sec
Elapsed time for experts 16.9884 sec
Elapsed time for households 15.2835 sec
Iteration 100
Elapsed time for kappa 41.8212 sec
Elapsed time for experts 16.4713 sec
Elapsed time for households 15.1551 sec
Iteration 101
Elapsed time for kappa 41.1624 sec
Elapsed time for experts 16.2952 sec
Elapsed time for households 14.6836 sec
Iteration 102
Elapsed time for kappa 40.6850 sec
Elapsed time for experts 16.1333 sec
Elapsed time for households 14.9180 sec
Iteration 103
Elapsed time for kappa 40.6132 sec
Elapsed time for experts 16.0535 sec
Elapsed time for households 14.7456 sec
Iteration 104
Elapsed time for kappa 50.6029 sec
Elapsed time for experts 17.6126 sec
Elapsed time for households 15.9510 sec
Iteration 105
Elapsed time for kappa 42.4789 sec
Elapsed time for experts 17.4906 sec
Elapsed time for households 15.4227 sec
Iteration 106
Elapsed time for kappa 41.1152 sec
Elapsed time for experts 16.5716 sec
Elapsed time for households 15.1635 sec
Iteration 107
Elapsed time for kappa 41.3204 sec
Elapsed time for experts 16.5658 sec
Elapsed time for households 14.7508 sec
Iteration 108
Elapsed time for kappa 40.9550 sec
Elapsed time for experts 16.1470 sec
Elapsed time for households 14.8304 sec
Iteration 109
Elapsed time for kappa 39.9925 sec
Elapsed time for experts 16.1200 sec
Elapsed time for households 14.7628 sec
Iteration 110
Elapsed time for kappa 49.7766 sec
Elapsed time for experts 17.0276 sec
Elapsed time for households 15.5470 sec
Iteration 111
Elapsed time for kappa 41.7117 sec
Elapsed time for experts 16.7000 sec
Elapsed time for households 15.1788 sec
Iteration 112
Elapsed time for kappa 41.3703 sec
Elapsed time for experts 16.3103 sec
Elapsed time for households 15.1518 sec
Iteration 113
Elapsed time for kappa 41.1727 sec
Elapsed time for experts 16.3079 sec
Elapsed time for households 14.9388 sec
Iteration 114
Elapsed time for kappa 40.2652 sec
Elapsed time for experts 16.3104 sec
Elapsed time for households 14.8654 sec
Iteration 115
Elapsed time for kappa 40.6273 sec
Elapsed time for experts 23.0951 sec
Elapsed time for households 16.2978 sec
Iteration 116
Elapsed time for kappa 42.0886 sec
Elapsed time for experts 17.1099 sec
Elapsed time for households 15.1055 sec
Iteration 117
Elapsed time for kappa 41.5747 sec
Elapsed time for experts 16.6039 sec
Elapsed time for households 15.3595 sec
Iteration 118
Elapsed time for kappa 41.4022 sec
Elapsed time for experts 16.3691 sec
Elapsed time for households 15.2118 sec
Iteration 119
Elapsed time for kappa 41.1569 sec
Elapsed time for experts 16.3008 sec
Elapsed time for households 14.8726 sec
Iteration 120
Elapsed time for kappa 40.2011 sec
Elapsed time for experts 16.3611 sec
Elapsed time for households 14.8812 sec
Iteration 121
Elapsed time for kappa 49.4779 sec
Elapsed time for experts 17.6698 sec
Elapsed time for households 15.7164 sec
Iteration 122
Elapsed time for kappa 41.8587 sec
Elapsed time for experts 16.2954 sec
Elapsed time for households 15.1020 sec
Iteration 123
Elapsed time for kappa 42.0747 sec
Elapsed time for experts 16.6192 sec
Elapsed time for households 15.1202 sec
Iteration 124
Elapsed time for kappa 40.9559 sec
Elapsed time for experts 16.4669 sec
Elapsed time for households 14.9472 sec
Iteration 125
Elapsed time for kappa 40.8006 sec
Elapsed time for experts 16.0662 sec
Elapsed time for households 15.0163 sec
Iteration 126
Elapsed time for kappa 40.0810 sec
Elapsed time for experts 16.0946 sec
Elapsed time for households 14.5173 sec
Iteration 127
Elapsed time for kappa 49.9491 sec
Elapsed time for experts 17.2796 sec
Elapsed time for households 15.5992 sec
Iteration 128
Elapsed time for kappa 42.0025 sec
Elapsed time for experts 16.6807 sec
Elapsed time for households 15.1090 sec
Iteration 129
Elapsed time for kappa 41.7824 sec
Elapsed time for experts 16.7659 sec
Elapsed time for households 10.6926 sec
Iteration 130
Elapsed time for kappa 40.6063 sec
Elapsed time for experts 16.3256 sec
Elapsed time for households 15.0345 sec
Iteration 131
Elapsed time for kappa 40.3397 sec
Elapsed time for experts 16.2424 sec
Elapsed time for households 14.5542 sec
Iteration 132
Elapsed time for kappa 40.1255 sec
Elapsed time for experts 23.0619 sec
Elapsed time for households 15.8534 sec
Iteration 133
Elapsed time for kappa 42.2997 sec
Elapsed time for experts 16.9540 sec
Elapsed time for households 15.1981 sec
Iteration 134
Elapsed time for kappa 42.0042 sec
Elapsed time for experts 16.4905 sec
Elapsed time for households 15.3557 sec
Iteration 135
Elapsed time for kappa 41.7274 sec
Elapsed time for experts 16.6613 sec
Elapsed time for households 15.1880 sec
Iteration 136
Elapsed time for kappa 41.1630 sec
Elapsed time for experts 16.5043 sec
Elapsed time for households 15.1106 sec
Iteration 137
Elapsed time for kappa 40.5971 sec
Elapsed time for experts 16.2579 sec
Elapsed time for households 14.4184 sec
Iteration 138
Elapsed time for kappa 50.2211 sec
Elapsed time for experts 17.7621 sec
Elapsed time for households 15.7652 sec
Iteration 139
Elapsed time for kappa 41.8266 sec
Elapsed time for experts 16.9869 sec
Elapsed time for households 15.2026 sec
Iteration 140
Elapsed time for kappa 40.4938 sec
Elapsed time for experts 16.6273 sec
Elapsed time for households 15.0324 sec
Iteration 141
Elapsed time for kappa 41.7558 sec
Elapsed time for experts 16.3097 sec
Elapsed time for households 14.9244 sec
Iteration 142
Elapsed time for kappa 40.2760 sec
Elapsed time for experts 16.4547 sec
Elapsed time for households 14.8602 sec
Iteration 143
Elapsed time for kappa 40.3709 sec
Elapsed time for experts 16.3781 sec
Elapsed time for households 14.1062 sec
Iteration 144
Elapsed time for kappa 50.4770 sec
Elapsed time for experts 17.1929 sec
Elapsed time for households 11.3971 sec
Iteration 145
Elapsed time for kappa 42.0887 sec
Elapsed time for experts 16.7949 sec
Elapsed time for households 15.3456 sec
Iteration 146
Elapsed time for kappa 41.9948 sec
Elapsed time for experts 16.9610 sec
Elapsed time for households 15.0720 sec
Iteration 147
Elapsed time for kappa 41.2216 sec
Elapsed time for experts 16.4790 sec
Elapsed time for households 15.1217 sec
Iteration 148
Elapsed time for kappa 40.7108 sec
Elapsed time for experts 16.1987 sec
Elapsed time for households 15.0663 sec
Iteration 149
Elapsed time for kappa 40.3648 sec
Elapsed time for experts 16.1901 sec
Elapsed time for households 21.6223 sec
Iteration 150
Elapsed time for kappa 42.4965 sec
Elapsed time for experts 16.9886 sec
Elapsed time for households 15.4941 sec
Iteration 151
Elapsed time for kappa 41.2137 sec
Elapsed time for experts 16.4643 sec
Elapsed time for households 15.3978 sec
Iteration 152
Elapsed time for kappa 40.8756 sec
Elapsed time for experts 16.7534 sec
Elapsed time for households 15.1001 sec
Iteration 153
Elapsed time for kappa 40.8547 sec
Elapsed time for experts 16.4388 sec
Elapsed time for households 14.9054 sec
Iteration 154
Elapsed time for kappa 40.3141 sec
Elapsed time for experts 16.5625 sec
Elapsed time for households 14.8806 sec
Iteration 155
Elapsed time for kappa 40.5883 sec
Elapsed time for experts 16.2349 sec
Elapsed time for households 22.7293 sec
Iteration 156
Elapsed time for kappa 42.8541 sec
Elapsed time for experts 17.3414 sec
Elapsed time for households 15.3083 sec
Iteration 157
Elapsed time for kappa 42.3114 sec
Elapsed time for experts 16.5429 sec
Elapsed time for households 15.3269 sec
Iteration 158
Elapsed time for kappa 40.3936 sec
Elapsed time for experts 17.8798 sec
Elapsed time for households 15.2886 sec
Iteration 159
Elapsed time for kappa 41.1729 sec
Elapsed time for experts 16.5845 sec
Elapsed time for households 15.1013 sec
Iteration 160
Elapsed time for kappa 40.6213 sec
Elapsed time for experts 16.3158 sec
Elapsed time for households 15.3803 sec
Iteration 161
Elapsed time for kappa 40.1569 sec
Elapsed time for experts 24.4543 sec
Elapsed time for households 16.1954 sec
Iteration 162
Elapsed time for kappa 42.6402 sec
Elapsed time for experts 17.0966 sec
Elapsed time for households 15.4490 sec
Iteration 163
Elapsed time for kappa 41.9574 sec
Elapsed time for experts 16.8261 sec
Elapsed time for households 15.0927 sec
Iteration 164
Elapsed time for kappa 41.6996 sec
Elapsed time for experts 16.5058 sec
Elapsed time for households 15.2121 sec
Iteration 165
Elapsed time for kappa 40.7852 sec
Elapsed time for experts 16.5495 sec
Elapsed time for households 14.8365 sec
Iteration 166
Elapsed time for kappa 40.7861 sec
Elapsed time for experts 16.2653 sec
Elapsed time for households 14.9125 sec
Iteration 167
Elapsed time for kappa 39.7265 sec
Elapsed time for experts 24.2961 sec
Elapsed time for households 16.1875 sec
Iteration 168
Elapsed time for kappa 42.7573 sec
Elapsed time for experts 16.8503 sec
Elapsed time for households 15.1132 sec
Iteration 169
Elapsed time for kappa 41.4766 sec
Elapsed time for experts 16.2527 sec
Elapsed time for households 15.1393 sec
Iteration 170
Elapsed time for kappa 41.5471 sec
Elapsed time for experts 16.4021 sec
Elapsed time for households 15.0410 sec
Iteration 171
Elapsed time for kappa 41.0189 sec
Elapsed time for experts 16.5472 sec
Elapsed time for households 15.1047 sec
Iteration 172
Elapsed time for kappa 41.3575 sec
Elapsed time for experts 16.3113 sec
Elapsed time for households 14.8851 sec
Iteration 173
Elapsed time for kappa 40.6907 sec
Elapsed time for experts 24.4633 sec
Elapsed time for households 16.0724 sec
Iteration 174
Elapsed time for kappa 42.1891 sec
Elapsed time for experts 17.1191 sec
Elapsed time for households 15.4492 sec
Iteration 175
Elapsed time for kappa 40.7881 sec
Elapsed time for experts 16.7489 sec
Elapsed time for households 15.2276 sec
Iteration 176
Elapsed time for kappa 41.8420 sec
Elapsed time for experts 16.7170 sec
Elapsed time for households 15.1975 sec
Iteration 177
Elapsed time for kappa 41.1176 sec
Elapsed time for experts 16.2663 sec
Elapsed time for households 15.2991 sec
Iteration 178
Elapsed time for kappa 40.9091 sec
Elapsed time for experts 16.5283 sec
Elapsed time for households 14.9360 sec
Iteration 179
Elapsed time for kappa 50.4357 sec
Elapsed time for experts 17.5423 sec
Elapsed time for households 15.9125 sec
Iteration 180
Elapsed time for kappa 42.2318 sec
Elapsed time for experts 16.8963 sec
Elapsed time for households 15.4271 sec
Iteration 181
Elapsed time for kappa 41.7431 sec
Elapsed time for experts 16.5174 sec
Elapsed time for households 15.3481 sec
Iteration 182
Elapsed time for kappa 41.2427 sec
Elapsed time for experts 16.4601 sec
Elapsed time for households 15.0208 sec
Iteration 183
Elapsed time for kappa 40.8651 sec
Elapsed time for experts 15.6566 sec
Elapsed time for households 14.7468 sec
Iteration 184
Elapsed time for kappa 40.4945 sec
Elapsed time for experts 16.1917 sec
Elapsed time for households 14.8147 sec
Iteration 185
Elapsed time for kappa 49.6984 sec
Elapsed time for experts 17.3034 sec
Elapsed time for households 15.5499 sec
Iteration 186
Elapsed time for kappa 42.2654 sec
Elapsed time for experts 16.9549 sec
Elapsed time for households 15.4439 sec
Iteration 187
Elapsed time for kappa 39.9639 sec
Elapsed time for experts 16.7862 sec
Elapsed time for households 15.2414 sec
Iteration 188
Elapsed time for kappa 39.2642 sec
Elapsed time for experts 16.3480 sec
Elapsed time for households 14.9816 sec
Iteration 189
Elapsed time for kappa 40.7690 sec
Elapsed time for experts 16.1832 sec
Elapsed time for households 14.7560 sec
Iteration 190
Elapsed time for kappa 40.7742 sec
Elapsed time for experts 16.3713 sec
Elapsed time for households 22.0129 sec
Iteration 191
Elapsed time for kappa 43.2677 sec
Elapsed time for experts 17.3537 sec
Elapsed time for households 15.6683 sec
Iteration 192
Elapsed time for kappa 41.9345 sec
Elapsed time for experts 16.9179 sec
Elapsed time for households 15.1304 sec
Iteration 193
Elapsed time for kappa 41.7869 sec
Elapsed time for experts 16.6763 sec
Elapsed time for households 15.0502 sec
Iteration 194
Elapsed time for kappa 40.8982 sec
Elapsed time for experts 16.2922 sec
Elapsed time for households 15.3119 sec
Iteration 195
Elapsed time for kappa 40.9825 sec
Elapsed time for experts 16.2746 sec
Elapsed time for households 14.8044 sec
Iteration 196
Elapsed time for kappa 40.4405 sec
Elapsed time for experts 15.6659 sec
Elapsed time for households 22.9304 sec
Iteration 197
Elapsed time for kappa 41.7076 sec
Elapsed time for experts 17.2620 sec
Elapsed time for households 15.4786 sec
Iteration 198
Elapsed time for kappa 41.4208 sec
Elapsed time for experts 16.6238 sec
Elapsed time for households 15.6347 sec
Iteration 199
Elapsed time for kappa 41.1142 sec
Elapsed time for experts 16.7504 sec
Elapsed time for households 15.2019 sec
Elapsed time for training 14778.9427 sec
90000 90000 90000 90000
