/tmp/slurmd/job22880360/slurm_script: line 19: deactivate: No such file or directory
Iteration 0
Elapsed time for kappa 78.2523 sec
Elapsed time for experts 23.1886 sec
Elapsed time for households 18.1948 sec
Iteration 1
Elapsed time for kappa 40.2465 sec
Elapsed time for experts 16.3147 sec
Elapsed time for households 16.9714 sec
Iteration 2
Elapsed time for kappa 39.5766 sec
Elapsed time for experts 16.4890 sec
Elapsed time for households 14.6963 sec
Iteration 3
Elapsed time for kappa 39.6749 sec
Elapsed time for experts 16.7726 sec
Elapsed time for households 14.2492 sec
Iteration 4
Elapsed time for kappa 40.0740 sec
Elapsed time for experts 16.0040 sec
Elapsed time for households 14.8706 sec
Iteration 5
Elapsed time for kappa 40.3495 sec
Elapsed time for experts 15.9377 sec
Elapsed time for households 14.6806 sec
Iteration 6
Elapsed time for kappa 39.4767 sec
Elapsed time for experts 16.0799 sec
Elapsed time for households 14.4965 sec
Iteration 7
Elapsed time for kappa 39.9111 sec
Elapsed time for experts 23.0460 sec
Elapsed time for households 15.5853 sec
Iteration 8
Elapsed time for kappa 40.2880 sec
Elapsed time for experts 16.2439 sec
Elapsed time for households 14.7129 sec
Iteration 9
Elapsed time for kappa 39.6530 sec
Elapsed time for experts 16.2533 sec
Elapsed time for households 14.7786 sec
Iteration 10
Elapsed time for kappa 39.6814 sec
Elapsed time for experts 16.3734 sec
Elapsed time for households 14.6388 sec
Iteration 11
Elapsed time for kappa 39.6410 sec
Elapsed time for experts 15.5526 sec
Elapsed time for households 14.7364 sec
Iteration 12
Elapsed time for kappa 39.5710 sec
Elapsed time for experts 16.4033 sec
Elapsed time for households 14.5282 sec
Iteration 13
Elapsed time for kappa 47.3188 sec
Elapsed time for experts 17.5017 sec
Elapsed time for households 15.1558 sec
Iteration 14
Elapsed time for kappa 40.6324 sec
Elapsed time for experts 16.1796 sec
Elapsed time for households 14.8235 sec
Iteration 15
Elapsed time for kappa 40.4728 sec
Elapsed time for experts 16.2976 sec
Elapsed time for households 14.7287 sec
Iteration 16
Elapsed time for kappa 39.9561 sec
Elapsed time for experts 15.7317 sec
Elapsed time for households 14.6454 sec
Iteration 17
Elapsed time for kappa 39.9789 sec
Elapsed time for experts 16.2195 sec
Elapsed time for households 14.9847 sec
Iteration 18
Elapsed time for kappa 39.8408 sec
Elapsed time for experts 16.3042 sec
Elapsed time for households 14.7752 sec
Iteration 19
Elapsed time for kappa 47.2321 sec
Elapsed time for experts 17.0070 sec
Elapsed time for households 15.1183 sec
Iteration 20
Elapsed time for kappa 40.2745 sec
Elapsed time for experts 16.3985 sec
Elapsed time for households 15.0712 sec
Iteration 21
Elapsed time for kappa 39.9189 sec
Elapsed time for experts 16.5156 sec
Elapsed time for households 14.6180 sec
Iteration 22
Elapsed time for kappa 39.9520 sec
Elapsed time for experts 16.2988 sec
Elapsed time for households 14.8931 sec
Iteration 23
Elapsed time for kappa 39.5954 sec
Elapsed time for experts 16.2969 sec
Elapsed time for households 14.9684 sec
Iteration 24
Elapsed time for kappa 39.4965 sec
Elapsed time for experts 22.5230 sec
Elapsed time for households 15.6139 sec
Iteration 25
Elapsed time for kappa 40.7818 sec
Elapsed time for experts 16.5212 sec
Elapsed time for households 15.0035 sec
Iteration 26
Elapsed time for kappa 40.4243 sec
Elapsed time for experts 16.5551 sec
Elapsed time for households 14.9159 sec
Iteration 27
Elapsed time for kappa 40.2903 sec
Elapsed time for experts 16.4132 sec
Elapsed time for households 14.7189 sec
Iteration 28
Elapsed time for kappa 40.1293 sec
Elapsed time for experts 16.6622 sec
Elapsed time for households 14.8303 sec
Iteration 29
Elapsed time for kappa 39.6049 sec
Elapsed time for experts 16.5101 sec
Elapsed time for households 14.7223 sec
Iteration 30
Elapsed time for kappa 48.5892 sec
Elapsed time for experts 17.1820 sec
Elapsed time for households 15.3991 sec
Iteration 31
Elapsed time for kappa 40.6719 sec
Elapsed time for experts 16.5718 sec
Elapsed time for households 15.2330 sec
Iteration 32
Elapsed time for kappa 40.2877 sec
Elapsed time for experts 16.5443 sec
Elapsed time for households 14.9466 sec
Iteration 33
Elapsed time for kappa 39.8289 sec
Elapsed time for experts 16.2461 sec
Elapsed time for households 14.8578 sec
Iteration 34
Elapsed time for kappa 40.3837 sec
Elapsed time for experts 16.2891 sec
Elapsed time for households 14.7484 sec
Iteration 35
Elapsed time for kappa 39.2078 sec
Elapsed time for experts 16.2459 sec
Elapsed time for households 20.9297 sec
Iteration 36
Elapsed time for kappa 40.8454 sec
Elapsed time for experts 16.6751 sec
Elapsed time for households 15.3277 sec
Iteration 37
Elapsed time for kappa 40.6391 sec
Elapsed time for experts 16.3781 sec
Elapsed time for households 14.9500 sec
Iteration 38
Elapsed time for kappa 40.5550 sec
Elapsed time for experts 16.3699 sec
Elapsed time for households 15.0720 sec
Iteration 39
Elapsed time for kappa 39.9519 sec
Elapsed time for experts 16.4423 sec
Elapsed time for households 14.8612 sec
Iteration 40
Elapsed time for kappa 40.0994 sec
Elapsed time for experts 16.3016 sec
Elapsed time for households 14.3844 sec
Iteration 41
Elapsed time for kappa 39.8964 sec
Elapsed time for experts 23.2794 sec
Elapsed time for households 15.5752 sec
Iteration 42
Elapsed time for kappa 41.3624 sec
Elapsed time for experts 16.8509 sec
Elapsed time for households 15.1878 sec
Iteration 43
Elapsed time for kappa 41.2874 sec
Elapsed time for experts 16.7119 sec
Elapsed time for households 14.8805 sec
Iteration 44
Elapsed time for kappa 40.7001 sec
Elapsed time for experts 16.4548 sec
Elapsed time for households 14.8694 sec
Iteration 45
Elapsed time for kappa 40.3407 sec
Elapsed time for experts 16.3212 sec
Elapsed time for households 14.6396 sec
Iteration 46
Elapsed time for kappa 40.2651 sec
Elapsed time for experts 16.0596 sec
Elapsed time for households 14.6573 sec
Iteration 47
Elapsed time for kappa 48.7883 sec
Elapsed time for experts 17.3876 sec
Elapsed time for households 15.2554 sec
Iteration 48
Elapsed time for kappa 40.8127 sec
Elapsed time for experts 16.6175 sec
Elapsed time for households 14.8121 sec
Iteration 49
Elapsed time for kappa 41.0008 sec
Elapsed time for experts 16.4444 sec
Elapsed time for households 14.8631 sec
Iteration 50
Elapsed time for kappa 40.5188 sec
Elapsed time for experts 16.2968 sec
Elapsed time for households 14.7398 sec
Iteration 51
Elapsed time for kappa 39.7140 sec
Elapsed time for experts 16.4833 sec
Elapsed time for households 14.6811 sec
Iteration 52
Elapsed time for kappa 39.9284 sec
Elapsed time for experts 16.1557 sec
Elapsed time for households 21.3445 sec
Iteration 53
Elapsed time for kappa 40.6650 sec
Elapsed time for experts 16.8914 sec
Elapsed time for households 15.1182 sec
Iteration 54
Elapsed time for kappa 41.2072 sec
Elapsed time for experts 16.1025 sec
Elapsed time for households 14.9257 sec
Iteration 55
Elapsed time for kappa 40.4122 sec
Elapsed time for experts 16.4243 sec
Elapsed time for households 14.7309 sec
Iteration 56
Elapsed time for kappa 40.4596 sec
Elapsed time for experts 16.3478 sec
Elapsed time for households 14.7334 sec
Iteration 57
Elapsed time for kappa 39.6325 sec
Elapsed time for experts 16.3992 sec
Elapsed time for households 14.2242 sec
Iteration 58
Elapsed time for kappa 39.8558 sec
Elapsed time for experts 23.8298 sec
Elapsed time for households 15.5433 sec
Iteration 59
Elapsed time for kappa 41.6889 sec
Elapsed time for experts 16.6230 sec
Elapsed time for households 15.0517 sec
Iteration 60
Elapsed time for kappa 41.4655 sec
Elapsed time for experts 16.5460 sec
Elapsed time for households 15.0144 sec
Iteration 61
Elapsed time for kappa 40.5882 sec
Elapsed time for experts 16.5061 sec
Elapsed time for households 15.0252 sec
Iteration 62
Elapsed time for kappa 40.1910 sec
Elapsed time for experts 16.6984 sec
Elapsed time for households 14.8512 sec
Iteration 63
Elapsed time for kappa 40.9021 sec
Elapsed time for experts 16.2889 sec
Elapsed time for households 14.7014 sec
Iteration 64
Elapsed time for kappa 48.5282 sec
Elapsed time for experts 17.6146 sec
Elapsed time for households 15.0641 sec
Iteration 65
Elapsed time for kappa 41.1531 sec
Elapsed time for experts 16.6529 sec
Elapsed time for households 15.0797 sec
Iteration 66
Elapsed time for kappa 41.0469 sec
Elapsed time for experts 16.6074 sec
Elapsed time for households 14.9656 sec
Iteration 67
Elapsed time for kappa 40.3393 sec
Elapsed time for experts 16.5241 sec
Elapsed time for households 14.9522 sec
Iteration 68
Elapsed time for kappa 39.9309 sec
Elapsed time for experts 16.1699 sec
Elapsed time for households 14.7726 sec
Iteration 69
Elapsed time for kappa 40.0175 sec
Elapsed time for experts 16.3891 sec
Elapsed time for households 14.6865 sec
Iteration 70
Elapsed time for kappa 48.8531 sec
Elapsed time for experts 17.2051 sec
Elapsed time for households 15.2421 sec
Iteration 71
Elapsed time for kappa 41.4419 sec
Elapsed time for experts 16.6925 sec
Elapsed time for households 15.1485 sec
Iteration 72
Elapsed time for kappa 41.3525 sec
Elapsed time for experts 16.4793 sec
Elapsed time for households 15.0296 sec
Iteration 73
Elapsed time for kappa 40.7058 sec
Elapsed time for experts 16.3088 sec
Elapsed time for households 15.0544 sec
Iteration 74
Elapsed time for kappa 40.7021 sec
Elapsed time for experts 16.4023 sec
Elapsed time for households 14.8966 sec
Iteration 75
Elapsed time for kappa 39.6762 sec
Elapsed time for experts 23.2969 sec
Elapsed time for households 15.6852 sec
Iteration 76
Elapsed time for kappa 41.5974 sec
Elapsed time for experts 16.7978 sec
Elapsed time for households 15.2003 sec
Iteration 77
Elapsed time for kappa 41.5540 sec
Elapsed time for experts 16.5115 sec
Elapsed time for households 15.1330 sec
Iteration 78
Elapsed time for kappa 40.9662 sec
Elapsed time for experts 16.7119 sec
Elapsed time for households 15.0906 sec
Iteration 79
Elapsed time for kappa 41.0356 sec
Elapsed time for experts 16.0809 sec
Elapsed time for households 14.8839 sec
Iteration 80
Elapsed time for kappa 40.3095 sec
Elapsed time for experts 16.2754 sec
Elapsed time for households 14.6699 sec
Iteration 81
Elapsed time for kappa 49.8456 sec
Elapsed time for experts 17.5513 sec
Elapsed time for households 15.4403 sec
Iteration 82
Elapsed time for kappa 41.8891 sec
Elapsed time for experts 16.8445 sec
Elapsed time for households 15.0451 sec
Iteration 83
Elapsed time for kappa 40.8505 sec
Elapsed time for experts 16.4309 sec
Elapsed time for households 15.0305 sec
Iteration 84
Elapsed time for kappa 41.1033 sec
Elapsed time for experts 16.4462 sec
Elapsed time for households 14.8003 sec
Iteration 85
Elapsed time for kappa 40.7040 sec
Elapsed time for experts 16.3066 sec
Elapsed time for households 14.7289 sec
Iteration 86
Elapsed time for kappa 40.7669 sec
Elapsed time for experts 16.2551 sec
Elapsed time for households 14.7155 sec
Iteration 87
Elapsed time for kappa 48.9964 sec
Elapsed time for experts 17.4773 sec
Elapsed time for households 15.5434 sec
Iteration 88
Elapsed time for kappa 41.7530 sec
Elapsed time for experts 17.0163 sec
Elapsed time for households 15.1316 sec
Iteration 89
Elapsed time for kappa 41.9988 sec
Elapsed time for experts 16.7326 sec
Elapsed time for households 15.2081 sec
Iteration 90
Elapsed time for kappa 40.5240 sec
Elapsed time for experts 16.4124 sec
Elapsed time for households 14.9099 sec
Iteration 91
Elapsed time for kappa 40.4786 sec
Elapsed time for experts 16.2739 sec
Elapsed time for households 14.8797 sec
Iteration 92
Elapsed time for kappa 39.9840 sec
Elapsed time for experts 16.2025 sec
Elapsed time for households 21.7753 sec
Iteration 93
Elapsed time for kappa 42.5445 sec
Elapsed time for experts 16.7182 sec
Elapsed time for households 15.2818 sec
Iteration 94
Elapsed time for kappa 41.3033 sec
Elapsed time for experts 16.5632 sec
Elapsed time for households 15.2027 sec
Iteration 95
Elapsed time for kappa 40.6565 sec
Elapsed time for experts 16.5557 sec
Elapsed time for households 15.1059 sec
Iteration 96
Elapsed time for kappa 40.1176 sec
Elapsed time for experts 16.3973 sec
Elapsed time for households 14.8599 sec
Iteration 97
Elapsed time for kappa 40.5435 sec
Elapsed time for experts 16.2913 sec
Elapsed time for households 14.6797 sec
Iteration 98
Elapsed time for kappa 39.2976 sec
Elapsed time for experts 24.3866 sec
Elapsed time for households 15.8133 sec
Iteration 99
Elapsed time for kappa 42.0761 sec
Elapsed time for experts 16.9150 sec
Elapsed time for households 15.0731 sec
Iteration 100
Elapsed time for kappa 41.4255 sec
Elapsed time for experts 16.5400 sec
Elapsed time for households 15.0837 sec
Iteration 101
Elapsed time for kappa 41.3789 sec
Elapsed time for experts 16.8318 sec
Elapsed time for households 15.1412 sec
Iteration 102
Elapsed time for kappa 40.7404 sec
Elapsed time for experts 16.3249 sec
Elapsed time for households 14.8929 sec
Iteration 103
Elapsed time for kappa 40.2847 sec
Elapsed time for experts 16.3349 sec
Elapsed time for households 14.7018 sec
Iteration 104
Elapsed time for kappa 48.2120 sec
Elapsed time for experts 17.5571 sec
Elapsed time for households 15.6375 sec
Iteration 105
Elapsed time for kappa 41.6004 sec
Elapsed time for experts 16.2845 sec
Elapsed time for households 15.3506 sec
Iteration 106
Elapsed time for kappa 41.5674 sec
Elapsed time for experts 16.7494 sec
Elapsed time for households 15.1736 sec
Iteration 107
Elapsed time for kappa 40.9440 sec
Elapsed time for experts 16.2060 sec
Elapsed time for households 14.9472 sec
Iteration 108
Elapsed time for kappa 40.5819 sec
Elapsed time for experts 16.5207 sec
Elapsed time for households 15.0070 sec
Iteration 109
Elapsed time for kappa 40.2481 sec
Elapsed time for experts 16.2548 sec
Elapsed time for households 14.6970 sec
Iteration 110
Elapsed time for kappa 49.0674 sec
Elapsed time for experts 17.3835 sec
Elapsed time for households 15.4325 sec
Iteration 111
Elapsed time for kappa 42.0946 sec
Elapsed time for experts 16.2902 sec
Elapsed time for households 15.2162 sec
Iteration 112
Elapsed time for kappa 41.5731 sec
Elapsed time for experts 16.5475 sec
Elapsed time for households 15.0035 sec
Iteration 113
Elapsed time for kappa 39.2070 sec
Elapsed time for experts 16.4710 sec
Elapsed time for households 14.9257 sec
Iteration 114
Elapsed time for kappa 40.7623 sec
Elapsed time for experts 16.4969 sec
Elapsed time for households 14.8235 sec
Iteration 115
Elapsed time for kappa 40.5350 sec
Elapsed time for experts 23.3024 sec
Elapsed time for households 15.9321 sec
Iteration 116
Elapsed time for kappa 41.9914 sec
Elapsed time for experts 16.7409 sec
Elapsed time for households 15.1912 sec
Iteration 117
Elapsed time for kappa 41.5012 sec
Elapsed time for experts 16.8307 sec
Elapsed time for households 15.3388 sec
Iteration 118
Elapsed time for kappa 41.6534 sec
Elapsed time for experts 16.6627 sec
Elapsed time for households 15.1944 sec
Iteration 119
Elapsed time for kappa 40.5761 sec
Elapsed time for experts 16.4311 sec
Elapsed time for households 14.9997 sec
Iteration 120
Elapsed time for kappa 39.9433 sec
Elapsed time for experts 16.6351 sec
Elapsed time for households 14.7360 sec
Iteration 121
Elapsed time for kappa 50.0860 sec
Elapsed time for experts 17.9016 sec
Elapsed time for households 15.7459 sec
Iteration 122
Elapsed time for kappa 41.5877 sec
Elapsed time for experts 16.6903 sec
Elapsed time for households 15.2447 sec
Iteration 123
Elapsed time for kappa 41.1828 sec
Elapsed time for experts 16.7418 sec
Elapsed time for households 15.0489 sec
Iteration 124
Elapsed time for kappa 41.0865 sec
Elapsed time for experts 16.3774 sec
Elapsed time for households 14.9379 sec
Iteration 125
Elapsed time for kappa 40.8347 sec
Elapsed time for experts 16.3460 sec
Elapsed time for households 14.7854 sec
Iteration 126
Elapsed time for kappa 40.2473 sec
Elapsed time for experts 16.0781 sec
Elapsed time for households 14.1753 sec
Iteration 127
Elapsed time for kappa 50.2702 sec
Elapsed time for experts 17.2311 sec
Elapsed time for households 15.6587 sec
Iteration 128
Elapsed time for kappa 42.0362 sec
Elapsed time for experts 16.9244 sec
Elapsed time for households 15.0684 sec
Iteration 129
Elapsed time for kappa 41.6287 sec
Elapsed time for experts 16.5169 sec
Elapsed time for households 15.2756 sec
Iteration 130
Elapsed time for kappa 40.6837 sec
Elapsed time for experts 16.6587 sec
Elapsed time for households 15.0104 sec
Iteration 131
Elapsed time for kappa 40.3867 sec
Elapsed time for experts 16.4863 sec
Elapsed time for households 14.7668 sec
Iteration 132
Elapsed time for kappa 39.9102 sec
Elapsed time for experts 23.4772 sec
Elapsed time for households 15.8041 sec
Iteration 133
Elapsed time for kappa 42.3302 sec
Elapsed time for experts 16.9850 sec
Elapsed time for households 15.4695 sec
Iteration 134
Elapsed time for kappa 40.4206 sec
Elapsed time for experts 16.2160 sec
Elapsed time for households 15.1859 sec
Iteration 135
Elapsed time for kappa 41.0628 sec
Elapsed time for experts 16.4842 sec
Elapsed time for households 14.9963 sec
Iteration 136
Elapsed time for kappa 40.9486 sec
Elapsed time for experts 16.4397 sec
Elapsed time for households 14.9349 sec
Iteration 137
Elapsed time for kappa 39.9959 sec
Elapsed time for experts 16.1816 sec
Elapsed time for households 14.7594 sec
Iteration 138
Elapsed time for kappa 50.0192 sec
Elapsed time for experts 17.3008 sec
Elapsed time for households 15.7277 sec
Iteration 139
Elapsed time for kappa 41.9463 sec
Elapsed time for experts 17.0229 sec
Elapsed time for households 15.3116 sec
Iteration 140
Elapsed time for kappa 41.4166 sec
Elapsed time for experts 16.7843 sec
Elapsed time for households 15.0977 sec
Iteration 141
Elapsed time for kappa 40.5977 sec
Elapsed time for experts 16.1939 sec
Elapsed time for households 14.9788 sec
Iteration 142
Elapsed time for kappa 40.3085 sec
Elapsed time for experts 16.4455 sec
Elapsed time for households 14.3941 sec
Iteration 143
Elapsed time for kappa 40.3382 sec
Elapsed time for experts 16.2405 sec
Elapsed time for households 14.7880 sec
Iteration 144
Elapsed time for kappa 50.1646 sec
Elapsed time for experts 17.2995 sec
Elapsed time for households 15.6912 sec
Iteration 145
Elapsed time for kappa 42.1167 sec
Elapsed time for experts 16.9766 sec
Elapsed time for households 15.1396 sec
Iteration 146
Elapsed time for kappa 41.4569 sec
Elapsed time for experts 16.6702 sec
Elapsed time for households 15.1745 sec
Iteration 147
Elapsed time for kappa 41.3458 sec
Elapsed time for experts 16.6170 sec
Elapsed time for households 14.9226 sec
Iteration 148
Elapsed time for kappa 40.6563 sec
Elapsed time for experts 16.4837 sec
Elapsed time for households 14.8359 sec
Iteration 149
Elapsed time for kappa 40.6459 sec
Elapsed time for experts 16.3406 sec
Elapsed time for households 21.8059 sec
Iteration 150
Elapsed time for kappa 42.6990 sec
Elapsed time for experts 17.2948 sec
Elapsed time for households 15.4749 sec
Iteration 151
Elapsed time for kappa 39.8622 sec
Elapsed time for experts 16.6341 sec
Elapsed time for households 15.1232 sec
Iteration 152
Elapsed time for kappa 41.2915 sec
Elapsed time for experts 16.6241 sec
Elapsed time for households 14.7327 sec
Iteration 153
Elapsed time for kappa 41.0162 sec
Elapsed time for experts 16.5896 sec
Elapsed time for households 15.0425 sec
Iteration 154
Elapsed time for kappa 40.5190 sec
Elapsed time for experts 16.4560 sec
Elapsed time for households 14.7161 sec
Iteration 155
Elapsed time for kappa 39.5635 sec
Elapsed time for experts 15.7832 sec
Elapsed time for households 22.8471 sec
Iteration 156
Elapsed time for kappa 42.5521 sec
Elapsed time for experts 17.1646 sec
Elapsed time for households 15.6054 sec
Iteration 157
Elapsed time for kappa 41.7942 sec
Elapsed time for experts 16.7676 sec
Elapsed time for households 15.3772 sec
Iteration 158
Elapsed time for kappa 40.2754 sec
Elapsed time for experts 16.4585 sec
Elapsed time for households 15.2504 sec
Iteration 159
Elapsed time for kappa 39.2403 sec
Elapsed time for experts 16.6191 sec
Elapsed time for households 14.9431 sec
Iteration 160
Elapsed time for kappa 40.7077 sec
Elapsed time for experts 16.4589 sec
Elapsed time for households 15.0173 sec
Iteration 161
Elapsed time for kappa 40.3372 sec
Elapsed time for experts 23.6353 sec
Elapsed time for households 16.0532 sec
Iteration 162
Elapsed time for kappa 42.3468 sec
Elapsed time for experts 16.9324 sec
Elapsed time for households 15.4364 sec
Iteration 163
Elapsed time for kappa 41.5058 sec
Elapsed time for experts 16.9190 sec
Elapsed time for households 15.3125 sec
Iteration 164
Elapsed time for kappa 41.7950 sec
Elapsed time for experts 16.5026 sec
Elapsed time for households 15.1132 sec
Iteration 165
Elapsed time for kappa 41.2677 sec
Elapsed time for experts 16.5246 sec
Elapsed time for households 14.8709 sec
Iteration 166
Elapsed time for kappa 40.8419 sec
Elapsed time for experts 16.2308 sec
Elapsed time for households 14.8007 sec
Iteration 167
Elapsed time for kappa 40.2464 sec
Elapsed time for experts 24.3787 sec
Elapsed time for households 15.8812 sec
Iteration 168
Elapsed time for kappa 42.1290 sec
Elapsed time for experts 17.5778 sec
Elapsed time for households 15.5339 sec
Iteration 169
Elapsed time for kappa 41.7424 sec
Elapsed time for experts 16.8924 sec
Elapsed time for households 15.4965 sec
Iteration 170
Elapsed time for kappa 40.0692 sec
Elapsed time for experts 16.5816 sec
Elapsed time for households 15.2132 sec
Iteration 171
Elapsed time for kappa 40.6645 sec
Elapsed time for experts 16.5902 sec
Elapsed time for households 14.9714 sec
Iteration 172
Elapsed time for kappa 41.2073 sec
Elapsed time for experts 16.3798 sec
Elapsed time for households 15.0051 sec
Iteration 173
Elapsed time for kappa 40.9035 sec
Elapsed time for experts 24.2638 sec
Elapsed time for households 16.1028 sec
Iteration 174
Elapsed time for kappa 42.2024 sec
Elapsed time for experts 17.4249 sec
Elapsed time for households 15.4441 sec
Iteration 175
Elapsed time for kappa 42.5541 sec
Elapsed time for experts 16.7453 sec
Elapsed time for households 15.1985 sec
Iteration 176
Elapsed time for kappa 41.3731 sec
Elapsed time for experts 16.9794 sec
Elapsed time for households 15.1634 sec
Iteration 177
Elapsed time for kappa 41.0874 sec
Elapsed time for experts 16.4059 sec
Elapsed time for households 14.9754 sec
Iteration 178
Elapsed time for kappa 40.4972 sec
Elapsed time for experts 16.2109 sec
Elapsed time for households 14.6569 sec
Iteration 179
Elapsed time for kappa 50.2173 sec
Elapsed time for experts 18.0275 sec
Elapsed time for households 15.2658 sec
Iteration 180
Elapsed time for kappa 42.5837 sec
Elapsed time for experts 17.3554 sec
Elapsed time for households 15.3054 sec
Iteration 181
Elapsed time for kappa 42.1404 sec
Elapsed time for experts 16.7529 sec
Elapsed time for households 15.1873 sec
Iteration 182
Elapsed time for kappa 41.2428 sec
Elapsed time for experts 16.7286 sec
Elapsed time for households 14.9645 sec
Iteration 183
Elapsed time for kappa 40.7392 sec
Elapsed time for experts 16.4854 sec
Elapsed time for households 15.0563 sec
Iteration 184
Elapsed time for kappa 40.5068 sec
Elapsed time for experts 16.3217 sec
Elapsed time for households 15.0864 sec
Iteration 185
Elapsed time for kappa 50.2963 sec
Elapsed time for experts 17.2763 sec
Elapsed time for households 15.6940 sec
Iteration 186
Elapsed time for kappa 42.3478 sec
Elapsed time for experts 16.8718 sec
Elapsed time for households 15.3068 sec
Iteration 187
Elapsed time for kappa 41.8015 sec
Elapsed time for experts 16.5878 sec
Elapsed time for households 15.1443 sec
Iteration 188
Elapsed time for kappa 41.5903 sec
Elapsed time for experts 16.5141 sec
Elapsed time for households 14.8736 sec
Iteration 189
Elapsed time for kappa 41.2522 sec
Elapsed time for experts 16.3697 sec
Elapsed time for households 14.7854 sec
Iteration 190
Elapsed time for kappa 40.6474 sec
Elapsed time for experts 16.3557 sec
Elapsed time for households 21.6447 sec
Iteration 191
Elapsed time for kappa 43.0746 sec
Elapsed time for experts 17.2586 sec
Elapsed time for households 15.6642 sec
Iteration 192
Elapsed time for kappa 42.2258 sec
Elapsed time for experts 16.7143 sec
Elapsed time for households 15.2564 sec
Iteration 193
Elapsed time for kappa 41.4241 sec
Elapsed time for experts 16.7329 sec
Elapsed time for households 15.0688 sec
Iteration 194
Elapsed time for kappa 40.6829 sec
Elapsed time for experts 16.6140 sec
Elapsed time for households 14.9267 sec
Iteration 195
Elapsed time for kappa 40.2802 sec
Elapsed time for experts 16.3724 sec
Elapsed time for households 14.8545 sec
Iteration 196
Elapsed time for kappa 40.5214 sec
Elapsed time for experts 16.3238 sec
Elapsed time for households 23.0662 sec
Iteration 197
Elapsed time for kappa 43.0408 sec
Elapsed time for experts 16.5802 sec
Elapsed time for households 15.5837 sec
Iteration 198
Elapsed time for kappa 41.9144 sec
Elapsed time for experts 16.8329 sec
Elapsed time for households 15.1613 sec
Iteration 199
Elapsed time for kappa 41.5999 sec
Elapsed time for experts 16.5946 sec
Elapsed time for households 15.2145 sec
Elapsed time for training 14812.6333 sec
