/tmp/slurmd/job22880409/slurm_script: line 19: deactivate: No such file or directory
Iteration 0
Elapsed time for kappa 79.5866 sec
Elapsed time for experts 22.9553 sec
Elapsed time for households 17.8773 sec
Iteration 1
Elapsed time for kappa 40.6165 sec
Elapsed time for experts 16.2458 sec
Elapsed time for households 17.2611 sec
Iteration 2
Elapsed time for kappa 39.7762 sec
Elapsed time for experts 16.3179 sec
Elapsed time for households 14.7356 sec
Iteration 3
Elapsed time for kappa 39.7890 sec
Elapsed time for experts 15.5968 sec
Elapsed time for households 14.1428 sec
Iteration 4
Elapsed time for kappa 40.0064 sec
Elapsed time for experts 16.2394 sec
Elapsed time for households 15.4580 sec
Iteration 5
Elapsed time for kappa 39.7098 sec
Elapsed time for experts 16.2268 sec
Elapsed time for households 14.9321 sec
Iteration 6
Elapsed time for kappa 39.7222 sec
Elapsed time for experts 16.1612 sec
Elapsed time for households 14.9899 sec
Iteration 7
Elapsed time for kappa 39.9075 sec
Elapsed time for experts 22.6677 sec
Elapsed time for households 15.3656 sec
Iteration 8
Elapsed time for kappa 40.4194 sec
Elapsed time for experts 16.2589 sec
Elapsed time for households 14.7534 sec
Iteration 9
Elapsed time for kappa 39.9677 sec
Elapsed time for experts 15.9971 sec
Elapsed time for households 14.8296 sec
Iteration 10
Elapsed time for kappa 39.9013 sec
Elapsed time for experts 16.4869 sec
Elapsed time for households 14.9912 sec
Iteration 11
Elapsed time for kappa 40.0270 sec
Elapsed time for experts 16.4419 sec
Elapsed time for households 14.9637 sec
Iteration 12
Elapsed time for kappa 39.3027 sec
Elapsed time for experts 16.2914 sec
Elapsed time for households 14.9398 sec
Iteration 13
Elapsed time for kappa 47.6643 sec
Elapsed time for experts 16.9417 sec
Elapsed time for households 15.0536 sec
Iteration 14
Elapsed time for kappa 40.4222 sec
Elapsed time for experts 16.5381 sec
Elapsed time for households 14.9215 sec
Iteration 15
Elapsed time for kappa 39.9148 sec
Elapsed time for experts 16.1883 sec
Elapsed time for households 15.0284 sec
Iteration 16
Elapsed time for kappa 40.5493 sec
Elapsed time for experts 16.2325 sec
Elapsed time for households 14.7017 sec
Iteration 17
Elapsed time for kappa 40.1179 sec
Elapsed time for experts 16.1489 sec
Elapsed time for households 14.8438 sec
Iteration 18
Elapsed time for kappa 39.7254 sec
Elapsed time for experts 15.9670 sec
Elapsed time for households 21.2264 sec
Iteration 19
Elapsed time for kappa 40.9699 sec
Elapsed time for experts 16.6030 sec
Elapsed time for households 15.0230 sec
Iteration 20
Elapsed time for kappa 41.1133 sec
Elapsed time for experts 16.4212 sec
Elapsed time for households 14.5639 sec
Iteration 21
Elapsed time for kappa 40.1174 sec
Elapsed time for experts 16.4788 sec
Elapsed time for households 14.9750 sec
Iteration 22
Elapsed time for kappa 39.8825 sec
Elapsed time for experts 16.4713 sec
Elapsed time for households 15.0007 sec
Iteration 23
Elapsed time for kappa 39.8516 sec
Elapsed time for experts 16.2530 sec
Elapsed time for households 14.7322 sec
Iteration 24
Elapsed time for kappa 39.9057 sec
Elapsed time for experts 22.3386 sec
Elapsed time for households 15.3626 sec
Iteration 25
Elapsed time for kappa 40.6470 sec
Elapsed time for experts 16.4778 sec
Elapsed time for households 15.0883 sec
Iteration 26
Elapsed time for kappa 40.2398 sec
Elapsed time for experts 16.5620 sec
Elapsed time for households 15.1330 sec
Iteration 27
Elapsed time for kappa 39.7776 sec
Elapsed time for experts 16.4337 sec
Elapsed time for households 14.9017 sec
Iteration 28
Elapsed time for kappa 39.8599 sec
Elapsed time for experts 16.5452 sec
Elapsed time for households 14.9234 sec
Iteration 29
Elapsed time for kappa 39.6911 sec
Elapsed time for experts 16.5043 sec
Elapsed time for households 14.6862 sec
Iteration 30
Elapsed time for kappa 48.4501 sec
Elapsed time for experts 17.4772 sec
Elapsed time for households 15.1591 sec
Iteration 31
Elapsed time for kappa 41.3198 sec
Elapsed time for experts 16.3241 sec
Elapsed time for households 15.1460 sec
Iteration 32
Elapsed time for kappa 40.2841 sec
Elapsed time for experts 16.2539 sec
Elapsed time for households 14.8861 sec
Iteration 33
Elapsed time for kappa 39.9035 sec
Elapsed time for experts 16.3266 sec
Elapsed time for households 14.7494 sec
Iteration 34
Elapsed time for kappa 39.9546 sec
Elapsed time for experts 16.2027 sec
Elapsed time for households 14.6428 sec
Iteration 35
Elapsed time for kappa 39.8236 sec
Elapsed time for experts 16.0492 sec
Elapsed time for households 14.4337 sec
Iteration 36
Elapsed time for kappa 47.2884 sec
Elapsed time for experts 16.5358 sec
Elapsed time for households 15.0569 sec
Iteration 37
Elapsed time for kappa 40.8786 sec
Elapsed time for experts 16.4983 sec
Elapsed time for households 14.6644 sec
Iteration 38
Elapsed time for kappa 39.3714 sec
Elapsed time for experts 16.1866 sec
Elapsed time for households 14.8686 sec
Iteration 39
Elapsed time for kappa 40.2374 sec
Elapsed time for experts 16.4103 sec
Elapsed time for households 14.9126 sec
Iteration 40
Elapsed time for kappa 40.0409 sec
Elapsed time for experts 16.3770 sec
Elapsed time for households 14.7517 sec
Iteration 41
Elapsed time for kappa 39.8386 sec
Elapsed time for experts 22.7272 sec
Elapsed time for households 15.4762 sec
Iteration 42
Elapsed time for kappa 41.0857 sec
Elapsed time for experts 16.6014 sec
Elapsed time for households 15.1356 sec
Iteration 43
Elapsed time for kappa 40.4857 sec
Elapsed time for experts 16.5238 sec
Elapsed time for households 14.9258 sec
Iteration 44
Elapsed time for kappa 40.6182 sec
Elapsed time for experts 15.8713 sec
Elapsed time for households 14.8022 sec
Iteration 45
Elapsed time for kappa 40.0086 sec
Elapsed time for experts 16.3645 sec
Elapsed time for households 14.7321 sec
Iteration 46
Elapsed time for kappa 39.8410 sec
Elapsed time for experts 16.3165 sec
Elapsed time for households 14.7774 sec
Iteration 47
Elapsed time for kappa 49.0327 sec
Elapsed time for experts 17.2163 sec
Elapsed time for households 15.3732 sec
Iteration 48
Elapsed time for kappa 41.4342 sec
Elapsed time for experts 16.6061 sec
Elapsed time for households 15.0102 sec
Iteration 49
Elapsed time for kappa 40.7260 sec
Elapsed time for experts 16.4700 sec
Elapsed time for households 14.9655 sec
Iteration 50
Elapsed time for kappa 40.6422 sec
Elapsed time for experts 16.3548 sec
Elapsed time for households 14.9330 sec
Iteration 51
Elapsed time for kappa 40.2073 sec
Elapsed time for experts 16.3391 sec
Elapsed time for households 14.8212 sec
Iteration 52
Elapsed time for kappa 40.0780 sec
Elapsed time for experts 16.1867 sec
Elapsed time for households 21.3475 sec
Iteration 53
Elapsed time for kappa 42.0867 sec
Elapsed time for experts 16.6315 sec
Elapsed time for households 15.0152 sec
Iteration 54
Elapsed time for kappa 40.5780 sec
Elapsed time for experts 16.4150 sec
Elapsed time for households 14.9698 sec
Iteration 55
Elapsed time for kappa 40.7926 sec
Elapsed time for experts 16.3765 sec
Elapsed time for households 14.9339 sec
Iteration 56
Elapsed time for kappa 40.0088 sec
Elapsed time for experts 16.0020 sec
Elapsed time for households 14.8131 sec
Iteration 57
Elapsed time for kappa 39.8613 sec
Elapsed time for experts 16.2155 sec
Elapsed time for households 14.8998 sec
Iteration 58
Elapsed time for kappa 39.8923 sec
Elapsed time for experts 23.6292 sec
Elapsed time for households 15.4946 sec
Iteration 59
Elapsed time for kappa 42.0500 sec
Elapsed time for experts 16.7197 sec
Elapsed time for households 15.1391 sec
Iteration 60
Elapsed time for kappa 40.8559 sec
Elapsed time for experts 16.7232 sec
Elapsed time for households 14.9772 sec
Iteration 61
Elapsed time for kappa 41.1199 sec
Elapsed time for experts 15.7702 sec
Elapsed time for households 15.0852 sec
Iteration 62
Elapsed time for kappa 40.2297 sec
Elapsed time for experts 16.2902 sec
Elapsed time for households 14.7818 sec
Iteration 63
Elapsed time for kappa 40.1223 sec
Elapsed time for experts 15.9686 sec
Elapsed time for households 14.8843 sec
Iteration 64
Elapsed time for kappa 48.6840 sec
Elapsed time for experts 17.5309 sec
Elapsed time for households 15.2633 sec
Iteration 65
Elapsed time for kappa 41.7062 sec
Elapsed time for experts 16.4634 sec
Elapsed time for households 15.0287 sec
Iteration 66
Elapsed time for kappa 41.0196 sec
Elapsed time for experts 15.9499 sec
Elapsed time for households 14.7625 sec
Iteration 67
Elapsed time for kappa 40.9514 sec
Elapsed time for experts 16.3923 sec
Elapsed time for households 14.8128 sec
Iteration 68
Elapsed time for kappa 40.1868 sec
Elapsed time for experts 16.1527 sec
Elapsed time for households 14.7557 sec
Iteration 69
Elapsed time for kappa 39.8377 sec
Elapsed time for experts 16.2006 sec
Elapsed time for households 14.1496 sec
Iteration 70
Elapsed time for kappa 48.7153 sec
Elapsed time for experts 17.0562 sec
Elapsed time for households 15.2367 sec
Iteration 71
Elapsed time for kappa 40.8694 sec
Elapsed time for experts 16.6230 sec
Elapsed time for households 14.9846 sec
Iteration 72
Elapsed time for kappa 41.3728 sec
Elapsed time for experts 16.5511 sec
Elapsed time for households 14.9396 sec
Iteration 73
Elapsed time for kappa 40.5514 sec
Elapsed time for experts 16.4442 sec
Elapsed time for households 14.8524 sec
Iteration 74
Elapsed time for kappa 40.4310 sec
Elapsed time for experts 16.2411 sec
Elapsed time for households 14.8479 sec
Iteration 75
Elapsed time for kappa 39.9618 sec
Elapsed time for experts 22.9125 sec
Elapsed time for households 15.5970 sec
Iteration 76
Elapsed time for kappa 41.5948 sec
Elapsed time for experts 16.7678 sec
Elapsed time for households 15.1312 sec
Iteration 77
Elapsed time for kappa 41.4543 sec
Elapsed time for experts 16.4393 sec
Elapsed time for households 14.9976 sec
Iteration 78
Elapsed time for kappa 40.8670 sec
Elapsed time for experts 16.2992 sec
Elapsed time for households 14.9973 sec
Iteration 79
Elapsed time for kappa 40.4058 sec
Elapsed time for experts 16.4588 sec
Elapsed time for households 14.9214 sec
Iteration 80
Elapsed time for kappa 39.9028 sec
Elapsed time for experts 16.3375 sec
Elapsed time for households 14.6016 sec
Iteration 81
Elapsed time for kappa 48.8301 sec
Elapsed time for experts 17.5302 sec
Elapsed time for households 15.6053 sec
Iteration 82
Elapsed time for kappa 41.0086 sec
Elapsed time for experts 16.6038 sec
Elapsed time for households 14.9879 sec
Iteration 83
Elapsed time for kappa 41.0978 sec
Elapsed time for experts 16.5609 sec
Elapsed time for households 14.9398 sec
Iteration 84
Elapsed time for kappa 40.4153 sec
Elapsed time for experts 16.7088 sec
Elapsed time for households 15.1145 sec
Iteration 85
Elapsed time for kappa 40.1484 sec
Elapsed time for experts 16.2441 sec
Elapsed time for households 14.7007 sec
Iteration 86
Elapsed time for kappa 40.1722 sec
Elapsed time for experts 16.3435 sec
Elapsed time for households 14.9142 sec
Iteration 87
Elapsed time for kappa 49.0413 sec
Elapsed time for experts 17.0743 sec
Elapsed time for households 15.4049 sec
Iteration 88
Elapsed time for kappa 41.5230 sec
Elapsed time for experts 16.5878 sec
Elapsed time for households 15.0735 sec
Iteration 89
Elapsed time for kappa 41.2595 sec
Elapsed time for experts 16.2843 sec
Elapsed time for households 15.1525 sec
Iteration 90
Elapsed time for kappa 40.7077 sec
Elapsed time for experts 16.4410 sec
Elapsed time for households 15.0606 sec
Iteration 91
Elapsed time for kappa 40.6967 sec
Elapsed time for experts 16.4482 sec
Elapsed time for households 14.6802 sec
Iteration 92
Elapsed time for kappa 40.2548 sec
Elapsed time for experts 23.3569 sec
Elapsed time for households 16.1049 sec
Iteration 93
Elapsed time for kappa 41.9544 sec
Elapsed time for experts 16.7419 sec
Elapsed time for households 15.2829 sec
Iteration 94
Elapsed time for kappa 40.9200 sec
Elapsed time for experts 16.7525 sec
Elapsed time for households 15.2249 sec
Iteration 95
Elapsed time for kappa 40.7899 sec
Elapsed time for experts 16.5496 sec
Elapsed time for households 15.0579 sec
Iteration 96
Elapsed time for kappa 40.0411 sec
Elapsed time for experts 16.5453 sec
Elapsed time for households 14.6664 sec
Iteration 97
Elapsed time for kappa 40.2192 sec
Elapsed time for experts 16.2704 sec
Elapsed time for households 14.2483 sec
Iteration 98
Elapsed time for kappa 49.5545 sec
Elapsed time for experts 17.5403 sec
Elapsed time for households 15.6902 sec
Iteration 99
Elapsed time for kappa 41.6061 sec
Elapsed time for experts 16.6506 sec
Elapsed time for households 15.1717 sec
Iteration 100
Elapsed time for kappa 41.3420 sec
Elapsed time for experts 16.4759 sec
Elapsed time for households 15.2240 sec
Iteration 101
Elapsed time for kappa 41.0115 sec
Elapsed time for experts 16.3078 sec
Elapsed time for households 14.8919 sec
Iteration 102
Elapsed time for kappa 40.4106 sec
Elapsed time for experts 16.2701 sec
Elapsed time for households 14.8340 sec
Iteration 103
Elapsed time for kappa 40.5350 sec
Elapsed time for experts 16.0725 sec
Elapsed time for households 14.7802 sec
Iteration 104
Elapsed time for kappa 49.5470 sec
Elapsed time for experts 17.6381 sec
Elapsed time for households 15.5274 sec
Iteration 105
Elapsed time for kappa 41.5844 sec
Elapsed time for experts 16.7299 sec
Elapsed time for households 15.1161 sec
Iteration 106
Elapsed time for kappa 41.6804 sec
Elapsed time for experts 16.6529 sec
Elapsed time for households 14.9265 sec
Iteration 107
Elapsed time for kappa 41.3120 sec
Elapsed time for experts 16.3399 sec
Elapsed time for households 14.9617 sec
Iteration 108
Elapsed time for kappa 40.5679 sec
Elapsed time for experts 16.0294 sec
Elapsed time for households 15.1416 sec
Iteration 109
Elapsed time for kappa 40.2478 sec
Elapsed time for experts 16.5436 sec
Elapsed time for households 14.8439 sec
Iteration 110
Elapsed time for kappa 48.9605 sec
Elapsed time for experts 17.0251 sec
Elapsed time for households 15.4527 sec
Iteration 111
Elapsed time for kappa 41.8820 sec
Elapsed time for experts 16.6717 sec
Elapsed time for households 15.5019 sec
Iteration 112
Elapsed time for kappa 41.6175 sec
Elapsed time for experts 16.9503 sec
Elapsed time for households 15.0915 sec
Iteration 113
Elapsed time for kappa 41.0531 sec
Elapsed time for experts 16.4917 sec
Elapsed time for households 14.8966 sec
Iteration 114
Elapsed time for kappa 40.9688 sec
Elapsed time for experts 16.4692 sec
Elapsed time for households 14.9812 sec
Iteration 115
Elapsed time for kappa 40.1052 sec
Elapsed time for experts 23.6271 sec
Elapsed time for households 15.8489 sec
Iteration 116
Elapsed time for kappa 42.1754 sec
Elapsed time for experts 17.0279 sec
Elapsed time for households 15.2010 sec
Iteration 117
Elapsed time for kappa 42.1065 sec
Elapsed time for experts 17.2598 sec
Elapsed time for households 15.0166 sec
Iteration 118
Elapsed time for kappa 41.1721 sec
Elapsed time for experts 16.3739 sec
Elapsed time for households 14.9599 sec
Iteration 119
Elapsed time for kappa 41.0935 sec
Elapsed time for experts 16.5242 sec
Elapsed time for households 14.8998 sec
Iteration 120
Elapsed time for kappa 40.1457 sec
Elapsed time for experts 16.3769 sec
Elapsed time for households 14.8445 sec
Iteration 121
Elapsed time for kappa 49.9447 sec
Elapsed time for experts 17.6267 sec
Elapsed time for households 15.7591 sec
Iteration 122
Elapsed time for kappa 41.4032 sec
Elapsed time for experts 16.8753 sec
Elapsed time for households 15.0638 sec
Iteration 123
Elapsed time for kappa 41.3910 sec
Elapsed time for experts 16.6442 sec
Elapsed time for households 15.1781 sec
Iteration 124
Elapsed time for kappa 41.4253 sec
Elapsed time for experts 16.7097 sec
Elapsed time for households 14.8532 sec
Iteration 125
Elapsed time for kappa 40.4337 sec
Elapsed time for experts 16.2761 sec
Elapsed time for households 15.0540 sec
Iteration 126
Elapsed time for kappa 40.2879 sec
Elapsed time for experts 16.3709 sec
Elapsed time for households 14.6609 sec
Iteration 127
Elapsed time for kappa 49.3962 sec
Elapsed time for experts 17.5080 sec
Elapsed time for households 15.6344 sec
Iteration 128
Elapsed time for kappa 40.1272 sec
Elapsed time for experts 16.7846 sec
Elapsed time for households 15.1724 sec
Iteration 129
Elapsed time for kappa 41.2956 sec
Elapsed time for experts 16.8055 sec
Elapsed time for households 15.1735 sec
Iteration 130
Elapsed time for kappa 41.2900 sec
Elapsed time for experts 16.8400 sec
Elapsed time for households 14.7724 sec
Iteration 131
Elapsed time for kappa 40.8830 sec
Elapsed time for experts 16.5298 sec
Elapsed time for households 14.9147 sec
Iteration 132
Elapsed time for kappa 40.4748 sec
Elapsed time for experts 23.3873 sec
Elapsed time for households 15.9571 sec
Iteration 133
Elapsed time for kappa 42.5816 sec
Elapsed time for experts 16.9849 sec
Elapsed time for households 15.4790 sec
Iteration 134
Elapsed time for kappa 41.8217 sec
Elapsed time for experts 16.7309 sec
Elapsed time for households 15.5169 sec
Iteration 135
Elapsed time for kappa 41.2631 sec
Elapsed time for experts 16.2382 sec
Elapsed time for households 14.9727 sec
Iteration 136
Elapsed time for kappa 41.0704 sec
Elapsed time for experts 16.7174 sec
Elapsed time for households 15.0142 sec
Iteration 137
Elapsed time for kappa 40.2482 sec
Elapsed time for experts 15.9783 sec
Elapsed time for households 14.8503 sec
Iteration 138
Elapsed time for kappa 50.0907 sec
Elapsed time for experts 17.8482 sec
Elapsed time for households 15.8925 sec
Iteration 139
Elapsed time for kappa 42.1370 sec
Elapsed time for experts 16.7113 sec
Elapsed time for households 15.3210 sec
Iteration 140
Elapsed time for kappa 41.6027 sec
Elapsed time for experts 16.7395 sec
Elapsed time for households 15.0428 sec
Iteration 141
Elapsed time for kappa 41.5687 sec
Elapsed time for experts 16.5767 sec
Elapsed time for households 15.0827 sec
Iteration 142
Elapsed time for kappa 40.3317 sec
Elapsed time for experts 16.5397 sec
Elapsed time for households 14.8378 sec
Iteration 143
Elapsed time for kappa 39.9110 sec
Elapsed time for experts 15.7743 sec
Elapsed time for households 14.7751 sec
Iteration 144
Elapsed time for kappa 49.8203 sec
Elapsed time for experts 17.2760 sec
Elapsed time for households 15.8862 sec
Iteration 145
Elapsed time for kappa 41.7855 sec
Elapsed time for experts 16.7503 sec
Elapsed time for households 15.3288 sec
Iteration 146
Elapsed time for kappa 41.6391 sec
Elapsed time for experts 16.9179 sec
Elapsed time for households 15.0469 sec
Iteration 147
Elapsed time for kappa 41.1584 sec
Elapsed time for experts 16.5560 sec
Elapsed time for households 14.4117 sec
Iteration 148
Elapsed time for kappa 40.9809 sec
Elapsed time for experts 16.3836 sec
Elapsed time for households 14.8230 sec
Iteration 149
Elapsed time for kappa 40.4841 sec
Elapsed time for experts 23.4028 sec
Elapsed time for households 16.0523 sec
Iteration 150
Elapsed time for kappa 42.2786 sec
Elapsed time for experts 16.4490 sec
Elapsed time for households 15.4183 sec
Iteration 151
Elapsed time for kappa 41.4315 sec
Elapsed time for experts 16.8313 sec
Elapsed time for households 15.3002 sec
Iteration 152
Elapsed time for kappa 40.6853 sec
Elapsed time for experts 16.7087 sec
Elapsed time for households 14.8361 sec
Iteration 153
Elapsed time for kappa 41.0866 sec
Elapsed time for experts 16.4242 sec
Elapsed time for households 14.8774 sec
Iteration 154
Elapsed time for kappa 40.2646 sec
Elapsed time for experts 16.4516 sec
Elapsed time for households 14.3212 sec
Iteration 155
Elapsed time for kappa 50.6684 sec
Elapsed time for experts 17.7489 sec
Elapsed time for households 15.8251 sec
Iteration 156
Elapsed time for kappa 42.1730 sec
Elapsed time for experts 16.7127 sec
Elapsed time for households 15.3534 sec
Iteration 157
Elapsed time for kappa 41.3616 sec
Elapsed time for experts 16.8593 sec
Elapsed time for households 15.2234 sec
Iteration 158
Elapsed time for kappa 40.8401 sec
Elapsed time for experts 16.5174 sec
Elapsed time for households 14.9362 sec
Iteration 159
Elapsed time for kappa 40.6535 sec
Elapsed time for experts 16.3271 sec
Elapsed time for households 14.9629 sec
Iteration 160
Elapsed time for kappa 39.8560 sec
Elapsed time for experts 16.4122 sec
Elapsed time for households 14.8256 sec
Iteration 161
Elapsed time for kappa 50.0125 sec
Elapsed time for experts 17.5620 sec
Elapsed time for households 15.6920 sec
Iteration 162
Elapsed time for kappa 42.2369 sec
Elapsed time for experts 17.0334 sec
Elapsed time for households 15.2089 sec
Iteration 163
Elapsed time for kappa 41.5696 sec
Elapsed time for experts 16.8435 sec
Elapsed time for households 15.1869 sec
Iteration 164
Elapsed time for kappa 41.0963 sec
Elapsed time for experts 16.6252 sec
Elapsed time for households 15.0294 sec
Iteration 165
Elapsed time for kappa 38.9248 sec
Elapsed time for experts 16.5854 sec
Elapsed time for households 14.7698 sec
Iteration 166
Elapsed time for kappa 39.7349 sec
Elapsed time for experts 16.1504 sec
Elapsed time for households 22.0300 sec
Iteration 167
Elapsed time for kappa 42.6295 sec
Elapsed time for experts 16.9335 sec
Elapsed time for households 15.2531 sec
Iteration 168
Elapsed time for kappa 41.7756 sec
Elapsed time for experts 16.7532 sec
Elapsed time for households 15.0880 sec
Iteration 169
Elapsed time for kappa 41.6380 sec
Elapsed time for experts 16.1362 sec
Elapsed time for households 15.2625 sec
Iteration 170
Elapsed time for kappa 40.6240 sec
Elapsed time for experts 16.5240 sec
Elapsed time for households 14.7726 sec
Iteration 171
Elapsed time for kappa 40.6033 sec
Elapsed time for experts 16.2918 sec
Elapsed time for households 14.7685 sec
Iteration 172
Elapsed time for kappa 39.5847 sec
Elapsed time for experts 16.3045 sec
Elapsed time for households 23.0544 sec
Iteration 173
Elapsed time for kappa 42.8752 sec
Elapsed time for experts 17.2630 sec
Elapsed time for households 15.4360 sec
Iteration 174
Elapsed time for kappa 42.1751 sec
Elapsed time for experts 16.8689 sec
Elapsed time for households 15.1276 sec
Iteration 175
Elapsed time for kappa 41.6860 sec
Elapsed time for experts 16.6458 sec
Elapsed time for households 15.2925 sec
Iteration 176
Elapsed time for kappa 41.7387 sec
Elapsed time for experts 16.4197 sec
Elapsed time for households 15.0541 sec
Iteration 177
Elapsed time for kappa 41.0838 sec
Elapsed time for experts 15.7688 sec
Elapsed time for households 14.7803 sec
Iteration 178
Elapsed time for kappa 40.4634 sec
Elapsed time for experts 16.3359 sec
Elapsed time for households 22.4230 sec
Iteration 179
Elapsed time for kappa 43.0095 sec
Elapsed time for experts 16.9636 sec
Elapsed time for households 15.6097 sec
Iteration 180
Elapsed time for kappa 41.8886 sec
Elapsed time for experts 16.8847 sec
Elapsed time for households 15.3099 sec
Iteration 181
Elapsed time for kappa 41.2207 sec
Elapsed time for experts 16.7025 sec
Elapsed time for households 15.4085 sec
Iteration 182
Elapsed time for kappa 41.3710 sec
Elapsed time for experts 16.3746 sec
Elapsed time for households 15.0644 sec
Iteration 183
Elapsed time for kappa 40.8386 sec
Elapsed time for experts 16.5558 sec
Elapsed time for households 14.9710 sec
Iteration 184
Elapsed time for kappa 39.9258 sec
Elapsed time for experts 24.5500 sec
Elapsed time for households 16.0178 sec
Iteration 185
Elapsed time for kappa 42.3862 sec
Elapsed time for experts 17.2710 sec
Elapsed time for households 15.4252 sec
Iteration 186
Elapsed time for kappa 41.7517 sec
Elapsed time for experts 16.9196 sec
Elapsed time for households 15.2671 sec
Iteration 187
Elapsed time for kappa 41.7118 sec
Elapsed time for experts 16.6382 sec
Elapsed time for households 15.4420 sec
Iteration 188
Elapsed time for kappa 41.1469 sec
Elapsed time for experts 16.4187 sec
Elapsed time for households 14.6955 sec
Iteration 189
Elapsed time for kappa 40.1959 sec
Elapsed time for experts 16.3483 sec
Elapsed time for households 14.8834 sec
Iteration 190
Elapsed time for kappa 40.0056 sec
Elapsed time for experts 24.6403 sec
Elapsed time for households 15.6907 sec
Iteration 191
Elapsed time for kappa 42.9212 sec
Elapsed time for experts 17.2342 sec
Elapsed time for households 15.7009 sec
Iteration 192
Elapsed time for kappa 40.5036 sec
Elapsed time for experts 16.8174 sec
Elapsed time for households 15.2748 sec
Iteration 193
Elapsed time for kappa 42.0496 sec
Elapsed time for experts 16.5950 sec
Elapsed time for households 15.1521 sec
Iteration 194
Elapsed time for kappa 41.1746 sec
Elapsed time for experts 16.3999 sec
Elapsed time for households 14.9650 sec
Iteration 195
Elapsed time for kappa 40.2682 sec
Elapsed time for experts 16.5197 sec
Elapsed time for households 15.0479 sec
Iteration 196
Elapsed time for kappa 50.4323 sec
Elapsed time for experts 17.5778 sec
Elapsed time for households 15.6420 sec
Iteration 197
Elapsed time for kappa 42.6847 sec
Elapsed time for experts 17.1234 sec
Elapsed time for households 15.2504 sec
Iteration 198
Elapsed time for kappa 41.3209 sec
Elapsed time for experts 16.7582 sec
Elapsed time for households 15.1948 sec
Iteration 199
Elapsed time for kappa 41.1618 sec
Elapsed time for experts 16.5713 sec
Elapsed time for households 14.9287 sec
Elapsed time for training 14814.3695 sec
90000 90000 90000 90000
