/tmp/slurmd/job22880413/slurm_script: line 19: deactivate: No such file or directory
Iteration 0
Elapsed time for kappa 78.8642 sec
Elapsed time for experts 23.3436 sec
Elapsed time for households 18.4489 sec
Iteration 1
Elapsed time for kappa 40.1110 sec
Elapsed time for experts 18.4957 sec
Elapsed time for households 15.3508 sec
Iteration 2
Elapsed time for kappa 40.3849 sec
Elapsed time for experts 16.3852 sec
Elapsed time for households 15.0746 sec
Iteration 3
Elapsed time for kappa 39.5883 sec
Elapsed time for experts 15.9756 sec
Elapsed time for households 14.7722 sec
Iteration 4
Elapsed time for kappa 39.7272 sec
Elapsed time for experts 16.1049 sec
Elapsed time for households 14.4933 sec
Iteration 5
Elapsed time for kappa 39.9112 sec
Elapsed time for experts 16.2697 sec
Elapsed time for households 14.7756 sec
Iteration 6
Elapsed time for kappa 39.4112 sec
Elapsed time for experts 16.0409 sec
Elapsed time for households 14.6018 sec
Iteration 7
Elapsed time for kappa 46.4298 sec
Elapsed time for experts 16.1148 sec
Elapsed time for households 14.9023 sec
Iteration 8
Elapsed time for kappa 39.7965 sec
Elapsed time for experts 16.1784 sec
Elapsed time for households 14.3182 sec
Iteration 9
Elapsed time for kappa 39.5188 sec
Elapsed time for experts 16.0506 sec
Elapsed time for households 14.6000 sec
Iteration 10
Elapsed time for kappa 39.8853 sec
Elapsed time for experts 16.2167 sec
Elapsed time for households 14.6143 sec
Iteration 11
Elapsed time for kappa 39.3424 sec
Elapsed time for experts 16.2050 sec
Elapsed time for households 14.3861 sec
Iteration 12
Elapsed time for kappa 39.3722 sec
Elapsed time for experts 21.9059 sec
Elapsed time for households 15.3438 sec
Iteration 13
Elapsed time for kappa 40.0470 sec
Elapsed time for experts 16.4103 sec
Elapsed time for households 14.8849 sec
Iteration 14
Elapsed time for kappa 39.8374 sec
Elapsed time for experts 16.1145 sec
Elapsed time for households 14.8356 sec
Iteration 15
Elapsed time for kappa 39.5036 sec
Elapsed time for experts 16.2274 sec
Elapsed time for households 14.5670 sec
Iteration 16
Elapsed time for kappa 39.9122 sec
Elapsed time for experts 16.0643 sec
Elapsed time for households 14.5187 sec
Iteration 17
Elapsed time for kappa 39.6199 sec
Elapsed time for experts 16.1862 sec
Elapsed time for households 14.6690 sec
Iteration 18
Elapsed time for kappa 47.7290 sec
Elapsed time for experts 17.1003 sec
Elapsed time for households 14.9824 sec
Iteration 19
Elapsed time for kappa 40.3536 sec
Elapsed time for experts 15.8471 sec
Elapsed time for households 14.8358 sec
Iteration 20
Elapsed time for kappa 38.9470 sec
Elapsed time for experts 16.3380 sec
Elapsed time for households 14.8691 sec
Iteration 21
Elapsed time for kappa 40.5923 sec
Elapsed time for experts 16.1936 sec
Elapsed time for households 14.7069 sec
Iteration 22
Elapsed time for kappa 39.5809 sec
Elapsed time for experts 16.4355 sec
Elapsed time for households 14.8651 sec
Iteration 23
Elapsed time for kappa 39.7103 sec
Elapsed time for experts 15.6478 sec
Elapsed time for households 21.2099 sec
Iteration 24
Elapsed time for kappa 40.7476 sec
Elapsed time for experts 17.1459 sec
Elapsed time for households 15.2162 sec
Iteration 25
Elapsed time for kappa 40.2997 sec
Elapsed time for experts 16.3129 sec
Elapsed time for households 14.7467 sec
Iteration 26
Elapsed time for kappa 39.9433 sec
Elapsed time for experts 16.4564 sec
Elapsed time for households 14.6845 sec
Iteration 27
Elapsed time for kappa 39.8868 sec
Elapsed time for experts 16.2416 sec
Elapsed time for households 14.7469 sec
Iteration 28
Elapsed time for kappa 39.9025 sec
Elapsed time for experts 16.4508 sec
Elapsed time for households 14.6934 sec
Iteration 29
Elapsed time for kappa 39.9369 sec
Elapsed time for experts 23.7332 sec
Elapsed time for households 15.7082 sec
Iteration 30
Elapsed time for kappa 41.1046 sec
Elapsed time for experts 16.6647 sec
Elapsed time for households 15.2318 sec
Iteration 31
Elapsed time for kappa 40.1294 sec
Elapsed time for experts 16.1527 sec
Elapsed time for households 14.9145 sec
Iteration 32
Elapsed time for kappa 39.9888 sec
Elapsed time for experts 16.3903 sec
Elapsed time for households 14.8005 sec
Iteration 33
Elapsed time for kappa 40.1273 sec
Elapsed time for experts 16.3119 sec
Elapsed time for households 14.7800 sec
Iteration 34
Elapsed time for kappa 40.0639 sec
Elapsed time for experts 16.1591 sec
Elapsed time for households 14.8128 sec
Iteration 35
Elapsed time for kappa 48.4776 sec
Elapsed time for experts 17.0328 sec
Elapsed time for households 15.1363 sec
Iteration 36
Elapsed time for kappa 40.9886 sec
Elapsed time for experts 16.3629 sec
Elapsed time for households 15.1332 sec
Iteration 37
Elapsed time for kappa 40.6921 sec
Elapsed time for experts 16.5275 sec
Elapsed time for households 15.0269 sec
Iteration 38
Elapsed time for kappa 40.2543 sec
Elapsed time for experts 16.3344 sec
Elapsed time for households 15.0123 sec
Iteration 39
Elapsed time for kappa 39.9858 sec
Elapsed time for experts 16.7210 sec
Elapsed time for households 14.8874 sec
Iteration 40
Elapsed time for kappa 39.8291 sec
Elapsed time for experts 16.3426 sec
Elapsed time for households 14.7121 sec
Iteration 41
Elapsed time for kappa 47.7599 sec
Elapsed time for experts 17.3812 sec
Elapsed time for households 15.3959 sec
Iteration 42
Elapsed time for kappa 40.5739 sec
Elapsed time for experts 16.5467 sec
Elapsed time for households 15.0694 sec
Iteration 43
Elapsed time for kappa 40.9195 sec
Elapsed time for experts 16.3525 sec
Elapsed time for households 15.0144 sec
Iteration 44
Elapsed time for kappa 39.8134 sec
Elapsed time for experts 16.5839 sec
Elapsed time for households 14.8723 sec
Iteration 45
Elapsed time for kappa 40.1516 sec
Elapsed time for experts 16.3933 sec
Elapsed time for households 14.7113 sec
Iteration 46
Elapsed time for kappa 40.0800 sec
Elapsed time for experts 16.3017 sec
Elapsed time for households 21.0825 sec
Iteration 47
Elapsed time for kappa 41.3451 sec
Elapsed time for experts 16.3826 sec
Elapsed time for households 15.1179 sec
Iteration 48
Elapsed time for kappa 40.9108 sec
Elapsed time for experts 16.5823 sec
Elapsed time for households 15.0223 sec
Iteration 49
Elapsed time for kappa 40.7853 sec
Elapsed time for experts 16.4646 sec
Elapsed time for households 14.8299 sec
Iteration 50
Elapsed time for kappa 40.3672 sec
Elapsed time for experts 16.3896 sec
Elapsed time for households 14.8098 sec
Iteration 51
Elapsed time for kappa 39.8581 sec
Elapsed time for experts 16.1491 sec
Elapsed time for households 14.7202 sec
Iteration 52
Elapsed time for kappa 39.9621 sec
Elapsed time for experts 24.1177 sec
Elapsed time for households 15.6379 sec
Iteration 53
Elapsed time for kappa 41.7555 sec
Elapsed time for experts 16.6763 sec
Elapsed time for households 14.9379 sec
Iteration 54
Elapsed time for kappa 40.7327 sec
Elapsed time for experts 16.4461 sec
Elapsed time for households 14.9034 sec
Iteration 55
Elapsed time for kappa 40.0959 sec
Elapsed time for experts 16.7579 sec
Elapsed time for households 14.8973 sec
Iteration 56
Elapsed time for kappa 40.2301 sec
Elapsed time for experts 16.5700 sec
Elapsed time for households 14.8304 sec
Iteration 57
Elapsed time for kappa 40.0413 sec
Elapsed time for experts 16.4389 sec
Elapsed time for households 14.7672 sec
Iteration 58
Elapsed time for kappa 48.4618 sec
Elapsed time for experts 17.4392 sec
Elapsed time for households 15.3623 sec
Iteration 59
Elapsed time for kappa 41.4684 sec
Elapsed time for experts 16.5709 sec
Elapsed time for households 15.0952 sec
Iteration 60
Elapsed time for kappa 40.5892 sec
Elapsed time for experts 16.6153 sec
Elapsed time for households 15.0093 sec
Iteration 61
Elapsed time for kappa 40.3852 sec
Elapsed time for experts 16.2936 sec
Elapsed time for households 14.9044 sec
Iteration 62
Elapsed time for kappa 39.8587 sec
Elapsed time for experts 16.3915 sec
Elapsed time for households 14.8627 sec
Iteration 63
Elapsed time for kappa 39.8876 sec
Elapsed time for experts 16.4329 sec
Elapsed time for households 21.3348 sec
Iteration 64
Elapsed time for kappa 42.3246 sec
Elapsed time for experts 16.8046 sec
Elapsed time for households 15.2103 sec
Iteration 65
Elapsed time for kappa 42.0230 sec
Elapsed time for experts 16.4110 sec
Elapsed time for households 15.0046 sec
Iteration 66
Elapsed time for kappa 40.7587 sec
Elapsed time for experts 16.3113 sec
Elapsed time for households 14.7928 sec
Iteration 67
Elapsed time for kappa 40.4059 sec
Elapsed time for experts 16.3690 sec
Elapsed time for households 14.6630 sec
Iteration 68
Elapsed time for kappa 39.9653 sec
Elapsed time for experts 16.3696 sec
Elapsed time for households 14.6816 sec
Iteration 69
Elapsed time for kappa 39.0907 sec
Elapsed time for experts 23.7736 sec
Elapsed time for households 15.7321 sec
Iteration 70
Elapsed time for kappa 41.6199 sec
Elapsed time for experts 16.8434 sec
Elapsed time for households 15.1840 sec
Iteration 71
Elapsed time for kappa 40.8007 sec
Elapsed time for experts 16.6056 sec
Elapsed time for households 15.0230 sec
Iteration 72
Elapsed time for kappa 40.6968 sec
Elapsed time for experts 16.2109 sec
Elapsed time for households 14.7493 sec
Iteration 73
Elapsed time for kappa 40.4333 sec
Elapsed time for experts 16.1500 sec
Elapsed time for households 14.8603 sec
Iteration 74
Elapsed time for kappa 39.7739 sec
Elapsed time for experts 16.4463 sec
Elapsed time for households 14.6009 sec
Iteration 75
Elapsed time for kappa 48.7049 sec
Elapsed time for experts 17.4889 sec
Elapsed time for households 15.3251 sec
Iteration 76
Elapsed time for kappa 41.4241 sec
Elapsed time for experts 16.8288 sec
Elapsed time for households 15.0045 sec
Iteration 77
Elapsed time for kappa 40.9372 sec
Elapsed time for experts 15.8654 sec
Elapsed time for households 15.4857 sec
Iteration 78
Elapsed time for kappa 40.6130 sec
Elapsed time for experts 16.4376 sec
Elapsed time for households 15.1178 sec
Iteration 79
Elapsed time for kappa 39.9743 sec
Elapsed time for experts 16.2536 sec
Elapsed time for households 15.0277 sec
Iteration 80
Elapsed time for kappa 40.2305 sec
Elapsed time for experts 16.3105 sec
Elapsed time for households 21.3879 sec
Iteration 81
Elapsed time for kappa 41.7334 sec
Elapsed time for experts 16.9371 sec
Elapsed time for households 15.1431 sec
Iteration 82
Elapsed time for kappa 41.1040 sec
Elapsed time for experts 16.7136 sec
Elapsed time for households 15.1062 sec
Iteration 83
Elapsed time for kappa 40.5250 sec
Elapsed time for experts 16.0598 sec
Elapsed time for households 14.8424 sec
Iteration 84
Elapsed time for kappa 40.3378 sec
Elapsed time for experts 16.3928 sec
Elapsed time for households 14.6639 sec
Iteration 85
Elapsed time for kappa 39.9992 sec
Elapsed time for experts 16.4503 sec
Elapsed time for households 14.6160 sec
Iteration 86
Elapsed time for kappa 39.2654 sec
Elapsed time for experts 23.5637 sec
Elapsed time for households 15.3289 sec
Iteration 87
Elapsed time for kappa 41.7894 sec
Elapsed time for experts 17.0912 sec
Elapsed time for households 15.4225 sec
Iteration 88
Elapsed time for kappa 40.7815 sec
Elapsed time for experts 16.8194 sec
Elapsed time for households 15.0498 sec
Iteration 89
Elapsed time for kappa 40.8962 sec
Elapsed time for experts 16.4531 sec
Elapsed time for households 14.9736 sec
Iteration 90
Elapsed time for kappa 40.1109 sec
Elapsed time for experts 16.4380 sec
Elapsed time for households 14.9222 sec
Iteration 91
Elapsed time for kappa 40.0111 sec
Elapsed time for experts 16.2909 sec
Elapsed time for households 14.7463 sec
Iteration 92
Elapsed time for kappa 49.0074 sec
Elapsed time for experts 17.6427 sec
Elapsed time for households 15.4175 sec
Iteration 93
Elapsed time for kappa 41.4122 sec
Elapsed time for experts 16.6530 sec
Elapsed time for households 15.3694 sec
Iteration 94
Elapsed time for kappa 41.3287 sec
Elapsed time for experts 16.4930 sec
Elapsed time for households 15.0896 sec
Iteration 95
Elapsed time for kappa 40.3850 sec
Elapsed time for experts 16.4570 sec
Elapsed time for households 14.9574 sec
Iteration 96
Elapsed time for kappa 40.2062 sec
Elapsed time for experts 16.4433 sec
Elapsed time for households 14.7401 sec
Iteration 97
Elapsed time for kappa 38.7577 sec
Elapsed time for experts 16.2833 sec
Elapsed time for households 14.9345 sec
Iteration 98
Elapsed time for kappa 49.1408 sec
Elapsed time for experts 17.1529 sec
Elapsed time for households 15.5738 sec
Iteration 99
Elapsed time for kappa 41.2725 sec
Elapsed time for experts 17.0310 sec
Elapsed time for households 15.2981 sec
Iteration 100
Elapsed time for kappa 40.0782 sec
Elapsed time for experts 16.5517 sec
Elapsed time for households 15.3516 sec
Iteration 101
Elapsed time for kappa 41.2858 sec
Elapsed time for experts 16.6244 sec
Elapsed time for households 14.9681 sec
Iteration 102
Elapsed time for kappa 40.5906 sec
Elapsed time for experts 16.4104 sec
Elapsed time for households 14.8751 sec
Iteration 103
Elapsed time for kappa 40.0698 sec
Elapsed time for experts 23.4485 sec
Elapsed time for households 16.0470 sec
Iteration 104
Elapsed time for kappa 41.8324 sec
Elapsed time for experts 16.9919 sec
Elapsed time for households 15.2380 sec
Iteration 105
Elapsed time for kappa 41.6632 sec
Elapsed time for experts 16.7183 sec
Elapsed time for households 15.1537 sec
Iteration 106
Elapsed time for kappa 40.6632 sec
Elapsed time for experts 16.4953 sec
Elapsed time for households 15.0200 sec
Iteration 107
Elapsed time for kappa 40.4569 sec
Elapsed time for experts 16.6117 sec
Elapsed time for households 14.9428 sec
Iteration 108
Elapsed time for kappa 40.1805 sec
Elapsed time for experts 16.3912 sec
Elapsed time for households 14.9074 sec
Iteration 109
Elapsed time for kappa 49.8610 sec
Elapsed time for experts 18.0173 sec
Elapsed time for households 15.6802 sec
Iteration 110
Elapsed time for kappa 41.8989 sec
Elapsed time for experts 17.0489 sec
Elapsed time for households 15.1886 sec
Iteration 111
Elapsed time for kappa 41.4682 sec
Elapsed time for experts 16.3837 sec
Elapsed time for households 14.6484 sec
Iteration 112
Elapsed time for kappa 40.8210 sec
Elapsed time for experts 16.6608 sec
Elapsed time for households 14.7500 sec
Iteration 113
Elapsed time for kappa 40.9051 sec
Elapsed time for experts 16.3113 sec
Elapsed time for households 14.9622 sec
Iteration 114
Elapsed time for kappa 39.9924 sec
Elapsed time for experts 16.1082 sec
Elapsed time for households 14.8280 sec
Iteration 115
Elapsed time for kappa 49.3563 sec
Elapsed time for experts 17.9374 sec
Elapsed time for households 15.6756 sec
Iteration 116
Elapsed time for kappa 40.4982 sec
Elapsed time for experts 16.9971 sec
Elapsed time for households 15.1590 sec
Iteration 117
Elapsed time for kappa 41.0019 sec
Elapsed time for experts 16.7175 sec
Elapsed time for households 15.2154 sec
Iteration 118
Elapsed time for kappa 41.2166 sec
Elapsed time for experts 16.4597 sec
Elapsed time for households 15.0699 sec
Iteration 119
Elapsed time for kappa 40.7334 sec
Elapsed time for experts 16.4870 sec
Elapsed time for households 14.9233 sec
Iteration 120
Elapsed time for kappa 39.8844 sec
Elapsed time for experts 16.3175 sec
Elapsed time for households 21.7564 sec
Iteration 121
Elapsed time for kappa 42.5451 sec
Elapsed time for experts 17.2996 sec
Elapsed time for households 15.4069 sec
Iteration 122
Elapsed time for kappa 41.4851 sec
Elapsed time for experts 16.7233 sec
Elapsed time for households 15.5925 sec
Iteration 123
Elapsed time for kappa 41.3031 sec
Elapsed time for experts 16.5828 sec
Elapsed time for households 15.0414 sec
Iteration 124
Elapsed time for kappa 41.3398 sec
Elapsed time for experts 16.5928 sec
Elapsed time for households 14.7589 sec
Iteration 125
Elapsed time for kappa 40.3978 sec
Elapsed time for experts 16.2951 sec
Elapsed time for households 14.7937 sec
Iteration 126
Elapsed time for kappa 39.3523 sec
Elapsed time for experts 24.3690 sec
Elapsed time for households 16.0807 sec
Iteration 127
Elapsed time for kappa 42.0441 sec
Elapsed time for experts 16.9129 sec
Elapsed time for households 15.2936 sec
Iteration 128
Elapsed time for kappa 41.2405 sec
Elapsed time for experts 16.7558 sec
Elapsed time for households 15.3666 sec
Iteration 129
Elapsed time for kappa 41.0458 sec
Elapsed time for experts 16.4488 sec
Elapsed time for households 15.1152 sec
Iteration 130
Elapsed time for kappa 41.1042 sec
Elapsed time for experts 16.5059 sec
Elapsed time for households 14.9190 sec
Iteration 131
Elapsed time for kappa 39.9742 sec
Elapsed time for experts 16.1116 sec
Elapsed time for households 14.8992 sec
Iteration 132
Elapsed time for kappa 49.8407 sec
Elapsed time for experts 17.5581 sec
Elapsed time for households 15.6306 sec
Iteration 133
Elapsed time for kappa 41.2355 sec
Elapsed time for experts 16.2506 sec
Elapsed time for households 15.3830 sec
Iteration 134
Elapsed time for kappa 41.2818 sec
Elapsed time for experts 16.7161 sec
Elapsed time for households 15.1217 sec
Iteration 135
Elapsed time for kappa 40.8780 sec
Elapsed time for experts 16.2440 sec
Elapsed time for households 14.9693 sec
Iteration 136
Elapsed time for kappa 40.6357 sec
Elapsed time for experts 16.5732 sec
Elapsed time for households 14.9144 sec
Iteration 137
Elapsed time for kappa 39.8737 sec
Elapsed time for experts 16.5102 sec
Elapsed time for households 14.7866 sec
Iteration 138
Elapsed time for kappa 48.9949 sec
Elapsed time for experts 17.1842 sec
Elapsed time for households 15.4884 sec
Iteration 139
Elapsed time for kappa 41.6635 sec
Elapsed time for experts 16.8365 sec
Elapsed time for households 15.1045 sec
Iteration 140
Elapsed time for kappa 40.8937 sec
Elapsed time for experts 16.5478 sec
Elapsed time for households 15.1313 sec
Iteration 141
Elapsed time for kappa 40.8286 sec
Elapsed time for experts 16.9041 sec
Elapsed time for households 14.9352 sec
Iteration 142
Elapsed time for kappa 40.3028 sec
Elapsed time for experts 16.4741 sec
Elapsed time for households 14.6865 sec
Iteration 143
Elapsed time for kappa 40.0627 sec
Elapsed time for experts 23.3264 sec
Elapsed time for households 15.8478 sec
Iteration 144
Elapsed time for kappa 42.3608 sec
Elapsed time for experts 17.0122 sec
Elapsed time for households 15.2964 sec
Iteration 145
Elapsed time for kappa 41.3033 sec
Elapsed time for experts 16.7675 sec
Elapsed time for households 15.0838 sec
Iteration 146
Elapsed time for kappa 40.7351 sec
Elapsed time for experts 16.6219 sec
Elapsed time for households 15.0746 sec
Iteration 147
Elapsed time for kappa 40.5181 sec
Elapsed time for experts 16.3421 sec
Elapsed time for households 14.9209 sec
Iteration 148
Elapsed time for kappa 40.2913 sec
Elapsed time for experts 16.3579 sec
Elapsed time for households 14.8956 sec
Iteration 149
Elapsed time for kappa 50.1514 sec
Elapsed time for experts 17.8778 sec
Elapsed time for households 15.5941 sec
Iteration 150
Elapsed time for kappa 42.2710 sec
Elapsed time for experts 16.9945 sec
Elapsed time for households 15.1403 sec
Iteration 151
Elapsed time for kappa 41.4925 sec
Elapsed time for experts 16.9250 sec
Elapsed time for households 15.2344 sec
Iteration 152
Elapsed time for kappa 40.8703 sec
Elapsed time for experts 16.6110 sec
Elapsed time for households 14.9661 sec
Iteration 153
Elapsed time for kappa 40.1045 sec
Elapsed time for experts 16.7684 sec
Elapsed time for households 14.6853 sec
Iteration 154
Elapsed time for kappa 40.0535 sec
Elapsed time for experts 16.3470 sec
Elapsed time for households 14.8559 sec
Iteration 155
Elapsed time for kappa 49.4261 sec
Elapsed time for experts 17.6880 sec
Elapsed time for households 15.3130 sec
Iteration 156
Elapsed time for kappa 41.7534 sec
Elapsed time for experts 16.8546 sec
Elapsed time for households 15.2302 sec
Iteration 157
Elapsed time for kappa 41.6325 sec
Elapsed time for experts 16.9628 sec
Elapsed time for households 15.1610 sec
Iteration 158
Elapsed time for kappa 41.6090 sec
Elapsed time for experts 16.0600 sec
Elapsed time for households 15.0127 sec
Iteration 159
Elapsed time for kappa 38.9629 sec
Elapsed time for experts 16.6789 sec
Elapsed time for households 14.9890 sec
Iteration 160
Elapsed time for kappa 40.0390 sec
Elapsed time for experts 16.3640 sec
Elapsed time for households 21.4905 sec
Iteration 161
Elapsed time for kappa 42.2474 sec
Elapsed time for experts 17.1144 sec
Elapsed time for households 15.4850 sec
Iteration 162
Elapsed time for kappa 42.0807 sec
Elapsed time for experts 16.7437 sec
Elapsed time for households 15.1543 sec
Iteration 163
Elapsed time for kappa 41.4891 sec
Elapsed time for experts 16.5703 sec
Elapsed time for households 15.1653 sec
Iteration 164
Elapsed time for kappa 40.8656 sec
Elapsed time for experts 16.7629 sec
Elapsed time for households 15.1875 sec
Iteration 165
Elapsed time for kappa 40.1363 sec
Elapsed time for experts 16.3300 sec
Elapsed time for households 15.0257 sec
Iteration 166
Elapsed time for kappa 39.9125 sec
Elapsed time for experts 24.1209 sec
Elapsed time for households 15.9236 sec
Iteration 167
Elapsed time for kappa 42.2991 sec
Elapsed time for experts 17.1274 sec
Elapsed time for households 15.2725 sec
Iteration 168
Elapsed time for kappa 41.6193 sec
Elapsed time for experts 16.7579 sec
Elapsed time for households 15.0709 sec
Iteration 169
Elapsed time for kappa 41.6180 sec
Elapsed time for experts 16.6151 sec
Elapsed time for households 15.2641 sec
Iteration 170
Elapsed time for kappa 40.4444 sec
Elapsed time for experts 16.4296 sec
Elapsed time for households 15.0544 sec
Iteration 171
Elapsed time for kappa 40.2118 sec
Elapsed time for experts 16.5167 sec
Elapsed time for households 14.6738 sec
Iteration 172
Elapsed time for kappa 39.8910 sec
Elapsed time for experts 24.4902 sec
Elapsed time for households 15.9018 sec
Iteration 173
Elapsed time for kappa 42.5505 sec
Elapsed time for experts 17.1168 sec
Elapsed time for households 15.5405 sec
Iteration 174
Elapsed time for kappa 41.4285 sec
Elapsed time for experts 16.8842 sec
Elapsed time for households 15.1766 sec
Iteration 175
Elapsed time for kappa 41.4167 sec
Elapsed time for experts 16.6435 sec
Elapsed time for households 15.2182 sec
Iteration 176
Elapsed time for kappa 40.8589 sec
Elapsed time for experts 16.3940 sec
Elapsed time for households 14.9801 sec
Iteration 177
Elapsed time for kappa 40.2819 sec
Elapsed time for experts 16.2438 sec
Elapsed time for households 14.7980 sec
Iteration 178
Elapsed time for kappa 50.6639 sec
Elapsed time for experts 17.8811 sec
Elapsed time for households 15.8199 sec
Iteration 179
Elapsed time for kappa 42.4295 sec
Elapsed time for experts 17.1002 sec
Elapsed time for households 15.2313 sec
Iteration 180
Elapsed time for kappa 41.2794 sec
Elapsed time for experts 16.7023 sec
Elapsed time for households 15.1180 sec
Iteration 181
Elapsed time for kappa 40.6824 sec
Elapsed time for experts 16.7522 sec
Elapsed time for households 14.9741 sec
Iteration 182
Elapsed time for kappa 41.2260 sec
Elapsed time for experts 16.4133 sec
Elapsed time for households 14.9389 sec
Iteration 183
Elapsed time for kappa 39.9964 sec
Elapsed time for experts 16.5185 sec
Elapsed time for households 14.3202 sec
Iteration 184
Elapsed time for kappa 49.6798 sec
Elapsed time for experts 17.6296 sec
Elapsed time for households 15.1726 sec
Iteration 185
Elapsed time for kappa 42.1011 sec
Elapsed time for experts 17.1639 sec
Elapsed time for households 15.2327 sec
Iteration 186
Elapsed time for kappa 41.1696 sec
Elapsed time for experts 16.3082 sec
Elapsed time for households 15.1186 sec
Iteration 187
Elapsed time for kappa 41.1749 sec
Elapsed time for experts 16.5414 sec
Elapsed time for households 14.8921 sec
Iteration 188
Elapsed time for kappa 40.7507 sec
Elapsed time for experts 16.6104 sec
Elapsed time for households 14.9659 sec
Iteration 189
Elapsed time for kappa 39.8014 sec
Elapsed time for experts 15.9246 sec
Elapsed time for households 22.1263 sec
Iteration 190
Elapsed time for kappa 41.1675 sec
Elapsed time for experts 17.3328 sec
Elapsed time for households 15.6697 sec
Iteration 191
Elapsed time for kappa 41.3873 sec
Elapsed time for experts 16.9609 sec
Elapsed time for households 15.3947 sec
Iteration 192
Elapsed time for kappa 41.3415 sec
Elapsed time for experts 15.8943 sec
Elapsed time for households 15.1658 sec
Iteration 193
Elapsed time for kappa 40.4593 sec
Elapsed time for experts 16.5692 sec
Elapsed time for households 14.9633 sec
Iteration 194
Elapsed time for kappa 40.0674 sec
Elapsed time for experts 16.6680 sec
Elapsed time for households 14.7626 sec
Iteration 195
Elapsed time for kappa 39.5745 sec
Elapsed time for experts 16.1503 sec
Elapsed time for households 22.0130 sec
Iteration 196
Elapsed time for kappa 42.4890 sec
Elapsed time for experts 17.3282 sec
Elapsed time for households 15.5358 sec
Iteration 197
Elapsed time for kappa 41.5964 sec
Elapsed time for experts 17.0065 sec
Elapsed time for households 15.2404 sec
Iteration 198
Elapsed time for kappa 41.5393 sec
Elapsed time for experts 16.5709 sec
Elapsed time for households 15.3106 sec
Iteration 199
Elapsed time for kappa 40.9386 sec
Elapsed time for experts 16.4402 sec
Elapsed time for households 15.0287 sec
Elapsed time for training 14779.7885 sec
90000 90000 90000 90000
