/tmp/slurmd/job22880408/slurm_script: line 19: deactivate: No such file or directory
Iteration 0
Elapsed time for kappa 75.9254 sec
Elapsed time for experts 20.3029 sec
Elapsed time for households 15.8449 sec
Iteration 1
Elapsed time for kappa 38.2172 sec
Elapsed time for experts 15.9642 sec
Elapsed time for households 12.9638 sec
Iteration 2
Elapsed time for kappa 37.8972 sec
Elapsed time for experts 13.8828 sec
Elapsed time for households 12.6545 sec
Iteration 3
Elapsed time for kappa 37.5887 sec
Elapsed time for experts 13.8640 sec
Elapsed time for households 12.1028 sec
Iteration 4
Elapsed time for kappa 38.0260 sec
Elapsed time for experts 13.7789 sec
Elapsed time for households 12.5695 sec
Iteration 5
Elapsed time for kappa 37.4819 sec
Elapsed time for experts 13.7685 sec
Elapsed time for households 12.4258 sec
Iteration 6
Elapsed time for kappa 37.8278 sec
Elapsed time for experts 13.5653 sec
Elapsed time for households 12.5115 sec
Iteration 7
Elapsed time for kappa 44.7424 sec
Elapsed time for experts 14.0805 sec
Elapsed time for households 12.4782 sec
Iteration 8
Elapsed time for kappa 37.0500 sec
Elapsed time for experts 13.6960 sec
Elapsed time for households 12.5314 sec
Iteration 9
Elapsed time for kappa 37.6074 sec
Elapsed time for experts 13.8265 sec
Elapsed time for households 12.4127 sec
Iteration 10
Elapsed time for kappa 37.7671 sec
Elapsed time for experts 13.7705 sec
Elapsed time for households 12.4835 sec
Iteration 11
Elapsed time for kappa 37.4669 sec
Elapsed time for experts 11.7590 sec
Elapsed time for households 12.6743 sec
Iteration 12
Elapsed time for kappa 37.5058 sec
Elapsed time for experts 19.9969 sec
Elapsed time for households 13.0495 sec
Iteration 13
Elapsed time for kappa 38.7506 sec
Elapsed time for experts 14.0120 sec
Elapsed time for households 12.5209 sec
Iteration 14
Elapsed time for kappa 38.3732 sec
Elapsed time for experts 13.8220 sec
Elapsed time for households 12.5425 sec
Iteration 15
Elapsed time for kappa 37.6809 sec
Elapsed time for experts 13.4606 sec
Elapsed time for households 12.3854 sec
Iteration 16
Elapsed time for kappa 37.8055 sec
Elapsed time for experts 13.9390 sec
Elapsed time for households 12.0529 sec
Iteration 17
Elapsed time for kappa 37.7150 sec
Elapsed time for experts 13.8431 sec
Elapsed time for households 12.4803 sec
Iteration 18
Elapsed time for kappa 45.7615 sec
Elapsed time for experts 14.4885 sec
Elapsed time for households 13.0068 sec
Iteration 19
Elapsed time for kappa 38.4759 sec
Elapsed time for experts 13.8947 sec
Elapsed time for households 12.5396 sec
Iteration 20
Elapsed time for kappa 38.0952 sec
Elapsed time for experts 13.8388 sec
Elapsed time for households 12.5520 sec
Iteration 21
Elapsed time for kappa 38.6827 sec
Elapsed time for experts 13.6511 sec
Elapsed time for households 12.1874 sec
Iteration 22
Elapsed time for kappa 37.7402 sec
Elapsed time for experts 13.7895 sec
Elapsed time for households 12.3488 sec
Iteration 23
Elapsed time for kappa 38.1414 sec
Elapsed time for experts 13.6301 sec
Elapsed time for households 18.8460 sec
Iteration 24
Elapsed time for kappa 39.6420 sec
Elapsed time for experts 14.0968 sec
Elapsed time for households 12.7308 sec
Iteration 25
Elapsed time for kappa 39.1334 sec
Elapsed time for experts 13.8283 sec
Elapsed time for households 12.6515 sec
Iteration 26
Elapsed time for kappa 38.1767 sec
Elapsed time for experts 13.8866 sec
Elapsed time for households 12.6298 sec
Iteration 27
Elapsed time for kappa 38.1053 sec
Elapsed time for experts 13.9238 sec
Elapsed time for households 12.4559 sec
Iteration 28
Elapsed time for kappa 38.6487 sec
Elapsed time for experts 13.6015 sec
Elapsed time for households 12.4061 sec
Iteration 29
Elapsed time for kappa 37.6458 sec
Elapsed time for experts 20.9850 sec
Elapsed time for households 13.1743 sec
Iteration 30
Elapsed time for kappa 39.9550 sec
Elapsed time for experts 13.9094 sec
Elapsed time for households 12.7664 sec
Iteration 31
Elapsed time for kappa 38.7713 sec
Elapsed time for experts 13.8375 sec
Elapsed time for households 12.6178 sec
Iteration 32
Elapsed time for kappa 38.9169 sec
Elapsed time for experts 13.8947 sec
Elapsed time for households 12.5479 sec
Iteration 33
Elapsed time for kappa 38.0281 sec
Elapsed time for experts 13.8049 sec
Elapsed time for households 12.4079 sec
Iteration 34
Elapsed time for kappa 38.0416 sec
Elapsed time for experts 13.7995 sec
Elapsed time for households 12.3679 sec
Iteration 35
Elapsed time for kappa 46.5201 sec
Elapsed time for experts 14.7579 sec
Elapsed time for households 13.0803 sec
Iteration 36
Elapsed time for kappa 39.5031 sec
Elapsed time for experts 13.9288 sec
Elapsed time for households 12.6875 sec
Iteration 37
Elapsed time for kappa 38.8365 sec
Elapsed time for experts 13.9029 sec
Elapsed time for households 12.4611 sec
Iteration 38
Elapsed time for kappa 38.7550 sec
Elapsed time for experts 13.2511 sec
Elapsed time for households 12.5313 sec
Iteration 39
Elapsed time for kappa 38.7120 sec
Elapsed time for experts 13.7883 sec
Elapsed time for households 12.3803 sec
Iteration 40
Elapsed time for kappa 38.2488 sec
Elapsed time for experts 13.7095 sec
Elapsed time for households 11.9777 sec
Iteration 41
Elapsed time for kappa 47.4372 sec
Elapsed time for experts 14.7496 sec
Elapsed time for households 13.0059 sec
Iteration 42
Elapsed time for kappa 39.0775 sec
Elapsed time for experts 14.0225 sec
Elapsed time for households 12.7411 sec
Iteration 43
Elapsed time for kappa 38.0062 sec
Elapsed time for experts 13.8748 sec
Elapsed time for households 12.7198 sec
Iteration 44
Elapsed time for kappa 38.2152 sec
Elapsed time for experts 13.6699 sec
Elapsed time for households 12.6839 sec
Iteration 45
Elapsed time for kappa 37.7445 sec
Elapsed time for experts 13.8418 sec
Elapsed time for households 12.5537 sec
Iteration 46
Elapsed time for kappa 38.2912 sec
Elapsed time for experts 13.6158 sec
Elapsed time for households 18.8844 sec
Iteration 47
Elapsed time for kappa 39.6960 sec
Elapsed time for experts 14.1712 sec
Elapsed time for households 12.9328 sec
Iteration 48
Elapsed time for kappa 38.9869 sec
Elapsed time for experts 14.0291 sec
Elapsed time for households 12.8058 sec
Iteration 49
Elapsed time for kappa 38.2088 sec
Elapsed time for experts 13.7869 sec
Elapsed time for households 12.6507 sec
Iteration 50
Elapsed time for kappa 38.0643 sec
Elapsed time for experts 13.9205 sec
Elapsed time for households 12.1236 sec
Iteration 51
Elapsed time for kappa 37.5081 sec
Elapsed time for experts 13.7031 sec
Elapsed time for households 11.9947 sec
Iteration 52
Elapsed time for kappa 38.0636 sec
Elapsed time for experts 21.3005 sec
Elapsed time for households 13.3356 sec
Iteration 53
Elapsed time for kappa 37.8150 sec
Elapsed time for experts 14.1701 sec
Elapsed time for households 12.9105 sec
Iteration 54
Elapsed time for kappa 39.1586 sec
Elapsed time for experts 13.9129 sec
Elapsed time for households 12.7712 sec
Iteration 55
Elapsed time for kappa 38.9387 sec
Elapsed time for experts 13.9481 sec
Elapsed time for households 12.6083 sec
Iteration 56
Elapsed time for kappa 37.7994 sec
Elapsed time for experts 13.8399 sec
Elapsed time for households 12.5689 sec
Iteration 57
Elapsed time for kappa 37.6391 sec
Elapsed time for experts 13.7447 sec
Elapsed time for households 12.3399 sec
Iteration 58
Elapsed time for kappa 46.4341 sec
Elapsed time for experts 14.8798 sec
Elapsed time for households 13.1271 sec
Iteration 59
Elapsed time for kappa 39.0494 sec
Elapsed time for experts 14.0222 sec
Elapsed time for households 12.3940 sec
Iteration 60
Elapsed time for kappa 38.4897 sec
Elapsed time for experts 14.0873 sec
Elapsed time for households 12.4205 sec
Iteration 61
Elapsed time for kappa 38.4288 sec
Elapsed time for experts 13.8227 sec
Elapsed time for households 12.7487 sec
Iteration 62
Elapsed time for kappa 38.3533 sec
Elapsed time for experts 13.7416 sec
Elapsed time for households 12.1821 sec
Iteration 63
Elapsed time for kappa 37.8032 sec
Elapsed time for experts 13.2875 sec
Elapsed time for households 19.3832 sec
Iteration 64
Elapsed time for kappa 39.6642 sec
Elapsed time for experts 14.1987 sec
Elapsed time for households 12.9983 sec
Iteration 65
Elapsed time for kappa 38.7876 sec
Elapsed time for experts 14.0241 sec
Elapsed time for households 12.9996 sec
Iteration 66
Elapsed time for kappa 38.3102 sec
Elapsed time for experts 13.8451 sec
Elapsed time for households 12.7504 sec
Iteration 67
Elapsed time for kappa 37.8451 sec
Elapsed time for experts 13.9518 sec
Elapsed time for households 12.5321 sec
Iteration 68
Elapsed time for kappa 38.1736 sec
Elapsed time for experts 13.8361 sec
Elapsed time for households 12.5368 sec
Iteration 69
Elapsed time for kappa 37.8535 sec
Elapsed time for experts 21.3385 sec
Elapsed time for households 13.5381 sec
Iteration 70
Elapsed time for kappa 39.4692 sec
Elapsed time for experts 14.3797 sec
Elapsed time for households 12.9812 sec
Iteration 71
Elapsed time for kappa 39.8210 sec
Elapsed time for experts 14.2622 sec
Elapsed time for households 12.7402 sec
Iteration 72
Elapsed time for kappa 38.9347 sec
Elapsed time for experts 13.8795 sec
Elapsed time for households 12.6222 sec
Iteration 73
Elapsed time for kappa 38.5743 sec
Elapsed time for experts 13.9389 sec
Elapsed time for households 12.5990 sec
Iteration 74
Elapsed time for kappa 37.6801 sec
Elapsed time for experts 13.8096 sec
Elapsed time for households 12.5610 sec
Iteration 75
Elapsed time for kappa 47.0870 sec
Elapsed time for experts 15.2151 sec
Elapsed time for households 13.2706 sec
Iteration 76
Elapsed time for kappa 37.8340 sec
Elapsed time for experts 13.6028 sec
Elapsed time for households 12.7905 sec
Iteration 77
Elapsed time for kappa 37.5242 sec
Elapsed time for experts 14.1262 sec
Elapsed time for households 12.7931 sec
Iteration 78
Elapsed time for kappa 38.2092 sec
Elapsed time for experts 14.0016 sec
Elapsed time for households 12.6593 sec
Iteration 79
Elapsed time for kappa 38.5507 sec
Elapsed time for experts 13.7826 sec
Elapsed time for households 12.5020 sec
Iteration 80
Elapsed time for kappa 37.9853 sec
Elapsed time for experts 13.7069 sec
Elapsed time for households 18.5239 sec
Iteration 81
Elapsed time for kappa 39.5988 sec
Elapsed time for experts 13.7093 sec
Elapsed time for households 13.1826 sec
Iteration 82
Elapsed time for kappa 39.3675 sec
Elapsed time for experts 13.5911 sec
Elapsed time for households 12.8222 sec
Iteration 83
Elapsed time for kappa 38.5368 sec
Elapsed time for experts 14.2534 sec
Elapsed time for households 12.8266 sec
Iteration 84
Elapsed time for kappa 37.9364 sec
Elapsed time for experts 14.0066 sec
Elapsed time for households 12.5421 sec
Iteration 85
Elapsed time for kappa 38.1901 sec
Elapsed time for experts 13.8670 sec
Elapsed time for households 12.4790 sec
Iteration 86
Elapsed time for kappa 37.6804 sec
Elapsed time for experts 21.2726 sec
Elapsed time for households 13.6628 sec
Iteration 87
Elapsed time for kappa 39.4280 sec
Elapsed time for experts 14.4557 sec
Elapsed time for households 12.5706 sec
Iteration 88
Elapsed time for kappa 38.6661 sec
Elapsed time for experts 14.2143 sec
Elapsed time for households 12.3324 sec
Iteration 89
Elapsed time for kappa 38.8141 sec
Elapsed time for experts 13.8872 sec
Elapsed time for households 12.8188 sec
Iteration 90
Elapsed time for kappa 38.4243 sec
Elapsed time for experts 13.8407 sec
Elapsed time for households 12.6362 sec
Iteration 91
Elapsed time for kappa 38.3246 sec
Elapsed time for experts 13.8536 sec
Elapsed time for households 12.5606 sec
Iteration 92
Elapsed time for kappa 47.3034 sec
Elapsed time for experts 15.0156 sec
Elapsed time for households 13.2491 sec
Iteration 93
Elapsed time for kappa 39.6834 sec
Elapsed time for experts 14.1389 sec
Elapsed time for households 12.9253 sec
Iteration 94
Elapsed time for kappa 39.0006 sec
Elapsed time for experts 13.6099 sec
Elapsed time for households 12.8388 sec
Iteration 95
Elapsed time for kappa 38.3622 sec
Elapsed time for experts 13.9072 sec
Elapsed time for households 12.2459 sec
Iteration 96
Elapsed time for kappa 36.8907 sec
Elapsed time for experts 13.7846 sec
Elapsed time for households 12.6249 sec
Iteration 97
Elapsed time for kappa 37.9179 sec
Elapsed time for experts 13.7863 sec
Elapsed time for households 12.4455 sec
Iteration 98
Elapsed time for kappa 47.3739 sec
Elapsed time for experts 15.0568 sec
Elapsed time for households 13.1919 sec
Iteration 99
Elapsed time for kappa 40.0213 sec
Elapsed time for experts 14.3977 sec
Elapsed time for households 13.0573 sec
Iteration 100
Elapsed time for kappa 39.0484 sec
Elapsed time for experts 14.2611 sec
Elapsed time for households 12.9612 sec
Iteration 101
Elapsed time for kappa 38.6888 sec
Elapsed time for experts 14.0340 sec
Elapsed time for households 12.5736 sec
Iteration 102
Elapsed time for kappa 37.8552 sec
Elapsed time for experts 13.9460 sec
Elapsed time for households 12.1528 sec
Iteration 103
Elapsed time for kappa 38.1450 sec
Elapsed time for experts 20.0479 sec
Elapsed time for households 13.6149 sec
Iteration 104
Elapsed time for kappa 39.5401 sec
Elapsed time for experts 14.3221 sec
Elapsed time for households 12.8567 sec
Iteration 105
Elapsed time for kappa 37.6652 sec
Elapsed time for experts 14.1660 sec
Elapsed time for households 12.5286 sec
Iteration 106
Elapsed time for kappa 38.9065 sec
Elapsed time for experts 14.0561 sec
Elapsed time for households 13.0064 sec
Iteration 107
Elapsed time for kappa 38.1776 sec
Elapsed time for experts 13.3613 sec
Elapsed time for households 12.6348 sec
Iteration 108
Elapsed time for kappa 36.9673 sec
Elapsed time for experts 13.4048 sec
Elapsed time for households 12.0287 sec
Iteration 109
Elapsed time for kappa 47.8791 sec
Elapsed time for experts 15.1310 sec
Elapsed time for households 13.1236 sec
Iteration 110
Elapsed time for kappa 39.5199 sec
Elapsed time for experts 14.3740 sec
Elapsed time for households 12.9788 sec
Iteration 111
Elapsed time for kappa 39.0910 sec
Elapsed time for experts 14.0765 sec
Elapsed time for households 12.8622 sec
Iteration 112
Elapsed time for kappa 38.7673 sec
Elapsed time for experts 13.9933 sec
Elapsed time for households 12.7034 sec
Iteration 113
Elapsed time for kappa 38.4001 sec
Elapsed time for experts 13.7851 sec
Elapsed time for households 12.5646 sec
Iteration 114
Elapsed time for kappa 36.7553 sec
Elapsed time for experts 13.8939 sec
Elapsed time for households 12.1212 sec
Iteration 115
Elapsed time for kappa 47.5132 sec
Elapsed time for experts 14.6430 sec
Elapsed time for households 13.1668 sec
Iteration 116
Elapsed time for kappa 39.7903 sec
Elapsed time for experts 13.9063 sec
Elapsed time for households 12.9252 sec
Iteration 117
Elapsed time for kappa 39.3595 sec
Elapsed time for experts 14.1135 sec
Elapsed time for households 12.3367 sec
Iteration 118
Elapsed time for kappa 38.5244 sec
Elapsed time for experts 13.5733 sec
Elapsed time for households 12.7754 sec
Iteration 119
Elapsed time for kappa 38.9095 sec
Elapsed time for experts 13.9108 sec
Elapsed time for households 12.5346 sec
Iteration 120
Elapsed time for kappa 38.0217 sec
Elapsed time for experts 13.8336 sec
Elapsed time for households 19.3989 sec
Iteration 121
Elapsed time for kappa 40.6985 sec
Elapsed time for experts 14.7038 sec
Elapsed time for households 13.1730 sec
Iteration 122
Elapsed time for kappa 40.0082 sec
Elapsed time for experts 14.3582 sec
Elapsed time for households 13.1007 sec
Iteration 123
Elapsed time for kappa 39.2345 sec
Elapsed time for experts 14.2315 sec
Elapsed time for households 12.7591 sec
Iteration 124
Elapsed time for kappa 38.8829 sec
Elapsed time for experts 13.5118 sec
Elapsed time for households 12.7773 sec
Iteration 125
Elapsed time for kappa 38.3707 sec
Elapsed time for experts 13.9600 sec
Elapsed time for households 12.5873 sec
Iteration 126
Elapsed time for kappa 37.8882 sec
Elapsed time for experts 21.7083 sec
Elapsed time for households 13.7983 sec
Iteration 127
Elapsed time for kappa 39.9299 sec
Elapsed time for experts 14.6692 sec
Elapsed time for households 12.7726 sec
Iteration 128
Elapsed time for kappa 39.8080 sec
Elapsed time for experts 14.3251 sec
Elapsed time for households 13.1289 sec
Iteration 129
Elapsed time for kappa 39.7056 sec
Elapsed time for experts 14.1285 sec
Elapsed time for households 13.0111 sec
Iteration 130
Elapsed time for kappa 38.7333 sec
Elapsed time for experts 14.1698 sec
Elapsed time for households 12.8741 sec
Iteration 131
Elapsed time for kappa 38.3441 sec
Elapsed time for experts 13.9274 sec
Elapsed time for households 12.6026 sec
Iteration 132
Elapsed time for kappa 47.7949 sec
Elapsed time for experts 15.3784 sec
Elapsed time for households 13.4878 sec
Iteration 133
Elapsed time for kappa 39.8896 sec
Elapsed time for experts 14.2216 sec
Elapsed time for households 12.9808 sec
Iteration 134
Elapsed time for kappa 37.5306 sec
Elapsed time for experts 14.1511 sec
Elapsed time for households 12.7844 sec
Iteration 135
Elapsed time for kappa 39.0884 sec
Elapsed time for experts 14.1199 sec
Elapsed time for households 12.7115 sec
Iteration 136
Elapsed time for kappa 38.4474 sec
Elapsed time for experts 13.9800 sec
Elapsed time for households 12.6534 sec
Iteration 137
Elapsed time for kappa 38.4769 sec
Elapsed time for experts 14.0294 sec
Elapsed time for households 12.6153 sec
Iteration 138
Elapsed time for kappa 46.4456 sec
Elapsed time for experts 15.0110 sec
Elapsed time for households 13.0645 sec
Iteration 139
Elapsed time for kappa 39.5946 sec
Elapsed time for experts 14.3617 sec
Elapsed time for households 13.0347 sec
Iteration 140
Elapsed time for kappa 39.2305 sec
Elapsed time for experts 14.2038 sec
Elapsed time for households 12.8349 sec
Iteration 141
Elapsed time for kappa 39.0174 sec
Elapsed time for experts 14.0619 sec
Elapsed time for households 12.7824 sec
Iteration 142
Elapsed time for kappa 39.0704 sec
Elapsed time for experts 13.9813 sec
Elapsed time for households 12.6704 sec
Iteration 143
Elapsed time for kappa 38.4293 sec
Elapsed time for experts 20.8358 sec
Elapsed time for households 13.8171 sec
Iteration 144
Elapsed time for kappa 40.1701 sec
Elapsed time for experts 14.0958 sec
Elapsed time for households 13.3393 sec
Iteration 145
Elapsed time for kappa 39.5634 sec
Elapsed time for experts 14.3568 sec
Elapsed time for households 13.0222 sec
Iteration 146
Elapsed time for kappa 38.9795 sec
Elapsed time for experts 14.2957 sec
Elapsed time for households 12.3584 sec
Iteration 147
Elapsed time for kappa 38.8444 sec
Elapsed time for experts 14.0042 sec
Elapsed time for households 12.8424 sec
Iteration 148
Elapsed time for kappa 38.5074 sec
Elapsed time for experts 13.9063 sec
Elapsed time for households 12.5592 sec
Iteration 149
Elapsed time for kappa 48.1438 sec
Elapsed time for experts 15.3654 sec
Elapsed time for households 13.7701 sec
Iteration 150
Elapsed time for kappa 40.8455 sec
Elapsed time for experts 14.4100 sec
Elapsed time for households 13.1401 sec
Iteration 151
Elapsed time for kappa 39.7092 sec
Elapsed time for experts 14.3900 sec
Elapsed time for households 13.0118 sec
Iteration 152
Elapsed time for kappa 38.9641 sec
Elapsed time for experts 13.5131 sec
Elapsed time for households 12.8343 sec
Iteration 153
Elapsed time for kappa 38.6905 sec
Elapsed time for experts 13.9396 sec
Elapsed time for households 12.7592 sec
Iteration 154
Elapsed time for kappa 37.9412 sec
Elapsed time for experts 13.9254 sec
Elapsed time for households 12.6133 sec
Iteration 155
Elapsed time for kappa 47.4833 sec
Elapsed time for experts 14.2861 sec
Elapsed time for households 13.0331 sec
Iteration 156
Elapsed time for kappa 40.4753 sec
Elapsed time for experts 14.3020 sec
Elapsed time for households 13.1497 sec
Iteration 157
Elapsed time for kappa 39.0447 sec
Elapsed time for experts 14.0754 sec
Elapsed time for households 12.9984 sec
Iteration 158
Elapsed time for kappa 39.1943 sec
Elapsed time for experts 14.0607 sec
Elapsed time for households 12.4831 sec
Iteration 159
Elapsed time for kappa 38.5276 sec
Elapsed time for experts 13.9428 sec
Elapsed time for households 12.7781 sec
Iteration 160
Elapsed time for kappa 38.4151 sec
Elapsed time for experts 13.8541 sec
Elapsed time for households 19.2751 sec
Iteration 161
Elapsed time for kappa 40.2562 sec
Elapsed time for experts 14.1045 sec
Elapsed time for households 13.4350 sec
Iteration 162
Elapsed time for kappa 39.2430 sec
Elapsed time for experts 13.7888 sec
Elapsed time for households 13.0680 sec
Iteration 163
Elapsed time for kappa 38.9787 sec
Elapsed time for experts 14.1485 sec
Elapsed time for households 13.0716 sec
Iteration 164
Elapsed time for kappa 38.9041 sec
Elapsed time for experts 13.9445 sec
Elapsed time for households 12.7137 sec
Iteration 165
Elapsed time for kappa 38.3164 sec
Elapsed time for experts 13.9330 sec
Elapsed time for households 12.4948 sec
Iteration 166
Elapsed time for kappa 38.5894 sec
Elapsed time for experts 21.6565 sec
Elapsed time for households 13.9142 sec
Iteration 167
Elapsed time for kappa 40.0072 sec
Elapsed time for experts 14.5856 sec
Elapsed time for households 13.2495 sec
Iteration 168
Elapsed time for kappa 37.9157 sec
Elapsed time for experts 14.2852 sec
Elapsed time for households 13.0364 sec
Iteration 169
Elapsed time for kappa 39.0379 sec
Elapsed time for experts 14.0877 sec
Elapsed time for households 12.9609 sec
Iteration 170
Elapsed time for kappa 39.2920 sec
Elapsed time for experts 13.9495 sec
Elapsed time for households 12.6721 sec
Iteration 171
Elapsed time for kappa 38.3443 sec
Elapsed time for experts 13.7416 sec
Elapsed time for households 12.2958 sec
Iteration 172
Elapsed time for kappa 37.7791 sec
Elapsed time for experts 21.0339 sec
Elapsed time for households 13.7983 sec
Iteration 173
Elapsed time for kappa 40.2709 sec
Elapsed time for experts 14.7370 sec
Elapsed time for households 13.0292 sec
Iteration 174
Elapsed time for kappa 39.3378 sec
Elapsed time for experts 13.8296 sec
Elapsed time for households 12.9231 sec
Iteration 175
Elapsed time for kappa 39.2234 sec
Elapsed time for experts 14.3474 sec
Elapsed time for households 12.5273 sec
Iteration 176
Elapsed time for kappa 38.8674 sec
Elapsed time for experts 14.2214 sec
Elapsed time for households 12.8326 sec
Iteration 177
Elapsed time for kappa 38.6582 sec
Elapsed time for experts 13.8523 sec
Elapsed time for households 12.6487 sec
Iteration 178
Elapsed time for kappa 47.5583 sec
Elapsed time for experts 15.2629 sec
Elapsed time for households 13.5653 sec
Iteration 179
Elapsed time for kappa 40.2054 sec
Elapsed time for experts 14.6338 sec
Elapsed time for households 13.1487 sec
Iteration 180
Elapsed time for kappa 39.2545 sec
Elapsed time for experts 14.1845 sec
Elapsed time for households 12.9029 sec
Iteration 181
Elapsed time for kappa 38.6629 sec
Elapsed time for experts 14.1456 sec
Elapsed time for households 12.8534 sec
Iteration 182
Elapsed time for kappa 38.6476 sec
Elapsed time for experts 13.3556 sec
Elapsed time for households 12.6563 sec
Iteration 183
Elapsed time for kappa 38.0815 sec
Elapsed time for experts 13.8835 sec
Elapsed time for households 12.4850 sec
Iteration 184
Elapsed time for kappa 47.7816 sec
Elapsed time for experts 14.9817 sec
Elapsed time for households 13.3041 sec
Iteration 185
Elapsed time for kappa 39.8071 sec
Elapsed time for experts 14.3865 sec
Elapsed time for households 13.0591 sec
Iteration 186
Elapsed time for kappa 39.4723 sec
Elapsed time for experts 14.3304 sec
Elapsed time for households 12.9639 sec
Iteration 187
Elapsed time for kappa 39.1571 sec
Elapsed time for experts 14.0525 sec
Elapsed time for households 12.8294 sec
Iteration 188
Elapsed time for kappa 38.7844 sec
Elapsed time for experts 13.9377 sec
Elapsed time for households 12.5862 sec
Iteration 189
Elapsed time for kappa 38.5605 sec
Elapsed time for experts 13.9179 sec
Elapsed time for households 19.4566 sec
Iteration 190
Elapsed time for kappa 40.8783 sec
Elapsed time for experts 14.1415 sec
Elapsed time for households 13.2573 sec
Iteration 191
Elapsed time for kappa 39.6942 sec
Elapsed time for experts 14.3820 sec
Elapsed time for households 13.1556 sec
Iteration 192
Elapsed time for kappa 39.3983 sec
Elapsed time for experts 14.1514 sec
Elapsed time for households 12.9867 sec
Iteration 193
Elapsed time for kappa 39.1848 sec
Elapsed time for experts 13.9266 sec
Elapsed time for households 12.6545 sec
Iteration 194
Elapsed time for kappa 36.9202 sec
Elapsed time for experts 13.8560 sec
Elapsed time for households 12.7236 sec
Iteration 195
Elapsed time for kappa 37.4421 sec
Elapsed time for experts 13.8156 sec
Elapsed time for households 20.6183 sec
Iteration 196
Elapsed time for kappa 40.6739 sec
Elapsed time for experts 14.0584 sec
Elapsed time for households 13.3697 sec
Iteration 197
Elapsed time for kappa 39.4514 sec
Elapsed time for experts 14.4117 sec
Elapsed time for households 13.1219 sec
Iteration 198
Elapsed time for kappa 37.7189 sec
Elapsed time for experts 14.2422 sec
Elapsed time for households 12.8000 sec
Iteration 199
Elapsed time for kappa 39.3112 sec
Elapsed time for experts 14.0585 sec
Elapsed time for households 12.8052 sec
Elapsed time for training 13417.8245 sec
90000 90000 90000 90000
