/tmp/slurmd/job22880372/slurm_script: line 19: deactivate: No such file or directory
Iteration 0
Elapsed time for kappa 76.0844 sec
Elapsed time for experts 20.7639 sec
Elapsed time for households 15.7428 sec
Iteration 1
Elapsed time for kappa 37.7835 sec
Elapsed time for experts 13.9964 sec
Elapsed time for households 14.5825 sec
Iteration 2
Elapsed time for kappa 37.8105 sec
Elapsed time for experts 13.5456 sec
Elapsed time for households 12.5671 sec
Iteration 3
Elapsed time for kappa 37.8041 sec
Elapsed time for experts 13.8433 sec
Elapsed time for households 12.4244 sec
Iteration 4
Elapsed time for kappa 38.2008 sec
Elapsed time for experts 13.7055 sec
Elapsed time for households 12.5298 sec
Iteration 5
Elapsed time for kappa 37.7349 sec
Elapsed time for experts 11.4243 sec
Elapsed time for households 12.6899 sec
Iteration 6
Elapsed time for kappa 37.7852 sec
Elapsed time for experts 13.9068 sec
Elapsed time for households 12.4607 sec
Iteration 7
Elapsed time for kappa 37.9344 sec
Elapsed time for experts 20.4353 sec
Elapsed time for households 13.1574 sec
Iteration 8
Elapsed time for kappa 38.2397 sec
Elapsed time for experts 13.9273 sec
Elapsed time for households 12.4462 sec
Iteration 9
Elapsed time for kappa 38.0247 sec
Elapsed time for experts 13.8268 sec
Elapsed time for households 12.6797 sec
Iteration 10
Elapsed time for kappa 37.4973 sec
Elapsed time for experts 13.9928 sec
Elapsed time for households 10.3187 sec
Iteration 11
Elapsed time for kappa 37.7801 sec
Elapsed time for experts 13.7779 sec
Elapsed time for households 12.1328 sec
Iteration 12
Elapsed time for kappa 37.5585 sec
Elapsed time for experts 13.7989 sec
Elapsed time for households 12.5445 sec
Iteration 13
Elapsed time for kappa 45.3134 sec
Elapsed time for experts 14.5802 sec
Elapsed time for households 12.8773 sec
Iteration 14
Elapsed time for kappa 38.6198 sec
Elapsed time for experts 13.9317 sec
Elapsed time for households 12.5942 sec
Iteration 15
Elapsed time for kappa 38.2211 sec
Elapsed time for experts 14.0033 sec
Elapsed time for households 12.4722 sec
Iteration 16
Elapsed time for kappa 37.6758 sec
Elapsed time for experts 13.8918 sec
Elapsed time for households 12.5509 sec
Iteration 17
Elapsed time for kappa 38.0021 sec
Elapsed time for experts 13.8051 sec
Elapsed time for households 12.5514 sec
Iteration 18
Elapsed time for kappa 37.6137 sec
Elapsed time for experts 13.8223 sec
Elapsed time for households 12.7124 sec
Iteration 19
Elapsed time for kappa 45.3306 sec
Elapsed time for experts 14.2665 sec
Elapsed time for households 12.6828 sec
Iteration 20
Elapsed time for kappa 38.2504 sec
Elapsed time for experts 14.0180 sec
Elapsed time for households 12.5918 sec
Iteration 21
Elapsed time for kappa 38.3547 sec
Elapsed time for experts 13.7741 sec
Elapsed time for households 12.5531 sec
Iteration 22
Elapsed time for kappa 38.3737 sec
Elapsed time for experts 13.8093 sec
Elapsed time for households 12.6372 sec
Iteration 23
Elapsed time for kappa 38.3343 sec
Elapsed time for experts 13.7208 sec
Elapsed time for households 12.5343 sec
Iteration 24
Elapsed time for kappa 36.8949 sec
Elapsed time for experts 20.1159 sec
Elapsed time for households 13.2493 sec
Iteration 25
Elapsed time for kappa 37.7431 sec
Elapsed time for experts 13.5543 sec
Elapsed time for households 10.5387 sec
Iteration 26
Elapsed time for kappa 38.8751 sec
Elapsed time for experts 14.1011 sec
Elapsed time for households 12.5600 sec
Iteration 27
Elapsed time for kappa 38.9581 sec
Elapsed time for experts 13.7538 sec
Elapsed time for households 12.6531 sec
Iteration 28
Elapsed time for kappa 38.8917 sec
Elapsed time for experts 13.7647 sec
Elapsed time for households 12.3653 sec
Iteration 29
Elapsed time for kappa 38.5400 sec
Elapsed time for experts 13.6955 sec
Elapsed time for households 12.4411 sec
Iteration 30
Elapsed time for kappa 46.9977 sec
Elapsed time for experts 14.7853 sec
Elapsed time for households 13.0118 sec
Iteration 31
Elapsed time for kappa 39.3529 sec
Elapsed time for experts 14.2068 sec
Elapsed time for households 12.7030 sec
Iteration 32
Elapsed time for kappa 38.5000 sec
Elapsed time for experts 14.0388 sec
Elapsed time for households 12.5923 sec
Iteration 33
Elapsed time for kappa 38.2599 sec
Elapsed time for experts 13.9329 sec
Elapsed time for households 12.5797 sec
Iteration 34
Elapsed time for kappa 36.9563 sec
Elapsed time for experts 13.9363 sec
Elapsed time for households 12.5140 sec
Iteration 35
Elapsed time for kappa 37.0090 sec
Elapsed time for experts 13.9845 sec
Elapsed time for households 18.9489 sec
Iteration 36
Elapsed time for kappa 40.0209 sec
Elapsed time for experts 14.3107 sec
Elapsed time for households 12.9355 sec
Iteration 37
Elapsed time for kappa 38.9516 sec
Elapsed time for experts 14.0771 sec
Elapsed time for households 12.8519 sec
Iteration 38
Elapsed time for kappa 38.9889 sec
Elapsed time for experts 13.9246 sec
Elapsed time for households 12.5782 sec
Iteration 39
Elapsed time for kappa 38.6928 sec
Elapsed time for experts 13.9470 sec
Elapsed time for households 12.5532 sec
Iteration 40
Elapsed time for kappa 38.4030 sec
Elapsed time for experts 13.8240 sec
Elapsed time for households 12.6935 sec
Iteration 41
Elapsed time for kappa 38.0238 sec
Elapsed time for experts 21.2644 sec
Elapsed time for households 13.2691 sec
Iteration 42
Elapsed time for kappa 39.4565 sec
Elapsed time for experts 14.1890 sec
Elapsed time for households 12.8743 sec
Iteration 43
Elapsed time for kappa 39.0515 sec
Elapsed time for experts 12.1171 sec
Elapsed time for households 12.9555 sec
Iteration 44
Elapsed time for kappa 38.4867 sec
Elapsed time for experts 14.2896 sec
Elapsed time for households 12.5582 sec
Iteration 45
Elapsed time for kappa 38.4297 sec
Elapsed time for experts 13.8975 sec
Elapsed time for households 12.5273 sec
Iteration 46
Elapsed time for kappa 36.5258 sec
Elapsed time for experts 13.8059 sec
Elapsed time for households 12.5109 sec
Iteration 47
Elapsed time for kappa 46.1623 sec
Elapsed time for experts 15.0048 sec
Elapsed time for households 13.1124 sec
Iteration 48
Elapsed time for kappa 39.1707 sec
Elapsed time for experts 12.1349 sec
Elapsed time for households 13.0449 sec
Iteration 49
Elapsed time for kappa 39.3585 sec
Elapsed time for experts 14.2472 sec
Elapsed time for households 12.4683 sec
Iteration 50
Elapsed time for kappa 38.4149 sec
Elapsed time for experts 13.7888 sec
Elapsed time for households 10.4094 sec
Iteration 51
Elapsed time for kappa 38.0691 sec
Elapsed time for experts 14.0158 sec
Elapsed time for households 10.3119 sec
Iteration 52
Elapsed time for kappa 37.7368 sec
Elapsed time for experts 13.8720 sec
Elapsed time for households 18.2796 sec
Iteration 53
Elapsed time for kappa 39.5211 sec
Elapsed time for experts 14.2360 sec
Elapsed time for households 12.9444 sec
Iteration 54
Elapsed time for kappa 37.6790 sec
Elapsed time for experts 13.6798 sec
Elapsed time for households 12.8649 sec
Iteration 55
Elapsed time for kappa 38.5407 sec
Elapsed time for experts 14.0907 sec
Elapsed time for households 12.7937 sec
Iteration 56
Elapsed time for kappa 38.0800 sec
Elapsed time for experts 13.9754 sec
Elapsed time for households 12.5861 sec
Iteration 57
Elapsed time for kappa 38.2495 sec
Elapsed time for experts 13.8141 sec
Elapsed time for households 12.6489 sec
Iteration 58
Elapsed time for kappa 38.0297 sec
Elapsed time for experts 21.3490 sec
Elapsed time for households 13.6088 sec
Iteration 59
Elapsed time for kappa 39.3411 sec
Elapsed time for experts 14.3021 sec
Elapsed time for households 13.1925 sec
Iteration 60
Elapsed time for kappa 38.6287 sec
Elapsed time for experts 14.1651 sec
Elapsed time for households 12.6712 sec
Iteration 61
Elapsed time for kappa 38.7910 sec
Elapsed time for experts 14.0814 sec
Elapsed time for households 10.5244 sec
Iteration 62
Elapsed time for kappa 38.2963 sec
Elapsed time for experts 14.2246 sec
Elapsed time for households 12.5213 sec
Iteration 63
Elapsed time for kappa 38.6040 sec
Elapsed time for experts 14.0435 sec
Elapsed time for households 12.6082 sec
Iteration 64
Elapsed time for kappa 46.8079 sec
Elapsed time for experts 15.1906 sec
Elapsed time for households 13.3490 sec
Iteration 65
Elapsed time for kappa 39.0082 sec
Elapsed time for experts 14.4820 sec
Elapsed time for households 12.8598 sec
Iteration 66
Elapsed time for kappa 38.9317 sec
Elapsed time for experts 14.0464 sec
Elapsed time for households 12.9384 sec
Iteration 67
Elapsed time for kappa 38.2691 sec
Elapsed time for experts 13.9077 sec
Elapsed time for households 12.7843 sec
Iteration 68
Elapsed time for kappa 38.1251 sec
Elapsed time for experts 13.5767 sec
Elapsed time for households 12.5555 sec
Iteration 69
Elapsed time for kappa 36.7533 sec
Elapsed time for experts 13.8628 sec
Elapsed time for households 12.5917 sec
Iteration 70
Elapsed time for kappa 46.4816 sec
Elapsed time for experts 14.7156 sec
Elapsed time for households 13.0568 sec
Iteration 71
Elapsed time for kappa 39.4503 sec
Elapsed time for experts 11.9683 sec
Elapsed time for households 12.9464 sec
Iteration 72
Elapsed time for kappa 38.6415 sec
Elapsed time for experts 14.1933 sec
Elapsed time for households 12.8608 sec
Iteration 73
Elapsed time for kappa 38.4656 sec
Elapsed time for experts 13.9601 sec
Elapsed time for households 12.6542 sec
Iteration 74
Elapsed time for kappa 38.0686 sec
Elapsed time for experts 13.9038 sec
Elapsed time for households 12.7005 sec
Iteration 75
Elapsed time for kappa 37.7668 sec
Elapsed time for experts 20.7396 sec
Elapsed time for households 13.7141 sec
Iteration 76
Elapsed time for kappa 39.5595 sec
Elapsed time for experts 14.3676 sec
Elapsed time for households 13.1237 sec
Iteration 77
Elapsed time for kappa 39.0946 sec
Elapsed time for experts 14.0931 sec
Elapsed time for households 12.9390 sec
Iteration 78
Elapsed time for kappa 38.8558 sec
Elapsed time for experts 13.9350 sec
Elapsed time for households 12.7004 sec
Iteration 79
Elapsed time for kappa 38.7664 sec
Elapsed time for experts 13.3055 sec
Elapsed time for households 12.6529 sec
Iteration 80
Elapsed time for kappa 36.6133 sec
Elapsed time for experts 14.0684 sec
Elapsed time for households 12.6603 sec
Iteration 81
Elapsed time for kappa 45.2336 sec
Elapsed time for experts 15.0657 sec
Elapsed time for households 13.3832 sec
Iteration 82
Elapsed time for kappa 39.3593 sec
Elapsed time for experts 14.2590 sec
Elapsed time for households 12.9138 sec
Iteration 83
Elapsed time for kappa 38.9974 sec
Elapsed time for experts 14.0642 sec
Elapsed time for households 12.9261 sec
Iteration 84
Elapsed time for kappa 38.3382 sec
Elapsed time for experts 14.0584 sec
Elapsed time for households 12.9811 sec
Iteration 85
Elapsed time for kappa 37.8196 sec
Elapsed time for experts 14.0951 sec
Elapsed time for households 12.6494 sec
Iteration 86
Elapsed time for kappa 38.4392 sec
Elapsed time for experts 13.8329 sec
Elapsed time for households 12.4802 sec
Iteration 87
Elapsed time for kappa 44.6852 sec
Elapsed time for experts 15.1693 sec
Elapsed time for households 13.2289 sec
Iteration 88
Elapsed time for kappa 39.1269 sec
Elapsed time for experts 14.3830 sec
Elapsed time for households 12.9982 sec
Iteration 89
Elapsed time for kappa 38.9453 sec
Elapsed time for experts 14.1305 sec
Elapsed time for households 12.9439 sec
Iteration 90
Elapsed time for kappa 38.2990 sec
Elapsed time for experts 14.1010 sec
Elapsed time for households 12.8303 sec
Iteration 91
Elapsed time for kappa 38.1962 sec
Elapsed time for experts 14.2196 sec
Elapsed time for households 12.5324 sec
Iteration 92
Elapsed time for kappa 36.8396 sec
Elapsed time for experts 13.8332 sec
Elapsed time for households 19.2976 sec
Iteration 93
Elapsed time for kappa 39.9847 sec
Elapsed time for experts 14.5201 sec
Elapsed time for households 10.9140 sec
Iteration 94
Elapsed time for kappa 37.4129 sec
Elapsed time for experts 14.2334 sec
Elapsed time for households 12.9811 sec
Iteration 95
Elapsed time for kappa 38.9028 sec
Elapsed time for experts 14.0434 sec
Elapsed time for households 10.6883 sec
Iteration 96
Elapsed time for kappa 38.6894 sec
Elapsed time for experts 14.1625 sec
Elapsed time for households 10.4923 sec
Iteration 97
Elapsed time for kappa 38.1829 sec
Elapsed time for experts 13.9054 sec
Elapsed time for households 12.5998 sec
Iteration 98
Elapsed time for kappa 38.0177 sec
Elapsed time for experts 22.1000 sec
Elapsed time for households 13.6887 sec
Iteration 99
Elapsed time for kappa 39.8974 sec
Elapsed time for experts 11.5896 sec
Elapsed time for households 12.5663 sec
Iteration 100
Elapsed time for kappa 39.2100 sec
Elapsed time for experts 14.3675 sec
Elapsed time for households 12.9398 sec
Iteration 101
Elapsed time for kappa 38.8788 sec
Elapsed time for experts 14.1086 sec
Elapsed time for households 12.7403 sec
Iteration 102
Elapsed time for kappa 36.8647 sec
Elapsed time for experts 14.2462 sec
Elapsed time for households 12.7853 sec
Iteration 103
Elapsed time for kappa 38.3205 sec
Elapsed time for experts 11.6822 sec
Elapsed time for households 12.6540 sec
Iteration 104
Elapsed time for kappa 47.0857 sec
Elapsed time for experts 15.2524 sec
Elapsed time for households 13.3917 sec
Iteration 105
Elapsed time for kappa 39.4897 sec
Elapsed time for experts 14.5400 sec
Elapsed time for households 13.1062 sec
Iteration 106
Elapsed time for kappa 39.1603 sec
Elapsed time for experts 14.1514 sec
Elapsed time for households 13.4165 sec
Iteration 107
Elapsed time for kappa 38.5128 sec
Elapsed time for experts 13.4662 sec
Elapsed time for households 12.7356 sec
Iteration 108
Elapsed time for kappa 38.5583 sec
Elapsed time for experts 11.6834 sec
Elapsed time for households 12.3306 sec
Iteration 109
Elapsed time for kappa 38.0657 sec
Elapsed time for experts 11.6270 sec
Elapsed time for households 12.4306 sec
Iteration 110
Elapsed time for kappa 47.3768 sec
Elapsed time for experts 14.4423 sec
Elapsed time for households 13.3977 sec
Iteration 111
Elapsed time for kappa 39.9270 sec
Elapsed time for experts 14.3201 sec
Elapsed time for households 13.1395 sec
Iteration 112
Elapsed time for kappa 38.0185 sec
Elapsed time for experts 14.3045 sec
Elapsed time for households 13.2100 sec
Iteration 113
Elapsed time for kappa 39.0817 sec
Elapsed time for experts 13.4880 sec
Elapsed time for households 13.0311 sec
Iteration 114
Elapsed time for kappa 38.2365 sec
Elapsed time for experts 11.3759 sec
Elapsed time for households 12.8276 sec
Iteration 115
Elapsed time for kappa 36.5128 sec
Elapsed time for experts 20.8978 sec
Elapsed time for households 13.9837 sec
Iteration 116
Elapsed time for kappa 39.5329 sec
Elapsed time for experts 14.1259 sec
Elapsed time for households 13.0381 sec
Iteration 117
Elapsed time for kappa 38.2290 sec
Elapsed time for experts 14.3250 sec
Elapsed time for households 13.0616 sec
Iteration 118
Elapsed time for kappa 39.1704 sec
Elapsed time for experts 14.1433 sec
Elapsed time for households 12.9076 sec
Iteration 119
Elapsed time for kappa 38.8341 sec
Elapsed time for experts 14.2784 sec
Elapsed time for households 12.7495 sec
Iteration 120
Elapsed time for kappa 36.9994 sec
Elapsed time for experts 13.8978 sec
Elapsed time for households 12.5475 sec
Iteration 121
Elapsed time for kappa 47.5527 sec
Elapsed time for experts 15.3627 sec
Elapsed time for households 13.2518 sec
Iteration 122
Elapsed time for kappa 39.5592 sec
Elapsed time for experts 14.2636 sec
Elapsed time for households 13.0410 sec
Iteration 123
Elapsed time for kappa 39.0874 sec
Elapsed time for experts 14.1177 sec
Elapsed time for households 12.7671 sec
Iteration 124
Elapsed time for kappa 38.8185 sec
Elapsed time for experts 13.9297 sec
Elapsed time for households 12.8762 sec
Iteration 125
Elapsed time for kappa 38.2397 sec
Elapsed time for experts 13.9016 sec
Elapsed time for households 12.7643 sec
Iteration 126
Elapsed time for kappa 38.0239 sec
Elapsed time for experts 13.9958 sec
Elapsed time for households 12.5842 sec
Iteration 127
Elapsed time for kappa 47.1313 sec
Elapsed time for experts 14.9608 sec
Elapsed time for households 13.2023 sec
Iteration 128
Elapsed time for kappa 38.4256 sec
Elapsed time for experts 14.5178 sec
Elapsed time for households 13.3092 sec
Iteration 129
Elapsed time for kappa 38.8329 sec
Elapsed time for experts 14.2204 sec
Elapsed time for households 12.8433 sec
Iteration 130
Elapsed time for kappa 38.4502 sec
Elapsed time for experts 14.0647 sec
Elapsed time for households 12.6688 sec
Iteration 131
Elapsed time for kappa 38.6488 sec
Elapsed time for experts 14.0059 sec
Elapsed time for households 12.7988 sec
Iteration 132
Elapsed time for kappa 37.9707 sec
Elapsed time for experts 20.8888 sec
Elapsed time for households 13.9595 sec
Iteration 133
Elapsed time for kappa 39.6171 sec
Elapsed time for experts 14.5573 sec
Elapsed time for households 13.1327 sec
Iteration 134
Elapsed time for kappa 39.4505 sec
Elapsed time for experts 14.1835 sec
Elapsed time for households 13.1857 sec
Iteration 135
Elapsed time for kappa 37.2644 sec
Elapsed time for experts 14.1704 sec
Elapsed time for households 12.9726 sec
Iteration 136
Elapsed time for kappa 39.0220 sec
Elapsed time for experts 14.1987 sec
Elapsed time for households 12.7070 sec
Iteration 137
Elapsed time for kappa 38.3593 sec
Elapsed time for experts 13.8641 sec
Elapsed time for households 12.7891 sec
Iteration 138
Elapsed time for kappa 47.6922 sec
Elapsed time for experts 13.0104 sec
Elapsed time for households 13.2339 sec
Iteration 139
Elapsed time for kappa 40.0962 sec
Elapsed time for experts 14.4694 sec
Elapsed time for households 13.2288 sec
Iteration 140
Elapsed time for kappa 39.4239 sec
Elapsed time for experts 14.1806 sec
Elapsed time for households 12.8219 sec
Iteration 141
Elapsed time for kappa 38.6152 sec
Elapsed time for experts 14.4740 sec
Elapsed time for households 12.8197 sec
Iteration 142
Elapsed time for kappa 38.4660 sec
Elapsed time for experts 14.1234 sec
Elapsed time for households 12.2020 sec
Iteration 143
Elapsed time for kappa 38.1314 sec
Elapsed time for experts 13.8299 sec
Elapsed time for households 10.2870 sec
Iteration 144
Elapsed time for kappa 46.8874 sec
Elapsed time for experts 15.0267 sec
Elapsed time for households 13.4575 sec
Iteration 145
Elapsed time for kappa 39.8123 sec
Elapsed time for experts 14.5386 sec
Elapsed time for households 12.8923 sec
Iteration 146
Elapsed time for kappa 39.3405 sec
Elapsed time for experts 14.2788 sec
Elapsed time for households 12.8783 sec
Iteration 147
Elapsed time for kappa 39.1482 sec
Elapsed time for experts 14.1282 sec
Elapsed time for households 12.9627 sec
Iteration 148
Elapsed time for kappa 38.5047 sec
Elapsed time for experts 14.0060 sec
Elapsed time for households 12.6166 sec
Iteration 149
Elapsed time for kappa 38.2871 sec
Elapsed time for experts 20.1238 sec
Elapsed time for households 13.8582 sec
Iteration 150
Elapsed time for kappa 39.9577 sec
Elapsed time for experts 14.5200 sec
Elapsed time for households 13.1869 sec
Iteration 151
Elapsed time for kappa 39.2246 sec
Elapsed time for experts 14.5598 sec
Elapsed time for households 12.8556 sec
Iteration 152
Elapsed time for kappa 39.3682 sec
Elapsed time for experts 14.2134 sec
Elapsed time for households 12.7908 sec
Iteration 153
Elapsed time for kappa 38.4584 sec
Elapsed time for experts 14.4220 sec
Elapsed time for households 12.6263 sec
Iteration 154
Elapsed time for kappa 38.2423 sec
Elapsed time for experts 13.9263 sec
Elapsed time for households 12.6249 sec
Iteration 155
Elapsed time for kappa 47.8477 sec
Elapsed time for experts 15.3604 sec
Elapsed time for households 13.4522 sec
Iteration 156
Elapsed time for kappa 40.1836 sec
Elapsed time for experts 14.8635 sec
Elapsed time for households 13.1921 sec
Iteration 157
Elapsed time for kappa 39.6167 sec
Elapsed time for experts 14.2684 sec
Elapsed time for households 13.0701 sec
Iteration 158
Elapsed time for kappa 39.1685 sec
Elapsed time for experts 14.1468 sec
Elapsed time for households 12.8281 sec
Iteration 159
Elapsed time for kappa 38.4272 sec
Elapsed time for experts 14.3088 sec
Elapsed time for households 12.7607 sec
Iteration 160
Elapsed time for kappa 38.3329 sec
Elapsed time for experts 13.9376 sec
Elapsed time for households 12.4427 sec
Iteration 161
Elapsed time for kappa 48.1778 sec
Elapsed time for experts 15.1945 sec
Elapsed time for households 11.7218 sec
Iteration 162
Elapsed time for kappa 39.8125 sec
Elapsed time for experts 14.5114 sec
Elapsed time for households 10.9766 sec
Iteration 163
Elapsed time for kappa 39.5203 sec
Elapsed time for experts 14.0790 sec
Elapsed time for households 13.1331 sec
Iteration 164
Elapsed time for kappa 38.8357 sec
Elapsed time for experts 11.8694 sec
Elapsed time for households 12.7355 sec
Iteration 165
Elapsed time for kappa 38.5120 sec
Elapsed time for experts 14.1076 sec
Elapsed time for households 12.6404 sec
Iteration 166
Elapsed time for kappa 38.2713 sec
Elapsed time for experts 13.7233 sec
Elapsed time for households 19.7862 sec
Iteration 167
Elapsed time for kappa 40.2918 sec
Elapsed time for experts 14.6518 sec
Elapsed time for households 13.3486 sec
Iteration 168
Elapsed time for kappa 39.7850 sec
Elapsed time for experts 14.3845 sec
Elapsed time for households 12.9641 sec
Iteration 169
Elapsed time for kappa 39.4238 sec
Elapsed time for experts 14.4041 sec
Elapsed time for households 13.0240 sec
Iteration 170
Elapsed time for kappa 38.7851 sec
Elapsed time for experts 14.2392 sec
Elapsed time for households 12.8354 sec
Iteration 171
Elapsed time for kappa 38.3809 sec
Elapsed time for experts 13.9755 sec
Elapsed time for households 12.7651 sec
Iteration 172
Elapsed time for kappa 37.5764 sec
Elapsed time for experts 13.8427 sec
Elapsed time for households 20.6771 sec
Iteration 173
Elapsed time for kappa 40.5556 sec
Elapsed time for experts 14.6426 sec
Elapsed time for households 13.4684 sec
Iteration 174
Elapsed time for kappa 39.5034 sec
Elapsed time for experts 14.5302 sec
Elapsed time for households 12.9688 sec
Iteration 175
Elapsed time for kappa 40.0126 sec
Elapsed time for experts 14.2804 sec
Elapsed time for households 12.5765 sec
Iteration 176
Elapsed time for kappa 37.4828 sec
Elapsed time for experts 14.3024 sec
Elapsed time for households 10.6330 sec
Iteration 177
Elapsed time for kappa 38.1366 sec
Elapsed time for experts 13.9951 sec
Elapsed time for households 12.9364 sec
Iteration 178
Elapsed time for kappa 38.5320 sec
Elapsed time for experts 13.7511 sec
Elapsed time for households 19.8198 sec
Iteration 179
Elapsed time for kappa 40.3809 sec
Elapsed time for experts 14.9429 sec
Elapsed time for households 13.5846 sec
Iteration 180
Elapsed time for kappa 39.4305 sec
Elapsed time for experts 14.3989 sec
Elapsed time for households 13.0331 sec
Iteration 181
Elapsed time for kappa 39.3406 sec
Elapsed time for experts 14.2992 sec
Elapsed time for households 13.2583 sec
Iteration 182
Elapsed time for kappa 39.3475 sec
Elapsed time for experts 13.9868 sec
Elapsed time for households 12.7487 sec
Iteration 183
Elapsed time for kappa 38.8213 sec
Elapsed time for experts 13.9544 sec
Elapsed time for households 10.4836 sec
Iteration 184
Elapsed time for kappa 37.5317 sec
Elapsed time for experts 22.1692 sec
Elapsed time for households 13.7156 sec
Iteration 185
Elapsed time for kappa 38.6288 sec
Elapsed time for experts 14.8105 sec
Elapsed time for households 13.4496 sec
Iteration 186
Elapsed time for kappa 39.2331 sec
Elapsed time for experts 14.3476 sec
Elapsed time for households 12.5340 sec
Iteration 187
Elapsed time for kappa 39.5503 sec
Elapsed time for experts 14.2887 sec
Elapsed time for households 13.0661 sec
Iteration 188
Elapsed time for kappa 39.2653 sec
Elapsed time for experts 14.3095 sec
Elapsed time for households 12.8358 sec
Iteration 189
Elapsed time for kappa 38.7327 sec
Elapsed time for experts 13.9455 sec
Elapsed time for households 12.7583 sec
Iteration 190
Elapsed time for kappa 38.0404 sec
Elapsed time for experts 22.1955 sec
Elapsed time for households 13.8150 sec
Iteration 191
Elapsed time for kappa 40.2791 sec
Elapsed time for experts 14.8631 sec
Elapsed time for households 13.5103 sec
Iteration 192
Elapsed time for kappa 39.7034 sec
Elapsed time for experts 12.1522 sec
Elapsed time for households 13.0711 sec
Iteration 193
Elapsed time for kappa 39.8709 sec
Elapsed time for experts 14.5442 sec
Elapsed time for households 13.2374 sec
Iteration 194
Elapsed time for kappa 38.4687 sec
Elapsed time for experts 14.2202 sec
Elapsed time for households 12.4343 sec
Iteration 195
Elapsed time for kappa 38.6236 sec
Elapsed time for experts 14.0867 sec
Elapsed time for households 12.6870 sec
Iteration 196
Elapsed time for kappa 37.8292 sec
Elapsed time for experts 21.0699 sec
Elapsed time for households 13.6225 sec
Iteration 197
Elapsed time for kappa 40.3358 sec
Elapsed time for experts 14.6815 sec
Elapsed time for households 11.0852 sec
Iteration 198
Elapsed time for kappa 39.3389 sec
Elapsed time for experts 14.5842 sec
Elapsed time for households 12.9054 sec
Iteration 199
Elapsed time for kappa 39.6901 sec
Elapsed time for experts 14.4560 sec
Elapsed time for households 13.3248 sec
Elapsed time for training 13394.4720 sec
90000 90000 90000 90000
