/tmp/slurmd/job22880355/slurm_script: line 19: deactivate: No such file or directory
Iteration 0
Elapsed time for kappa 74.7849 sec
Elapsed time for experts 19.8771 sec
Elapsed time for households 15.8475 sec
Iteration 1
Elapsed time for kappa 37.4431 sec
Elapsed time for experts 14.2114 sec
Elapsed time for households 15.6178 sec
Iteration 2
Elapsed time for kappa 38.0343 sec
Elapsed time for experts 13.3823 sec
Elapsed time for households 12.7542 sec
Iteration 3
Elapsed time for kappa 37.7480 sec
Elapsed time for experts 13.5758 sec
Elapsed time for households 12.7067 sec
Iteration 4
Elapsed time for kappa 37.8390 sec
Elapsed time for experts 13.6568 sec
Elapsed time for households 12.5280 sec
Iteration 5
Elapsed time for kappa 37.9636 sec
Elapsed time for experts 13.7345 sec
Elapsed time for households 12.4669 sec
Iteration 6
Elapsed time for kappa 37.7424 sec
Elapsed time for experts 13.8239 sec
Elapsed time for households 12.5891 sec
Iteration 7
Elapsed time for kappa 37.6429 sec
Elapsed time for experts 20.6431 sec
Elapsed time for households 12.9658 sec
Iteration 8
Elapsed time for kappa 38.2713 sec
Elapsed time for experts 13.7772 sec
Elapsed time for households 12.6007 sec
Iteration 9
Elapsed time for kappa 37.7567 sec
Elapsed time for experts 13.8274 sec
Elapsed time for households 12.4606 sec
Iteration 10
Elapsed time for kappa 37.5797 sec
Elapsed time for experts 13.1688 sec
Elapsed time for households 12.4944 sec
Iteration 11
Elapsed time for kappa 37.6288 sec
Elapsed time for experts 13.6568 sec
Elapsed time for households 12.3901 sec
Iteration 12
Elapsed time for kappa 37.2975 sec
Elapsed time for experts 13.6347 sec
Elapsed time for households 12.4270 sec
Iteration 13
Elapsed time for kappa 45.3714 sec
Elapsed time for experts 14.6193 sec
Elapsed time for households 12.7993 sec
Iteration 14
Elapsed time for kappa 38.3726 sec
Elapsed time for experts 13.3617 sec
Elapsed time for households 12.5028 sec
Iteration 15
Elapsed time for kappa 38.1761 sec
Elapsed time for experts 13.8499 sec
Elapsed time for households 12.5010 sec
Iteration 16
Elapsed time for kappa 38.1234 sec
Elapsed time for experts 13.7242 sec
Elapsed time for households 12.3782 sec
Iteration 17
Elapsed time for kappa 37.7767 sec
Elapsed time for experts 13.6460 sec
Elapsed time for households 12.4729 sec
Iteration 18
Elapsed time for kappa 36.2273 sec
Elapsed time for experts 13.2533 sec
Elapsed time for households 18.3538 sec
Iteration 19
Elapsed time for kappa 39.3306 sec
Elapsed time for experts 14.0668 sec
Elapsed time for households 12.6557 sec
Iteration 20
Elapsed time for kappa 38.7680 sec
Elapsed time for experts 14.0172 sec
Elapsed time for households 12.4503 sec
Iteration 21
Elapsed time for kappa 38.3949 sec
Elapsed time for experts 13.7995 sec
Elapsed time for households 12.5130 sec
Iteration 22
Elapsed time for kappa 38.0000 sec
Elapsed time for experts 13.7244 sec
Elapsed time for households 12.3391 sec
Iteration 23
Elapsed time for kappa 37.6456 sec
Elapsed time for experts 13.8431 sec
Elapsed time for households 12.4502 sec
Iteration 24
Elapsed time for kappa 37.6964 sec
Elapsed time for experts 20.6279 sec
Elapsed time for households 13.2218 sec
Iteration 25
Elapsed time for kappa 39.2575 sec
Elapsed time for experts 13.5419 sec
Elapsed time for households 12.6310 sec
Iteration 26
Elapsed time for kappa 38.3531 sec
Elapsed time for experts 13.9658 sec
Elapsed time for households 12.5274 sec
Iteration 27
Elapsed time for kappa 38.5599 sec
Elapsed time for experts 13.7811 sec
Elapsed time for households 12.5129 sec
Iteration 28
Elapsed time for kappa 38.2752 sec
Elapsed time for experts 13.8004 sec
Elapsed time for households 12.4174 sec
Iteration 29
Elapsed time for kappa 38.3353 sec
Elapsed time for experts 13.7226 sec
Elapsed time for households 12.5065 sec
Iteration 30
Elapsed time for kappa 46.4354 sec
Elapsed time for experts 14.6901 sec
Elapsed time for households 13.0698 sec
Iteration 31
Elapsed time for kappa 38.8064 sec
Elapsed time for experts 14.0294 sec
Elapsed time for households 12.6956 sec
Iteration 32
Elapsed time for kappa 38.6169 sec
Elapsed time for experts 13.8198 sec
Elapsed time for households 12.5716 sec
Iteration 33
Elapsed time for kappa 38.3310 sec
Elapsed time for experts 13.6662 sec
Elapsed time for households 12.6009 sec
Iteration 34
Elapsed time for kappa 38.4041 sec
Elapsed time for experts 13.6350 sec
Elapsed time for households 12.5884 sec
Iteration 35
Elapsed time for kappa 37.7241 sec
Elapsed time for experts 13.2487 sec
Elapsed time for households 12.5602 sec
Iteration 36
Elapsed time for kappa 45.5531 sec
Elapsed time for experts 14.0273 sec
Elapsed time for households 12.7215 sec
Iteration 37
Elapsed time for kappa 39.2078 sec
Elapsed time for experts 13.8439 sec
Elapsed time for households 12.6955 sec
Iteration 38
Elapsed time for kappa 38.6028 sec
Elapsed time for experts 13.8261 sec
Elapsed time for households 12.5267 sec
Iteration 39
Elapsed time for kappa 38.3099 sec
Elapsed time for experts 13.8256 sec
Elapsed time for households 12.6156 sec
Iteration 40
Elapsed time for kappa 37.9405 sec
Elapsed time for experts 13.6386 sec
Elapsed time for households 12.4253 sec
Iteration 41
Elapsed time for kappa 37.9590 sec
Elapsed time for experts 20.0180 sec
Elapsed time for households 13.2897 sec
Iteration 42
Elapsed time for kappa 39.5298 sec
Elapsed time for experts 14.1517 sec
Elapsed time for households 12.4076 sec
Iteration 43
Elapsed time for kappa 38.9745 sec
Elapsed time for experts 13.8573 sec
Elapsed time for households 12.6540 sec
Iteration 44
Elapsed time for kappa 38.3486 sec
Elapsed time for experts 13.3302 sec
Elapsed time for households 12.5768 sec
Iteration 45
Elapsed time for kappa 38.2473 sec
Elapsed time for experts 13.8557 sec
Elapsed time for households 12.1272 sec
Iteration 46
Elapsed time for kappa 37.8965 sec
Elapsed time for experts 13.5149 sec
Elapsed time for households 12.3252 sec
Iteration 47
Elapsed time for kappa 44.2641 sec
Elapsed time for experts 14.7670 sec
Elapsed time for households 12.9554 sec
Iteration 48
Elapsed time for kappa 39.5176 sec
Elapsed time for experts 13.9680 sec
Elapsed time for households 12.8814 sec
Iteration 49
Elapsed time for kappa 37.0641 sec
Elapsed time for experts 13.9679 sec
Elapsed time for households 12.5992 sec
Iteration 50
Elapsed time for kappa 38.5352 sec
Elapsed time for experts 13.8161 sec
Elapsed time for households 12.1224 sec
Iteration 51
Elapsed time for kappa 38.2003 sec
Elapsed time for experts 13.6195 sec
Elapsed time for households 12.5305 sec
Iteration 52
Elapsed time for kappa 37.6702 sec
Elapsed time for experts 13.7681 sec
Elapsed time for households 19.1452 sec
Iteration 53
Elapsed time for kappa 39.5562 sec
Elapsed time for experts 14.1632 sec
Elapsed time for households 12.9223 sec
Iteration 54
Elapsed time for kappa 38.7652 sec
Elapsed time for experts 13.9952 sec
Elapsed time for households 12.8011 sec
Iteration 55
Elapsed time for kappa 38.2327 sec
Elapsed time for experts 13.7615 sec
Elapsed time for households 12.7688 sec
Iteration 56
Elapsed time for kappa 38.0191 sec
Elapsed time for experts 13.7751 sec
Elapsed time for households 12.5600 sec
Iteration 57
Elapsed time for kappa 37.8095 sec
Elapsed time for experts 13.5788 sec
Elapsed time for households 12.5312 sec
Iteration 58
Elapsed time for kappa 37.6081 sec
Elapsed time for experts 21.1976 sec
Elapsed time for households 13.5501 sec
Iteration 59
Elapsed time for kappa 38.8360 sec
Elapsed time for experts 14.0921 sec
Elapsed time for households 12.9440 sec
Iteration 60
Elapsed time for kappa 37.6552 sec
Elapsed time for experts 14.0409 sec
Elapsed time for households 12.6761 sec
Iteration 61
Elapsed time for kappa 38.4055 sec
Elapsed time for experts 14.0910 sec
Elapsed time for households 12.5597 sec
Iteration 62
Elapsed time for kappa 38.5668 sec
Elapsed time for experts 13.7083 sec
Elapsed time for households 12.6283 sec
Iteration 63
Elapsed time for kappa 37.6306 sec
Elapsed time for experts 13.6556 sec
Elapsed time for households 12.4562 sec
Iteration 64
Elapsed time for kappa 46.3578 sec
Elapsed time for experts 14.9230 sec
Elapsed time for households 13.1271 sec
Iteration 65
Elapsed time for kappa 39.3705 sec
Elapsed time for experts 14.1585 sec
Elapsed time for households 12.4543 sec
Iteration 66
Elapsed time for kappa 38.2124 sec
Elapsed time for experts 13.4729 sec
Elapsed time for households 12.6010 sec
Iteration 67
Elapsed time for kappa 38.3964 sec
Elapsed time for experts 13.7239 sec
Elapsed time for households 12.6699 sec
Iteration 68
Elapsed time for kappa 38.0425 sec
Elapsed time for experts 13.7914 sec
Elapsed time for households 12.4926 sec
Iteration 69
Elapsed time for kappa 37.9290 sec
Elapsed time for experts 13.6990 sec
Elapsed time for households 12.4683 sec
Iteration 70
Elapsed time for kappa 46.6532 sec
Elapsed time for experts 14.6020 sec
Elapsed time for households 12.7287 sec
Iteration 71
Elapsed time for kappa 39.4900 sec
Elapsed time for experts 14.0579 sec
Elapsed time for households 12.6211 sec
Iteration 72
Elapsed time for kappa 38.5126 sec
Elapsed time for experts 13.9995 sec
Elapsed time for households 12.7359 sec
Iteration 73
Elapsed time for kappa 38.8765 sec
Elapsed time for experts 13.7678 sec
Elapsed time for households 12.6196 sec
Iteration 74
Elapsed time for kappa 38.3987 sec
Elapsed time for experts 13.7297 sec
Elapsed time for households 12.7003 sec
Iteration 75
Elapsed time for kappa 37.8488 sec
Elapsed time for experts 20.4270 sec
Elapsed time for households 13.5842 sec
Iteration 76
Elapsed time for kappa 38.0339 sec
Elapsed time for experts 14.3251 sec
Elapsed time for households 12.9999 sec
Iteration 77
Elapsed time for kappa 39.0362 sec
Elapsed time for experts 14.1649 sec
Elapsed time for households 12.8311 sec
Iteration 78
Elapsed time for kappa 38.6039 sec
Elapsed time for experts 14.1442 sec
Elapsed time for households 12.6658 sec
Iteration 79
Elapsed time for kappa 37.9665 sec
Elapsed time for experts 14.0545 sec
Elapsed time for households 12.5924 sec
Iteration 80
Elapsed time for kappa 37.5526 sec
Elapsed time for experts 13.2744 sec
Elapsed time for households 12.0511 sec
Iteration 81
Elapsed time for kappa 46.8077 sec
Elapsed time for experts 14.9226 sec
Elapsed time for households 13.2512 sec
Iteration 82
Elapsed time for kappa 39.0940 sec
Elapsed time for experts 14.2280 sec
Elapsed time for households 12.8408 sec
Iteration 83
Elapsed time for kappa 38.7348 sec
Elapsed time for experts 13.9806 sec
Elapsed time for households 12.3709 sec
Iteration 84
Elapsed time for kappa 38.4457 sec
Elapsed time for experts 13.8270 sec
Elapsed time for households 12.6816 sec
Iteration 85
Elapsed time for kappa 38.1607 sec
Elapsed time for experts 13.9079 sec
Elapsed time for households 12.5700 sec
Iteration 86
Elapsed time for kappa 37.6274 sec
Elapsed time for experts 13.6752 sec
Elapsed time for households 12.5607 sec
Iteration 87
Elapsed time for kappa 46.0984 sec
Elapsed time for experts 14.6347 sec
Elapsed time for households 12.9673 sec
Iteration 88
Elapsed time for kappa 39.1986 sec
Elapsed time for experts 13.5274 sec
Elapsed time for households 13.0294 sec
Iteration 89
Elapsed time for kappa 37.3428 sec
Elapsed time for experts 13.9613 sec
Elapsed time for households 12.8602 sec
Iteration 90
Elapsed time for kappa 38.1751 sec
Elapsed time for experts 13.8593 sec
Elapsed time for households 12.5916 sec
Iteration 91
Elapsed time for kappa 38.1763 sec
Elapsed time for experts 13.7333 sec
Elapsed time for households 12.7016 sec
Iteration 92
Elapsed time for kappa 38.0591 sec
Elapsed time for experts 20.9273 sec
Elapsed time for households 13.9807 sec
Iteration 93
Elapsed time for kappa 39.6992 sec
Elapsed time for experts 14.3306 sec
Elapsed time for households 12.8776 sec
Iteration 94
Elapsed time for kappa 38.5637 sec
Elapsed time for experts 14.2586 sec
Elapsed time for households 12.8486 sec
Iteration 95
Elapsed time for kappa 38.8423 sec
Elapsed time for experts 14.0608 sec
Elapsed time for households 12.7607 sec
Iteration 96
Elapsed time for kappa 36.6358 sec
Elapsed time for experts 13.8891 sec
Elapsed time for households 12.5082 sec
Iteration 97
Elapsed time for kappa 38.1782 sec
Elapsed time for experts 13.7659 sec
Elapsed time for households 12.4696 sec
Iteration 98
Elapsed time for kappa 46.9539 sec
Elapsed time for experts 14.8751 sec
Elapsed time for households 13.3807 sec
Iteration 99
Elapsed time for kappa 39.3848 sec
Elapsed time for experts 14.2723 sec
Elapsed time for households 13.0375 sec
Iteration 100
Elapsed time for kappa 39.0688 sec
Elapsed time for experts 14.3043 sec
Elapsed time for households 12.8802 sec
Iteration 101
Elapsed time for kappa 38.4849 sec
Elapsed time for experts 14.1247 sec
Elapsed time for households 12.5425 sec
Iteration 102
Elapsed time for kappa 38.4276 sec
Elapsed time for experts 13.7284 sec
Elapsed time for households 12.6022 sec
Iteration 103
Elapsed time for kappa 38.0053 sec
Elapsed time for experts 13.7725 sec
Elapsed time for households 12.6232 sec
Iteration 104
Elapsed time for kappa 47.1111 sec
Elapsed time for experts 15.0382 sec
Elapsed time for households 13.1899 sec
Iteration 105
Elapsed time for kappa 39.0911 sec
Elapsed time for experts 14.1563 sec
Elapsed time for households 13.0498 sec
Iteration 106
Elapsed time for kappa 38.7354 sec
Elapsed time for experts 14.0877 sec
Elapsed time for households 12.9196 sec
Iteration 107
Elapsed time for kappa 38.6277 sec
Elapsed time for experts 14.1585 sec
Elapsed time for households 12.7416 sec
Iteration 108
Elapsed time for kappa 37.8778 sec
Elapsed time for experts 13.9135 sec
Elapsed time for households 12.5898 sec
Iteration 109
Elapsed time for kappa 37.9204 sec
Elapsed time for experts 13.2510 sec
Elapsed time for households 12.5134 sec
Iteration 110
Elapsed time for kappa 46.2726 sec
Elapsed time for experts 14.6543 sec
Elapsed time for households 12.5723 sec
Iteration 111
Elapsed time for kappa 38.0342 sec
Elapsed time for experts 14.2453 sec
Elapsed time for households 12.9318 sec
Iteration 112
Elapsed time for kappa 39.1145 sec
Elapsed time for experts 14.1688 sec
Elapsed time for households 12.9248 sec
Iteration 113
Elapsed time for kappa 38.2247 sec
Elapsed time for experts 14.0471 sec
Elapsed time for households 12.5724 sec
Iteration 114
Elapsed time for kappa 38.0020 sec
Elapsed time for experts 13.8968 sec
Elapsed time for households 12.6363 sec
Iteration 115
Elapsed time for kappa 37.6860 sec
Elapsed time for experts 20.8450 sec
Elapsed time for households 13.4955 sec
Iteration 116
Elapsed time for kappa 39.7354 sec
Elapsed time for experts 14.2545 sec
Elapsed time for households 12.5456 sec
Iteration 117
Elapsed time for kappa 39.5351 sec
Elapsed time for experts 14.1255 sec
Elapsed time for households 13.2045 sec
Iteration 118
Elapsed time for kappa 39.0464 sec
Elapsed time for experts 13.9767 sec
Elapsed time for households 12.7807 sec
Iteration 119
Elapsed time for kappa 38.5731 sec
Elapsed time for experts 13.8159 sec
Elapsed time for households 12.5372 sec
Iteration 120
Elapsed time for kappa 36.5891 sec
Elapsed time for experts 13.9592 sec
Elapsed time for households 12.5374 sec
Iteration 121
Elapsed time for kappa 47.6732 sec
Elapsed time for experts 15.3791 sec
Elapsed time for households 13.3119 sec
Iteration 122
Elapsed time for kappa 39.3237 sec
Elapsed time for experts 14.3651 sec
Elapsed time for households 12.8562 sec
Iteration 123
Elapsed time for kappa 38.8689 sec
Elapsed time for experts 14.0295 sec
Elapsed time for households 12.7829 sec
Iteration 124
Elapsed time for kappa 38.8439 sec
Elapsed time for experts 13.5474 sec
Elapsed time for households 12.7955 sec
Iteration 125
Elapsed time for kappa 37.9742 sec
Elapsed time for experts 13.8917 sec
Elapsed time for households 12.6113 sec
Iteration 126
Elapsed time for kappa 37.9602 sec
Elapsed time for experts 13.9945 sec
Elapsed time for households 12.0841 sec
Iteration 127
Elapsed time for kappa 46.7206 sec
Elapsed time for experts 14.4044 sec
Elapsed time for households 13.2963 sec
Iteration 128
Elapsed time for kappa 37.9843 sec
Elapsed time for experts 13.8354 sec
Elapsed time for households 12.9297 sec
Iteration 129
Elapsed time for kappa 39.1413 sec
Elapsed time for experts 14.0890 sec
Elapsed time for households 12.7614 sec
Iteration 130
Elapsed time for kappa 38.9631 sec
Elapsed time for experts 14.0275 sec
Elapsed time for households 12.7608 sec
Iteration 131
Elapsed time for kappa 38.2599 sec
Elapsed time for experts 13.4639 sec
Elapsed time for households 12.5907 sec
Iteration 132
Elapsed time for kappa 37.6754 sec
Elapsed time for experts 20.9279 sec
Elapsed time for households 13.5421 sec
Iteration 133
Elapsed time for kappa 40.2776 sec
Elapsed time for experts 14.3883 sec
Elapsed time for households 13.0235 sec
Iteration 134
Elapsed time for kappa 39.4129 sec
Elapsed time for experts 14.1038 sec
Elapsed time for households 13.1810 sec
Iteration 135
Elapsed time for kappa 38.5354 sec
Elapsed time for experts 14.0297 sec
Elapsed time for households 12.4026 sec
Iteration 136
Elapsed time for kappa 38.6109 sec
Elapsed time for experts 13.9854 sec
Elapsed time for households 12.6599 sec
Iteration 137
Elapsed time for kappa 38.0606 sec
Elapsed time for experts 13.7528 sec
Elapsed time for households 12.6217 sec
Iteration 138
Elapsed time for kappa 47.0641 sec
Elapsed time for experts 15.2491 sec
Elapsed time for households 13.3910 sec
Iteration 139
Elapsed time for kappa 39.1628 sec
Elapsed time for experts 14.3721 sec
Elapsed time for households 13.2032 sec
Iteration 140
Elapsed time for kappa 39.1005 sec
Elapsed time for experts 14.2577 sec
Elapsed time for households 12.9577 sec
Iteration 141
Elapsed time for kappa 38.6606 sec
Elapsed time for experts 13.5624 sec
Elapsed time for households 12.7913 sec
Iteration 142
Elapsed time for kappa 38.1239 sec
Elapsed time for experts 13.9679 sec
Elapsed time for households 12.6387 sec
Iteration 143
Elapsed time for kappa 37.6576 sec
Elapsed time for experts 13.8113 sec
Elapsed time for households 12.6034 sec
Iteration 144
Elapsed time for kappa 47.3080 sec
Elapsed time for experts 14.8786 sec
Elapsed time for households 13.3174 sec
Iteration 145
Elapsed time for kappa 39.8702 sec
Elapsed time for experts 14.2937 sec
Elapsed time for households 12.9211 sec
Iteration 146
Elapsed time for kappa 39.0808 sec
Elapsed time for experts 14.2366 sec
Elapsed time for households 12.9437 sec
Iteration 147
Elapsed time for kappa 38.5385 sec
Elapsed time for experts 14.0803 sec
Elapsed time for households 12.8162 sec
Iteration 148
Elapsed time for kappa 38.1740 sec
Elapsed time for experts 13.9984 sec
Elapsed time for households 12.6245 sec
Iteration 149
Elapsed time for kappa 38.1453 sec
Elapsed time for experts 20.0475 sec
Elapsed time for households 13.7225 sec
Iteration 150
Elapsed time for kappa 40.3112 sec
Elapsed time for experts 14.4685 sec
Elapsed time for households 13.2075 sec
Iteration 151
Elapsed time for kappa 39.2282 sec
Elapsed time for experts 14.1567 sec
Elapsed time for households 12.9879 sec
Iteration 152
Elapsed time for kappa 38.6970 sec
Elapsed time for experts 14.1623 sec
Elapsed time for households 12.7103 sec
Iteration 153
Elapsed time for kappa 38.5665 sec
Elapsed time for experts 13.8795 sec
Elapsed time for households 12.6436 sec
Iteration 154
Elapsed time for kappa 38.4549 sec
Elapsed time for experts 13.7189 sec
Elapsed time for households 12.5169 sec
Iteration 155
Elapsed time for kappa 47.4355 sec
Elapsed time for experts 15.2859 sec
Elapsed time for households 13.5626 sec
Iteration 156
Elapsed time for kappa 39.5143 sec
Elapsed time for experts 14.3467 sec
Elapsed time for households 12.5481 sec
Iteration 157
Elapsed time for kappa 37.9335 sec
Elapsed time for experts 14.0942 sec
Elapsed time for households 12.9052 sec
Iteration 158
Elapsed time for kappa 39.1603 sec
Elapsed time for experts 13.9866 sec
Elapsed time for households 12.3653 sec
Iteration 159
Elapsed time for kappa 38.4440 sec
Elapsed time for experts 13.4932 sec
Elapsed time for households 12.7099 sec
Iteration 160
Elapsed time for kappa 37.7790 sec
Elapsed time for experts 13.8684 sec
Elapsed time for households 12.7200 sec
Iteration 161
Elapsed time for kappa 47.7030 sec
Elapsed time for experts 14.9604 sec
Elapsed time for households 13.0503 sec
Iteration 162
Elapsed time for kappa 39.5519 sec
Elapsed time for experts 14.4291 sec
Elapsed time for households 12.6066 sec
Iteration 163
Elapsed time for kappa 39.5096 sec
Elapsed time for experts 14.2373 sec
Elapsed time for households 12.9693 sec
Iteration 164
Elapsed time for kappa 38.6474 sec
Elapsed time for experts 14.1583 sec
Elapsed time for households 12.9868 sec
Iteration 165
Elapsed time for kappa 38.3339 sec
Elapsed time for experts 13.7867 sec
Elapsed time for households 12.1620 sec
Iteration 166
Elapsed time for kappa 38.0644 sec
Elapsed time for experts 13.8662 sec
Elapsed time for households 19.6598 sec
Iteration 167
Elapsed time for kappa 38.5032 sec
Elapsed time for experts 14.4741 sec
Elapsed time for households 13.2730 sec
Iteration 168
Elapsed time for kappa 39.5181 sec
Elapsed time for experts 14.3807 sec
Elapsed time for households 13.0148 sec
Iteration 169
Elapsed time for kappa 39.8315 sec
Elapsed time for experts 14.1798 sec
Elapsed time for households 12.6558 sec
Iteration 170
Elapsed time for kappa 38.3225 sec
Elapsed time for experts 13.9280 sec
Elapsed time for households 12.7674 sec
Iteration 171
Elapsed time for kappa 38.1515 sec
Elapsed time for experts 13.7692 sec
Elapsed time for households 12.4878 sec
Iteration 172
Elapsed time for kappa 37.2546 sec
Elapsed time for experts 13.6605 sec
Elapsed time for households 20.3320 sec
Iteration 173
Elapsed time for kappa 40.6090 sec
Elapsed time for experts 14.6591 sec
Elapsed time for households 13.2313 sec
Iteration 174
Elapsed time for kappa 39.5981 sec
Elapsed time for experts 13.8997 sec
Elapsed time for households 12.9638 sec
Iteration 175
Elapsed time for kappa 38.0937 sec
Elapsed time for experts 14.1915 sec
Elapsed time for households 13.0004 sec
Iteration 176
Elapsed time for kappa 38.6631 sec
Elapsed time for experts 13.9718 sec
Elapsed time for households 12.6966 sec
Iteration 177
Elapsed time for kappa 38.4343 sec
Elapsed time for experts 13.8604 sec
Elapsed time for households 12.6215 sec
Iteration 178
Elapsed time for kappa 37.8178 sec
Elapsed time for experts 13.7523 sec
Elapsed time for households 20.2198 sec
Iteration 179
Elapsed time for kappa 39.8030 sec
Elapsed time for experts 14.5154 sec
Elapsed time for households 13.4175 sec
Iteration 180
Elapsed time for kappa 39.3011 sec
Elapsed time for experts 14.2962 sec
Elapsed time for households 13.0085 sec
Iteration 181
Elapsed time for kappa 39.2283 sec
Elapsed time for experts 14.1640 sec
Elapsed time for households 12.9985 sec
Iteration 182
Elapsed time for kappa 38.6255 sec
Elapsed time for experts 14.0172 sec
Elapsed time for households 12.8003 sec
Iteration 183
Elapsed time for kappa 37.2959 sec
Elapsed time for experts 13.9043 sec
Elapsed time for households 12.5832 sec
Iteration 184
Elapsed time for kappa 38.0535 sec
Elapsed time for experts 21.6968 sec
Elapsed time for households 13.6494 sec
Iteration 185
Elapsed time for kappa 40.2833 sec
Elapsed time for experts 14.6498 sec
Elapsed time for households 13.2466 sec
Iteration 186
Elapsed time for kappa 40.1149 sec
Elapsed time for experts 14.1911 sec
Elapsed time for households 13.3090 sec
Iteration 187
Elapsed time for kappa 39.5373 sec
Elapsed time for experts 14.2322 sec
Elapsed time for households 12.9718 sec
Iteration 188
Elapsed time for kappa 38.7698 sec
Elapsed time for experts 14.0114 sec
Elapsed time for households 12.8058 sec
Iteration 189
Elapsed time for kappa 37.9787 sec
Elapsed time for experts 13.9184 sec
Elapsed time for households 12.7325 sec
Iteration 190
Elapsed time for kappa 37.8667 sec
Elapsed time for experts 21.8567 sec
Elapsed time for households 13.0981 sec
Iteration 191
Elapsed time for kappa 40.4402 sec
Elapsed time for experts 14.2675 sec
Elapsed time for households 13.1820 sec
Iteration 192
Elapsed time for kappa 39.6284 sec
Elapsed time for experts 14.3546 sec
Elapsed time for households 12.9290 sec
Iteration 193
Elapsed time for kappa 39.5496 sec
Elapsed time for experts 14.2042 sec
Elapsed time for households 13.1426 sec
Iteration 194
Elapsed time for kappa 39.0751 sec
Elapsed time for experts 14.1385 sec
Elapsed time for households 12.7403 sec
Iteration 195
Elapsed time for kappa 38.4689 sec
Elapsed time for experts 13.9073 sec
Elapsed time for households 12.2405 sec
Iteration 196
Elapsed time for kappa 47.4711 sec
Elapsed time for experts 14.8818 sec
Elapsed time for households 13.6547 sec
Iteration 197
Elapsed time for kappa 38.6232 sec
Elapsed time for experts 14.5340 sec
Elapsed time for households 13.2420 sec
Iteration 198
Elapsed time for kappa 39.0296 sec
Elapsed time for experts 14.1428 sec
Elapsed time for households 13.1376 sec
Iteration 199
Elapsed time for kappa 38.8667 sec
Elapsed time for experts 14.1222 sec
Elapsed time for households 12.8873 sec
Elapsed time for training 13377.4222 sec
90000 90000 90000 90000
