/tmp/slurmd/job22880359/slurm_script: line 19: deactivate: No such file or directory
Iteration 0
Elapsed time for kappa 75.6766 sec
Elapsed time for experts 19.4763 sec
Elapsed time for households 15.3152 sec
Iteration 1
Elapsed time for kappa 38.1728 sec
Elapsed time for experts 15.9343 sec
Elapsed time for households 13.0909 sec
Iteration 2
Elapsed time for kappa 37.2347 sec
Elapsed time for experts 13.9541 sec
Elapsed time for households 12.3590 sec
Iteration 3
Elapsed time for kappa 37.6441 sec
Elapsed time for experts 13.5408 sec
Elapsed time for households 12.5130 sec
Iteration 4
Elapsed time for kappa 38.0176 sec
Elapsed time for experts 13.7304 sec
Elapsed time for households 11.8939 sec
Iteration 5
Elapsed time for kappa 37.8766 sec
Elapsed time for experts 13.4375 sec
Elapsed time for households 12.6310 sec
Iteration 6
Elapsed time for kappa 37.4096 sec
Elapsed time for experts 13.7963 sec
Elapsed time for households 12.5082 sec
Iteration 7
Elapsed time for kappa 44.4102 sec
Elapsed time for experts 14.5055 sec
Elapsed time for households 12.8906 sec
Iteration 8
Elapsed time for kappa 37.6935 sec
Elapsed time for experts 13.8566 sec
Elapsed time for households 12.5831 sec
Iteration 9
Elapsed time for kappa 38.0105 sec
Elapsed time for experts 13.4731 sec
Elapsed time for households 11.9442 sec
Iteration 10
Elapsed time for kappa 36.5642 sec
Elapsed time for experts 13.6529 sec
Elapsed time for households 12.4001 sec
Iteration 11
Elapsed time for kappa 37.2076 sec
Elapsed time for experts 13.7862 sec
Elapsed time for households 12.2822 sec
Iteration 12
Elapsed time for kappa 36.2863 sec
Elapsed time for experts 13.1161 sec
Elapsed time for households 12.4075 sec
Iteration 13
Elapsed time for kappa 45.2626 sec
Elapsed time for experts 14.1679 sec
Elapsed time for households 12.1567 sec
Iteration 14
Elapsed time for kappa 36.5587 sec
Elapsed time for experts 13.9294 sec
Elapsed time for households 12.4531 sec
Iteration 15
Elapsed time for kappa 37.6009 sec
Elapsed time for experts 13.9615 sec
Elapsed time for households 12.4315 sec
Iteration 16
Elapsed time for kappa 37.7690 sec
Elapsed time for experts 13.6466 sec
Elapsed time for households 12.4667 sec
Iteration 17
Elapsed time for kappa 37.6054 sec
Elapsed time for experts 13.6732 sec
Elapsed time for households 12.4704 sec
Iteration 18
Elapsed time for kappa 37.8532 sec
Elapsed time for experts 19.9950 sec
Elapsed time for households 12.7023 sec
Iteration 19
Elapsed time for kappa 37.7675 sec
Elapsed time for experts 14.0070 sec
Elapsed time for households 12.7493 sec
Iteration 20
Elapsed time for kappa 38.4380 sec
Elapsed time for experts 13.8526 sec
Elapsed time for households 12.6529 sec
Iteration 21
Elapsed time for kappa 36.3666 sec
Elapsed time for experts 13.3535 sec
Elapsed time for households 12.5817 sec
Iteration 22
Elapsed time for kappa 37.5567 sec
Elapsed time for experts 13.7608 sec
Elapsed time for households 12.3832 sec
Iteration 23
Elapsed time for kappa 36.2275 sec
Elapsed time for experts 13.5942 sec
Elapsed time for households 12.3749 sec
Iteration 24
Elapsed time for kappa 46.2466 sec
Elapsed time for experts 14.6513 sec
Elapsed time for households 12.5564 sec
Iteration 25
Elapsed time for kappa 38.9660 sec
Elapsed time for experts 13.7280 sec
Elapsed time for households 12.6725 sec
Iteration 26
Elapsed time for kappa 38.3720 sec
Elapsed time for experts 13.8356 sec
Elapsed time for households 12.5827 sec
Iteration 27
Elapsed time for kappa 37.9737 sec
Elapsed time for experts 13.7394 sec
Elapsed time for households 12.1744 sec
Iteration 28
Elapsed time for kappa 37.9239 sec
Elapsed time for experts 13.6820 sec
Elapsed time for households 12.3843 sec
Iteration 29
Elapsed time for kappa 37.5216 sec
Elapsed time for experts 13.7377 sec
Elapsed time for households 18.7925 sec
Iteration 30
Elapsed time for kappa 39.3645 sec
Elapsed time for experts 14.1880 sec
Elapsed time for households 12.7057 sec
Iteration 31
Elapsed time for kappa 38.9545 sec
Elapsed time for experts 13.8690 sec
Elapsed time for households 12.9085 sec
Iteration 32
Elapsed time for kappa 38.8089 sec
Elapsed time for experts 13.9083 sec
Elapsed time for households 12.4846 sec
Iteration 33
Elapsed time for kappa 38.1445 sec
Elapsed time for experts 13.6788 sec
Elapsed time for households 12.2169 sec
Iteration 34
Elapsed time for kappa 37.8741 sec
Elapsed time for experts 13.8029 sec
Elapsed time for households 12.4130 sec
Iteration 35
Elapsed time for kappa 38.5537 sec
Elapsed time for experts 21.0137 sec
Elapsed time for households 13.1900 sec
Iteration 36
Elapsed time for kappa 39.3790 sec
Elapsed time for experts 14.2507 sec
Elapsed time for households 12.5439 sec
Iteration 37
Elapsed time for kappa 39.0359 sec
Elapsed time for experts 14.0022 sec
Elapsed time for households 12.8392 sec
Iteration 38
Elapsed time for kappa 37.9923 sec
Elapsed time for experts 13.7768 sec
Elapsed time for households 12.9172 sec
Iteration 39
Elapsed time for kappa 36.9640 sec
Elapsed time for experts 13.8563 sec
Elapsed time for households 12.4809 sec
Iteration 40
Elapsed time for kappa 37.7124 sec
Elapsed time for experts 13.7655 sec
Elapsed time for households 12.2691 sec
Iteration 41
Elapsed time for kappa 46.1858 sec
Elapsed time for experts 14.9449 sec
Elapsed time for households 12.6914 sec
Iteration 42
Elapsed time for kappa 38.5805 sec
Elapsed time for experts 13.7945 sec
Elapsed time for households 12.6903 sec
Iteration 43
Elapsed time for kappa 38.4031 sec
Elapsed time for experts 13.9918 sec
Elapsed time for households 12.5207 sec
Iteration 44
Elapsed time for kappa 38.8105 sec
Elapsed time for experts 13.6859 sec
Elapsed time for households 12.4401 sec
Iteration 45
Elapsed time for kappa 38.2323 sec
Elapsed time for experts 13.7359 sec
Elapsed time for households 12.1484 sec
Iteration 46
Elapsed time for kappa 37.6971 sec
Elapsed time for experts 13.8560 sec
Elapsed time for households 19.1777 sec
Iteration 47
Elapsed time for kappa 39.8701 sec
Elapsed time for experts 14.0148 sec
Elapsed time for households 12.8613 sec
Iteration 48
Elapsed time for kappa 38.4393 sec
Elapsed time for experts 13.9782 sec
Elapsed time for households 12.8040 sec
Iteration 49
Elapsed time for kappa 38.1492 sec
Elapsed time for experts 13.8509 sec
Elapsed time for households 12.0409 sec
Iteration 50
Elapsed time for kappa 37.7117 sec
Elapsed time for experts 13.9156 sec
Elapsed time for households 12.3097 sec
Iteration 51
Elapsed time for kappa 38.0837 sec
Elapsed time for experts 13.7596 sec
Elapsed time for households 12.1573 sec
Iteration 52
Elapsed time for kappa 37.8675 sec
Elapsed time for experts 21.1537 sec
Elapsed time for households 13.3845 sec
Iteration 53
Elapsed time for kappa 39.3623 sec
Elapsed time for experts 14.2491 sec
Elapsed time for households 12.9033 sec
Iteration 54
Elapsed time for kappa 38.9675 sec
Elapsed time for experts 14.1234 sec
Elapsed time for households 12.7266 sec
Iteration 55
Elapsed time for kappa 38.5893 sec
Elapsed time for experts 13.8981 sec
Elapsed time for households 12.7400 sec
Iteration 56
Elapsed time for kappa 38.2603 sec
Elapsed time for experts 13.7757 sec
Elapsed time for households 12.6506 sec
Iteration 57
Elapsed time for kappa 37.4402 sec
Elapsed time for experts 13.8226 sec
Elapsed time for households 12.6645 sec
Iteration 58
Elapsed time for kappa 46.2237 sec
Elapsed time for experts 15.0633 sec
Elapsed time for households 13.0481 sec
Iteration 59
Elapsed time for kappa 39.3460 sec
Elapsed time for experts 13.9251 sec
Elapsed time for households 12.9454 sec
Iteration 60
Elapsed time for kappa 37.0601 sec
Elapsed time for experts 14.1115 sec
Elapsed time for households 12.5104 sec
Iteration 61
Elapsed time for kappa 38.0417 sec
Elapsed time for experts 13.9900 sec
Elapsed time for households 12.6549 sec
Iteration 62
Elapsed time for kappa 37.8241 sec
Elapsed time for experts 13.8937 sec
Elapsed time for households 12.5766 sec
Iteration 63
Elapsed time for kappa 37.8304 sec
Elapsed time for experts 13.7050 sec
Elapsed time for households 12.5305 sec
Iteration 64
Elapsed time for kappa 46.1773 sec
Elapsed time for experts 14.9346 sec
Elapsed time for households 12.6627 sec
Iteration 65
Elapsed time for kappa 38.9521 sec
Elapsed time for experts 13.9723 sec
Elapsed time for households 13.0480 sec
Iteration 66
Elapsed time for kappa 38.4081 sec
Elapsed time for experts 13.9372 sec
Elapsed time for households 12.7820 sec
Iteration 67
Elapsed time for kappa 38.2182 sec
Elapsed time for experts 13.8456 sec
Elapsed time for households 12.7796 sec
Iteration 68
Elapsed time for kappa 37.8344 sec
Elapsed time for experts 13.8338 sec
Elapsed time for households 12.4402 sec
Iteration 69
Elapsed time for kappa 38.2633 sec
Elapsed time for experts 13.6578 sec
Elapsed time for households 19.5161 sec
Iteration 70
Elapsed time for kappa 39.0048 sec
Elapsed time for experts 14.1524 sec
Elapsed time for households 12.7210 sec
Iteration 71
Elapsed time for kappa 37.3199 sec
Elapsed time for experts 14.3104 sec
Elapsed time for households 12.8376 sec
Iteration 72
Elapsed time for kappa 38.9522 sec
Elapsed time for experts 13.7770 sec
Elapsed time for households 12.8726 sec
Iteration 73
Elapsed time for kappa 38.1601 sec
Elapsed time for experts 13.7585 sec
Elapsed time for households 12.7439 sec
Iteration 74
Elapsed time for kappa 38.2672 sec
Elapsed time for experts 13.6425 sec
Elapsed time for households 12.3610 sec
Iteration 75
Elapsed time for kappa 37.1246 sec
Elapsed time for experts 21.5050 sec
Elapsed time for households 13.3171 sec
Iteration 76
Elapsed time for kappa 39.6879 sec
Elapsed time for experts 13.7669 sec
Elapsed time for households 13.1690 sec
Iteration 77
Elapsed time for kappa 38.7740 sec
Elapsed time for experts 14.1674 sec
Elapsed time for households 13.0087 sec
Iteration 78
Elapsed time for kappa 38.0876 sec
Elapsed time for experts 13.9883 sec
Elapsed time for households 12.5978 sec
Iteration 79
Elapsed time for kappa 38.3214 sec
Elapsed time for experts 13.8471 sec
Elapsed time for households 12.5886 sec
Iteration 80
Elapsed time for kappa 38.2912 sec
Elapsed time for experts 13.8501 sec
Elapsed time for households 12.5486 sec
Iteration 81
Elapsed time for kappa 46.8766 sec
Elapsed time for experts 15.2437 sec
Elapsed time for households 12.6759 sec
Iteration 82
Elapsed time for kappa 39.4597 sec
Elapsed time for experts 13.7315 sec
Elapsed time for households 13.0048 sec
Iteration 83
Elapsed time for kappa 38.5011 sec
Elapsed time for experts 14.1367 sec
Elapsed time for households 12.6859 sec
Iteration 84
Elapsed time for kappa 38.8995 sec
Elapsed time for experts 13.8005 sec
Elapsed time for households 12.8303 sec
Iteration 85
Elapsed time for kappa 37.7516 sec
Elapsed time for experts 13.9995 sec
Elapsed time for households 12.4350 sec
Iteration 86
Elapsed time for kappa 38.0805 sec
Elapsed time for experts 13.8282 sec
Elapsed time for households 19.4173 sec
Iteration 87
Elapsed time for kappa 39.5601 sec
Elapsed time for experts 14.2977 sec
Elapsed time for households 13.0291 sec
Iteration 88
Elapsed time for kappa 38.6511 sec
Elapsed time for experts 14.1118 sec
Elapsed time for households 12.8709 sec
Iteration 89
Elapsed time for kappa 38.2528 sec
Elapsed time for experts 14.1541 sec
Elapsed time for households 12.7392 sec
Iteration 90
Elapsed time for kappa 38.5084 sec
Elapsed time for experts 13.8473 sec
Elapsed time for households 12.7200 sec
Iteration 91
Elapsed time for kappa 38.3104 sec
Elapsed time for experts 13.2805 sec
Elapsed time for households 12.4037 sec
Iteration 92
Elapsed time for kappa 37.5968 sec
Elapsed time for experts 20.5897 sec
Elapsed time for households 13.7467 sec
Iteration 93
Elapsed time for kappa 39.2509 sec
Elapsed time for experts 13.9603 sec
Elapsed time for households 12.8884 sec
Iteration 94
Elapsed time for kappa 39.0037 sec
Elapsed time for experts 14.1297 sec
Elapsed time for households 13.0401 sec
Iteration 95
Elapsed time for kappa 38.5055 sec
Elapsed time for experts 14.0679 sec
Elapsed time for households 12.8040 sec
Iteration 96
Elapsed time for kappa 38.5878 sec
Elapsed time for experts 13.9448 sec
Elapsed time for households 12.4904 sec
Iteration 97
Elapsed time for kappa 38.3176 sec
Elapsed time for experts 13.7340 sec
Elapsed time for households 12.5250 sec
Iteration 98
Elapsed time for kappa 47.4816 sec
Elapsed time for experts 15.1349 sec
Elapsed time for households 13.4116 sec
Iteration 99
Elapsed time for kappa 39.6994 sec
Elapsed time for experts 14.5366 sec
Elapsed time for households 12.8299 sec
Iteration 100
Elapsed time for kappa 39.4766 sec
Elapsed time for experts 13.9988 sec
Elapsed time for households 12.7141 sec
Iteration 101
Elapsed time for kappa 38.8303 sec
Elapsed time for experts 13.9801 sec
Elapsed time for households 12.2419 sec
Iteration 102
Elapsed time for kappa 38.5012 sec
Elapsed time for experts 13.5021 sec
Elapsed time for households 12.5785 sec
Iteration 103
Elapsed time for kappa 37.6885 sec
Elapsed time for experts 14.1697 sec
Elapsed time for households 12.2030 sec
Iteration 104
Elapsed time for kappa 46.3633 sec
Elapsed time for experts 14.7972 sec
Elapsed time for households 12.9846 sec
Iteration 105
Elapsed time for kappa 39.4500 sec
Elapsed time for experts 14.3146 sec
Elapsed time for households 12.7253 sec
Iteration 106
Elapsed time for kappa 37.8500 sec
Elapsed time for experts 13.9364 sec
Elapsed time for households 12.9113 sec
Iteration 107
Elapsed time for kappa 38.5381 sec
Elapsed time for experts 14.0866 sec
Elapsed time for households 12.6032 sec
Iteration 108
Elapsed time for kappa 38.5053 sec
Elapsed time for experts 13.8698 sec
Elapsed time for households 12.6293 sec
Iteration 109
Elapsed time for kappa 37.9586 sec
Elapsed time for experts 19.6600 sec
Elapsed time for households 13.7067 sec
Iteration 110
Elapsed time for kappa 39.8563 sec
Elapsed time for experts 14.1935 sec
Elapsed time for households 13.0429 sec
Iteration 111
Elapsed time for kappa 39.0881 sec
Elapsed time for experts 14.2100 sec
Elapsed time for households 13.0097 sec
Iteration 112
Elapsed time for kappa 38.4281 sec
Elapsed time for experts 14.2091 sec
Elapsed time for households 13.0166 sec
Iteration 113
Elapsed time for kappa 38.4780 sec
Elapsed time for experts 13.2704 sec
Elapsed time for households 12.7426 sec
Iteration 114
Elapsed time for kappa 38.0818 sec
Elapsed time for experts 13.6573 sec
Elapsed time for households 12.0141 sec
Iteration 115
Elapsed time for kappa 46.7735 sec
Elapsed time for experts 15.1621 sec
Elapsed time for households 13.5935 sec
Iteration 116
Elapsed time for kappa 39.8951 sec
Elapsed time for experts 14.1345 sec
Elapsed time for households 12.4294 sec
Iteration 117
Elapsed time for kappa 39.0468 sec
Elapsed time for experts 14.1671 sec
Elapsed time for households 12.7026 sec
Iteration 118
Elapsed time for kappa 38.4735 sec
Elapsed time for experts 13.8583 sec
Elapsed time for households 12.8091 sec
Iteration 119
Elapsed time for kappa 38.3295 sec
Elapsed time for experts 13.6480 sec
Elapsed time for households 12.3976 sec
Iteration 120
Elapsed time for kappa 38.3469 sec
Elapsed time for experts 13.8374 sec
Elapsed time for households 12.5512 sec
Iteration 121
Elapsed time for kappa 46.8435 sec
Elapsed time for experts 14.6889 sec
Elapsed time for households 13.2915 sec
Iteration 122
Elapsed time for kappa 38.9262 sec
Elapsed time for experts 14.2508 sec
Elapsed time for households 13.0152 sec
Iteration 123
Elapsed time for kappa 39.5306 sec
Elapsed time for experts 14.0080 sec
Elapsed time for households 12.8905 sec
Iteration 124
Elapsed time for kappa 38.4343 sec
Elapsed time for experts 14.0968 sec
Elapsed time for households 12.6989 sec
Iteration 125
Elapsed time for kappa 38.6461 sec
Elapsed time for experts 13.8805 sec
Elapsed time for households 12.6118 sec
Iteration 126
Elapsed time for kappa 37.7772 sec
Elapsed time for experts 20.5155 sec
Elapsed time for households 13.8197 sec
Iteration 127
Elapsed time for kappa 39.3926 sec
Elapsed time for experts 14.3990 sec
Elapsed time for households 12.9171 sec
Iteration 128
Elapsed time for kappa 39.7115 sec
Elapsed time for experts 14.1549 sec
Elapsed time for households 13.1453 sec
Iteration 129
Elapsed time for kappa 38.5834 sec
Elapsed time for experts 13.9699 sec
Elapsed time for households 12.7292 sec
Iteration 130
Elapsed time for kappa 38.1560 sec
Elapsed time for experts 13.9451 sec
Elapsed time for households 12.6148 sec
Iteration 131
Elapsed time for kappa 38.4169 sec
Elapsed time for experts 13.6033 sec
Elapsed time for households 12.5356 sec
Iteration 132
Elapsed time for kappa 45.0528 sec
Elapsed time for experts 15.4435 sec
Elapsed time for households 13.6749 sec
Iteration 133
Elapsed time for kappa 39.4585 sec
Elapsed time for experts 14.3559 sec
Elapsed time for households 12.9200 sec
Iteration 134
Elapsed time for kappa 39.5958 sec
Elapsed time for experts 13.5198 sec
Elapsed time for households 12.8894 sec
Iteration 135
Elapsed time for kappa 38.2531 sec
Elapsed time for experts 14.1373 sec
Elapsed time for households 12.4211 sec
Iteration 136
Elapsed time for kappa 38.5448 sec
Elapsed time for experts 13.9843 sec
Elapsed time for households 12.6354 sec
Iteration 137
Elapsed time for kappa 36.8916 sec
Elapsed time for experts 13.7308 sec
Elapsed time for households 12.5777 sec
Iteration 138
Elapsed time for kappa 47.9718 sec
Elapsed time for experts 15.1584 sec
Elapsed time for households 13.6101 sec
Iteration 139
Elapsed time for kappa 39.4408 sec
Elapsed time for experts 14.4501 sec
Elapsed time for households 13.1053 sec
Iteration 140
Elapsed time for kappa 39.4464 sec
Elapsed time for experts 14.1937 sec
Elapsed time for households 13.0207 sec
Iteration 141
Elapsed time for kappa 37.4295 sec
Elapsed time for experts 13.8961 sec
Elapsed time for households 12.7062 sec
Iteration 142
Elapsed time for kappa 38.4376 sec
Elapsed time for experts 14.1098 sec
Elapsed time for households 12.7769 sec
Iteration 143
Elapsed time for kappa 38.6296 sec
Elapsed time for experts 13.6983 sec
Elapsed time for households 19.6850 sec
Iteration 144
Elapsed time for kappa 39.8198 sec
Elapsed time for experts 14.5701 sec
Elapsed time for households 13.2759 sec
Iteration 145
Elapsed time for kappa 38.9403 sec
Elapsed time for experts 14.4116 sec
Elapsed time for households 13.0343 sec
Iteration 146
Elapsed time for kappa 39.0655 sec
Elapsed time for experts 13.8894 sec
Elapsed time for households 12.8828 sec
Iteration 147
Elapsed time for kappa 38.9689 sec
Elapsed time for experts 13.9870 sec
Elapsed time for households 12.8265 sec
Iteration 148
Elapsed time for kappa 38.5472 sec
Elapsed time for experts 13.7527 sec
Elapsed time for households 12.6083 sec
Iteration 149
Elapsed time for kappa 37.8482 sec
Elapsed time for experts 13.1246 sec
Elapsed time for households 20.6249 sec
Iteration 150
Elapsed time for kappa 39.7996 sec
Elapsed time for experts 14.7507 sec
Elapsed time for households 12.5139 sec
Iteration 151
Elapsed time for kappa 39.6497 sec
Elapsed time for experts 14.5114 sec
Elapsed time for households 13.1021 sec
Iteration 152
Elapsed time for kappa 38.7557 sec
Elapsed time for experts 13.8443 sec
Elapsed time for households 12.5823 sec
Iteration 153
Elapsed time for kappa 36.9062 sec
Elapsed time for experts 14.0891 sec
Elapsed time for households 12.8837 sec
Iteration 154
Elapsed time for kappa 38.6622 sec
Elapsed time for experts 13.8030 sec
Elapsed time for households 12.5651 sec
Iteration 155
Elapsed time for kappa 37.9132 sec
Elapsed time for experts 14.0825 sec
Elapsed time for households 20.4483 sec
Iteration 156
Elapsed time for kappa 40.3556 sec
Elapsed time for experts 14.0511 sec
Elapsed time for households 13.2630 sec
Iteration 157
Elapsed time for kappa 39.6404 sec
Elapsed time for experts 13.7129 sec
Elapsed time for households 13.0200 sec
Iteration 158
Elapsed time for kappa 38.9747 sec
Elapsed time for experts 14.4214 sec
Elapsed time for households 12.8552 sec
Iteration 159
Elapsed time for kappa 38.4572 sec
Elapsed time for experts 13.6491 sec
Elapsed time for households 12.8161 sec
Iteration 160
Elapsed time for kappa 38.2624 sec
Elapsed time for experts 13.3596 sec
Elapsed time for households 12.4646 sec
Iteration 161
Elapsed time for kappa 37.1946 sec
Elapsed time for experts 21.8722 sec
Elapsed time for households 13.8826 sec
Iteration 162
Elapsed time for kappa 39.6808 sec
Elapsed time for experts 14.5938 sec
Elapsed time for households 13.1520 sec
Iteration 163
Elapsed time for kappa 39.0556 sec
Elapsed time for experts 14.2337 sec
Elapsed time for households 12.6362 sec
Iteration 164
Elapsed time for kappa 38.9161 sec
Elapsed time for experts 14.2374 sec
Elapsed time for households 12.7984 sec
Iteration 165
Elapsed time for kappa 39.2469 sec
Elapsed time for experts 13.8479 sec
Elapsed time for households 12.8688 sec
Iteration 166
Elapsed time for kappa 37.9511 sec
Elapsed time for experts 14.2647 sec
Elapsed time for households 12.7323 sec
Iteration 167
Elapsed time for kappa 38.1675 sec
Elapsed time for experts 21.6280 sec
Elapsed time for households 13.7311 sec
Iteration 168
Elapsed time for kappa 39.8136 sec
Elapsed time for experts 14.6020 sec
Elapsed time for households 13.3019 sec
Iteration 169
Elapsed time for kappa 39.8775 sec
Elapsed time for experts 14.1484 sec
Elapsed time for households 13.0723 sec
Iteration 170
Elapsed time for kappa 39.1910 sec
Elapsed time for experts 14.3225 sec
Elapsed time for households 12.3540 sec
Iteration 171
Elapsed time for kappa 39.0739 sec
Elapsed time for experts 13.8527 sec
Elapsed time for households 12.8905 sec
Iteration 172
Elapsed time for kappa 37.9269 sec
Elapsed time for experts 13.4501 sec
Elapsed time for households 12.5241 sec
Iteration 173
Elapsed time for kappa 48.1834 sec
Elapsed time for experts 15.3466 sec
Elapsed time for households 13.6717 sec
Iteration 174
Elapsed time for kappa 39.3077 sec
Elapsed time for experts 14.5248 sec
Elapsed time for households 13.1986 sec
Iteration 175
Elapsed time for kappa 39.4022 sec
Elapsed time for experts 14.2750 sec
Elapsed time for households 12.8875 sec
Iteration 176
Elapsed time for kappa 39.0863 sec
Elapsed time for experts 13.5844 sec
Elapsed time for households 12.8361 sec
Iteration 177
Elapsed time for kappa 38.1929 sec
Elapsed time for experts 14.1691 sec
Elapsed time for households 12.5376 sec
Iteration 178
Elapsed time for kappa 36.1464 sec
Elapsed time for experts 13.8238 sec
Elapsed time for households 12.3972 sec
Iteration 179
Elapsed time for kappa 45.6096 sec
Elapsed time for experts 14.9901 sec
Elapsed time for households 13.2634 sec
Iteration 180
Elapsed time for kappa 39.8998 sec
Elapsed time for experts 14.3983 sec
Elapsed time for households 13.2046 sec
Iteration 181
Elapsed time for kappa 39.4710 sec
Elapsed time for experts 14.2178 sec
Elapsed time for households 13.0417 sec
Iteration 182
Elapsed time for kappa 38.5695 sec
Elapsed time for experts 14.2070 sec
Elapsed time for households 12.2859 sec
Iteration 183
Elapsed time for kappa 38.3358 sec
Elapsed time for experts 14.0776 sec
Elapsed time for households 12.7644 sec
Iteration 184
Elapsed time for kappa 38.1589 sec
Elapsed time for experts 13.6579 sec
Elapsed time for households 19.7246 sec
Iteration 185
Elapsed time for kappa 40.6656 sec
Elapsed time for experts 14.7092 sec
Elapsed time for households 12.8764 sec
Iteration 186
Elapsed time for kappa 39.2534 sec
Elapsed time for experts 14.6236 sec
Elapsed time for households 13.0160 sec
Iteration 187
Elapsed time for kappa 39.3723 sec
Elapsed time for experts 14.0128 sec
Elapsed time for households 12.9879 sec
Iteration 188
Elapsed time for kappa 38.8679 sec
Elapsed time for experts 13.9534 sec
Elapsed time for households 12.6383 sec
Iteration 189
Elapsed time for kappa 38.4978 sec
Elapsed time for experts 13.9737 sec
Elapsed time for households 12.5188 sec
Iteration 190
Elapsed time for kappa 37.3742 sec
Elapsed time for experts 13.3330 sec
Elapsed time for households 20.4536 sec
Iteration 191
Elapsed time for kappa 40.9864 sec
Elapsed time for experts 14.5354 sec
Elapsed time for households 13.4501 sec
Iteration 192
Elapsed time for kappa 39.5353 sec
Elapsed time for experts 14.4909 sec
Elapsed time for households 13.1457 sec
Iteration 193
Elapsed time for kappa 39.4406 sec
Elapsed time for experts 14.1195 sec
Elapsed time for households 12.9991 sec
Iteration 194
Elapsed time for kappa 38.5600 sec
Elapsed time for experts 13.5090 sec
Elapsed time for households 12.7250 sec
Iteration 195
Elapsed time for kappa 38.7057 sec
Elapsed time for experts 14.0928 sec
Elapsed time for households 12.6591 sec
Iteration 196
Elapsed time for kappa 38.2976 sec
Elapsed time for experts 21.6484 sec
Elapsed time for households 13.7775 sec
Iteration 197
Elapsed time for kappa 39.8114 sec
Elapsed time for experts 14.0763 sec
Elapsed time for households 13.5377 sec
Iteration 198
Elapsed time for kappa 40.0758 sec
Elapsed time for experts 14.0643 sec
Elapsed time for households 13.0586 sec
Iteration 199
Elapsed time for kappa 39.7416 sec
Elapsed time for experts 14.1300 sec
Elapsed time for households 12.6371 sec
Elapsed time for training 13372.8285 sec
90000 90000 90000 90000
