/tmp/slurmd/job22880354/slurm_script: line 19: deactivate: No such file or directory
Iteration 0
Elapsed time for kappa 76.2462 sec
Elapsed time for experts 20.1893 sec
Elapsed time for households 15.8326 sec
Iteration 1
Elapsed time for kappa 38.1507 sec
Elapsed time for experts 13.8670 sec
Elapsed time for households 12.4154 sec
Iteration 2
Elapsed time for kappa 41.4366 sec
Elapsed time for experts 14.4781 sec
Elapsed time for households 12.7221 sec
Iteration 3
Elapsed time for kappa 37.8044 sec
Elapsed time for experts 13.8400 sec
Elapsed time for households 12.4886 sec
Iteration 4
Elapsed time for kappa 38.2787 sec
Elapsed time for experts 13.6760 sec
Elapsed time for households 12.2694 sec
Iteration 5
Elapsed time for kappa 37.7703 sec
Elapsed time for experts 13.6524 sec
Elapsed time for households 12.5712 sec
Iteration 6
Elapsed time for kappa 38.0607 sec
Elapsed time for experts 13.5627 sec
Elapsed time for households 12.4258 sec
Iteration 7
Elapsed time for kappa 38.2691 sec
Elapsed time for experts 13.6928 sec
Elapsed time for households 18.4392 sec
Iteration 8
Elapsed time for kappa 36.9121 sec
Elapsed time for experts 14.0201 sec
Elapsed time for households 12.3327 sec
Iteration 9
Elapsed time for kappa 38.4564 sec
Elapsed time for experts 13.6309 sec
Elapsed time for households 12.6529 sec
Iteration 10
Elapsed time for kappa 37.7818 sec
Elapsed time for experts 13.6340 sec
Elapsed time for households 12.4807 sec
Iteration 11
Elapsed time for kappa 36.0265 sec
Elapsed time for experts 13.6443 sec
Elapsed time for households 12.3756 sec
Iteration 12
Elapsed time for kappa 38.0872 sec
Elapsed time for experts 13.5962 sec
Elapsed time for households 12.4904 sec
Iteration 13
Elapsed time for kappa 37.9413 sec
Elapsed time for experts 20.5137 sec
Elapsed time for households 13.1090 sec
Iteration 14
Elapsed time for kappa 38.5244 sec
Elapsed time for experts 14.0070 sec
Elapsed time for households 12.6781 sec
Iteration 15
Elapsed time for kappa 38.5713 sec
Elapsed time for experts 13.7630 sec
Elapsed time for households 12.8793 sec
Iteration 16
Elapsed time for kappa 37.6414 sec
Elapsed time for experts 13.6823 sec
Elapsed time for households 12.6319 sec
Iteration 17
Elapsed time for kappa 38.1305 sec
Elapsed time for experts 13.5374 sec
Elapsed time for households 12.6416 sec
Iteration 18
Elapsed time for kappa 38.3954 sec
Elapsed time for experts 13.7465 sec
Elapsed time for households 12.4059 sec
Iteration 19
Elapsed time for kappa 45.7203 sec
Elapsed time for experts 14.1596 sec
Elapsed time for households 12.9006 sec
Iteration 20
Elapsed time for kappa 38.6182 sec
Elapsed time for experts 13.8690 sec
Elapsed time for households 12.6813 sec
Iteration 21
Elapsed time for kappa 38.3972 sec
Elapsed time for experts 13.7648 sec
Elapsed time for households 12.6491 sec
Iteration 22
Elapsed time for kappa 37.9308 sec
Elapsed time for experts 13.6145 sec
Elapsed time for households 12.1727 sec
Iteration 23
Elapsed time for kappa 38.5349 sec
Elapsed time for experts 13.5305 sec
Elapsed time for households 12.4620 sec
Iteration 24
Elapsed time for kappa 38.0572 sec
Elapsed time for experts 20.0400 sec
Elapsed time for households 13.1242 sec
Iteration 25
Elapsed time for kappa 39.2874 sec
Elapsed time for experts 14.0586 sec
Elapsed time for households 12.8751 sec
Iteration 26
Elapsed time for kappa 38.5400 sec
Elapsed time for experts 13.9534 sec
Elapsed time for households 12.1860 sec
Iteration 27
Elapsed time for kappa 38.6801 sec
Elapsed time for experts 13.7486 sec
Elapsed time for households 12.6671 sec
Iteration 28
Elapsed time for kappa 38.1831 sec
Elapsed time for experts 13.8312 sec
Elapsed time for households 12.5793 sec
Iteration 29
Elapsed time for kappa 38.4093 sec
Elapsed time for experts 13.6155 sec
Elapsed time for households 12.4824 sec
Iteration 30
Elapsed time for kappa 46.5672 sec
Elapsed time for experts 14.7152 sec
Elapsed time for households 13.1003 sec
Iteration 31
Elapsed time for kappa 38.5144 sec
Elapsed time for experts 13.6110 sec
Elapsed time for households 12.8761 sec
Iteration 32
Elapsed time for kappa 38.7647 sec
Elapsed time for experts 13.7481 sec
Elapsed time for households 12.2007 sec
Iteration 33
Elapsed time for kappa 38.4406 sec
Elapsed time for experts 13.6810 sec
Elapsed time for households 12.5552 sec
Iteration 34
Elapsed time for kappa 38.0356 sec
Elapsed time for experts 13.7578 sec
Elapsed time for households 12.3883 sec
Iteration 35
Elapsed time for kappa 37.9086 sec
Elapsed time for experts 13.7883 sec
Elapsed time for households 12.2723 sec
Iteration 36
Elapsed time for kappa 45.4161 sec
Elapsed time for experts 14.0823 sec
Elapsed time for households 12.9643 sec
Iteration 37
Elapsed time for kappa 39.0173 sec
Elapsed time for experts 13.9086 sec
Elapsed time for households 12.6755 sec
Iteration 38
Elapsed time for kappa 38.5645 sec
Elapsed time for experts 13.7329 sec
Elapsed time for households 12.6904 sec
Iteration 39
Elapsed time for kappa 38.2659 sec
Elapsed time for experts 13.8304 sec
Elapsed time for households 12.7110 sec
Iteration 40
Elapsed time for kappa 37.7001 sec
Elapsed time for experts 13.7638 sec
Elapsed time for households 12.5310 sec
Iteration 41
Elapsed time for kappa 38.1154 sec
Elapsed time for experts 20.0619 sec
Elapsed time for households 13.4428 sec
Iteration 42
Elapsed time for kappa 38.8079 sec
Elapsed time for experts 14.0986 sec
Elapsed time for households 13.1178 sec
Iteration 43
Elapsed time for kappa 38.4850 sec
Elapsed time for experts 13.9440 sec
Elapsed time for households 12.6821 sec
Iteration 44
Elapsed time for kappa 38.2687 sec
Elapsed time for experts 13.8129 sec
Elapsed time for households 12.3454 sec
Iteration 45
Elapsed time for kappa 38.5371 sec
Elapsed time for experts 13.7902 sec
Elapsed time for households 12.6704 sec
Iteration 46
Elapsed time for kappa 38.0671 sec
Elapsed time for experts 13.7749 sec
Elapsed time for households 12.6525 sec
Iteration 47
Elapsed time for kappa 46.2375 sec
Elapsed time for experts 15.0355 sec
Elapsed time for households 12.9522 sec
Iteration 48
Elapsed time for kappa 39.1582 sec
Elapsed time for experts 14.1393 sec
Elapsed time for households 12.9749 sec
Iteration 49
Elapsed time for kappa 38.6396 sec
Elapsed time for experts 14.0255 sec
Elapsed time for households 12.6939 sec
Iteration 50
Elapsed time for kappa 37.9494 sec
Elapsed time for experts 13.9332 sec
Elapsed time for households 12.5746 sec
Iteration 51
Elapsed time for kappa 38.3834 sec
Elapsed time for experts 13.4511 sec
Elapsed time for households 12.1305 sec
Iteration 52
Elapsed time for kappa 38.0811 sec
Elapsed time for experts 13.7235 sec
Elapsed time for households 18.9477 sec
Iteration 53
Elapsed time for kappa 39.1801 sec
Elapsed time for experts 14.0508 sec
Elapsed time for households 12.9955 sec
Iteration 54
Elapsed time for kappa 38.9913 sec
Elapsed time for experts 14.0540 sec
Elapsed time for households 12.3622 sec
Iteration 55
Elapsed time for kappa 38.8119 sec
Elapsed time for experts 13.8467 sec
Elapsed time for households 12.7338 sec
Iteration 56
Elapsed time for kappa 38.1101 sec
Elapsed time for experts 13.8269 sec
Elapsed time for households 12.5956 sec
Iteration 57
Elapsed time for kappa 38.4054 sec
Elapsed time for experts 13.7048 sec
Elapsed time for households 12.4745 sec
Iteration 58
Elapsed time for kappa 38.0079 sec
Elapsed time for experts 21.2309 sec
Elapsed time for households 13.5506 sec
Iteration 59
Elapsed time for kappa 39.3038 sec
Elapsed time for experts 14.1786 sec
Elapsed time for households 12.3913 sec
Iteration 60
Elapsed time for kappa 39.2836 sec
Elapsed time for experts 14.0663 sec
Elapsed time for households 12.9166 sec
Iteration 61
Elapsed time for kappa 38.3178 sec
Elapsed time for experts 13.9584 sec
Elapsed time for households 12.6783 sec
Iteration 62
Elapsed time for kappa 38.1940 sec
Elapsed time for experts 13.8869 sec
Elapsed time for households 12.5138 sec
Iteration 63
Elapsed time for kappa 37.7034 sec
Elapsed time for experts 13.7401 sec
Elapsed time for households 12.1450 sec
Iteration 64
Elapsed time for kappa 46.6166 sec
Elapsed time for experts 14.9265 sec
Elapsed time for households 13.1783 sec
Iteration 65
Elapsed time for kappa 39.1051 sec
Elapsed time for experts 14.1655 sec
Elapsed time for households 12.4067 sec
Iteration 66
Elapsed time for kappa 38.7417 sec
Elapsed time for experts 13.9870 sec
Elapsed time for households 12.7263 sec
Iteration 67
Elapsed time for kappa 38.2942 sec
Elapsed time for experts 13.9836 sec
Elapsed time for households 12.7082 sec
Iteration 68
Elapsed time for kappa 37.9123 sec
Elapsed time for experts 14.0295 sec
Elapsed time for households 12.5289 sec
Iteration 69
Elapsed time for kappa 38.0484 sec
Elapsed time for experts 14.0061 sec
Elapsed time for households 12.6228 sec
Iteration 70
Elapsed time for kappa 45.7885 sec
Elapsed time for experts 14.1144 sec
Elapsed time for households 13.0391 sec
Iteration 71
Elapsed time for kappa 39.7278 sec
Elapsed time for experts 14.1356 sec
Elapsed time for households 12.9387 sec
Iteration 72
Elapsed time for kappa 38.7234 sec
Elapsed time for experts 14.1265 sec
Elapsed time for households 12.7631 sec
Iteration 73
Elapsed time for kappa 38.4178 sec
Elapsed time for experts 13.7468 sec
Elapsed time for households 12.7280 sec
Iteration 74
Elapsed time for kappa 37.9410 sec
Elapsed time for experts 13.8001 sec
Elapsed time for households 12.5094 sec
Iteration 75
Elapsed time for kappa 38.3854 sec
Elapsed time for experts 20.3960 sec
Elapsed time for households 13.6988 sec
Iteration 76
Elapsed time for kappa 39.5404 sec
Elapsed time for experts 14.2195 sec
Elapsed time for households 13.0198 sec
Iteration 77
Elapsed time for kappa 38.7666 sec
Elapsed time for experts 14.1674 sec
Elapsed time for households 12.9487 sec
Iteration 78
Elapsed time for kappa 38.8180 sec
Elapsed time for experts 14.1959 sec
Elapsed time for households 12.7899 sec
Iteration 79
Elapsed time for kappa 38.3574 sec
Elapsed time for experts 14.0246 sec
Elapsed time for households 12.5825 sec
Iteration 80
Elapsed time for kappa 38.0500 sec
Elapsed time for experts 13.7124 sec
Elapsed time for households 12.4944 sec
Iteration 81
Elapsed time for kappa 44.9762 sec
Elapsed time for experts 15.0967 sec
Elapsed time for households 12.8989 sec
Iteration 82
Elapsed time for kappa 39.3626 sec
Elapsed time for experts 14.4099 sec
Elapsed time for households 13.0166 sec
Iteration 83
Elapsed time for kappa 37.2509 sec
Elapsed time for experts 14.2805 sec
Elapsed time for households 12.6936 sec
Iteration 84
Elapsed time for kappa 38.5733 sec
Elapsed time for experts 14.0331 sec
Elapsed time for households 12.7609 sec
Iteration 85
Elapsed time for kappa 38.6190 sec
Elapsed time for experts 13.9646 sec
Elapsed time for households 12.4802 sec
Iteration 86
Elapsed time for kappa 37.9013 sec
Elapsed time for experts 13.7760 sec
Elapsed time for households 12.4912 sec
Iteration 87
Elapsed time for kappa 46.7148 sec
Elapsed time for experts 14.6038 sec
Elapsed time for households 13.1542 sec
Iteration 88
Elapsed time for kappa 39.2444 sec
Elapsed time for experts 14.3089 sec
Elapsed time for households 12.8949 sec
Iteration 89
Elapsed time for kappa 38.8947 sec
Elapsed time for experts 13.8669 sec
Elapsed time for households 12.2713 sec
Iteration 90
Elapsed time for kappa 39.0536 sec
Elapsed time for experts 13.9171 sec
Elapsed time for households 12.8150 sec
Iteration 91
Elapsed time for kappa 38.2834 sec
Elapsed time for experts 13.4373 sec
Elapsed time for households 12.7071 sec
Iteration 92
Elapsed time for kappa 38.3251 sec
Elapsed time for experts 20.5781 sec
Elapsed time for households 13.8506 sec
Iteration 93
Elapsed time for kappa 39.2382 sec
Elapsed time for experts 14.2714 sec
Elapsed time for households 13.1123 sec
Iteration 94
Elapsed time for kappa 39.1142 sec
Elapsed time for experts 14.1663 sec
Elapsed time for households 12.8908 sec
Iteration 95
Elapsed time for kappa 38.9609 sec
Elapsed time for experts 14.2537 sec
Elapsed time for households 12.8382 sec
Iteration 96
Elapsed time for kappa 38.3318 sec
Elapsed time for experts 13.8736 sec
Elapsed time for households 12.6081 sec
Iteration 97
Elapsed time for kappa 38.1567 sec
Elapsed time for experts 13.7882 sec
Elapsed time for households 12.6579 sec
Iteration 98
Elapsed time for kappa 46.8485 sec
Elapsed time for experts 15.2984 sec
Elapsed time for households 13.3806 sec
Iteration 99
Elapsed time for kappa 39.4805 sec
Elapsed time for experts 14.3137 sec
Elapsed time for households 13.0869 sec
Iteration 100
Elapsed time for kappa 39.6861 sec
Elapsed time for experts 13.4928 sec
Elapsed time for households 12.8752 sec
Iteration 101
Elapsed time for kappa 38.5321 sec
Elapsed time for experts 13.8161 sec
Elapsed time for households 12.6495 sec
Iteration 102
Elapsed time for kappa 38.1296 sec
Elapsed time for experts 13.8483 sec
Elapsed time for households 12.6727 sec
Iteration 103
Elapsed time for kappa 37.9947 sec
Elapsed time for experts 13.8992 sec
Elapsed time for households 12.0637 sec
Iteration 104
Elapsed time for kappa 47.3302 sec
Elapsed time for experts 15.0661 sec
Elapsed time for households 13.4305 sec
Iteration 105
Elapsed time for kappa 39.1209 sec
Elapsed time for experts 14.2254 sec
Elapsed time for households 12.9990 sec
Iteration 106
Elapsed time for kappa 39.2840 sec
Elapsed time for experts 14.0210 sec
Elapsed time for households 12.6726 sec
Iteration 107
Elapsed time for kappa 37.0672 sec
Elapsed time for experts 14.0704 sec
Elapsed time for households 12.7519 sec
Iteration 108
Elapsed time for kappa 38.2891 sec
Elapsed time for experts 13.9467 sec
Elapsed time for households 12.6619 sec
Iteration 109
Elapsed time for kappa 37.9290 sec
Elapsed time for experts 13.6770 sec
Elapsed time for households 12.5728 sec
Iteration 110
Elapsed time for kappa 46.2444 sec
Elapsed time for experts 14.6465 sec
Elapsed time for households 13.0352 sec
Iteration 111
Elapsed time for kappa 39.5307 sec
Elapsed time for experts 14.3226 sec
Elapsed time for households 13.1083 sec
Iteration 112
Elapsed time for kappa 39.4475 sec
Elapsed time for experts 14.2520 sec
Elapsed time for households 12.7438 sec
Iteration 113
Elapsed time for kappa 38.6068 sec
Elapsed time for experts 13.9957 sec
Elapsed time for households 12.6388 sec
Iteration 114
Elapsed time for kappa 36.8592 sec
Elapsed time for experts 13.4027 sec
Elapsed time for households 12.7336 sec
Iteration 115
Elapsed time for kappa 38.1892 sec
Elapsed time for experts 19.7418 sec
Elapsed time for households 13.7639 sec
Iteration 116
Elapsed time for kappa 40.0614 sec
Elapsed time for experts 14.3802 sec
Elapsed time for households 13.0773 sec
Iteration 117
Elapsed time for kappa 39.5128 sec
Elapsed time for experts 14.1647 sec
Elapsed time for households 12.7571 sec
Iteration 118
Elapsed time for kappa 39.4011 sec
Elapsed time for experts 13.6478 sec
Elapsed time for households 12.9794 sec
Iteration 119
Elapsed time for kappa 38.9178 sec
Elapsed time for experts 13.8596 sec
Elapsed time for households 12.8422 sec
Iteration 120
Elapsed time for kappa 38.0579 sec
Elapsed time for experts 13.8109 sec
Elapsed time for households 12.4213 sec
Iteration 121
Elapsed time for kappa 47.5467 sec
Elapsed time for experts 15.2158 sec
Elapsed time for households 13.4823 sec
Iteration 122
Elapsed time for kappa 39.4371 sec
Elapsed time for experts 14.3426 sec
Elapsed time for households 12.9678 sec
Iteration 123
Elapsed time for kappa 39.1350 sec
Elapsed time for experts 14.0027 sec
Elapsed time for households 12.8525 sec
Iteration 124
Elapsed time for kappa 38.6657 sec
Elapsed time for experts 14.1730 sec
Elapsed time for households 12.8165 sec
Iteration 125
Elapsed time for kappa 38.1834 sec
Elapsed time for experts 14.1382 sec
Elapsed time for households 12.6592 sec
Iteration 126
Elapsed time for kappa 38.2106 sec
Elapsed time for experts 13.8008 sec
Elapsed time for households 12.5484 sec
Iteration 127
Elapsed time for kappa 45.4961 sec
Elapsed time for experts 14.8754 sec
Elapsed time for households 13.1264 sec
Iteration 128
Elapsed time for kappa 39.6024 sec
Elapsed time for experts 14.2016 sec
Elapsed time for households 13.0246 sec
Iteration 129
Elapsed time for kappa 39.0153 sec
Elapsed time for experts 14.2679 sec
Elapsed time for households 12.8155 sec
Iteration 130
Elapsed time for kappa 38.5142 sec
Elapsed time for experts 14.0781 sec
Elapsed time for households 12.6722 sec
Iteration 131
Elapsed time for kappa 38.1261 sec
Elapsed time for experts 13.9513 sec
Elapsed time for households 12.4809 sec
Iteration 132
Elapsed time for kappa 36.5450 sec
Elapsed time for experts 20.6437 sec
Elapsed time for households 13.8345 sec
Iteration 133
Elapsed time for kappa 40.5740 sec
Elapsed time for experts 13.8369 sec
Elapsed time for households 13.1455 sec
Iteration 134
Elapsed time for kappa 38.0969 sec
Elapsed time for experts 14.1538 sec
Elapsed time for households 12.9136 sec
Iteration 135
Elapsed time for kappa 39.1312 sec
Elapsed time for experts 13.9665 sec
Elapsed time for households 12.8832 sec
Iteration 136
Elapsed time for kappa 38.9185 sec
Elapsed time for experts 14.1038 sec
Elapsed time for households 12.6130 sec
Iteration 137
Elapsed time for kappa 38.7153 sec
Elapsed time for experts 13.2209 sec
Elapsed time for households 12.7011 sec
Iteration 138
Elapsed time for kappa 47.6658 sec
Elapsed time for experts 15.1896 sec
Elapsed time for households 13.6429 sec
Iteration 139
Elapsed time for kappa 37.9370 sec
Elapsed time for experts 14.2998 sec
Elapsed time for households 12.9931 sec
Iteration 140
Elapsed time for kappa 39.3167 sec
Elapsed time for experts 14.1966 sec
Elapsed time for households 13.0586 sec
Iteration 141
Elapsed time for kappa 38.8535 sec
Elapsed time for experts 14.0300 sec
Elapsed time for households 12.8814 sec
Iteration 142
Elapsed time for kappa 38.7406 sec
Elapsed time for experts 14.1684 sec
Elapsed time for households 12.0767 sec
Iteration 143
Elapsed time for kappa 38.0984 sec
Elapsed time for experts 13.9052 sec
Elapsed time for households 12.6200 sec
Iteration 144
Elapsed time for kappa 47.5851 sec
Elapsed time for experts 15.1654 sec
Elapsed time for households 13.3659 sec
Iteration 145
Elapsed time for kappa 40.0309 sec
Elapsed time for experts 14.3851 sec
Elapsed time for households 13.2030 sec
Iteration 146
Elapsed time for kappa 39.7902 sec
Elapsed time for experts 14.1644 sec
Elapsed time for households 12.9403 sec
Iteration 147
Elapsed time for kappa 38.6383 sec
Elapsed time for experts 14.2033 sec
Elapsed time for households 12.8246 sec
Iteration 148
Elapsed time for kappa 38.3034 sec
Elapsed time for experts 14.0997 sec
Elapsed time for households 12.7076 sec
Iteration 149
Elapsed time for kappa 38.1601 sec
Elapsed time for experts 20.8312 sec
Elapsed time for households 13.8658 sec
Iteration 150
Elapsed time for kappa 40.0333 sec
Elapsed time for experts 14.5420 sec
Elapsed time for households 13.1374 sec
Iteration 151
Elapsed time for kappa 37.8716 sec
Elapsed time for experts 14.2251 sec
Elapsed time for households 12.8578 sec
Iteration 152
Elapsed time for kappa 39.4576 sec
Elapsed time for experts 13.6395 sec
Elapsed time for households 12.9868 sec
Iteration 153
Elapsed time for kappa 38.9828 sec
Elapsed time for experts 14.2355 sec
Elapsed time for households 12.7177 sec
Iteration 154
Elapsed time for kappa 38.4437 sec
Elapsed time for experts 13.7698 sec
Elapsed time for households 12.6407 sec
Iteration 155
Elapsed time for kappa 47.8790 sec
Elapsed time for experts 15.3999 sec
Elapsed time for households 13.4665 sec
Iteration 156
Elapsed time for kappa 38.0480 sec
Elapsed time for experts 14.5693 sec
Elapsed time for households 13.1434 sec
Iteration 157
Elapsed time for kappa 39.7096 sec
Elapsed time for experts 14.2311 sec
Elapsed time for households 12.6529 sec
Iteration 158
Elapsed time for kappa 39.4883 sec
Elapsed time for experts 14.1463 sec
Elapsed time for households 12.9227 sec
Iteration 159
Elapsed time for kappa 38.3988 sec
Elapsed time for experts 13.9811 sec
Elapsed time for households 12.6691 sec
Iteration 160
Elapsed time for kappa 38.4079 sec
Elapsed time for experts 13.2661 sec
Elapsed time for households 12.6101 sec
Iteration 161
Elapsed time for kappa 46.0535 sec
Elapsed time for experts 15.0055 sec
Elapsed time for households 13.4450 sec
Iteration 162
Elapsed time for kappa 39.5912 sec
Elapsed time for experts 14.6603 sec
Elapsed time for households 13.1537 sec
Iteration 163
Elapsed time for kappa 40.0158 sec
Elapsed time for experts 14.1549 sec
Elapsed time for households 13.0270 sec
Iteration 164
Elapsed time for kappa 39.1076 sec
Elapsed time for experts 14.3064 sec
Elapsed time for households 12.3477 sec
Iteration 165
Elapsed time for kappa 39.0046 sec
Elapsed time for experts 13.9200 sec
Elapsed time for households 12.3651 sec
Iteration 166
Elapsed time for kappa 38.2224 sec
Elapsed time for experts 13.9726 sec
Elapsed time for households 19.5564 sec
Iteration 167
Elapsed time for kappa 40.6269 sec
Elapsed time for experts 14.5499 sec
Elapsed time for households 13.3990 sec
Iteration 168
Elapsed time for kappa 39.4422 sec
Elapsed time for experts 14.3715 sec
Elapsed time for households 12.9527 sec
Iteration 169
Elapsed time for kappa 39.7877 sec
Elapsed time for experts 14.0989 sec
Elapsed time for households 13.1810 sec
Iteration 170
Elapsed time for kappa 38.7590 sec
Elapsed time for experts 14.0279 sec
Elapsed time for households 12.5763 sec
Iteration 171
Elapsed time for kappa 36.7919 sec
Elapsed time for experts 13.8169 sec
Elapsed time for households 12.6843 sec
Iteration 172
Elapsed time for kappa 37.4656 sec
Elapsed time for experts 13.7586 sec
Elapsed time for households 20.4922 sec
Iteration 173
Elapsed time for kappa 40.4669 sec
Elapsed time for experts 14.7729 sec
Elapsed time for households 13.4645 sec
Iteration 174
Elapsed time for kappa 38.4750 sec
Elapsed time for experts 14.3506 sec
Elapsed time for households 13.1458 sec
Iteration 175
Elapsed time for kappa 39.6833 sec
Elapsed time for experts 14.2114 sec
Elapsed time for households 13.1804 sec
Iteration 176
Elapsed time for kappa 38.9658 sec
Elapsed time for experts 14.1258 sec
Elapsed time for households 12.8543 sec
Iteration 177
Elapsed time for kappa 38.2673 sec
Elapsed time for experts 13.9551 sec
Elapsed time for households 12.6781 sec
Iteration 178
Elapsed time for kappa 38.2966 sec
Elapsed time for experts 13.6374 sec
Elapsed time for households 20.8727 sec
Iteration 179
Elapsed time for kappa 40.1126 sec
Elapsed time for experts 14.7303 sec
Elapsed time for households 13.4428 sec
Iteration 180
Elapsed time for kappa 39.6256 sec
Elapsed time for experts 14.3038 sec
Elapsed time for households 13.0166 sec
Iteration 181
Elapsed time for kappa 39.1478 sec
Elapsed time for experts 14.1870 sec
Elapsed time for households 13.2249 sec
Iteration 182
Elapsed time for kappa 39.1540 sec
Elapsed time for experts 14.0314 sec
Elapsed time for households 12.6791 sec
Iteration 183
Elapsed time for kappa 38.3829 sec
Elapsed time for experts 13.9310 sec
Elapsed time for households 12.6484 sec
Iteration 184
Elapsed time for kappa 37.9515 sec
Elapsed time for experts 21.8105 sec
Elapsed time for households 13.7880 sec
Iteration 185
Elapsed time for kappa 40.5401 sec
Elapsed time for experts 14.7082 sec
Elapsed time for households 13.4277 sec
Iteration 186
Elapsed time for kappa 39.8487 sec
Elapsed time for experts 14.5010 sec
Elapsed time for households 13.0611 sec
Iteration 187
Elapsed time for kappa 39.8046 sec
Elapsed time for experts 14.0646 sec
Elapsed time for households 13.3087 sec
Iteration 188
Elapsed time for kappa 39.2422 sec
Elapsed time for experts 14.0641 sec
Elapsed time for households 12.7084 sec
Iteration 189
Elapsed time for kappa 38.2470 sec
Elapsed time for experts 13.8998 sec
Elapsed time for households 12.7948 sec
Iteration 190
Elapsed time for kappa 37.9117 sec
Elapsed time for experts 22.0906 sec
Elapsed time for households 13.2294 sec
Iteration 191
Elapsed time for kappa 40.4604 sec
Elapsed time for experts 14.5352 sec
Elapsed time for households 13.4159 sec
Iteration 192
Elapsed time for kappa 39.6625 sec
Elapsed time for experts 14.5132 sec
Elapsed time for households 12.9103 sec
Iteration 193
Elapsed time for kappa 39.8192 sec
Elapsed time for experts 14.4270 sec
Elapsed time for households 13.2044 sec
Iteration 194
Elapsed time for kappa 38.6918 sec
Elapsed time for experts 13.5583 sec
Elapsed time for households 12.7422 sec
Iteration 195
Elapsed time for kappa 38.6632 sec
Elapsed time for experts 13.8334 sec
Elapsed time for households 12.5713 sec
Iteration 196
Elapsed time for kappa 47.9035 sec
Elapsed time for experts 15.2356 sec
Elapsed time for households 13.9172 sec
Iteration 197
Elapsed time for kappa 40.3232 sec
Elapsed time for experts 14.6776 sec
Elapsed time for households 13.1947 sec
Iteration 198
Elapsed time for kappa 39.4223 sec
Elapsed time for experts 13.7822 sec
Elapsed time for households 12.8606 sec
Iteration 199
Elapsed time for kappa 39.4730 sec
Elapsed time for experts 14.3809 sec
Elapsed time for households 12.4402 sec
Elapsed time for training 13428.2336 sec
90000 90000 90000 90000
