/tmp/slurmd/job22880391/slurm_script: line 19: deactivate: No such file or directory
Iteration 0
Elapsed time for kappa 77.5101 sec
Elapsed time for experts 22.4470 sec
Elapsed time for households 17.9886 sec
Iteration 1
Elapsed time for kappa 40.0775 sec
Elapsed time for experts 18.5382 sec
Elapsed time for households 15.1529 sec
Iteration 2
Elapsed time for kappa 40.1186 sec
Elapsed time for experts 15.5302 sec
Elapsed time for households 14.6768 sec
Iteration 3
Elapsed time for kappa 39.5008 sec
Elapsed time for experts 15.7607 sec
Elapsed time for households 14.7321 sec
Iteration 4
Elapsed time for kappa 40.1249 sec
Elapsed time for experts 16.0378 sec
Elapsed time for households 14.5410 sec
Iteration 5
Elapsed time for kappa 39.3136 sec
Elapsed time for experts 15.9400 sec
Elapsed time for households 14.3033 sec
Iteration 6
Elapsed time for kappa 39.4409 sec
Elapsed time for experts 15.9931 sec
Elapsed time for households 14.5749 sec
Iteration 7
Elapsed time for kappa 46.8208 sec
Elapsed time for experts 16.4648 sec
Elapsed time for households 14.9319 sec
Iteration 8
Elapsed time for kappa 39.9899 sec
Elapsed time for experts 16.2973 sec
Elapsed time for households 14.5276 sec
Iteration 9
Elapsed time for kappa 40.0577 sec
Elapsed time for experts 15.9474 sec
Elapsed time for households 14.6669 sec
Iteration 10
Elapsed time for kappa 39.6791 sec
Elapsed time for experts 16.2959 sec
Elapsed time for households 14.5751 sec
Iteration 11
Elapsed time for kappa 39.3604 sec
Elapsed time for experts 16.2775 sec
Elapsed time for households 14.8748 sec
Iteration 12
Elapsed time for kappa 39.5354 sec
Elapsed time for experts 22.3778 sec
Elapsed time for households 15.2098 sec
Iteration 13
Elapsed time for kappa 41.0212 sec
Elapsed time for experts 16.2591 sec
Elapsed time for households 15.1112 sec
Iteration 14
Elapsed time for kappa 39.7677 sec
Elapsed time for experts 16.0625 sec
Elapsed time for households 14.7427 sec
Iteration 15
Elapsed time for kappa 40.0467 sec
Elapsed time for experts 16.2125 sec
Elapsed time for households 14.6427 sec
Iteration 16
Elapsed time for kappa 39.4308 sec
Elapsed time for experts 16.2595 sec
Elapsed time for households 14.6830 sec
Iteration 17
Elapsed time for kappa 39.7905 sec
Elapsed time for experts 16.1653 sec
Elapsed time for households 14.5289 sec
Iteration 18
Elapsed time for kappa 47.7864 sec
Elapsed time for experts 16.8910 sec
Elapsed time for households 15.0596 sec
Iteration 19
Elapsed time for kappa 40.5808 sec
Elapsed time for experts 16.1401 sec
Elapsed time for households 14.5882 sec
Iteration 20
Elapsed time for kappa 39.7680 sec
Elapsed time for experts 16.3035 sec
Elapsed time for households 14.5151 sec
Iteration 21
Elapsed time for kappa 40.0442 sec
Elapsed time for experts 16.0840 sec
Elapsed time for households 14.7769 sec
Iteration 22
Elapsed time for kappa 38.3989 sec
Elapsed time for experts 16.0026 sec
Elapsed time for households 14.7459 sec
Iteration 23
Elapsed time for kappa 39.8411 sec
Elapsed time for experts 16.2445 sec
Elapsed time for households 21.1564 sec
Iteration 24
Elapsed time for kappa 41.2380 sec
Elapsed time for experts 16.5722 sec
Elapsed time for households 14.9585 sec
Iteration 25
Elapsed time for kappa 40.4923 sec
Elapsed time for experts 16.5063 sec
Elapsed time for households 14.6953 sec
Iteration 26
Elapsed time for kappa 40.3007 sec
Elapsed time for experts 16.1205 sec
Elapsed time for households 14.6868 sec
Iteration 27
Elapsed time for kappa 38.3424 sec
Elapsed time for experts 16.2287 sec
Elapsed time for households 14.7529 sec
Iteration 28
Elapsed time for kappa 39.5354 sec
Elapsed time for experts 16.0288 sec
Elapsed time for households 14.9693 sec
Iteration 29
Elapsed time for kappa 39.7828 sec
Elapsed time for experts 23.1736 sec
Elapsed time for households 15.3583 sec
Iteration 30
Elapsed time for kappa 41.6110 sec
Elapsed time for experts 16.3359 sec
Elapsed time for households 15.0093 sec
Iteration 31
Elapsed time for kappa 40.6051 sec
Elapsed time for experts 16.3983 sec
Elapsed time for households 14.9016 sec
Iteration 32
Elapsed time for kappa 40.8310 sec
Elapsed time for experts 16.1731 sec
Elapsed time for households 14.8209 sec
Iteration 33
Elapsed time for kappa 39.5523 sec
Elapsed time for experts 16.1095 sec
Elapsed time for households 14.7465 sec
Iteration 34
Elapsed time for kappa 39.9102 sec
Elapsed time for experts 15.9361 sec
Elapsed time for households 14.2824 sec
Iteration 35
Elapsed time for kappa 48.0776 sec
Elapsed time for experts 17.2229 sec
Elapsed time for households 15.1506 sec
Iteration 36
Elapsed time for kappa 41.0960 sec
Elapsed time for experts 16.2797 sec
Elapsed time for households 14.8327 sec
Iteration 37
Elapsed time for kappa 39.9774 sec
Elapsed time for experts 16.2003 sec
Elapsed time for households 14.7542 sec
Iteration 38
Elapsed time for kappa 39.9407 sec
Elapsed time for experts 16.2383 sec
Elapsed time for households 14.7897 sec
Iteration 39
Elapsed time for kappa 39.9343 sec
Elapsed time for experts 16.0828 sec
Elapsed time for households 14.5149 sec
Iteration 40
Elapsed time for kappa 40.7021 sec
Elapsed time for experts 15.8603 sec
Elapsed time for households 14.6646 sec
Iteration 41
Elapsed time for kappa 48.2779 sec
Elapsed time for experts 17.0567 sec
Elapsed time for households 15.1046 sec
Iteration 42
Elapsed time for kappa 40.6000 sec
Elapsed time for experts 16.5233 sec
Elapsed time for households 15.1184 sec
Iteration 43
Elapsed time for kappa 40.1103 sec
Elapsed time for experts 16.3536 sec
Elapsed time for households 14.9471 sec
Iteration 44
Elapsed time for kappa 40.1369 sec
Elapsed time for experts 16.5858 sec
Elapsed time for households 14.8277 sec
Iteration 45
Elapsed time for kappa 39.8862 sec
Elapsed time for experts 15.8163 sec
Elapsed time for households 14.5838 sec
Iteration 46
Elapsed time for kappa 39.7130 sec
Elapsed time for experts 16.1334 sec
Elapsed time for households 21.2185 sec
Iteration 47
Elapsed time for kappa 41.7804 sec
Elapsed time for experts 16.5958 sec
Elapsed time for households 15.0694 sec
Iteration 48
Elapsed time for kappa 41.3039 sec
Elapsed time for experts 16.3141 sec
Elapsed time for households 14.9169 sec
Iteration 49
Elapsed time for kappa 40.1924 sec
Elapsed time for experts 16.4309 sec
Elapsed time for households 14.7565 sec
Iteration 50
Elapsed time for kappa 39.9999 sec
Elapsed time for experts 16.3746 sec
Elapsed time for households 14.4236 sec
Iteration 51
Elapsed time for kappa 39.8377 sec
Elapsed time for experts 16.2001 sec
Elapsed time for households 14.6199 sec
Iteration 52
Elapsed time for kappa 39.4321 sec
Elapsed time for experts 23.7828 sec
Elapsed time for households 15.3925 sec
Iteration 53
Elapsed time for kappa 41.5592 sec
Elapsed time for experts 16.8235 sec
Elapsed time for households 15.1754 sec
Iteration 54
Elapsed time for kappa 40.5160 sec
Elapsed time for experts 16.3363 sec
Elapsed time for households 15.0334 sec
Iteration 55
Elapsed time for kappa 40.9508 sec
Elapsed time for experts 16.2124 sec
Elapsed time for households 14.9909 sec
Iteration 56
Elapsed time for kappa 39.9145 sec
Elapsed time for experts 15.9636 sec
Elapsed time for households 14.3390 sec
Iteration 57
Elapsed time for kappa 40.1496 sec
Elapsed time for experts 15.6312 sec
Elapsed time for households 14.6522 sec
Iteration 58
Elapsed time for kappa 47.3384 sec
Elapsed time for experts 17.6480 sec
Elapsed time for households 15.2485 sec
Iteration 59
Elapsed time for kappa 41.5990 sec
Elapsed time for experts 16.5924 sec
Elapsed time for households 14.9570 sec
Iteration 60
Elapsed time for kappa 40.5986 sec
Elapsed time for experts 16.5317 sec
Elapsed time for households 14.8208 sec
Iteration 61
Elapsed time for kappa 39.9489 sec
Elapsed time for experts 16.2810 sec
Elapsed time for households 15.0284 sec
Iteration 62
Elapsed time for kappa 38.6539 sec
Elapsed time for experts 16.0380 sec
Elapsed time for households 14.9125 sec
Iteration 63
Elapsed time for kappa 39.3934 sec
Elapsed time for experts 15.7407 sec
Elapsed time for households 21.3772 sec
Iteration 64
Elapsed time for kappa 41.7509 sec
Elapsed time for experts 17.0000 sec
Elapsed time for households 15.1743 sec
Iteration 65
Elapsed time for kappa 41.3283 sec
Elapsed time for experts 16.7297 sec
Elapsed time for households 15.1128 sec
Iteration 66
Elapsed time for kappa 40.5313 sec
Elapsed time for experts 16.4907 sec
Elapsed time for households 14.7884 sec
Iteration 67
Elapsed time for kappa 40.6763 sec
Elapsed time for experts 16.2492 sec
Elapsed time for households 14.8011 sec
Iteration 68
Elapsed time for kappa 39.8903 sec
Elapsed time for experts 16.0541 sec
Elapsed time for households 14.3124 sec
Iteration 69
Elapsed time for kappa 39.2494 sec
Elapsed time for experts 23.7841 sec
Elapsed time for households 15.8182 sec
Iteration 70
Elapsed time for kappa 41.8172 sec
Elapsed time for experts 16.6554 sec
Elapsed time for households 15.3153 sec
Iteration 71
Elapsed time for kappa 41.0162 sec
Elapsed time for experts 16.7301 sec
Elapsed time for households 15.0227 sec
Iteration 72
Elapsed time for kappa 40.9770 sec
Elapsed time for experts 16.2175 sec
Elapsed time for households 14.9515 sec
Iteration 73
Elapsed time for kappa 40.1399 sec
Elapsed time for experts 16.4315 sec
Elapsed time for households 14.9202 sec
Iteration 74
Elapsed time for kappa 39.4187 sec
Elapsed time for experts 16.3530 sec
Elapsed time for households 14.6048 sec
Iteration 75
Elapsed time for kappa 48.8297 sec
Elapsed time for experts 17.4582 sec
Elapsed time for households 15.1598 sec
Iteration 76
Elapsed time for kappa 40.9708 sec
Elapsed time for experts 16.6414 sec
Elapsed time for households 15.0289 sec
Iteration 77
Elapsed time for kappa 41.2095 sec
Elapsed time for experts 16.3234 sec
Elapsed time for households 14.3867 sec
Iteration 78
Elapsed time for kappa 40.2649 sec
Elapsed time for experts 15.7153 sec
Elapsed time for households 14.8939 sec
Iteration 79
Elapsed time for kappa 40.4027 sec
Elapsed time for experts 15.9958 sec
Elapsed time for households 14.6846 sec
Iteration 80
Elapsed time for kappa 40.0595 sec
Elapsed time for experts 16.0841 sec
Elapsed time for households 21.5862 sec
Iteration 81
Elapsed time for kappa 41.5980 sec
Elapsed time for experts 16.7920 sec
Elapsed time for households 15.1633 sec
Iteration 82
Elapsed time for kappa 42.0813 sec
Elapsed time for experts 16.5826 sec
Elapsed time for households 14.9752 sec
Iteration 83
Elapsed time for kappa 40.7798 sec
Elapsed time for experts 16.3684 sec
Elapsed time for households 14.8499 sec
Iteration 84
Elapsed time for kappa 40.2264 sec
Elapsed time for experts 16.0083 sec
Elapsed time for households 14.9403 sec
Iteration 85
Elapsed time for kappa 39.9243 sec
Elapsed time for experts 16.3154 sec
Elapsed time for households 14.7059 sec
Iteration 86
Elapsed time for kappa 39.6158 sec
Elapsed time for experts 24.0062 sec
Elapsed time for households 15.6708 sec
Iteration 87
Elapsed time for kappa 41.6942 sec
Elapsed time for experts 16.6792 sec
Elapsed time for households 15.2555 sec
Iteration 88
Elapsed time for kappa 40.9366 sec
Elapsed time for experts 16.7875 sec
Elapsed time for households 14.8471 sec
Iteration 89
Elapsed time for kappa 40.7963 sec
Elapsed time for experts 16.6429 sec
Elapsed time for households 15.0883 sec
Iteration 90
Elapsed time for kappa 40.1689 sec
Elapsed time for experts 16.2882 sec
Elapsed time for households 14.8267 sec
Iteration 91
Elapsed time for kappa 40.4353 sec
Elapsed time for experts 16.1420 sec
Elapsed time for households 14.7253 sec
Iteration 92
Elapsed time for kappa 49.8404 sec
Elapsed time for experts 17.5536 sec
Elapsed time for households 15.4639 sec
Iteration 93
Elapsed time for kappa 41.8422 sec
Elapsed time for experts 16.6475 sec
Elapsed time for households 15.2580 sec
Iteration 94
Elapsed time for kappa 41.2757 sec
Elapsed time for experts 16.6845 sec
Elapsed time for households 14.9226 sec
Iteration 95
Elapsed time for kappa 40.4376 sec
Elapsed time for experts 16.3184 sec
Elapsed time for households 14.8743 sec
Iteration 96
Elapsed time for kappa 40.4085 sec
Elapsed time for experts 16.4415 sec
Elapsed time for households 14.9250 sec
Iteration 97
Elapsed time for kappa 39.5870 sec
Elapsed time for experts 16.4565 sec
Elapsed time for households 14.8335 sec
Iteration 98
Elapsed time for kappa 46.7355 sec
Elapsed time for experts 16.9128 sec
Elapsed time for households 15.3086 sec
Iteration 99
Elapsed time for kappa 41.7742 sec
Elapsed time for experts 16.6454 sec
Elapsed time for households 15.2139 sec
Iteration 100
Elapsed time for kappa 41.0710 sec
Elapsed time for experts 16.5507 sec
Elapsed time for households 15.0069 sec
Iteration 101
Elapsed time for kappa 40.5535 sec
Elapsed time for experts 16.1392 sec
Elapsed time for households 14.7738 sec
Iteration 102
Elapsed time for kappa 40.0449 sec
Elapsed time for experts 16.2632 sec
Elapsed time for households 14.8688 sec
Iteration 103
Elapsed time for kappa 40.3323 sec
Elapsed time for experts 23.2477 sec
Elapsed time for households 15.8679 sec
Iteration 104
Elapsed time for kappa 42.0660 sec
Elapsed time for experts 17.0458 sec
Elapsed time for households 15.2563 sec
Iteration 105
Elapsed time for kappa 41.6623 sec
Elapsed time for experts 16.6710 sec
Elapsed time for households 15.0602 sec
Iteration 106
Elapsed time for kappa 40.9618 sec
Elapsed time for experts 16.6554 sec
Elapsed time for households 15.1005 sec
Iteration 107
Elapsed time for kappa 40.3429 sec
Elapsed time for experts 16.3017 sec
Elapsed time for households 15.0194 sec
Iteration 108
Elapsed time for kappa 39.7891 sec
Elapsed time for experts 16.2389 sec
Elapsed time for households 14.7234 sec
Iteration 109
Elapsed time for kappa 49.5496 sec
Elapsed time for experts 17.4207 sec
Elapsed time for households 15.4192 sec
Iteration 110
Elapsed time for kappa 42.1099 sec
Elapsed time for experts 16.6508 sec
Elapsed time for households 15.1659 sec
Iteration 111
Elapsed time for kappa 40.8796 sec
Elapsed time for experts 16.3370 sec
Elapsed time for households 14.9057 sec
Iteration 112
Elapsed time for kappa 41.3899 sec
Elapsed time for experts 16.3705 sec
Elapsed time for households 14.7810 sec
Iteration 113
Elapsed time for kappa 40.0944 sec
Elapsed time for experts 16.2170 sec
Elapsed time for households 14.7241 sec
Iteration 114
Elapsed time for kappa 40.2849 sec
Elapsed time for experts 16.1230 sec
Elapsed time for households 14.6948 sec
Iteration 115
Elapsed time for kappa 49.6738 sec
Elapsed time for experts 17.3174 sec
Elapsed time for households 15.5178 sec
Iteration 116
Elapsed time for kappa 41.2481 sec
Elapsed time for experts 16.5468 sec
Elapsed time for households 15.1969 sec
Iteration 117
Elapsed time for kappa 41.6490 sec
Elapsed time for experts 16.4354 sec
Elapsed time for households 14.6799 sec
Iteration 118
Elapsed time for kappa 40.5629 sec
Elapsed time for experts 16.4166 sec
Elapsed time for households 15.1293 sec
Iteration 119
Elapsed time for kappa 40.3896 sec
Elapsed time for experts 16.4531 sec
Elapsed time for households 14.8769 sec
Iteration 120
Elapsed time for kappa 39.7867 sec
Elapsed time for experts 16.2084 sec
Elapsed time for households 21.6566 sec
Iteration 121
Elapsed time for kappa 42.5338 sec
Elapsed time for experts 16.8817 sec
Elapsed time for households 15.1166 sec
Iteration 122
Elapsed time for kappa 41.2177 sec
Elapsed time for experts 16.0674 sec
Elapsed time for households 15.1854 sec
Iteration 123
Elapsed time for kappa 41.1799 sec
Elapsed time for experts 16.5914 sec
Elapsed time for households 14.9022 sec
Iteration 124
Elapsed time for kappa 40.5362 sec
Elapsed time for experts 16.2938 sec
Elapsed time for households 14.7835 sec
Iteration 125
Elapsed time for kappa 40.4048 sec
Elapsed time for experts 16.0682 sec
Elapsed time for households 14.3143 sec
Iteration 126
Elapsed time for kappa 39.9761 sec
Elapsed time for experts 24.2688 sec
Elapsed time for households 15.9666 sec
Iteration 127
Elapsed time for kappa 42.5697 sec
Elapsed time for experts 16.7564 sec
Elapsed time for households 15.3277 sec
Iteration 128
Elapsed time for kappa 41.6136 sec
Elapsed time for experts 16.5756 sec
Elapsed time for households 15.3546 sec
Iteration 129
Elapsed time for kappa 40.9564 sec
Elapsed time for experts 16.4526 sec
Elapsed time for households 15.0860 sec
Iteration 130
Elapsed time for kappa 41.1116 sec
Elapsed time for experts 16.6194 sec
Elapsed time for households 14.7852 sec
Iteration 131
Elapsed time for kappa 40.8146 sec
Elapsed time for experts 16.0580 sec
Elapsed time for households 14.7370 sec
Iteration 132
Elapsed time for kappa 49.6889 sec
Elapsed time for experts 17.3911 sec
Elapsed time for households 15.6569 sec
Iteration 133
Elapsed time for kappa 41.5112 sec
Elapsed time for experts 16.6290 sec
Elapsed time for households 15.0277 sec
Iteration 134
Elapsed time for kappa 41.1190 sec
Elapsed time for experts 16.2387 sec
Elapsed time for households 15.1967 sec
Iteration 135
Elapsed time for kappa 41.2196 sec
Elapsed time for experts 16.4044 sec
Elapsed time for households 14.9203 sec
Iteration 136
Elapsed time for kappa 40.1447 sec
Elapsed time for experts 16.4246 sec
Elapsed time for households 14.9737 sec
Iteration 137
Elapsed time for kappa 39.8297 sec
Elapsed time for experts 16.4759 sec
Elapsed time for households 14.7984 sec
Iteration 138
Elapsed time for kappa 48.2193 sec
Elapsed time for experts 17.0409 sec
Elapsed time for households 15.3593 sec
Iteration 139
Elapsed time for kappa 42.0624 sec
Elapsed time for experts 16.5422 sec
Elapsed time for households 15.3223 sec
Iteration 140
Elapsed time for kappa 41.4497 sec
Elapsed time for experts 16.8070 sec
Elapsed time for households 15.0696 sec
Iteration 141
Elapsed time for kappa 40.7606 sec
Elapsed time for experts 16.3973 sec
Elapsed time for households 15.0968 sec
Iteration 142
Elapsed time for kappa 41.0433 sec
Elapsed time for experts 16.4210 sec
Elapsed time for households 14.7975 sec
Iteration 143
Elapsed time for kappa 40.2395 sec
Elapsed time for experts 23.0070 sec
Elapsed time for households 15.7312 sec
Iteration 144
Elapsed time for kappa 41.6774 sec
Elapsed time for experts 16.9726 sec
Elapsed time for households 15.4297 sec
Iteration 145
Elapsed time for kappa 41.3443 sec
Elapsed time for experts 16.5159 sec
Elapsed time for households 15.0672 sec
Iteration 146
Elapsed time for kappa 41.6040 sec
Elapsed time for experts 16.6260 sec
Elapsed time for households 15.0296 sec
Iteration 147
Elapsed time for kappa 40.4892 sec
Elapsed time for experts 15.7159 sec
Elapsed time for households 14.9206 sec
Iteration 148
Elapsed time for kappa 40.1553 sec
Elapsed time for experts 16.2701 sec
Elapsed time for households 14.6676 sec
Iteration 149
Elapsed time for kappa 49.7764 sec
Elapsed time for experts 17.7734 sec
Elapsed time for households 15.6562 sec
Iteration 150
Elapsed time for kappa 41.7455 sec
Elapsed time for experts 16.9808 sec
Elapsed time for households 15.3468 sec
Iteration 151
Elapsed time for kappa 41.9422 sec
Elapsed time for experts 16.7441 sec
Elapsed time for households 15.0937 sec
Iteration 152
Elapsed time for kappa 41.1884 sec
Elapsed time for experts 16.4551 sec
Elapsed time for households 14.8574 sec
Iteration 153
Elapsed time for kappa 40.4799 sec
Elapsed time for experts 16.5085 sec
Elapsed time for households 14.8348 sec
Iteration 154
Elapsed time for kappa 40.0623 sec
Elapsed time for experts 16.1946 sec
Elapsed time for households 14.7748 sec
Iteration 155
Elapsed time for kappa 49.7189 sec
Elapsed time for experts 17.1355 sec
Elapsed time for households 15.5872 sec
Iteration 156
Elapsed time for kappa 41.5440 sec
Elapsed time for experts 16.7658 sec
Elapsed time for households 15.2055 sec
Iteration 157
Elapsed time for kappa 41.6247 sec
Elapsed time for experts 16.7105 sec
Elapsed time for households 15.1582 sec
Iteration 158
Elapsed time for kappa 41.6182 sec
Elapsed time for experts 16.2459 sec
Elapsed time for households 14.9283 sec
Iteration 159
Elapsed time for kappa 40.2567 sec
Elapsed time for experts 16.3841 sec
Elapsed time for households 14.7482 sec
Iteration 160
Elapsed time for kappa 40.1666 sec
Elapsed time for experts 16.0212 sec
Elapsed time for households 21.8382 sec
Iteration 161
Elapsed time for kappa 42.8553 sec
Elapsed time for experts 17.1210 sec
Elapsed time for households 15.5028 sec
Iteration 162
Elapsed time for kappa 41.6545 sec
Elapsed time for experts 16.8853 sec
Elapsed time for households 15.0457 sec
Iteration 163
Elapsed time for kappa 41.5175 sec
Elapsed time for experts 16.5487 sec
Elapsed time for households 15.2140 sec
Iteration 164
Elapsed time for kappa 41.0196 sec
Elapsed time for experts 15.9184 sec
Elapsed time for households 14.8218 sec
Iteration 165
Elapsed time for kappa 40.1881 sec
Elapsed time for experts 16.3270 sec
Elapsed time for households 14.8041 sec
Iteration 166
Elapsed time for kappa 39.8320 sec
Elapsed time for experts 24.7983 sec
Elapsed time for households 16.0004 sec
Iteration 167
Elapsed time for kappa 42.6888 sec
Elapsed time for experts 16.9858 sec
Elapsed time for households 15.3764 sec
Iteration 168
Elapsed time for kappa 41.3677 sec
Elapsed time for experts 16.6372 sec
Elapsed time for households 15.2357 sec
Iteration 169
Elapsed time for kappa 41.3701 sec
Elapsed time for experts 16.6147 sec
Elapsed time for households 15.2337 sec
Iteration 170
Elapsed time for kappa 40.7031 sec
Elapsed time for experts 16.3450 sec
Elapsed time for households 14.9880 sec
Iteration 171
Elapsed time for kappa 40.2515 sec
Elapsed time for experts 16.1004 sec
Elapsed time for households 14.7381 sec
Iteration 172
Elapsed time for kappa 40.1577 sec
Elapsed time for experts 24.2352 sec
Elapsed time for households 15.9262 sec
Iteration 173
Elapsed time for kappa 42.1190 sec
Elapsed time for experts 17.2175 sec
Elapsed time for households 15.2801 sec
Iteration 174
Elapsed time for kappa 41.4134 sec
Elapsed time for experts 16.6070 sec
Elapsed time for households 15.0839 sec
Iteration 175
Elapsed time for kappa 41.6192 sec
Elapsed time for experts 16.9581 sec
Elapsed time for households 15.1357 sec
Iteration 176
Elapsed time for kappa 40.6487 sec
Elapsed time for experts 16.5569 sec
Elapsed time for households 14.9128 sec
Iteration 177
Elapsed time for kappa 40.5801 sec
Elapsed time for experts 16.2252 sec
Elapsed time for households 14.7317 sec
Iteration 178
Elapsed time for kappa 50.5673 sec
Elapsed time for experts 17.6325 sec
Elapsed time for households 15.7164 sec
Iteration 179
Elapsed time for kappa 42.3119 sec
Elapsed time for experts 16.6984 sec
Elapsed time for households 15.3580 sec
Iteration 180
Elapsed time for kappa 41.5072 sec
Elapsed time for experts 16.5244 sec
Elapsed time for households 15.1168 sec
Iteration 181
Elapsed time for kappa 40.7025 sec
Elapsed time for experts 16.3725 sec
Elapsed time for households 14.7070 sec
Iteration 182
Elapsed time for kappa 40.7572 sec
Elapsed time for experts 16.4216 sec
Elapsed time for households 14.7701 sec
Iteration 183
Elapsed time for kappa 40.4898 sec
Elapsed time for experts 16.2126 sec
Elapsed time for households 14.7509 sec
Iteration 184
Elapsed time for kappa 49.6293 sec
Elapsed time for experts 17.2995 sec
Elapsed time for households 15.5838 sec
Iteration 185
Elapsed time for kappa 41.9374 sec
Elapsed time for experts 16.7933 sec
Elapsed time for households 15.2218 sec
Iteration 186
Elapsed time for kappa 41.8866 sec
Elapsed time for experts 16.8093 sec
Elapsed time for households 15.0906 sec
Iteration 187
Elapsed time for kappa 41.2705 sec
Elapsed time for experts 16.4057 sec
Elapsed time for households 14.9135 sec
Iteration 188
Elapsed time for kappa 40.5870 sec
Elapsed time for experts 16.5505 sec
Elapsed time for households 15.0780 sec
Iteration 189
Elapsed time for kappa 39.9963 sec
Elapsed time for experts 16.2873 sec
Elapsed time for households 21.9817 sec
Iteration 190
Elapsed time for kappa 42.3679 sec
Elapsed time for experts 17.0649 sec
Elapsed time for households 15.3941 sec
Iteration 191
Elapsed time for kappa 41.6614 sec
Elapsed time for experts 17.0935 sec
Elapsed time for households 15.3295 sec
Iteration 192
Elapsed time for kappa 40.9297 sec
Elapsed time for experts 16.3159 sec
Elapsed time for households 14.9373 sec
Iteration 193
Elapsed time for kappa 41.1396 sec
Elapsed time for experts 16.2508 sec
Elapsed time for households 14.8841 sec
Iteration 194
Elapsed time for kappa 40.3376 sec
Elapsed time for experts 16.3481 sec
Elapsed time for households 14.8324 sec
Iteration 195
Elapsed time for kappa 40.1273 sec
Elapsed time for experts 15.9570 sec
Elapsed time for households 22.7801 sec
Iteration 196
Elapsed time for kappa 42.5492 sec
Elapsed time for experts 17.0512 sec
Elapsed time for households 15.5377 sec
Iteration 197
Elapsed time for kappa 41.7452 sec
Elapsed time for experts 16.8694 sec
Elapsed time for households 15.2214 sec
Iteration 198
Elapsed time for kappa 41.1486 sec
Elapsed time for experts 16.5312 sec
Elapsed time for households 15.0817 sec
Iteration 199
Elapsed time for kappa 40.6232 sec
Elapsed time for experts 16.5498 sec
Elapsed time for households 14.9090 sec
Elapsed time for training 14746.7063 sec
90000 90000 90000 90000
